PF00450.10000.fasta 78.7 80.6 46.5 58.7 
PF13393.10000.fasta 42.8 44.2 7.2 11.2 
PF00476.10000.fasta 94.3 95.8 80.8 84.6 
PF00625.10000.fasta 38.0 38.3 0.0 0.0 
PF00078.10000.fasta 88.9 91.9 75.9 76.6 
PF01814.10000.fasta 84.7 87.0 60.3 67.9 
PF13522.10000.fasta 69.9 72.0 24.8 31.8 
PF02878.10000.fasta 83.8 84.3 67.4 71.5 
PF00505.10000.fasta 97.6 97.7 84.3 87.3 
PF02777.10000.fasta 90.9 95.9 68.3 70.5 
PF00009.10000.fasta 52.3 79.9 0.0 0.0 
PF05746.10000.fasta 84.6 84.8 67.2 76.3 
PF00687.10000.fasta 79.8 81.2 59.9 59.8 
PF00084.10000.fasta 88.6 89.1 74.6 79.5 
PF13365.10000.fasta 32.3 38.7 0.0 0.0 
PF13378.10000.fasta 72.5 73.7 19.3 22.2 
PF07654.10000.fasta 85.5 86.2 69.0 70.4 
PF00079.10000.fasta 92.9 92.9 84.0 86.8 
PF02836.10000.fasta 90.3 92.0 72.1 84.0 
PF07679.10000.fasta 85.4 86.0 51.0 63.5 
PF00313.10000.fasta 82.0 84.0 55.4 55.7 
PF01381.10000.fasta 69.9 70.7 18.3 21.0 
PF00970.10000.fasta 66.6 68.7 10.9 12.8 
PF04082.10000.fasta 22.1 44.3 0.0 0.0 
PF14604.10000.fasta 76.6 79.0 27.0 31.9 
PF00018.10000.fasta 85.9 87.8 4.7 0.1 
PF03129.10000.fasta 96.7 97.2 57.1 62.7 
PF00037.10000.fasta 87.7 90.1 69.0 72.6 
PF07686.10000.fasta 88.5 89.8 23.4 26.4 
PF00224.10000.fasta 92.2 92.7 69.0 73.9 
