PF00450.10000.fasta 82.7 84.9 48.1 61.4 
PF13393.10000.fasta 44.6 46.2 4.9 7.6 
PF00476.10000.fasta 94.3 94.8 80.3 84.2 
PF00625.10000.fasta 39.9 41.5 0.0 0.0 
PF00078.10000.fasta 82.7 88.2 72.9 73.7 
PF01814.10000.fasta 75.5 77.6 44.0 50.0 
PF13522.10000.fasta 68.7 71.3 25.6 32.8 
PF02878.10000.fasta 80.7 82.2 63.0 67.2 
PF00505.10000.fasta 97.6 97.7 84.3 87.3 
PF02777.10000.fasta 91.7 96.8 68.3 70.5 
PF00009.10000.fasta 76.7 82.6 26.9 41.2 
PF05746.10000.fasta 84.8 85.1 67.2 76.3 
PF00687.10000.fasta 78.1 79.8 59.9 59.8 
PF00084.10000.fasta 88.0 88.5 78.0 80.1 
PF13365.10000.fasta 31.0 36.2 0.0 0.0 
PF13378.10000.fasta 70.9 72.7 18.9 21.6 
PF07654.10000.fasta 87.6 87.7 72.6 74.7 
PF00079.10000.fasta 94.3 94.7 86.2 88.6 
PF02836.10000.fasta 87.4 89.6 67.6 78.7 
PF07679.10000.fasta 85.4 85.6 50.0 62.3 
PF00313.10000.fasta 80.8 82.7 52.3 52.6 
PF01381.10000.fasta 68.4 69.3 18.3 21.0 
PF00970.10000.fasta 66.4 68.5 10.3 12.1 
PF04082.10000.fasta 33.9 53.1 0.0 0.0 
PF14604.10000.fasta 83.3 85.2 36.5 47.3 
PF00018.10000.fasta 85.8 87.6 4.7 0.1 
PF03129.10000.fasta 96.6 97.2 55.1 60.4 
PF00037.10000.fasta 87.7 90.1 69.0 72.6 
PF07686.10000.fasta 88.8 90.9 24.3 27.4 
PF00224.10000.fasta 93.0 93.3 68.5 73.3 
