PF00450.10000.fasta 81.2 83.2 46.9 59.6 
PF13393.10000.fasta 35.2 38.8 0.0 0.0 
PF00476.10000.fasta 94.0 95.2 79.5 83.5 
PF00625.10000.fasta 33.4 38.1 0.0 0.0 
PF00078.10000.fasta 94.1 95.7 83.5 84.4 
PF01814.10000.fasta 88.7 90.0 72.4 80.0 
PF13522.10000.fasta 69.5 71.2 20.2 25.8 
PF02878.10000.fasta 74.0 78.0 53.3 56.8 
PF00505.10000.fasta 97.0 97.3 80.0 82.8 
PF02777.10000.fasta 92.5 96.5 68.3 70.5 
PF00009.10000.fasta 72.9 81.7 20.1 31.9 
PF05746.10000.fasta 85.0 86.0 67.2 76.3 
PF00687.10000.fasta 77.9 78.9 59.9 59.8 
PF00084.10000.fasta 88.6 89.1 74.6 79.5 
PF13365.10000.fasta 27.7 31.3 0.0 0.0 
PF13378.10000.fasta 63.5 66.5 22.6 26.2 
PF07654.10000.fasta 88.2 89.4 75.0 76.5 
PF00079.10000.fasta 94.0 94.5 84.3 87.7 
PF02836.10000.fasta 91.7 93.2 73.9 86.2 
PF07679.10000.fasta 81.6 82.6 39.0 48.6 
PF00313.10000.fasta 82.0 84.0 55.4 55.7 
PF01381.10000.fasta 66.9 67.5 18.3 21.0 
PF00970.10000.fasta 66.4 67.7 9.8 11.4 
PF04082.10000.fasta 55.1 56.0 21.5 25.8 
PF14604.10000.fasta 78.3 92.3 31.7 32.1 
PF00018.10000.fasta 86.0 87.8 0.0 0.0 
PF03129.10000.fasta 96.7 97.3 55.1 60.4 
PF00037.10000.fasta 88.0 89.9 69.0 72.6 
PF07686.10000.fasta 89.3 91.8 18.7 21.0 
PF00224.10000.fasta 92.1 92.7 67.6 72.4 
