PF00450.10000.fasta 80.2 81.8 47.7 60.5 
PF13393.10000.fasta 44.7 45.7 9.9 15.3 
PF00476.10000.fasta 93.8 95.1 79.0 83.0 
PF00625.10000.fasta 45.8 45.5 0.8 1.2 
PF00078.10000.fasta 86.1 89.2 78.8 79.6 
PF01814.10000.fasta 80.3 82.6 55.2 62.7 
PF13522.10000.fasta 66.8 69.6 24.8 31.8 
PF02878.10000.fasta 80.8 81.7 63.0 66.8 
PF00505.10000.fasta 97.6 97.7 84.3 87.3 
PF02777.10000.fasta 91.0 96.0 68.3 70.5 
PF00009.10000.fasta 73.8 81.4 4.3 2.3 
PF05746.10000.fasta 85.1 85.6 67.2 76.3 
PF00687.10000.fasta 74.4 76.1 56.3 55.9 
PF00084.10000.fasta 88.6 89.1 74.6 79.5 
PF13365.10000.fasta 33.9 39.1 0.0 0.0 
PF13378.10000.fasta 70.7 72.4 18.4 21.0 
PF07654.10000.fasta 83.9 85.6 66.7 68.0 
PF00079.10000.fasta 91.8 92.4 80.3 84.2 
PF02836.10000.fasta 87.6 89.5 69.7 81.2 
PF07679.10000.fasta 84.6 85.2 49.0 61.0 
PF00313.10000.fasta 82.0 84.0 55.4 55.7 
PF01381.10000.fasta 69.3 70.6 18.3 21.0 
PF00970.10000.fasta 66.5 68.6 10.9 12.8 
PF04082.10000.fasta 50.7 55.1 24.5 26.3 
PF14604.10000.fasta 83.5 84.6 41.3 47.5 
PF00018.10000.fasta 85.7 87.8 4.7 0.1 
PF03129.10000.fasta 96.7 97.3 57.1 62.7 
PF00037.10000.fasta 87.6 90.5 69.0 72.6 
PF07686.10000.fasta 87.6 89.0 37.4 42.2 
PF00224.10000.fasta 93.3 93.2 71.8 76.5 
