PF00450.10000.fasta 79.5 81.6 46.5 58.9 
PF13393.10000.fasta 43.3 44.6 9.9 15.3 
PF00476.10000.fasta 94.2 95.0 80.1 83.7 
PF00625.10000.fasta 38.8 40.6 0.0 0.0 
PF00078.10000.fasta 87.6 90.8 74.7 75.4 
PF01814.10000.fasta 83.1 84.8 59.5 65.5 
PF13522.10000.fasta 74.9 76.8 25.6 32.8 
PF02878.10000.fasta 82.3 82.8 64.4 67.9 
PF00505.10000.fasta 97.6 97.7 84.3 87.3 
PF02777.10000.fasta 91.1 96.3 68.3 70.5 
PF00009.10000.fasta 74.6 80.3 24.4 35.2 
PF05746.10000.fasta 84.5 84.7 67.2 76.3 
PF00687.10000.fasta 78.1 79.8 59.9 59.8 
PF00084.10000.fasta 89.5 90.0 76.3 81.3 
PF13365.10000.fasta 30.9 37.8 0.0 0.0 
PF13378.10000.fasta 71.0 72.8 19.3 22.2 
PF07654.10000.fasta 86.3 87.0 71.4 72.9 
PF00079.10000.fasta 92.5 92.9 81.8 84.7 
PF02836.10000.fasta 90.5 92.3 70.6 81.3 
PF07679.10000.fasta 82.7 83.8 50.0 62.3 
PF00313.10000.fasta 82.7 84.1 55.4 55.7 
PF01381.10000.fasta 69.8 70.5 18.3 21.0 
PF00970.10000.fasta 66.9 68.9 12.6 14.8 
PF04082.10000.fasta 32.8 52.7 1.1 0.8 
PF14604.10000.fasta 78.8 81.2 31.7 32.1 
PF00018.10000.fasta 85.9 87.8 4.7 0.1 
PF03129.10000.fasta 96.6 97.1 55.1 60.4 
PF00037.10000.fasta 88.0 91.0 75.9 73.3 
PF07686.10000.fasta 89.6 91.3 39.3 44.3 
PF00224.10000.fasta 93.4 93.2 70.4 75.0 
