PF00450.10000.fasta 80.1 82.5 47.9 61.0 
PF13393.10000.fasta 39.5 41.2 0.0 0.0 
PF00476.10000.fasta 94.3 95.9 80.6 84.3 
PF00625.10000.fasta 34.9 35.5 0.0 0.0 
PF00078.10000.fasta 87.7 90.5 76.5 77.2 
PF01814.10000.fasta 82.9 84.0 59.5 66.9 
PF13522.10000.fasta 69.1 71.6 25.6 32.8 
PF02878.10000.fasta 81.3 82.1 63.0 66.4 
PF00505.10000.fasta 97.0 97.1 81.4 84.3 
PF02777.10000.fasta 91.2 95.7 68.3 70.5 
PF00009.10000.fasta 77.1 84.1 26.5 39.9 
PF05746.10000.fasta 84.7 85.3 67.2 76.3 
PF00687.10000.fasta 78.3 79.9 59.9 59.8 
PF00084.10000.fasta 87.3 87.9 74.6 79.5 
PF13365.10000.fasta 28.8 33.9 0.0 0.0 
PF13378.10000.fasta 70.4 72.5 17.9 20.5 
PF07654.10000.fasta 85.1 86.9 69.0 70.4 
PF00079.10000.fasta 90.8 91.7 78.8 82.8 
PF02836.10000.fasta 91.1 92.4 74.5 86.9 
PF07679.10000.fasta 85.2 85.8 49.0 61.0 
PF00313.10000.fasta 82.7 84.1 55.4 55.7 
PF01381.10000.fasta 67.6 68.1 18.3 21.0 
PF00970.10000.fasta 67.8 68.0 17.8 20.8 
PF04082.10000.fasta 22.0 43.8 0.0 0.0 
PF14604.10000.fasta 78.9 82.0 28.6 32.3 
PF00018.10000.fasta 86.3 88.0 0.0 0.0 
PF03129.10000.fasta 96.6 97.1 55.1 60.4 
PF00037.10000.fasta 87.7 90.1 69.0 72.6 
PF07686.10000.fasta 90.0 90.8 39.3 44.3 
PF00224.10000.fasta 92.2 92.2 69.9 74.5 
