PF00450.10000.fasta 80.7 82.1 48.5 61.8 
PF13393.10000.fasta 37.9 42.0 0.0 0.0 
PF00476.10000.fasta 94.1 95.6 80.6 84.3 
PF00625.10000.fasta 38.5 40.9 0.0 0.0 
PF00078.10000.fasta 85.8 92.0 78.8 79.6 
PF01814.10000.fasta 82.4 84.4 65.5 74.4 
PF13522.10000.fasta 69.2 70.9 21.7 27.8 
PF02878.10000.fasta 73.6 77.8 52.6 55.6 
PF00505.10000.fasta 97.2 97.3 81.4 84.3 
PF02777.10000.fasta 90.8 96.4 68.3 70.5 
PF00009.10000.fasta 74.8 81.8 23.3 36.2 
PF05746.10000.fasta 85.0 85.3 67.2 76.3 
PF00687.10000.fasta 76.9 79.0 56.9 56.6 
PF00084.10000.fasta 89.5 90.5 79.7 81.9 
PF13365.10000.fasta 33.4 38.3 0.0 0.0 
PF13378.10000.fasta 66.9 69.9 22.2 26.1 
PF07654.10000.fasta 86.5 87.2 71.4 73.5 
PF00079.10000.fasta 91.1 91.6 78.2 82.4 
PF02836.10000.fasta 91.7 93.5 73.6 85.8 
PF07679.10000.fasta 81.7 82.9 39.0 48.6 
PF00313.10000.fasta 80.8 82.7 52.3 52.6 
PF01381.10000.fasta 67.2 67.7 18.3 21.0 
PF00970.10000.fasta 66.7 67.4 16.7 19.5 
PF04082.10000.fasta 65.3 66.7 45.2 54.4 
PF14604.10000.fasta 77.4 78.6 19.0 22.6 
PF00018.10000.fasta 86.0 87.8 0.0 0.0 
PF03129.10000.fasta 97.0 97.8 55.1 60.4 
PF00037.10000.fasta 92.1 93.6 79.3 77.7 
PF07686.10000.fasta 89.5 90.6 36.4 41.1 
PF00224.10000.fasta 91.9 92.5 67.6 72.4 
