PF00450.10000.fasta 79.4 81.4 47.9 61.0 
PF13393.10000.fasta 35.8 39.3 0.0 0.0 
PF00476.10000.fasta 94.3 95.5 78.2 82.3 
PF00625.10000.fasta 35.0 33.9 0.0 0.0 
PF00078.10000.fasta 84.2 88.4 71.2 71.9 
PF01814.10000.fasta 79.0 81.8 51.7 58.8 
PF13522.10000.fasta 67.7 70.2 25.6 32.8 
PF02878.10000.fasta 80.5 82.3 62.2 66.0 
PF00505.10000.fasta 97.0 97.3 80.0 82.8 
PF02777.10000.fasta 92.3 96.7 68.3 70.5 
PF00009.10000.fasta 75.8 81.9 27.2 40.2 
PF05746.10000.fasta 85.0 85.8 67.2 76.3 
PF00687.10000.fasta 80.2 81.3 55.1 56.4 
PF00084.10000.fasta 91.0 91.0 81.4 83.7 
PF13365.10000.fasta 22.9 26.6 0.0 0.0 
PF13378.10000.fasta 67.8 70.8 24.1 27.8 
PF07654.10000.fasta 88.2 89.4 75.0 76.5 
PF00079.10000.fasta 93.0 93.7 82.8 86.8 
PF02836.10000.fasta 91.5 92.5 73.6 85.5 
PF07679.10000.fasta 82.9 83.9 41.0 51.1 
PF00313.10000.fasta 82.7 84.1 55.4 55.7 
PF01381.10000.fasta 67.5 68.1 18.3 21.0 
PF00970.10000.fasta 67.3 67.9 16.1 18.8 
PF04082.10000.fasta 47.9 49.0 12.6 15.2 
PF14604.10000.fasta 77.7 79.8 34.9 45.3 
PF00018.10000.fasta 85.9 87.6 4.7 0.1 
PF03129.10000.fasta 97.2 97.5 57.1 62.7 
PF00037.10000.fasta 87.6 90.3 69.0 72.6 
PF07686.10000.fasta 87.6 89.7 15.0 16.9 
PF00224.10000.fasta 93.1 93.6 67.6 72.4 
