PF00450.10000.fasta 80.1 82.0 48.1 60.7 
PF13393.10000.fasta 37.3 39.5 0.0 0.0 
PF00476.10000.fasta 94.1 95.3 78.5 82.4 
PF00625.10000.fasta 42.7 45.0 1.5 2.4 
PF00078.10000.fasta 84.7 88.7 73.5 74.3 
PF01814.10000.fasta 83.0 85.0 59.5 65.5 
PF13522.10000.fasta 72.4 74.0 25.6 32.8 
PF02878.10000.fasta 82.5 83.7 65.9 69.9 
PF00505.10000.fasta 97.6 97.7 84.3 87.3 
PF02777.10000.fasta 91.2 96.8 68.3 70.5 
PF00009.10000.fasta 75.5 81.4 25.1 35.9 
PF05746.10000.fasta 85.2 85.3 67.2 76.3 
PF00687.10000.fasta 76.6 78.3 58.7 58.1 
PF00084.10000.fasta 87.3 87.9 74.6 79.5 
PF13365.10000.fasta 31.7 37.6 0.0 0.0 
PF13378.10000.fasta 73.5 74.9 19.3 22.2 
PF07654.10000.fasta 80.6 81.1 60.7 62.4 
PF00079.10000.fasta 92.2 93.1 80.6 84.5 
PF02836.10000.fasta 91.1 92.4 74.5 86.5 
PF07679.10000.fasta 82.6 83.1 49.0 61.0 
PF00313.10000.fasta 81.4 82.8 52.3 52.6 
PF01381.10000.fasta 65.9 66.5 18.3 21.0 
PF00970.10000.fasta 66.6 68.5 10.9 12.7 
PF04082.10000.fasta 53.9 55.0 19.5 23.5 
PF14604.10000.fasta 74.9 82.7 27.0 31.9 
PF00018.10000.fasta 86.2 88.2 4.7 0.1 
PF03129.10000.fasta 96.6 97.1 55.1 60.4 
PF00037.10000.fasta 87.6 90.5 69.0 72.6 
PF07686.10000.fasta 89.1 90.8 39.3 44.3 
PF00224.10000.fasta 93.4 93.2 72.2 76.9 
