PF00450.10000.fasta 79.6 81.7 46.9 59.7 
PF13393.10000.fasta 40.6 41.7 7.2 11.3 
PF00476.10000.fasta 94.3 95.8 80.1 84.0 
PF00625.10000.fasta 41.2 39.3 0.0 0.0 
PF00078.10000.fasta 88.0 91.0 78.8 79.6 
PF01814.10000.fasta 80.3 81.6 53.4 60.7 
PF13522.10000.fasta 73.7 75.7 25.6 32.8 
PF02878.10000.fasta 72.5 75.3 50.4 53.6 
PF00505.10000.fasta 97.6 97.7 84.3 87.3 
PF02777.10000.fasta 91.4 96.8 68.3 70.5 
PF00009.10000.fasta 77.9 83.9 29.4 42.4 
PF05746.10000.fasta 84.9 85.2 67.2 76.3 
PF00687.10000.fasta 79.2 80.1 56.9 56.6 
PF00084.10000.fasta 89.5 90.0 76.3 81.3 
PF13365.10000.fasta 33.6 41.0 0.0 0.0 
PF13378.10000.fasta 72.1 73.7 19.8 22.7 
PF07654.10000.fasta 84.9 85.1 67.9 69.2 
PF00079.10000.fasta 91.2 92.1 80.9 84.1 
PF02836.10000.fasta 90.6 91.7 72.1 84.0 
PF07679.10000.fasta 84.8 85.4 49.0 61.0 
PF00313.10000.fasta 80.8 82.7 52.3 52.6 
PF01381.10000.fasta 68.6 69.5 18.3 21.0 
PF00970.10000.fasta 65.6 67.7 10.9 12.8 
PF04082.10000.fasta 55.6 56.2 24.5 26.3 
PF14604.10000.fasta 76.6 79.5 31.7 32.1 
PF00018.10000.fasta 85.7 87.8 4.7 0.1 
PF03129.10000.fasta 96.4 97.0 57.1 62.7 
PF00037.10000.fasta 87.6 90.3 69.0 72.6 
PF07686.10000.fasta 88.3 89.4 15.0 16.9 
PF00224.10000.fasta 93.7 93.5 71.3 76.0 
