PF00450.10000.fasta 80.8 82.6 48.7 61.1 
PF13393.10000.fasta 42.8 44.4 4.6 7.1 
PF00476.10000.fasta 94.2 95.0 79.8 83.7 
PF00625.10000.fasta 41.1 42.0 0.0 0.0 
PF00078.10000.fasta 89.6 91.7 79.4 80.2 
PF01814.10000.fasta 72.5 75.7 41.4 47.0 
PF13522.10000.fasta 74.7 76.7 25.6 32.8 
PF02878.10000.fasta 74.7 77.3 54.1 57.2 
PF00505.10000.fasta 97.2 97.3 81.4 84.3 
PF02777.10000.fasta 91.7 96.8 68.3 70.5 
PF00009.10000.fasta 77.0 84.2 26.2 40.9 
PF05746.10000.fasta 84.6 84.8 67.2 76.3 
PF00687.10000.fasta 75.4 76.4 55.7 55.3 
PF00084.10000.fasta 87.7 88.7 72.9 77.7 
PF13365.10000.fasta 32.8 39.1 0.0 0.0 
PF13378.10000.fasta 72.8 74.2 17.9 20.5 
PF07654.10000.fasta 86.9 88.2 72.6 74.1 
PF00079.10000.fasta 94.2 94.5 85.2 88.0 
PF02836.10000.fasta 91.7 93.8 74.5 86.2 
PF07679.10000.fasta 84.8 85.2 51.0 63.5 
PF00313.10000.fasta 82.0 84.0 55.4 55.7 
PF01381.10000.fasta 68.2 69.1 18.3 21.0 
PF00970.10000.fasta 66.6 68.5 10.9 12.8 
PF04082.10000.fasta 35.6 58.3 1.1 0.8 
PF14604.10000.fasta 76.9 77.4 23.8 24.4 
PF00018.10000.fasta 86.0 87.8 4.7 0.1 
PF03129.10000.fasta 96.6 97.1 55.1 60.4 
PF00037.10000.fasta 87.7 90.1 69.0 72.6 
PF07686.10000.fasta 88.3 89.9 24.3 27.4 
PF00224.10000.fasta 93.8 93.7 72.7 77.4 
