PF00450.10000.fasta 80.9 82.8 48.9 62.1 
PF13393.10000.fasta 44.1 45.4 7.2 11.2 
PF00476.10000.fasta 93.4 94.1 77.2 81.0 
PF00625.10000.fasta 41.7 39.9 0.0 0.0 
PF00078.10000.fasta 86.7 90.9 77.1 77.8 
PF01814.10000.fasta 81.6 82.9 55.2 62.7 
PF13522.10000.fasta 72.7 75.2 24.0 30.8 
PF02878.10000.fasta 82.0 84.1 65.2 68.3 
PF00505.10000.fasta 97.2 97.3 81.4 84.3 
PF02777.10000.fasta 90.5 96.3 66.3 68.4 
PF00009.10000.fasta 74.9 79.9 26.5 39.2 
PF05746.10000.fasta 84.7 85.1 67.2 76.3 
PF00687.10000.fasta 76.5 77.2 55.1 54.7 
PF00084.10000.fasta 89.5 90.5 76.3 81.3 
PF13365.10000.fasta 27.3 32.0 0.0 0.0 
PF13378.10000.fasta 72.1 74.0 19.8 22.4 
PF07654.10000.fasta 78.2 81.3 57.1 58.2 
PF00079.10000.fasta 95.3 95.4 88.0 90.2 
PF02836.10000.fasta 89.9 91.7 70.6 82.3 
PF07679.10000.fasta 83.7 85.2 47.0 58.6 
PF00313.10000.fasta 81.0 82.8 52.3 52.6 
PF01381.10000.fasta 67.7 68.2 18.3 21.0 
PF00970.10000.fasta 67.0 68.6 10.9 12.8 
PF04082.10000.fasta 61.8 62.9 36.0 43.4 
PF14604.10000.fasta 83.5 84.6 41.3 47.5 
PF00018.10000.fasta 85.1 87.2 4.7 0.1 
PF03129.10000.fasta 96.0 96.8 53.1 58.1 
PF00037.10000.fasta 88.0 89.9 69.0 72.6 
PF07686.10000.fasta 86.9 89.2 22.4 25.4 
PF00224.10000.fasta 92.6 92.4 71.8 76.5 
