PF00450.10000.fasta 80.2 82.2 46.7 59.8 
PF13393.10000.fasta 32.1 37.4 0.0 0.0 
PF00476.10000.fasta 94.5 96.0 80.3 84.0 
PF00625.10000.fasta 32.5 35.4 0.0 0.0 
PF00078.10000.fasta 81.5 85.3 73.5 74.3 
PF01814.10000.fasta 81.2 84.0 55.2 62.7 
PF13522.10000.fasta 64.1 69.0 21.7 27.8 
PF02878.10000.fasta 72.7 75.4 52.6 56.0 
PF00505.10000.fasta 97.2 97.7 82.9 85.8 
PF02777.10000.fasta 90.0 95.9 66.3 68.4 
PF00009.10000.fasta 75.7 81.7 22.2 32.6 
PF05746.10000.fasta 85.0 85.4 67.2 76.3 
PF00687.10000.fasta 79.6 80.9 55.7 55.5 
PF00084.10000.fasta 88.0 89.6 74.6 79.5 
PF13365.10000.fasta 23.0 27.9 0.0 0.0 
PF13378.10000.fasta 59.9 63.2 17.0 19.4 
PF07654.10000.fasta 89.8 90.0 77.4 79.0 
PF00079.10000.fasta 91.7 92.1 82.5 84.6 
PF02836.10000.fasta 86.4 89.4 68.8 80.2 
PF07679.10000.fasta 82.8 83.7 40.0 49.8 
PF00313.10000.fasta 82.0 84.0 55.4 55.7 
PF01381.10000.fasta 70.0 70.8 18.3 21.0 
PF00970.10000.fasta 67.3 67.9 15.5 18.1 
PF04082.10000.fasta 51.5 52.7 18.4 21.3 
PF14604.10000.fasta 69.3 86.3 22.2 25.7 
PF00018.10000.fasta 85.9 87.6 0.0 0.0 
PF03129.10000.fasta 96.8 97.4 55.1 60.4 
PF00037.10000.fasta 90.2 92.7 79.3 77.7 
PF07686.10000.fasta 86.5 89.0 15.9 17.8 
PF00224.10000.fasta 92.5 92.9 67.6 72.4 
