PF00450.10000.fasta 83.6 85.4 50.1 63.9 
PF13393.10000.fasta 40.1 41.3 4.9 7.6 
PF00476.10000.fasta 94.2 95.3 80.3 84.1 
PF00625.10000.fasta 42.1 42.3 0.0 0.0 
PF00078.10000.fasta 90.9 94.1 77.6 78.4 
PF01814.10000.fasta 78.8 80.6 58.6 64.8 
PF13522.10000.fasta 68.3 71.4 24.0 30.8 
PF02878.10000.fasta 74.3 77.5 55.6 59.2 
PF00505.10000.fasta 97.2 97.3 81.4 84.3 
PF02777.10000.fasta 90.9 96.8 67.3 69.4 
PF00009.10000.fasta 77.9 82.5 29.4 40.9 
PF05746.10000.fasta 85.4 85.7 67.2 76.3 
PF00687.10000.fasta 78.5 79.8 59.9 59.8 
PF00084.10000.fasta 88.6 89.1 74.6 79.5 
PF13365.10000.fasta 30.9 35.8 0.0 0.0 
PF13378.10000.fasta 74.5 76.2 24.5 28.1 
PF07654.10000.fasta 86.1 87.0 72.6 74.1 
PF00079.10000.fasta 92.4 93.3 81.5 85.2 
PF02836.10000.fasta 90.9 91.9 73.3 85.5 
PF07679.10000.fasta 84.2 85.4 47.0 58.6 
PF00313.10000.fasta 80.8 82.7 52.3 52.6 
PF01381.10000.fasta 67.7 68.3 18.3 21.0 
PF00970.10000.fasta 67.6 67.8 15.5 18.1 
PF04082.10000.fasta 62.0 63.6 38.3 44.0 
PF14604.10000.fasta 73.5 75.4 27.0 31.9 
PF00018.10000.fasta 85.8 87.6 4.7 0.1 
PF03129.10000.fasta 96.4 97.0 55.1 60.4 
PF00037.10000.fasta 88.0 89.9 69.0 72.6 
PF07686.10000.fasta 87.9 89.5 15.9 18.0 
PF00224.10000.fasta 92.8 93.2 68.5 73.5 
