PF00450.10000.fasta 81.9 84.2 47.3 60.3 
PF13393.10000.fasta 34.6 35.2 7.0 10.9 
PF00476.10000.fasta 94.8 95.9 80.8 84.3 
PF00625.10000.fasta 34.6 34.2 0.0 0.0 
PF00078.10000.fasta 91.3 93.1 79.4 80.2 
PF01814.10000.fasta 80.7 82.6 55.2 62.7 
PF13522.10000.fasta 67.5 70.6 21.7 27.8 
PF02878.10000.fasta 83.0 84.7 66.7 70.7 
PF00505.10000.fasta 97.0 97.3 80.0 82.8 
PF02777.10000.fasta 90.9 96.4 67.3 69.4 
PF00009.10000.fasta 76.2 83.1 27.2 39.7 
PF05746.10000.fasta 84.6 85.0 67.2 76.3 
PF00687.10000.fasta 81.5 82.6 59.9 59.8 
PF00084.10000.fasta 88.6 89.1 74.6 79.5 
PF13365.10000.fasta 25.2 29.6 0.0 0.0 
PF13378.10000.fasta 65.7 69.0 24.1 27.8 
PF07654.10000.fasta 81.4 82.8 63.1 64.9 
PF00079.10000.fasta 93.1 93.7 82.5 86.6 
PF02836.10000.fasta 88.0 90.1 69.7 81.2 
PF07679.10000.fasta 82.2 83.7 41.0 51.1 
PF00313.10000.fasta 82.0 84.0 55.4 55.7 
PF01381.10000.fasta 67.7 68.3 18.3 21.0 
PF00970.10000.fasta 67.2 67.9 16.1 18.8 
PF04082.10000.fasta 58.2 60.0 26.8 28.7 
PF14604.10000.fasta 75.9 93.0 27.0 25.9 
PF00018.10000.fasta 85.7 87.3 0.0 0.0 
PF03129.10000.fasta 97.5 97.7 55.1 60.4 
PF00037.10000.fasta 90.5 92.5 79.3 77.7 
PF07686.10000.fasta 88.5 90.5 18.7 21.0 
PF00224.10000.fasta 92.2 92.8 67.1 72.1 
