PF00450.10000.fasta 79.9 82.1 47.3 60.7 
PF13393.10000.fasta 44.8 47.1 7.2 11.2 
PF00476.10000.fasta 94.2 95.8 79.8 83.5 
PF00625.10000.fasta 43.5 43.1 1.9 3.0 
PF00078.10000.fasta 89.7 92.5 77.6 78.4 
PF01814.10000.fasta 77.9 81.0 50.9 56.4 
PF13522.10000.fasta 74.5 75.6 25.6 32.8 
PF02878.10000.fasta 74.0 76.3 53.3 56.4 
PF00505.10000.fasta 97.6 97.7 84.3 87.3 
PF02777.10000.fasta 91.0 96.4 66.3 68.4 
PF00009.10000.fasta 75.0 79.9 24.4 35.5 
PF05746.10000.fasta 85.0 85.4 67.2 76.3 
PF00687.10000.fasta 76.4 78.3 56.9 56.6 
PF00084.10000.fasta 89.5 90.0 76.3 81.3 
PF13365.10000.fasta 30.1 35.9 0.0 0.0 
PF13378.10000.fasta 71.4 73.2 18.9 21.6 
PF07654.10000.fasta 83.9 85.6 66.7 68.0 
PF00079.10000.fasta 93.1 93.3 82.8 85.7 
PF02836.10000.fasta 88.1 89.6 69.1 80.5 
PF07679.10000.fasta 82.3 82.8 49.0 61.0 
PF00313.10000.fasta 80.8 82.7 52.3 52.6 
PF01381.10000.fasta 66.3 66.9 18.3 21.0 
PF00970.10000.fasta 66.2 68.3 10.9 12.8 
PF04082.10000.fasta 35.6 55.6 1.1 0.8 
PF14604.10000.fasta 78.2 80.4 36.5 47.3 
PF00018.10000.fasta 85.9 87.5 0.0 0.0 
PF03129.10000.fasta 96.6 97.1 55.1 60.4 
PF00037.10000.fasta 87.7 90.1 69.0 72.6 
PF07686.10000.fasta 86.6 88.4 15.0 16.9 
PF00224.10000.fasta 93.9 93.7 72.7 77.5 
