PF00450.10000.fasta 82.9 85.1 49.1 62.2 
PF13393.10000.fasta 37.9 40.3 0.0 0.0 
PF00476.10000.fasta 94.0 95.8 79.5 83.4 
PF00625.10000.fasta 41.1 40.5 0.0 0.0 
PF00078.10000.fasta 87.2 90.7 75.3 76.0 
PF01814.10000.fasta 78.1 81.2 50.9 57.8 
PF13522.10000.fasta 74.7 76.7 24.8 31.8 
PF02878.10000.fasta 81.7 82.9 64.4 67.9 
PF00505.10000.fasta 97.6 97.7 84.3 87.3 
PF02777.10000.fasta 90.8 96.8 66.3 68.4 
PF00009.10000.fasta 78.5 84.4 29.7 42.6 
PF05746.10000.fasta 85.7 86.1 67.2 76.3 
PF00687.10000.fasta 79.7 80.5 59.9 59.8 
PF00084.10000.fasta 89.5 90.0 76.3 81.3 
PF13365.10000.fasta 33.3 39.4 0.0 0.0 
PF13378.10000.fasta 69.7 71.7 19.3 22.2 
PF07654.10000.fasta 88.2 89.4 75.0 76.5 
PF00079.10000.fasta 92.7 93.2 81.5 85.5 
PF02836.10000.fasta 91.1 92.5 73.9 85.8 
PF07679.10000.fasta 84.5 85.0 49.0 61.0 
PF00313.10000.fasta 82.0 84.0 55.4 55.7 
PF01381.10000.fasta 66.9 67.4 18.3 21.0 
PF00970.10000.fasta 66.5 68.5 10.9 12.8 
PF04082.10000.fasta 53.8 55.7 19.9 23.6 
PF14604.10000.fasta 79.6 81.7 27.0 31.9 
PF00018.10000.fasta 85.9 87.5 0.0 0.0 
PF03129.10000.fasta 96.5 96.9 57.1 62.6 
PF00037.10000.fasta 87.6 90.3 69.0 72.6 
PF07686.10000.fasta 89.1 90.4 37.4 42.2 
PF00224.10000.fasta 93.2 93.1 71.8 76.5 
