PF00450.10000.fasta 80.7 82.6 46.5 59.5 
PF13393.10000.fasta 34.4 38.1 0.0 0.0 
PF00476.10000.fasta 94.2 95.2 79.8 83.3 
PF00625.10000.fasta 33.2 40.7 0.0 0.0 
PF00078.10000.fasta 87.4 91.2 78.8 79.6 
PF01814.10000.fasta 82.5 83.9 58.6 64.5 
PF13522.10000.fasta 65.1 70.2 19.4 24.8 
PF02878.10000.fasta 81.6 82.4 63.7 67.2 
PF00505.10000.fasta 97.0 97.1 81.4 84.3 
PF02777.10000.fasta 91.1 96.7 66.3 68.4 
PF00009.10000.fasta 71.3 77.2 25.8 36.0 
PF05746.10000.fasta 84.4 84.8 67.2 76.3 
PF00687.10000.fasta 73.8 75.2 52.7 52.1 
PF00084.10000.fasta 88.6 89.6 74.6 79.5 
PF13365.10000.fasta 25.8 29.6 0.0 0.0 
PF13378.10000.fasta 64.4 68.0 19.3 22.2 
PF07654.10000.fasta 87.6 88.3 73.8 75.3 
PF00079.10000.fasta 93.1 93.8 82.8 85.9 
PF02836.10000.fasta 90.1 91.5 68.2 79.5 
PF07679.10000.fasta 81.8 83.0 39.0 48.6 
PF00313.10000.fasta 82.0 84.0 55.4 55.7 
PF01381.10000.fasta 67.9 68.5 18.3 21.0 
PF00970.10000.fasta 66.7 67.8 9.8 11.4 
PF04082.10000.fasta 53.4 54.8 19.5 23.5 
PF14604.10000.fasta 73.9 93.8 17.5 12.0 
PF00018.10000.fasta 85.9 87.6 4.7 0.1 
PF03129.10000.fasta 96.6 97.1 55.1 60.4 
PF00037.10000.fasta 90.2 92.7 79.3 77.7 
PF07686.10000.fasta 87.6 89.5 19.6 22.1 
PF00224.10000.fasta 91.9 92.4 66.2 71.0 
