PF00450.10000.fasta 80.1 82.9 46.1 58.8 
PF13393.10000.fasta 42.0 42.6 4.9 7.6 
PF00476.10000.fasta 94.0 94.8 77.7 81.4 
PF00625.10000.fasta 37.9 38.5 0.0 0.0 
PF00078.10000.fasta 86.2 89.2 75.9 76.6 
PF01814.10000.fasta 78.6 81.9 50.9 57.1 
PF13522.10000.fasta 67.7 70.7 20.9 26.8 
PF02878.10000.fasta 80.3 81.3 61.5 65.2 
PF00505.10000.fasta 96.9 97.7 82.9 85.8 
PF02777.10000.fasta 91.3 96.7 67.3 69.4 
PF00009.10000.fasta 75.1 80.4 25.1 34.4 
PF05746.10000.fasta 85.1 86.2 67.2 76.3 
PF00687.10000.fasta 79.7 80.8 55.1 56.4 
PF00084.10000.fasta 87.3 87.9 74.6 79.5 
PF13365.10000.fasta 25.7 30.4 0.0 0.0 
PF13378.10000.fasta 64.0 67.2 18.9 21.8 
PF07654.10000.fasta 85.9 87.7 71.4 72.9 
PF00079.10000.fasta 93.1 93.3 82.2 85.0 
PF02836.10000.fasta 87.0 89.3 66.4 77.3 
PF07679.10000.fasta 83.6 84.2 43.0 53.6 
PF00313.10000.fasta 81.4 82.8 52.3 52.6 
PF01381.10000.fasta 68.7 69.4 18.3 21.0 
PF00970.10000.fasta 67.1 67.7 15.5 18.1 
PF04082.10000.fasta 57.6 62.8 40.6 45.7 
PF14604.10000.fasta 79.1 80.8 31.7 32.1 
PF00018.10000.fasta 86.4 88.2 4.7 0.1 
PF03129.10000.fasta 96.6 97.1 55.1 60.4 
PF00037.10000.fasta 87.9 91.3 58.6 70.9 
PF07686.10000.fasta 86.9 88.3 15.0 16.9 
PF00224.10000.fasta 92.3 92.8 68.1 73.0 
