PF00450.10000.fasta 79.7 82.3 46.5 59.3 
PF13393.10000.fasta 45.0 46.1 9.9 15.3 
PF00476.10000.fasta 94.7 95.9 81.1 84.8 
PF00625.10000.fasta 42.2 42.8 5.3 8.4 
PF00078.10000.fasta 95.0 95.7 84.7 85.6 
PF01814.10000.fasta 78.5 81.8 51.7 58.8 
PF13522.10000.fasta 67.4 70.5 24.8 31.8 
PF02878.10000.fasta 75.5 77.1 55.6 59.2 
PF00505.10000.fasta 97.2 97.3 81.4 84.3 
PF02777.10000.fasta 91.1 96.3 68.3 70.5 
PF00009.10000.fasta 73.7 79.5 25.1 36.7 
PF05746.10000.fasta 84.7 84.9 67.2 76.3 
PF00687.10000.fasta 49.2 85.7 31.1 33.2 
PF00084.10000.fasta 87.7 88.2 72.9 77.7 
PF13365.10000.fasta 34.6 39.7 0.0 0.0 
PF13378.10000.fasta 72.3 74.2 19.3 22.2 
PF07654.10000.fasta 88.6 88.8 75.0 76.5 
PF00079.10000.fasta 93.5 93.5 84.0 86.2 
PF02836.10000.fasta 92.0 93.1 74.2 86.5 
PF07679.10000.fasta 85.4 85.9 51.0 63.5 
PF00313.10000.fasta 80.8 82.7 52.3 52.6 
PF01381.10000.fasta 67.4 67.9 18.3 21.0 
PF00970.10000.fasta 67.0 68.8 12.1 14.1 
PF04082.10000.fasta 22.0 44.2 0.0 0.0 
PF14604.10000.fasta 76.6 79.0 27.0 31.9 
PF00018.10000.fasta 86.1 88.9 4.7 0.1 
PF03129.10000.fasta 96.9 97.5 57.1 62.7 
PF00037.10000.fasta 86.9 90.9 55.2 70.6 
PF07686.10000.fasta 88.6 89.8 21.5 24.3 
PF00224.10000.fasta 92.4 92.3 70.8 75.5 
