PF00450.10000.fasta 81.0 83.2 45.9 58.7 
PF13393.10000.fasta 38.4 42.5 0.0 0.0 
PF00476.10000.fasta 94.2 95.3 78.2 82.3 
PF00625.10000.fasta 37.1 36.1 0.0 0.0 
PF00078.10000.fasta 87.8 90.4 75.9 76.6 
PF01814.10000.fasta 78.2 80.2 49.1 55.8 
PF13522.10000.fasta 67.5 70.4 21.7 27.8 
PF02878.10000.fasta 83.8 84.6 68.1 72.3 
PF00505.10000.fasta 97.3 97.5 84.3 87.3 
PF02777.10000.fasta 90.9 95.8 68.3 70.5 
PF00009.10000.fasta 79.0 84.3 27.6 41.4 
PF05746.10000.fasta 84.8 85.1 67.2 76.3 
PF00687.10000.fasta 76.8 78.5 56.3 55.9 
PF00084.10000.fasta 88.9 88.9 79.7 81.9 
PF13365.10000.fasta 31.2 35.3 0.0 0.0 
PF13378.10000.fasta 65.0 68.1 21.2 25.1 
PF07654.10000.fasta 88.6 88.8 75.0 76.5 
PF00079.10000.fasta 91.8 93.1 80.0 83.8 
PF02836.10000.fasta 87.3 90.6 66.4 77.3 
PF07679.10000.fasta 83.2 83.8 44.0 54.8 
PF00313.10000.fasta 82.0 84.0 55.4 55.7 
PF01381.10000.fasta 68.5 69.4 18.3 21.0 
PF00970.10000.fasta 67.1 67.7 16.1 18.8 
PF04082.10000.fasta 53.0 55.3 21.5 23.8 
PF14604.10000.fasta 87.1 87.6 44.4 50.0 
PF00018.10000.fasta 85.9 87.6 0.0 0.0 
PF03129.10000.fasta 96.3 97.0 55.1 60.4 
PF00037.10000.fasta 90.2 92.7 79.3 77.7 
PF07686.10000.fasta 87.2 89.1 15.9 17.8 
PF00224.10000.fasta 91.9 92.5 67.6 72.6 
