PF00450.10000.fasta 79.6 81.4 46.9 59.8 
PF13393.10000.fasta 34.4 38.7 0.0 0.0 
PF00476.10000.fasta 93.8 94.4 76.2 80.1 
PF00625.10000.fasta 45.0 44.3 0.0 0.0 
PF00078.10000.fasta 87.9 91.2 75.9 76.4 
PF01814.10000.fasta 81.4 82.7 56.9 63.3 
PF13522.10000.fasta 74.5 76.4 25.6 32.8 
PF02878.10000.fasta 80.9 82.9 63.7 67.5 
PF00505.10000.fasta 97.2 97.3 81.4 84.3 
PF02777.10000.fasta 91.3 96.9 68.3 70.5 
PF00009.10000.fasta 74.5 79.4 23.7 34.4 
PF05746.10000.fasta 84.4 84.7 67.2 76.3 
PF00687.10000.fasta 79.8 80.8 56.3 56.1 
PF00084.10000.fasta 88.6 89.1 74.6 79.5 
PF13365.10000.fasta 31.3 37.2 0.0 0.0 
PF13378.10000.fasta 71.5 73.1 19.3 22.2 
PF07654.10000.fasta 88.6 88.8 75.0 76.5 
PF00079.10000.fasta 91.8 92.4 80.0 84.2 
PF02836.10000.fasta 88.6 90.3 70.3 81.9 
PF07679.10000.fasta 83.3 84.7 47.0 58.6 
PF00313.10000.fasta 82.0 84.0 55.4 55.7 
PF01381.10000.fasta 68.1 68.7 18.3 21.0 
PF00970.10000.fasta 67.5 67.9 16.1 18.8 
PF04082.10000.fasta 62.5 64.7 35.6 42.9 
PF14604.10000.fasta 72.7 73.7 20.6 24.6 
PF00018.10000.fasta 85.6 88.2 0.0 0.0 
PF03129.10000.fasta 96.7 97.2 55.1 60.4 
PF00037.10000.fasta 88.0 89.9 69.0 72.6 
PF07686.10000.fasta 88.5 89.7 17.8 20.0 
PF00224.10000.fasta 93.5 93.4 72.2 77.1 
