PF00450.10000.fasta 80.4 82.7 48.1 61.2 
PF13393.10000.fasta 32.4 36.4 0.0 0.0 
PF00476.10000.fasta 94.3 94.7 78.2 81.8 
PF00625.10000.fasta 33.7 35.3 0.0 0.0 
PF00078.10000.fasta 88.1 91.3 76.5 77.2 
PF01814.10000.fasta 78.8 80.9 50.9 57.8 
PF13522.10000.fasta 67.0 69.8 21.7 27.8 
PF02878.10000.fasta 76.0 77.9 56.3 60.0 
PF00505.10000.fasta 97.2 97.7 82.9 85.8 
PF02777.10000.fasta 90.3 96.1 66.3 68.4 
PF00009.10000.fasta 77.5 84.0 29.7 39.7 
PF05746.10000.fasta 84.7 85.0 67.2 76.3 
PF00687.10000.fasta 73.2 74.3 53.9 53.4 
PF00084.10000.fasta 88.6 89.1 74.6 79.5 
PF13365.10000.fasta 26.4 30.6 0.0 0.0 
PF13378.10000.fasta 64.1 67.4 19.3 22.2 
PF07654.10000.fasta 88.2 89.4 75.0 76.5 
PF00079.10000.fasta 92.9 93.8 84.0 86.3 
PF02836.10000.fasta 87.9 90.4 66.4 77.0 
PF07679.10000.fasta 82.6 83.1 43.0 53.6 
PF00313.10000.fasta 80.8 82.7 52.3 52.6 
PF01381.10000.fasta 69.0 69.8 18.3 21.0 
PF00970.10000.fasta 67.4 67.9 15.5 18.1 
PF04082.10000.fasta 58.3 59.2 26.4 26.9 
PF14604.10000.fasta 76.3 78.6 31.7 32.1 
PF00018.10000.fasta 85.9 87.6 4.7 0.1 
PF03129.10000.fasta 96.4 96.9 55.1 60.4 
PF00037.10000.fasta 90.2 92.7 79.3 77.7 
PF07686.10000.fasta 87.1 89.0 15.0 16.9 
PF00224.10000.fasta 93.1 93.4 68.1 73.0 
