PF00450.10000.fasta 82.7 84.3 47.9 60.4 
PF13393.10000.fasta 35.6 36.6 7.2 11.3 
PF00476.10000.fasta 94.3 95.5 79.8 83.6 
PF00625.10000.fasta 43.9 42.4 0.0 0.0 
PF00078.10000.fasta 88.8 93.1 76.5 77.2 
PF01814.10000.fasta 80.2 81.7 55.2 60.6 
PF13522.10000.fasta 74.4 76.1 24.0 30.8 
PF02878.10000.fasta 74.3 77.0 51.9 55.6 
PF00505.10000.fasta 97.2 97.3 81.4 84.3 
PF02777.10000.fasta 91.4 96.7 67.3 69.4 
PF00009.10000.fasta 73.1 80.3 26.9 37.3 
PF05746.10000.fasta 84.7 84.9 67.2 76.3 
PF00687.10000.fasta 80.3 81.9 56.9 56.6 
PF00084.10000.fasta 90.4 91.5 81.4 83.7 
PF13365.10000.fasta 30.9 35.9 0.0 0.0 
PF13378.10000.fasta 69.4 71.2 18.9 21.6 
PF07654.10000.fasta 87.6 87.7 72.6 74.7 
PF00079.10000.fasta 91.4 92.3 81.2 84.0 
PF02836.10000.fasta 89.6 90.2 69.7 81.2 
PF07679.10000.fasta 83.8 85.3 47.0 58.6 
PF00313.10000.fasta 81.4 82.8 52.3 52.6 
PF01381.10000.fasta 67.1 67.7 18.3 21.0 
PF00970.10000.fasta 66.7 68.6 11.5 13.4 
PF04082.10000.fasta 53.2 54.7 21.8 22.7 
PF14604.10000.fasta 83.2 84.6 38.1 47.8 
PF00018.10000.fasta 85.7 87.4 0.0 0.0 
PF03129.10000.fasta 96.4 97.0 55.1 60.4 
PF00037.10000.fasta 89.6 91.0 69.0 72.6 
PF07686.10000.fasta 88.3 90.2 33.6 38.1 
PF00224.10000.fasta 93.4 93.2 72.7 77.6 
