PF00450.10000.fasta 80.8 83.3 47.3 60.4 
PF13393.10000.fasta 37.1 39.6 0.0 0.0 
PF00476.10000.fasta 95.2 96.3 81.6 85.4 
PF00625.10000.fasta 40.1 39.9 0.0 0.0 
PF00078.10000.fasta 91.2 93.8 73.5 74.3 
PF01814.10000.fasta 78.7 80.3 53.4 60.0 
PF13522.10000.fasta 74.1 76.4 24.0 30.8 
PF02878.10000.fasta 80.0 82.4 63.0 67.2 
PF00505.10000.fasta 97.2 97.3 81.4 84.3 
PF02777.10000.fasta 90.9 96.3 66.3 68.4 
PF00009.10000.fasta 75.0 79.8 26.5 33.6 
PF05746.10000.fasta 84.8 85.0 67.2 76.3 
PF00687.10000.fasta 74.1 74.8 46.7 47.4 
PF00084.10000.fasta 88.6 89.1 74.6 79.5 
PF13365.10000.fasta 32.4 37.8 0.0 0.0 
PF13378.10000.fasta 72.0 73.6 19.3 22.2 
PF07654.10000.fasta 85.1 85.3 67.9 69.8 
PF00079.10000.fasta 92.4 93.2 80.9 84.6 
PF02836.10000.fasta 91.7 92.2 74.8 87.2 
PF07679.10000.fasta 83.5 84.9 49.0 61.0 
PF00313.10000.fasta 80.8 82.7 52.3 52.6 
PF01381.10000.fasta 66.4 67.0 18.3 21.0 
PF00970.10000.fasta 67.4 67.8 16.1 18.8 
PF04082.10000.fasta 50.3 51.1 16.9 16.7 
PF14604.10000.fasta 79.1 79.5 25.4 24.8 
PF00018.10000.fasta 85.7 87.7 0.0 0.0 
PF03129.10000.fasta 96.6 97.2 55.1 60.4 
PF00037.10000.fasta 88.0 89.9 69.0 72.6 
PF07686.10000.fasta 90.2 91.4 35.5 40.1 
PF00224.10000.fasta 92.6 92.7 72.2 76.9 
