PF00450.10000.fasta 78.4 80.8 44.4 56.6 
PF13393.10000.fasta 37.5 39.8 0.0 0.0 
PF00476.10000.fasta 94.0 95.3 76.7 80.6 
PF00625.10000.fasta 42.6 43.5 4.9 7.8 
PF00078.10000.fasta 83.8 87.7 75.3 76.0 
PF01814.10000.fasta 81.3 83.2 54.3 61.0 
PF13522.10000.fasta 67.7 70.5 25.6 32.8 
PF02878.10000.fasta 76.8 77.9 56.3 60.0 
PF00505.10000.fasta 97.6 97.7 84.3 87.3 
PF02777.10000.fasta 91.4 96.4 68.3 70.5 
PF00009.10000.fasta 76.6 82.9 27.6 40.4 
PF05746.10000.fasta 85.4 85.6 67.2 76.3 
PF00687.10000.fasta 74.1 75.5 54.5 54.2 
PF00084.10000.fasta 89.5 90.5 79.7 81.9 
PF13365.10000.fasta 29.4 34.2 0.0 0.0 
PF13378.10000.fasta 76.2 77.3 20.3 23.9 
PF07654.10000.fasta 88.6 88.8 75.0 76.5 
PF00079.10000.fasta 93.2 93.3 84.9 87.3 
PF02836.10000.fasta 92.7 93.6 75.2 87.6 
PF07679.10000.fasta 84.8 85.4 50.0 62.3 
PF00313.10000.fasta 81.0 82.8 52.3 52.6 
PF01381.10000.fasta 66.6 67.2 18.3 21.0 
PF00970.10000.fasta 66.2 68.3 10.3 12.1 
PF04082.10000.fasta 52.0 56.8 26.4 28.6 
PF14604.10000.fasta 79.4 80.8 31.7 32.1 
PF00018.10000.fasta 86.2 88.2 4.7 0.1 
PF03129.10000.fasta 96.4 96.9 55.1 60.4 
PF00037.10000.fasta 87.7 90.8 69.0 72.6 
PF07686.10000.fasta 89.4 90.8 21.5 24.3 
PF00224.10000.fasta 92.1 92.1 71.3 75.9 
