PF00450.10000.fasta 83.2 85.6 48.3 61.5 
PF13393.10000.fasta 41.9 43.6 0.0 0.0 
PF00476.10000.fasta 94.0 95.1 76.9 80.9 
PF00625.10000.fasta 38.2 41.0 6.1 9.6 
PF00078.10000.fasta 89.1 91.9 74.1 74.9 
PF01814.10000.fasta 76.5 80.4 51.7 58.8 
PF13522.10000.fasta 67.3 69.8 24.8 31.8 
PF02878.10000.fasta 76.8 78.8 57.0 60.4 
PF00505.10000.fasta 97.6 97.7 84.3 87.3 
PF02777.10000.fasta 91.5 96.6 68.3 70.5 
PF00009.10000.fasta 75.0 80.0 27.2 40.3 
PF05746.10000.fasta 85.4 85.4 67.2 76.3 
PF00687.10000.fasta 79.6 81.0 56.9 56.6 
PF00084.10000.fasta 87.3 87.9 74.6 79.5 
PF13365.10000.fasta 33.2 38.4 0.0 0.0 
PF13378.10000.fasta 74.2 75.7 24.1 27.8 
PF07654.10000.fasta 83.9 85.6 66.7 68.0 
PF00079.10000.fasta 92.3 92.2 82.8 85.7 
PF02836.10000.fasta 91.9 93.7 72.7 84.4 
PF07679.10000.fasta 84.9 85.5 49.0 61.0 
PF00313.10000.fasta 82.2 84.0 55.4 55.7 
PF01381.10000.fasta 68.4 69.0 18.3 21.0 
PF00970.10000.fasta 67.1 67.8 15.5 18.1 
PF04082.10000.fasta 57.0 62.8 38.7 41.7 
PF14604.10000.fasta 79.1 79.5 27.0 26.4 
PF00018.10000.fasta 85.9 87.6 4.7 0.1 
PF03129.10000.fasta 96.7 97.2 57.1 62.7 
PF00037.10000.fasta 90.2 92.7 79.3 77.7 
PF07686.10000.fasta 88.6 90.2 23.4 26.4 
PF00224.10000.fasta 93.0 93.5 69.0 74.3 
