PF00450.10000.fasta 80.5 82.8 48.7 61.9 
PF13393.10000.fasta 35.6 41.6 0.0 0.0 
PF00476.10000.fasta 94.1 94.9 79.0 82.9 
PF00625.10000.fasta 35.4 36.5 0.0 0.0 
PF00078.10000.fasta 85.1 88.6 73.5 74.3 
PF01814.10000.fasta 83.6 84.1 68.1 76.0 
PF13522.10000.fasta 65.9 69.9 25.6 32.8 
PF02878.10000.fasta 80.7 81.7 62.2 66.0 
PF00505.10000.fasta 97.2 97.7 82.9 85.8 
PF02777.10000.fasta 91.7 96.7 68.3 70.5 
PF00009.10000.fasta 76.2 81.9 30.8 41.9 
PF05746.10000.fasta 84.5 84.9 67.2 76.3 
PF00687.10000.fasta 78.9 80.0 56.9 56.6 
PF00084.10000.fasta 88.6 89.1 74.6 79.5 
PF13365.10000.fasta 27.0 31.4 0.0 0.0 
PF13378.10000.fasta 65.8 68.7 19.8 22.7 
PF07654.10000.fasta 88.6 88.8 75.0 76.5 
PF00079.10000.fasta 91.7 93.0 80.6 84.6 
PF02836.10000.fasta 90.0 91.2 67.9 79.1 
PF07679.10000.fasta 81.7 82.6 39.0 48.6 
PF00313.10000.fasta 82.0 84.0 55.4 55.7 
PF01381.10000.fasta 69.8 70.7 18.3 21.0 
PF00970.10000.fasta 67.3 67.9 15.5 18.1 
PF04082.10000.fasta 52.7 54.2 19.5 23.5 
PF14604.10000.fasta 84.3 85.5 41.3 47.5 
PF00018.10000.fasta 85.6 87.5 4.7 0.1 
PF03129.10000.fasta 96.4 97.0 57.1 62.7 
PF00037.10000.fasta 87.7 90.1 69.0 72.6 
PF07686.10000.fasta 87.2 89.6 16.8 18.9 
PF00224.10000.fasta 91.8 92.4 67.6 72.4 
