PF00450.10000.fasta 80.3 82.5 46.3 59.2 
PF13393.10000.fasta 41.8 43.2 11.3 17.6 
PF00476.10000.fasta 94.5 96.2 80.1 83.8 
PF00625.10000.fasta 35.3 34.3 0.0 0.0 
PF00078.10000.fasta 88.2 90.5 74.1 74.9 
PF01814.10000.fasta 81.4 83.5 56.9 64.3 
PF13522.10000.fasta 67.3 69.8 24.0 30.8 
PF02878.10000.fasta 80.9 83.4 63.0 66.8 
PF00505.10000.fasta 97.2 97.3 81.4 84.3 
PF02777.10000.fasta 90.7 96.6 67.3 69.4 
PF00009.10000.fasta 76.5 82.5 25.8 39.9 
PF05746.10000.fasta 84.6 85.2 67.2 76.3 
PF00687.10000.fasta 76.5 77.2 55.1 54.7 
PF00084.10000.fasta 88.6 89.1 74.6 79.5 
PF13365.10000.fasta 32.1 37.9 0.0 0.0 
PF13378.10000.fasta 72.9 75.1 24.1 27.8 
PF07654.10000.fasta 89.8 90.0 77.4 79.0 
PF00079.10000.fasta 91.6 92.3 80.6 83.9 
PF02836.10000.fasta 91.5 92.7 73.9 85.8 
PF07679.10000.fasta 84.4 85.9 49.0 61.0 
PF00313.10000.fasta 81.4 82.8 52.3 52.6 
PF01381.10000.fasta 67.0 67.6 18.3 21.0 
PF00970.10000.fasta 67.1 67.8 16.7 19.5 
PF04082.10000.fasta 51.2 51.7 16.5 16.6 
PF14604.10000.fasta 73.3 74.8 25.4 29.8 
PF00018.10000.fasta 85.8 87.4 0.0 0.0 
PF03129.10000.fasta 97.2 97.6 57.1 62.7 
PF00037.10000.fasta 88.0 89.9 69.0 72.6 
PF07686.10000.fasta 88.7 89.9 12.1 13.8 
PF00224.10000.fasta 93.4 93.2 72.2 76.9 
