PF00450.10000.fasta 80.4 82.6 46.5 59.1 
PF13393.10000.fasta 38.1 41.6 0.0 0.0 
PF00476.10000.fasta 93.7 94.2 75.6 79.5 
PF00625.10000.fasta 36.8 37.5 0.0 0.0 
PF00078.10000.fasta 87.4 89.7 77.6 78.4 
PF01814.10000.fasta 76.2 79.2 52.6 57.7 
PF13522.10000.fasta 67.6 70.5 20.2 25.8 
PF02878.10000.fasta 82.1 82.9 64.4 67.9 
PF00505.10000.fasta 96.8 97.3 80.0 82.8 
PF02777.10000.fasta 91.1 96.8 67.3 69.4 
PF00009.10000.fasta 74.7 80.9 24.7 35.7 
PF05746.10000.fasta 85.6 86.1 67.2 76.3 
PF00687.10000.fasta 79.8 80.6 56.9 56.6 
PF00084.10000.fasta 88.3 88.8 76.3 81.3 
PF13365.10000.fasta 21.2 24.8 0.0 0.0 
PF13378.10000.fasta 62.7 65.9 18.9 21.6 
PF07654.10000.fasta 83.9 84.6 66.7 68.6 
PF00079.10000.fasta 91.8 92.3 79.4 83.4 
PF02836.10000.fasta 92.0 93.1 74.8 86.9 
PF07679.10000.fasta 82.7 83.2 43.0 53.6 
PF00313.10000.fasta 81.0 82.8 52.3 52.6 
PF01381.10000.fasta 69.0 69.8 18.3 21.0 
PF00970.10000.fasta 67.7 68.2 16.1 18.8 
PF04082.10000.fasta 46.6 47.9 12.6 15.2 
PF14604.10000.fasta 69.3 86.3 22.2 25.7 
PF00018.10000.fasta 86.1 88.0 4.7 0.1 
PF03129.10000.fasta 96.8 97.3 55.1 60.4 
PF00037.10000.fasta 87.7 90.1 69.0 72.6 
PF07686.10000.fasta 87.9 89.8 16.8 18.9 
PF00224.10000.fasta 92.5 93.0 68.5 73.6 
