PF00450.10000.fasta 80.8 82.6 49.1 62.3 
PF13393.10000.fasta 44.5 46.2 4.6 7.1 
PF00476.10000.fasta 94.6 95.2 80.8 84.6 
PF00625.10000.fasta 39.8 38.8 0.0 0.0 
PF00078.10000.fasta 88.6 92.4 77.6 78.4 
PF01814.10000.fasta 78.9 81.4 53.4 60.0 
PF13522.10000.fasta 73.1 74.8 25.6 32.8 
PF02878.10000.fasta 82.5 83.8 65.9 70.3 
PF00505.10000.fasta 97.2 97.3 81.4 84.3 
PF02777.10000.fasta 91.2 96.8 68.3 70.5 
PF00009.10000.fasta 77.5 83.7 29.0 41.2 
PF05746.10000.fasta 85.1 85.3 67.2 76.3 
PF00687.10000.fasta 79.1 80.5 51.5 52.5 
PF00084.10000.fasta 89.8 89.8 81.4 83.7 
PF13365.10000.fasta 30.5 36.3 0.0 0.0 
PF13378.10000.fasta 72.2 74.1 17.9 20.5 
PF07654.10000.fasta 89.8 90.0 77.4 79.0 
PF00079.10000.fasta 90.3 90.6 77.2 81.5 
PF02836.10000.fasta 91.7 92.8 74.2 86.5 
PF07679.10000.fasta 84.9 85.5 49.0 61.0 
PF00313.10000.fasta 82.0 84.0 55.4 55.7 
PF01381.10000.fasta 67.6 68.1 18.3 21.0 
PF00970.10000.fasta 66.8 68.7 11.5 13.4 
PF04082.10000.fasta 20.1 40.7 0.0 0.0 
PF14604.10000.fasta 78.0 79.3 33.3 43.2 
PF00018.10000.fasta 86.2 88.2 4.7 0.1 
PF03129.10000.fasta 96.9 97.2 55.1 60.4 
PF00037.10000.fasta 87.7 90.1 69.0 72.6 
PF07686.10000.fasta 89.2 90.5 39.3 44.3 
PF00224.10000.fasta 93.8 93.6 71.8 76.5 
