PF00450.10000.fasta 82.2 84.0 48.5 61.4 
PF13393.10000.fasta 47.4 48.6 4.9 7.6 
PF00476.10000.fasta 94.5 96.0 80.1 84.0 
PF00625.10000.fasta 41.5 40.3 0.0 0.0 
PF00078.10000.fasta 91.6 93.4 77.1 77.8 
PF01814.10000.fasta 82.9 85.4 58.6 66.6 
PF13522.10000.fasta 74.7 76.7 24.8 31.8 
PF02878.10000.fasta 73.9 76.5 52.6 55.6 
PF00505.10000.fasta 97.2 97.3 81.4 84.3 
PF02777.10000.fasta 91.2 96.4 67.3 69.4 
PF00009.10000.fasta 76.7 81.7 30.1 41.6 
PF05746.10000.fasta 84.8 85.0 67.2 76.3 
PF00687.10000.fasta 78.8 80.3 51.5 52.5 
PF00084.10000.fasta 88.6 89.1 74.6 79.5 
PF13365.10000.fasta 26.2 31.6 0.0 0.0 
PF13378.10000.fasta 72.0 74.0 18.9 21.6 
PF07654.10000.fasta 87.6 87.7 72.6 74.7 
PF00079.10000.fasta 94.0 94.5 85.5 87.6 
PF02836.10000.fasta 91.8 93.2 74.8 87.2 
PF07679.10000.fasta 85.8 86.3 51.0 63.5 
PF00313.10000.fasta 82.0 84.0 55.4 55.7 
PF01381.10000.fasta 68.6 69.5 18.3 21.0 
PF00970.10000.fasta 67.0 68.9 12.6 14.8 
PF04082.10000.fasta 51.9 53.1 17.2 16.8 
PF14604.10000.fasta 79.4 80.8 31.7 32.1 
PF00018.10000.fasta 85.7 87.7 0.0 0.0 
PF03129.10000.fasta 96.7 97.2 55.1 60.4 
PF00037.10000.fasta 87.6 90.5 69.0 72.6 
PF07686.10000.fasta 90.0 91.3 35.5 40.1 
PF00224.10000.fasta 92.7 92.6 72.7 77.4 
