PF00450.10000.fasta 81.4 83.6 45.9 58.4 
PF13393.10000.fasta 41.6 44.1 4.9 7.6 
PF00476.10000.fasta 93.8 95.1 77.2 80.9 
PF00625.10000.fasta 38.3 37.1 0.0 0.0 
PF00078.10000.fasta 88.7 91.8 77.1 77.8 
PF01814.10000.fasta 89.9 90.5 75.9 84.4 
PF13522.10000.fasta 68.4 71.2 25.6 32.8 
PF02878.10000.fasta 80.5 82.5 63.0 66.0 
PF00505.10000.fasta 97.2 97.3 81.4 84.3 
PF02777.10000.fasta 90.4 95.9 67.3 69.4 
PF00009.10000.fasta 76.5 82.6 29.0 41.8 
PF05746.10000.fasta 84.6 84.8 67.2 76.3 
PF00687.10000.fasta 77.7 79.6 56.9 56.6 
PF00084.10000.fasta 90.1 90.1 79.7 81.9 
PF13365.10000.fasta 34.4 39.6 0.0 0.0 
PF13378.10000.fasta 70.5 73.1 24.1 27.8 
PF07654.10000.fasta 88.2 89.4 75.0 76.5 
PF00079.10000.fasta 91.2 92.5 80.0 83.8 
PF02836.10000.fasta 91.5 92.3 73.9 86.2 
PF07679.10000.fasta 82.3 84.7 45.0 56.1 
PF00313.10000.fasta 82.0 84.0 55.4 55.7 
PF01381.10000.fasta 67.3 67.8 18.3 21.0 
PF00970.10000.fasta 67.8 68.3 16.7 19.5 
PF04082.10000.fasta 54.2 55.4 21.1 25.4 
PF14604.10000.fasta 81.9 83.9 36.5 47.3 
PF00018.10000.fasta 86.3 87.4 0.0 0.0 
PF03129.10000.fasta 96.6 97.2 53.1 58.1 
PF00037.10000.fasta 88.0 89.9 69.0 72.6 
PF07686.10000.fasta 88.9 90.3 36.4 41.1 
PF00224.10000.fasta 92.4 92.7 68.5 73.3 
