PF00450.10000.fasta 81.0 83.3 49.3 62.6 
PF13393.10000.fasta 42.3 43.6 4.9 7.6 
PF00476.10000.fasta 94.0 95.1 79.5 83.5 
PF00625.10000.fasta 39.1 42.6 0.8 1.2 
PF00078.10000.fasta 89.4 92.6 75.3 76.0 
PF01814.10000.fasta 83.4 86.2 60.3 67.2 
PF13522.10000.fasta 69.5 72.8 24.8 31.8 
PF02878.10000.fasta 80.4 81.6 61.5 65.2 
PF00505.10000.fasta 97.6 97.7 84.3 87.3 
PF02777.10000.fasta 91.1 97.0 67.3 69.4 
PF00009.10000.fasta 73.8 79.4 24.0 35.5 
PF05746.10000.fasta 84.6 84.6 67.2 76.3 
PF00687.10000.fasta 81.2 82.4 59.9 59.8 
PF00084.10000.fasta 89.5 90.0 76.3 81.3 
PF13365.10000.fasta 32.7 38.4 0.0 0.0 
PF13378.10000.fasta 71.1 73.7 24.5 28.4 
PF07654.10000.fasta 88.8 89.0 75.0 77.1 
PF00079.10000.fasta 92.6 93.3 82.2 85.9 
PF02836.10000.fasta 87.0 90.2 64.8 75.2 
PF07679.10000.fasta 83.5 84.2 51.0 63.5 
PF00313.10000.fasta 82.7 84.1 55.4 55.7 
PF01381.10000.fasta 67.6 68.1 18.3 21.0 
PF00970.10000.fasta 66.5 68.7 10.9 12.8 
PF04082.10000.fasta 45.6 45.8 12.6 15.2 
PF14604.10000.fasta 85.3 85.6 44.4 50.0 
PF00018.10000.fasta 85.5 87.5 4.7 0.1 
PF03129.10000.fasta 96.5 97.0 57.1 62.7 
PF00037.10000.fasta 87.7 90.1 69.0 72.6 
PF07686.10000.fasta 88.0 89.6 15.0 16.9 
PF00224.10000.fasta 92.8 93.1 69.0 73.9 
