PF00450.10000.fasta 79.9 81.8 47.5 60.5 
PF13393.10000.fasta 36.3 38.2 0.0 0.0 
PF00476.10000.fasta 94.2 95.7 78.2 82.3 
PF00625.10000.fasta 38.0 39.8 0.0 0.0 
PF00078.10000.fasta 90.1 91.7 79.4 80.2 
PF01814.10000.fasta 82.7 83.8 57.8 64.3 
PF13522.10000.fasta 66.0 68.5 24.8 31.8 
PF02878.10000.fasta 81.6 82.5 64.4 68.3 
PF00505.10000.fasta 97.6 97.7 84.3 87.3 
PF02777.10000.fasta 91.9 96.8 68.3 70.5 
PF00009.10000.fasta 75.8 82.0 26.9 38.7 
PF05746.10000.fasta 84.9 85.3 67.2 76.3 
PF00687.10000.fasta 76.2 77.3 52.1 51.5 
PF00084.10000.fasta 91.0 91.0 81.4 83.7 
PF13365.10000.fasta 29.0 33.4 0.0 0.0 
PF13378.10000.fasta 72.4 74.5 20.3 23.0 
PF07654.10000.fasta 89.2 89.4 76.2 77.8 
PF00079.10000.fasta 91.6 92.1 81.5 84.3 
PF02836.10000.fasta 91.7 92.7 73.9 85.8 
PF07679.10000.fasta 84.9 85.5 49.0 61.0 
PF00313.10000.fasta 80.8 82.7 52.3 52.6 
PF01381.10000.fasta 66.3 66.9 18.3 21.0 
PF00970.10000.fasta 66.5 68.5 10.9 12.8 
PF04082.10000.fasta 55.7 56.0 24.5 26.3 
PF14604.10000.fasta 78.0 80.3 27.0 31.9 
PF00018.10000.fasta 86.4 88.2 4.7 0.1 
PF03129.10000.fasta 96.6 97.1 55.1 60.4 
PF00037.10000.fasta 88.0 89.9 69.0 72.6 
PF07686.10000.fasta 89.6 90.9 20.6 23.3 
PF00224.10000.fasta 93.5 93.3 71.8 76.4 
