PF00450.10000.fasta 80.3 82.6 46.9 60.1 
PF13393.10000.fasta 39.0 43.0 0.0 0.0 
PF00476.10000.fasta 94.5 94.8 80.1 83.7 
PF00625.10000.fasta 39.0 39.5 0.0 0.0 
PF00078.10000.fasta 87.0 89.7 73.5 74.3 
PF01814.10000.fasta 82.5 83.5 58.6 64.5 
PF13522.10000.fasta 67.6 70.4 21.7 27.8 
PF02878.10000.fasta 80.7 81.9 62.2 66.4 
PF00505.10000.fasta 96.8 97.3 80.0 82.8 
PF02777.10000.fasta 91.3 96.9 67.3 69.4 
PF00009.10000.fasta 78.7 86.0 28.3 40.1 
PF05746.10000.fasta 85.2 86.2 67.2 76.3 
PF00687.10000.fasta 81.2 82.4 59.9 59.8 
PF00084.10000.fasta 89.5 90.0 76.3 81.3 
PF13365.10000.fasta 30.9 36.1 0.0 0.0 
PF13378.10000.fasta 65.0 68.1 24.1 28.4 
PF07654.10000.fasta 80.8 82.5 63.1 64.9 
PF00079.10000.fasta 90.5 91.4 79.1 82.8 
PF02836.10000.fasta 89.1 90.3 68.8 80.2 
PF07679.10000.fasta 82.4 83.0 41.0 51.1 
PF00313.10000.fasta 82.0 84.0 55.4 55.7 
PF01381.10000.fasta 69.6 70.4 18.3 21.0 
PF00970.10000.fasta 67.5 68.0 16.1 18.8 
PF04082.10000.fasta 56.1 57.4 24.9 26.4 
PF14604.10000.fasta 71.4 91.5 15.9 11.5 
PF00018.10000.fasta 86.0 87.8 4.7 0.1 
PF03129.10000.fasta 96.9 97.3 55.1 60.4 
PF00037.10000.fasta 91.2 93.1 79.3 77.7 
PF07686.10000.fasta 86.4 87.5 15.0 16.9 
PF00224.10000.fasta 92.5 93.0 69.0 74.0 
