PF00450.10000.fasta 80.2 82.9 47.3 59.9 
PF13393.10000.fasta 41.3 43.7 9.9 15.3 
PF00476.10000.fasta 94.6 95.1 79.8 83.7 
PF00625.10000.fasta 36.6 37.0 0.0 0.0 
PF00078.10000.fasta 88.5 90.0 74.1 74.9 
PF01814.10000.fasta 79.0 80.9 48.3 54.8 
PF13522.10000.fasta 72.7 74.5 24.8 31.8 
PF02878.10000.fasta 73.9 76.5 52.6 55.6 
PF00505.10000.fasta 97.6 97.7 84.3 87.3 
PF02777.10000.fasta 90.9 96.3 67.3 69.4 
PF00009.10000.fasta 75.1 81.0 28.3 41.1 
PF05746.10000.fasta 85.3 85.3 67.2 76.3 
PF00687.10000.fasta 74.9 76.1 55.7 55.3 
PF00084.10000.fasta 90.1 90.1 79.7 81.9 
PF13365.10000.fasta 29.3 35.2 0.0 0.0 
PF13378.10000.fasta 72.0 73.5 19.3 22.2 
PF07654.10000.fasta 83.9 84.0 65.5 67.3 
PF00079.10000.fasta 92.2 92.5 80.0 83.8 
PF02836.10000.fasta 92.0 93.1 75.2 87.6 
PF07679.10000.fasta 84.9 85.5 49.0 61.0 
PF00313.10000.fasta 80.8 82.7 52.3 52.6 
PF01381.10000.fasta 69.0 69.7 18.3 21.0 
PF00970.10000.fasta 67.6 68.0 16.1 18.8 
PF04082.10000.fasta 33.3 53.4 1.1 0.8 
PF14604.10000.fasta 71.8 74.9 27.0 31.9 
PF00018.10000.fasta 85.6 87.8 4.7 0.1 
PF03129.10000.fasta 96.4 96.9 55.1 60.4 
PF00037.10000.fasta 87.7 90.1 69.0 72.6 
PF07686.10000.fasta 89.3 90.7 39.3 44.3 
PF00224.10000.fasta 92.7 92.7 71.3 76.0 
