PF00450.10000.fasta 81.2 83.5 47.9 60.7 
PF13393.10000.fasta 40.1 41.1 9.3 14.4 
PF00476.10000.fasta 94.0 95.3 79.8 83.5 
PF00625.10000.fasta 42.4 41.2 0.0 0.0 
PF00078.10000.fasta 88.8 91.7 77.6 78.2 
PF01814.10000.fasta 75.7 77.6 44.0 50.0 
PF13522.10000.fasta 65.9 69.2 24.8 31.8 
PF02878.10000.fasta 75.5 78.2 54.8 58.4 
PF00505.10000.fasta 97.0 97.1 81.4 84.3 
PF02777.10000.fasta 90.9 96.1 68.3 70.5 
PF00009.10000.fasta 75.4 81.7 26.9 35.1 
PF05746.10000.fasta 84.6 84.8 67.2 76.3 
PF00687.10000.fasta 80.6 82.8 61.1 61.0 
PF00084.10000.fasta 86.7 88.3 74.6 79.5 
PF13365.10000.fasta 31.3 37.2 0.0 0.0 
PF13378.10000.fasta 73.0 74.1 19.3 22.2 
PF07654.10000.fasta 86.3 88.1 71.4 72.9 
PF00079.10000.fasta 90.6 91.3 78.2 81.9 
PF02836.10000.fasta 92.3 92.7 75.8 87.9 
PF07679.10000.fasta 84.5 86.6 50.0 62.3 
PF00313.10000.fasta 82.7 84.1 55.4 55.7 
PF01381.10000.fasta 67.9 68.4 18.3 21.0 
PF00970.10000.fasta 66.6 68.5 10.3 12.1 
PF04082.10000.fasta 54.2 55.5 21.5 23.8 
PF14604.10000.fasta 77.4 80.1 27.0 31.9 
PF00018.10000.fasta 85.6 87.7 0.0 0.0 
PF03129.10000.fasta 96.4 97.0 55.1 60.4 
PF00037.10000.fasta 88.0 89.9 69.0 72.6 
PF07686.10000.fasta 88.2 89.5 12.1 13.8 
PF00224.10000.fasta 92.0 92.6 69.9 74.8 
