PF00450.10000.fasta 80.3 82.9 47.9 60.4 
PF13393.10000.fasta 43.1 44.1 0.0 0.0 
PF00476.10000.fasta 94.4 95.4 80.8 84.6 
PF00625.10000.fasta 43.9 42.8 5.3 8.4 
PF00078.10000.fasta 86.5 91.4 77.6 78.4 
PF01814.10000.fasta 85.5 87.1 70.7 77.9 
PF13522.10000.fasta 73.1 74.6 25.6 32.8 
PF02878.10000.fasta 81.7 83.4 64.4 67.9 
PF00505.10000.fasta 97.2 97.7 82.9 85.8 
PF02777.10000.fasta 91.5 96.8 68.3 70.5 
PF00009.10000.fasta 76.0 81.3 29.0 40.3 
PF05746.10000.fasta 84.4 85.3 66.4 75.4 
PF00687.10000.fasta 77.2 79.1 56.3 56.1 
PF00084.10000.fasta 90.1 90.1 79.7 81.9 
PF13365.10000.fasta 28.0 33.4 0.0 0.0 
PF13378.10000.fasta 70.1 72.0 19.3 22.2 
PF07654.10000.fasta 85.5 86.2 69.0 70.4 
PF00079.10000.fasta 93.0 93.6 81.8 85.9 
PF02836.10000.fasta 90.2 92.1 70.9 82.6 
PF07679.10000.fasta 84.6 85.7 50.0 62.3 
PF00313.10000.fasta 82.0 84.0 55.4 55.7 
PF01381.10000.fasta 69.0 69.7 18.3 21.0 
PF00970.10000.fasta 66.7 68.6 10.9 12.8 
PF04082.10000.fasta 51.7 52.4 16.9 16.7 
PF14604.10000.fasta 84.3 85.5 41.3 47.5 
PF00018.10000.fasta 85.8 87.8 4.7 0.1 
PF03129.10000.fasta 96.4 96.9 55.1 60.4 
PF00037.10000.fasta 87.7 90.1 69.0 72.6 
PF07686.10000.fasta 88.3 89.9 23.4 26.4 
PF00224.10000.fasta 92.8 92.8 72.2 76.8 
