PF00450.10000.fasta 79.9 82.1 45.1 57.5 
PF13393.10000.fasta 39.9 41.2 2.6 4.1 
PF00476.10000.fasta 94.6 95.0 78.2 82.2 
PF00625.10000.fasta 41.7 41.3 0.0 0.0 
PF00078.10000.fasta 88.4 92.5 77.1 78.3 
PF01814.10000.fasta 74.6 76.6 41.4 47.0 
PF13522.10000.fasta 71.6 73.4 25.6 32.8 
PF02878.10000.fasta 73.4 76.0 52.6 56.0 
PF00505.10000.fasta 97.6 97.7 84.3 87.3 
PF02777.10000.fasta 91.0 96.6 66.3 68.4 
PF00009.10000.fasta 74.3 79.4 27.2 36.9 
PF05746.10000.fasta 85.0 86.0 67.2 76.3 
PF00687.10000.fasta 82.4 83.6 61.7 61.3 
PF00084.10000.fasta 87.3 87.9 74.6 79.5 
PF13365.10000.fasta 29.8 36.5 0.0 0.0 
PF13378.10000.fasta 73.2 74.7 19.3 22.2 
PF07654.10000.fasta 85.3 86.0 69.0 71.0 
PF00079.10000.fasta 89.9 90.9 77.8 81.7 
PF02836.10000.fasta 91.4 93.2 73.3 85.5 
PF07679.10000.fasta 85.1 85.6 51.0 63.5 
PF00313.10000.fasta 82.0 84.0 55.4 55.7 
PF01381.10000.fasta 69.8 70.6 18.3 21.0 
PF00970.10000.fasta 67.9 68.2 17.2 20.1 
PF04082.10000.fasta 53.7 55.4 19.5 23.5 
PF14604.10000.fasta 84.1 85.7 38.1 47.8 
PF00018.10000.fasta 85.9 88.1 0.0 0.0 
PF03129.10000.fasta 96.4 96.8 55.1 60.4 
PF00037.10000.fasta 87.4 89.7 69.0 72.6 
PF07686.10000.fasta 85.7 88.3 15.0 16.9 
PF00224.10000.fasta 92.6 93.0 69.4 74.3 
