PF00450.10000.fasta 80.9 82.8 48.3 61.5 
PF13393.10000.fasta 38.8 40.3 5.2 8.2 
PF00476.10000.fasta 93.9 95.6 76.9 80.8 
PF00625.10000.fasta 40.9 39.6 0.0 0.0 
PF00078.10000.fasta 87.9 90.8 77.1 77.8 
PF01814.10000.fasta 78.3 79.8 51.7 58.1 
PF13522.10000.fasta 75.2 77.1 25.6 32.8 
PF02878.10000.fasta 74.4 76.6 54.1 57.2 
PF00505.10000.fasta 96.4 97.3 80.0 82.8 
PF02777.10000.fasta 91.5 96.4 68.3 70.5 
PF00009.10000.fasta 73.1 79.7 29.7 41.6 
PF05746.10000.fasta 85.0 85.2 67.2 76.3 
PF00687.10000.fasta 76.6 77.6 60.5 60.4 
PF00084.10000.fasta 88.6 89.1 74.6 79.5 
PF13365.10000.fasta 26.0 30.0 0.0 0.0 
PF13378.10000.fasta 68.2 71.1 19.8 22.7 
PF07654.10000.fasta 88.6 88.8 75.0 76.5 
PF00079.10000.fasta 92.9 93.8 82.8 85.2 
PF02836.10000.fasta 92.2 93.4 75.2 87.6 
PF07679.10000.fasta 84.4 84.9 49.0 61.0 
PF00313.10000.fasta 82.0 84.0 55.4 55.7 
PF01381.10000.fasta 68.7 69.7 18.3 21.0 
PF00970.10000.fasta 66.3 68.4 11.5 13.4 
PF04082.10000.fasta 55.6 57.2 24.5 26.3 
PF14604.10000.fasta 79.9 81.7 31.7 32.1 
PF00018.10000.fasta 85.9 88.2 4.7 0.1 
PF03129.10000.fasta 96.4 96.9 55.1 60.4 
PF00037.10000.fasta 87.7 90.1 69.0 72.6 
PF07686.10000.fasta 87.2 88.9 0.0 0.0 
PF00224.10000.fasta 92.7 92.5 70.4 75.0 
