PF00450.10000.fasta 80.6 82.8 47.1 60.0 
PF13393.10000.fasta 45.1 46.4 4.9 7.6 
PF00476.10000.fasta 94.4 95.0 80.8 84.6 
PF00625.10000.fasta 33.7 34.3 0.0 0.0 
PF00078.10000.fasta 86.8 90.0 74.1 74.9 
PF01814.10000.fasta 86.8 88.3 68.1 75.6 
PF13522.10000.fasta 64.2 67.9 20.2 25.8 
PF02878.10000.fasta 83.7 84.4 67.4 71.1 
PF00505.10000.fasta 96.4 97.3 80.0 82.8 
PF02777.10000.fasta 90.6 95.9 67.3 69.4 
PF00009.10000.fasta 76.7 86.6 30.1 41.3 
PF05746.10000.fasta 84.6 84.8 67.2 76.3 
PF00687.10000.fasta 78.0 79.4 59.9 59.8 
PF00084.10000.fasta 90.1 90.1 79.7 81.9 
PF13365.10000.fasta 27.1 32.2 0.0 0.0 
PF13378.10000.fasta 64.2 67.3 18.4 21.6 
PF07654.10000.fasta 87.6 87.7 72.6 74.7 
PF00079.10000.fasta 91.4 92.3 80.0 84.0 
PF02836.10000.fasta 87.6 88.8 67.9 79.1 
PF07679.10000.fasta 82.6 83.8 39.0 48.6 
PF00313.10000.fasta 81.4 82.8 52.3 52.6 
PF01381.10000.fasta 68.3 69.2 18.3 21.0 
PF00970.10000.fasta 67.1 67.7 16.1 18.8 
PF04082.10000.fasta 53.3 54.5 19.5 23.5 
PF14604.10000.fasta 86.2 86.7 44.4 50.0 
PF00018.10000.fasta 86.3 87.7 0.0 0.0 
PF03129.10000.fasta 96.5 97.0 57.1 62.7 
PF00037.10000.fasta 88.0 89.9 69.0 72.6 
PF07686.10000.fasta 88.2 89.9 15.9 17.8 
PF00224.10000.fasta 92.3 92.7 68.1 73.0 
