PF00450.10000.fasta 80.8 83.2 47.5 60.7 
PF13393.10000.fasta 40.0 41.5 5.2 8.2 
PF00476.10000.fasta 94.4 95.2 80.6 84.5 
PF00625.10000.fasta 40.3 39.4 0.0 0.0 
PF00078.10000.fasta 85.7 89.1 74.7 75.4 
PF01814.10000.fasta 92.3 92.8 79.3 86.8 
PF13522.10000.fasta 72.9 74.6 24.8 31.8 
PF02878.10000.fasta 75.2 78.7 54.1 58.0 
PF00505.10000.fasta 97.2 97.3 81.4 84.3 
PF02777.10000.fasta 91.4 97.0 66.3 68.4 
PF00009.10000.fasta 77.0 82.5 28.0 39.1 
PF05746.10000.fasta 85.1 85.3 67.2 76.3 
PF00687.10000.fasta 80.9 83.0 61.1 61.0 
PF00084.10000.fasta 88.6 90.7 79.7 81.9 
PF13365.10000.fasta 32.2 38.3 0.0 0.0 
PF13378.10000.fasta 72.1 73.9 18.9 21.6 
PF07654.10000.fasta 84.3 84.8 66.7 68.6 
PF00079.10000.fasta 91.9 92.4 80.3 84.5 
PF02836.10000.fasta 90.3 92.6 70.9 82.6 
PF07679.10000.fasta 82.2 84.9 43.0 53.6 
PF00313.10000.fasta 82.0 84.0 55.4 55.7 
PF01381.10000.fasta 67.3 67.8 18.3 21.0 
PF00970.10000.fasta 67.0 67.6 15.5 18.1 
PF04082.10000.fasta 59.2 59.9 29.1 35.1 
PF14604.10000.fasta 75.7 77.2 19.0 24.2 
PF00018.10000.fasta 84.8 87.2 0.0 0.0 
PF03129.10000.fasta 96.1 97.0 53.1 58.1 
PF00037.10000.fasta 88.0 89.9 69.0 72.6 
PF07686.10000.fasta 89.1 90.4 12.1 13.8 
PF00224.10000.fasta 92.4 92.4 71.8 76.4 
