PF00450.10000.fasta 80.6 82.6 47.7 60.8 
PF13393.10000.fasta 43.5 45.0 2.6 4.1 
PF00476.10000.fasta 94.4 95.8 81.1 84.8 
PF00625.10000.fasta 42.6 41.2 0.0 0.0 
PF00078.10000.fasta 84.9 88.8 73.5 74.1 
PF01814.10000.fasta 78.6 81.0 55.2 60.6 
PF13522.10000.fasta 75.1 77.2 24.0 30.8 
PF02878.10000.fasta 81.5 82.6 63.7 67.5 
PF00505.10000.fasta 97.2 97.3 81.4 84.3 
PF02777.10000.fasta 90.0 95.9 63.4 65.4 
PF00009.10000.fasta 75.2 81.5 24.0 38.9 
PF05746.10000.fasta 85.2 85.8 67.2 76.3 
PF00687.10000.fasta 80.0 81.4 59.9 59.8 
PF00084.10000.fasta 88.6 89.1 74.6 79.5 
PF13365.10000.fasta 26.4 32.6 0.0 0.0 
PF13378.10000.fasta 72.8 74.3 19.8 22.4 
PF07654.10000.fasta 89.8 90.0 77.4 79.0 
PF00079.10000.fasta 90.5 90.7 77.8 82.2 
PF02836.10000.fasta 84.2 86.9 65.5 76.3 
PF07679.10000.fasta 84.8 85.2 51.0 63.5 
PF00313.10000.fasta 81.4 82.8 52.3 52.6 
PF01381.10000.fasta 66.6 67.2 18.3 21.0 
PF00970.10000.fasta 66.9 68.8 10.9 12.8 
PF04082.10000.fasta 21.5 43.6 0.0 0.0 
PF14604.10000.fasta 77.4 80.1 27.0 31.9 
PF00018.10000.fasta 86.3 88.0 0.0 0.0 
PF03129.10000.fasta 96.5 97.0 55.1 60.4 
PF00037.10000.fasta 88.2 91.7 58.6 70.9 
PF07686.10000.fasta 89.6 90.9 37.4 42.2 
PF00224.10000.fasta 92.9 92.8 71.8 76.5 
