PF00450.10000.fasta 81.7 83.2 48.3 61.1 
PF13393.10000.fasta 38.8 42.8 0.0 0.0 
PF00476.10000.fasta 94.5 95.7 79.8 83.8 
PF00625.10000.fasta 36.0 36.1 0.0 0.0 
PF00078.10000.fasta 92.1 94.0 81.8 82.6 
PF01814.10000.fasta 80.9 83.4 53.4 60.7 
PF13522.10000.fasta 66.5 69.6 20.9 26.8 
PF02878.10000.fasta 73.6 75.2 51.9 55.2 
PF00505.10000.fasta 97.0 97.3 80.0 82.8 
PF02777.10000.fasta 91.0 96.9 67.3 69.4 
PF00009.10000.fasta 77.4 83.2 26.5 35.7 
PF05746.10000.fasta 85.0 85.4 67.2 76.3 
PF00687.10000.fasta 81.2 82.8 59.9 59.8 
PF00084.10000.fasta 88.6 89.1 74.6 79.5 
PF13365.10000.fasta 25.8 31.4 0.0 0.0 
PF13378.10000.fasta 67.3 70.2 24.1 27.8 
PF07654.10000.fasta 88.8 89.0 75.0 77.1 
PF00079.10000.fasta 92.2 92.9 80.9 85.0 
PF02836.10000.fasta 92.4 93.8 74.8 86.9 
PF07679.10000.fasta 81.5 83.3 39.0 48.6 
PF00313.10000.fasta 80.8 82.7 52.3 52.6 
PF01381.10000.fasta 67.8 68.4 18.3 21.0 
PF00970.10000.fasta 67.6 68.1 15.5 18.1 
PF04082.10000.fasta 55.5 57.1 26.8 32.3 
PF14604.10000.fasta 80.6 81.6 39.7 49.8 
PF00018.10000.fasta 85.8 87.8 4.7 0.1 
PF03129.10000.fasta 96.8 97.3 55.1 60.4 
PF00037.10000.fasta 89.6 91.0 69.0 72.6 
PF07686.10000.fasta 89.0 91.0 29.0 32.7 
PF00224.10000.fasta 92.3 92.9 67.6 72.6 
