PF00450.10000.fasta 80.2 82.7 47.9 60.6 
PF13393.10000.fasta 41.5 42.7 9.9 15.3 
PF00476.10000.fasta 95.2 96.1 81.3 85.0 
PF00625.10000.fasta 38.6 37.3 0.0 0.0 
PF00078.10000.fasta 86.5 91.4 77.1 77.8 
PF01814.10000.fasta 82.1 84.3 59.5 66.2 
PF13522.10000.fasta 66.5 71.3 24.0 30.8 
PF02878.10000.fasta 74.0 76.8 53.3 56.8 
PF00505.10000.fasta 97.2 97.3 81.4 84.3 
PF02777.10000.fasta 91.3 96.9 68.3 70.5 
PF00009.10000.fasta 77.0 82.0 28.3 41.5 
PF05746.10000.fasta 85.0 86.0 67.2 76.3 
PF00687.10000.fasta 80.0 80.8 56.3 55.9 
PF00084.10000.fasta 90.1 90.1 79.7 81.9 
PF13365.10000.fasta 31.8 36.6 0.0 0.0 
PF13378.10000.fasta 73.8 75.4 19.3 22.2 
PF07654.10000.fasta 89.8 90.0 77.4 79.0 
PF00079.10000.fasta 90.3 90.7 77.8 82.0 
PF02836.10000.fasta 89.8 90.9 72.4 84.4 
PF07679.10000.fasta 83.9 85.8 48.0 59.8 
PF00313.10000.fasta 82.0 84.0 55.4 55.7 
PF01381.10000.fasta 67.7 68.4 18.3 21.0 
PF00970.10000.fasta 66.6 68.4 10.9 12.8 
PF04082.10000.fasta 55.3 56.6 22.6 23.2 
PF14604.10000.fasta 72.2 73.2 19.0 22.6 
PF00018.10000.fasta 82.9 85.4 0.0 0.0 
PF03129.10000.fasta 96.9 97.3 55.1 60.4 
PF00037.10000.fasta 88.0 89.9 69.0 72.6 
PF07686.10000.fasta 88.0 89.5 34.6 39.0 
PF00224.10000.fasta 93.2 93.1 71.3 76.0 
