PF00450.10000.fasta 80.5 82.4 47.9 61.1 
PF13393.10000.fasta 44.1 45.9 7.5 11.7 
PF00476.10000.fasta 94.4 95.8 80.6 84.3 
PF00625.10000.fasta 37.1 36.3 0.4 0.6 
PF00078.10000.fasta 88.1 91.3 76.5 77.2 
PF01814.10000.fasta 81.0 83.2 54.3 60.3 
PF13522.10000.fasta 66.0 70.5 24.0 30.8 
PF02878.10000.fasta 75.4 78.1 55.6 59.6 
PF00505.10000.fasta 97.2 97.3 81.4 84.3 
PF02777.10000.fasta 91.9 96.5 68.3 70.5 
PF00009.10000.fasta 74.8 81.2 22.9 31.4 
PF05746.10000.fasta 85.0 85.4 67.2 76.3 
PF00687.10000.fasta 78.5 80.5 56.3 57.6 
PF00084.10000.fasta 91.0 91.0 81.4 83.7 
PF13365.10000.fasta 31.5 37.3 0.0 0.0 
PF13378.10000.fasta 73.4 74.9 19.3 22.2 
PF07654.10000.fasta 80.8 82.0 61.9 63.7 
PF00079.10000.fasta 92.4 92.8 82.2 85.7 
PF02836.10000.fasta 87.3 90.2 66.7 77.3 
PF07679.10000.fasta 81.9 84.5 43.0 53.6 
PF00313.10000.fasta 80.8 82.7 52.3 52.6 
PF01381.10000.fasta 66.3 67.0 18.3 21.0 
PF00970.10000.fasta 67.6 67.9 16.7 19.5 
PF04082.10000.fasta 62.5 64.0 37.5 43.5 
PF14604.10000.fasta 81.3 83.6 34.9 45.3 
PF00018.10000.fasta 86.3 87.9 0.0 0.0 
PF03129.10000.fasta 96.5 96.9 53.1 58.1 
PF00037.10000.fasta 85.5 88.4 65.5 68.1 
PF07686.10000.fasta 89.4 90.6 36.4 41.1 
PF00224.10000.fasta 92.7 92.6 72.7 77.5 
