PF00450.10000.fasta 81.6 83.3 47.9 61.0 
PF13393.10000.fasta 44.4 45.8 5.2 8.2 
PF00476.10000.fasta 94.4 95.9 80.8 84.6 
PF00625.10000.fasta 40.8 50.2 4.9 7.8 
PF00078.10000.fasta 89.4 93.0 77.6 78.4 
PF01814.10000.fasta 81.6 83.8 57.8 64.3 
PF13522.10000.fasta 67.1 69.4 24.0 30.8 
PF02878.10000.fasta 82.1 83.3 64.4 67.9 
PF00505.10000.fasta 97.3 97.5 84.3 87.3 
PF02777.10000.fasta 91.3 95.7 68.3 70.5 
PF00009.10000.fasta 76.7 81.1 30.1 41.6 
PF05746.10000.fasta 85.4 85.7 67.2 76.3 
PF00687.10000.fasta 77.2 78.4 54.5 54.0 
PF00084.10000.fasta 90.1 90.1 79.7 81.9 
PF13365.10000.fasta 38.1 45.0 0.0 0.0 
PF13378.10000.fasta 73.4 75.0 18.9 21.6 
PF07654.10000.fasta 84.1 84.6 66.7 68.0 
PF00079.10000.fasta 94.3 94.7 87.1 89.3 
PF02836.10000.fasta 91.7 93.0 74.5 86.9 
PF07679.10000.fasta 85.4 85.9 52.0 64.8 
PF00313.10000.fasta 82.0 84.0 55.4 55.7 
PF01381.10000.fasta 69.6 70.4 18.3 21.0 
PF00970.10000.fasta 66.3 68.3 10.3 12.1 
PF04082.10000.fasta 50.5 57.0 23.4 24.9 
PF14604.10000.fasta 76.0 78.6 25.4 29.8 
PF00018.10000.fasta 86.0 87.8 4.7 0.1 
PF03129.10000.fasta 96.6 97.1 55.1 60.4 
PF00037.10000.fasta 91.7 93.7 79.3 77.7 
PF07686.10000.fasta 90.8 91.9 39.3 44.3 
PF00224.10000.fasta 92.3 92.3 71.3 75.9 
