PF00450.10000.fasta 80.3 82.2 48.9 62.5 
PF13393.10000.fasta 42.7 45.2 7.2 11.2 
PF00476.10000.fasta 93.9 95.6 76.7 80.5 
PF00625.10000.fasta 41.1 39.7 5.3 8.4 
PF00078.10000.fasta 85.5 90.5 76.5 77.2 
PF01814.10000.fasta 84.7 85.6 61.2 69.1 
PF13522.10000.fasta 68.1 70.8 25.6 32.8 
PF02878.10000.fasta 73.0 76.2 53.3 57.2 
PF00505.10000.fasta 97.2 97.3 81.4 84.3 
PF02777.10000.fasta 90.9 96.8 68.3 70.5 
PF00009.10000.fasta 76.2 82.0 28.0 39.9 
PF05746.10000.fasta 84.6 84.9 67.2 76.3 
PF00687.10000.fasta 78.7 80.0 60.5 60.4 
PF00084.10000.fasta 88.3 89.6 76.3 81.3 
PF13365.10000.fasta 32.1 37.0 0.0 0.0 
PF13378.10000.fasta 69.0 72.0 23.6 27.3 
PF07654.10000.fasta 87.6 87.7 72.6 74.7 
PF00079.10000.fasta 93.8 94.3 83.7 86.2 
PF02836.10000.fasta 91.6 92.5 75.5 87.6 
PF07679.10000.fasta 84.4 85.7 47.0 58.6 
PF00313.10000.fasta 82.0 84.0 55.4 55.7 
PF01381.10000.fasta 66.9 67.5 18.3 21.0 
PF00970.10000.fasta 67.7 68.2 16.1 18.8 
PF04082.10000.fasta 53.3 54.5 18.0 21.7 
PF14604.10000.fasta 77.9 79.2 19.0 23.1 
PF00018.10000.fasta 85.9 87.3 0.0 0.0 
PF03129.10000.fasta 96.4 96.9 55.1 60.4 
PF00037.10000.fasta 89.6 91.0 69.0 72.6 
PF07686.10000.fasta 89.5 90.7 36.4 41.1 
PF00224.10000.fasta 92.5 92.9 68.5 73.5 
