PF00450.10000.fasta 81.1 82.9 48.7 61.9 
PF13393.10000.fasta 42.8 43.6 4.6 7.1 
PF00476.10000.fasta 94.6 96.1 81.3 84.9 
PF00625.10000.fasta 42.3 40.3 6.1 9.6 
PF00078.10000.fasta 88.5 90.2 72.4 73.1 
PF01814.10000.fasta 75.0 77.2 44.0 50.0 
PF13522.10000.fasta 75.4 76.9 24.0 30.8 
PF02878.10000.fasta 83.3 84.2 67.4 71.1 
PF00505.10000.fasta 97.6 97.7 84.3 87.3 
PF02777.10000.fasta 91.4 96.4 68.3 70.5 
PF00009.10000.fasta 76.2 81.6 29.0 41.8 
PF05746.10000.fasta 84.8 85.0 67.2 76.3 
PF00687.10000.fasta 78.3 79.6 56.3 55.9 
PF00084.10000.fasta 89.5 90.0 76.3 81.3 
PF13365.10000.fasta 27.2 33.0 0.0 0.0 
PF13378.10000.fasta 73.0 74.6 19.3 22.2 
PF07654.10000.fasta 84.1 84.8 66.7 68.6 
PF00079.10000.fasta 91.1 91.7 79.4 83.3 
PF02836.10000.fasta 92.3 93.2 75.5 87.9 
PF07679.10000.fasta 84.3 84.8 49.0 61.0 
PF00313.10000.fasta 80.8 82.7 52.3 52.6 
PF01381.10000.fasta 67.8 68.4 18.3 21.0 
PF00970.10000.fasta 67.7 68.0 16.1 18.8 
PF04082.10000.fasta 62.6 63.0 40.6 45.7 
PF14604.10000.fasta 81.9 83.9 36.5 47.3 
PF00018.10000.fasta 85.9 87.6 0.0 0.0 
PF03129.10000.fasta 96.8 97.3 55.1 60.4 
PF00037.10000.fasta 87.7 90.1 69.0 72.6 
PF07686.10000.fasta 87.1 89.3 37.4 42.2 
PF00224.10000.fasta 92.3 92.6 69.4 74.4 
