PF00450.10000.fasta 80.0 82.6 47.5 60.2 
PF13393.10000.fasta 39.4 40.6 0.0 0.0 
PF00476.10000.fasta 94.2 95.5 80.3 83.9 
PF00625.10000.fasta 32.7 36.5 0.0 0.0 
PF00078.10000.fasta 85.9 89.6 77.1 77.8 
PF01814.10000.fasta 83.1 84.4 68.1 74.9 
PF13522.10000.fasta 64.4 69.5 20.2 25.8 
PF02878.10000.fasta 78.9 81.2 60.7 64.4 
PF00505.10000.fasta 97.2 97.3 81.4 84.3 
PF02777.10000.fasta 91.0 96.8 68.3 70.5 
PF00009.10000.fasta 75.3 81.2 26.9 40.7 
PF05746.10000.fasta 85.0 85.9 67.2 76.3 
PF00687.10000.fasta 76.6 78.0 56.9 56.6 
PF00084.10000.fasta 88.6 89.1 74.6 79.5 
PF13365.10000.fasta 25.5 30.4 0.0 0.0 
PF13378.10000.fasta 60.3 63.5 19.3 22.2 
PF07654.10000.fasta 86.5 87.2 71.4 73.5 
PF00079.10000.fasta 90.6 91.3 78.2 82.2 
PF02836.10000.fasta 87.2 90.0 68.8 80.2 
PF07679.10000.fasta 80.2 81.9 41.0 51.1 
PF00313.10000.fasta 82.2 84.0 55.4 55.7 
PF01381.10000.fasta 67.7 68.3 18.3 21.0 
PF00970.10000.fasta 67.6 68.1 16.1 18.8 
PF04082.10000.fasta 47.0 48.6 21.5 23.8 
PF14604.10000.fasta 76.6 77.6 23.8 24.4 
PF00018.10000.fasta 85.8 87.6 4.7 0.1 
PF03129.10000.fasta 96.4 96.9 55.1 60.4 
PF00037.10000.fasta 87.7 90.1 69.0 72.6 
PF07686.10000.fasta 87.1 89.4 15.9 17.8 
PF00224.10000.fasta 92.0 92.5 67.1 72.1 
