PF00450.10000.fasta 80.5 82.4 47.7 60.0 
PF13393.10000.fasta 42.5 43.7 4.6 7.1 
PF00476.10000.fasta 94.1 95.3 79.3 83.0 
PF00625.10000.fasta 38.0 41.2 0.0 0.0 
PF00078.10000.fasta 83.2 88.6 74.7 75.4 
PF01814.10000.fasta 73.3 75.2 43.1 48.3 
PF13522.10000.fasta 73.3 75.3 24.0 30.8 
PF02878.10000.fasta 80.1 81.1 60.7 64.0 
PF00505.10000.fasta 97.2 97.3 81.4 84.3 
PF02777.10000.fasta 91.2 96.2 66.3 68.4 
PF00009.10000.fasta 75.9 81.3 25.4 39.7 
PF05746.10000.fasta 84.6 84.7 67.2 76.3 
PF00687.10000.fasta 77.2 78.9 56.3 55.9 
PF00084.10000.fasta 90.1 90.1 79.7 81.9 
PF13365.10000.fasta 26.7 32.5 0.0 0.0 
PF13378.10000.fasta 71.9 73.9 17.5 19.9 
PF07654.10000.fasta 88.6 88.8 75.0 76.5 
PF00079.10000.fasta 90.8 90.8 78.2 82.4 
PF02836.10000.fasta 90.8 92.8 72.7 84.4 
PF07679.10000.fasta 85.2 86.0 49.0 61.0 
PF00313.10000.fasta 82.7 84.1 55.4 55.7 
PF01381.10000.fasta 68.0 68.6 18.3 21.0 
PF00970.10000.fasta 66.7 68.7 10.9 12.8 
PF04082.10000.fasta 32.2 52.8 1.1 0.8 
PF14604.10000.fasta 72.7 74.8 27.0 31.9 
PF00018.10000.fasta 86.4 88.2 4.7 0.1 
PF03129.10000.fasta 96.4 96.9 55.1 60.4 
PF00037.10000.fasta 84.3 89.3 51.7 66.2 
PF07686.10000.fasta 90.0 91.2 37.4 42.2 
PF00224.10000.fasta 93.0 92.9 73.1 77.9 
