PF00450.10000.fasta 80.8 82.6 47.9 61.3 
PF13393.10000.fasta 44.1 46.0 4.6 7.1 
PF00476.10000.fasta 94.0 95.5 79.0 83.0 
PF00625.10000.fasta 40.5 40.8 0.4 0.6 
PF00078.10000.fasta 85.7 88.8 73.5 74.3 
PF01814.10000.fasta 86.9 88.3 67.2 75.6 
PF13522.10000.fasta 67.3 69.9 25.6 32.8 
PF02878.10000.fasta 82.1 83.2 64.4 67.9 
PF00505.10000.fasta 97.6 97.7 84.3 87.3 
PF02777.10000.fasta 89.8 96.0 62.4 64.3 
PF00009.10000.fasta 75.4 82.0 27.2 41.1 
PF05746.10000.fasta 85.1 85.5 67.2 76.3 
PF00687.10000.fasta 75.4 77.1 52.7 53.8 
PF00084.10000.fasta 89.5 90.0 76.3 81.3 
PF13365.10000.fasta 30.2 35.1 0.0 0.0 
PF13378.10000.fasta 74.0 76.3 24.1 27.8 
PF07654.10000.fasta 88.2 89.4 75.0 76.5 
PF00079.10000.fasta 93.8 94.1 84.0 86.7 
PF02836.10000.fasta 88.3 90.7 69.1 80.5 
PF07679.10000.fasta 84.6 85.2 49.0 61.0 
PF00313.10000.fasta 79.6 81.5 49.2 49.5 
PF01381.10000.fasta 68.8 69.5 18.3 21.0 
PF00970.10000.fasta 66.9 68.8 12.1 14.1 
PF04082.10000.fasta 50.7 55.2 24.9 26.3 
PF14604.10000.fasta 70.5 73.7 27.0 31.9 
PF00018.10000.fasta 86.5 88.3 0.0 0.0 
PF03129.10000.fasta 96.3 96.9 55.1 60.4 
PF00037.10000.fasta 89.9 92.3 79.3 77.7 
PF07686.10000.fasta 87.9 89.0 23.4 26.4 
PF00224.10000.fasta 92.5 92.8 68.1 73.0 
