PF00450.10000.fasta 80.2 81.5 48.1 60.8 
PF13393.10000.fasta 42.8 44.9 10.1 15.7 
PF00476.10000.fasta 93.0 94.7 75.4 78.9 
PF00625.10000.fasta 41.2 40.1 0.4 0.0 
PF00078.10000.fasta 86.6 90.4 71.8 72.5 
PF01814.10000.fasta 85.1 86.6 68.1 77.4 
PF13522.10000.fasta 65.7 71.0 24.0 30.8 
PF02878.10000.fasta 71.1 75.3 49.6 53.2 
PF00505.10000.fasta 97.2 97.3 81.4 84.3 
PF02777.10000.fasta 90.8 96.4 66.3 68.4 
PF00009.10000.fasta 77.2 82.0 30.1 41.5 
PF05746.10000.fasta 85.0 86.3 67.2 76.3 
PF00687.10000.fasta 75.9 77.4 51.5 50.8 
PF00084.10000.fasta 90.1 90.1 79.7 81.9 
PF13365.10000.fasta 31.7 36.7 0.0 0.0 
PF13378.10000.fasta 71.2 73.6 17.5 20.5 
PF07654.10000.fasta 88.8 89.0 75.0 77.1 
PF00079.10000.fasta 93.0 93.6 82.8 85.8 
PF02836.10000.fasta 88.9 92.1 70.9 82.3 
PF07679.10000.fasta 83.9 85.5 47.0 58.6 
PF00313.10000.fasta 82.0 84.0 55.4 55.7 
PF01381.10000.fasta 67.2 67.7 18.3 21.0 
PF00970.10000.fasta 67.5 67.7 16.1 18.8 
PF04082.10000.fasta 52.8 54.0 21.1 23.7 
PF14604.10000.fasta 80.6 81.6 39.7 49.8 
PF00018.10000.fasta 85.6 93.1 7.0 7.7 
PF03129.10000.fasta 96.0 96.8 55.1 60.4 
PF00037.10000.fasta 88.0 89.9 69.0 72.6 
PF07686.10000.fasta 88.3 89.5 12.1 13.8 
PF00224.10000.fasta 92.5 92.5 71.8 76.5 
