PF00450.10000.fasta 80.1 81.6 47.5 60.5 
PF13393.10000.fasta 43.3 45.6 4.6 7.1 
PF00476.10000.fasta 94.6 95.8 81.9 85.6 
PF00625.10000.fasta 35.0 39.4 0.0 0.0 
PF00078.10000.fasta 85.7 90.8 71.2 71.9 
PF01814.10000.fasta 76.1 79.1 46.6 52.9 
PF13522.10000.fasta 69.3 71.0 20.2 25.8 
PF02878.10000.fasta 72.3 76.7 49.6 53.2 
PF00505.10000.fasta 97.0 97.3 80.0 82.8 
PF02777.10000.fasta 92.5 96.5 68.3 70.5 
PF00009.10000.fasta 75.7 81.8 26.5 35.7 
PF05746.10000.fasta 84.8 85.1 67.2 76.3 
PF00687.10000.fasta 78.3 80.0 53.3 52.7 
PF00084.10000.fasta 90.1 90.1 79.7 81.9 
PF13365.10000.fasta 23.6 27.0 0.0 0.0 
PF13378.10000.fasta 62.3 65.6 19.3 22.2 
PF07654.10000.fasta 88.8 89.0 75.0 77.1 
PF00079.10000.fasta 90.5 91.4 78.2 81.9 
PF02836.10000.fasta 91.1 92.6 71.5 83.3 
PF07679.10000.fasta 82.3 83.2 41.0 51.1 
PF00313.10000.fasta 82.0 84.0 55.4 55.7 
PF01381.10000.fasta 67.0 67.8 18.3 21.0 
PF00970.10000.fasta 67.1 67.8 16.1 18.8 
PF04082.10000.fasta 47.0 49.0 19.5 23.5 
PF14604.10000.fasta 73.5 74.3 20.6 24.6 
PF00018.10000.fasta 86.6 87.8 0.0 0.0 
PF03129.10000.fasta 97.0 97.4 57.1 62.6 
PF00037.10000.fasta 88.0 89.9 69.0 72.6 
PF07686.10000.fasta 88.5 90.1 30.8 34.8 
PF00224.10000.fasta 92.4 93.0 68.5 73.6 
