PF00450.10000.fasta 81.5 83.0 49.5 62.5 
PF13393.10000.fasta 40.2 41.1 0.0 0.0 
PF00476.10000.fasta 94.2 95.9 79.3 82.9 
PF00625.10000.fasta 39.1 38.3 0.0 0.0 
PF00078.10000.fasta 88.8 91.7 80.0 80.8 
PF01814.10000.fasta 91.4 91.5 77.6 86.7 
PF13522.10000.fasta 68.2 70.7 24.8 31.8 
PF02878.10000.fasta 80.3 81.3 61.5 65.2 
PF00505.10000.fasta 97.3 97.5 84.3 87.3 
PF02777.10000.fasta 91.2 96.8 68.3 70.5 
PF00009.10000.fasta 76.9 81.9 26.5 41.1 
PF05746.10000.fasta 84.8 85.2 67.2 76.3 
PF00687.10000.fasta 80.1 81.3 56.3 55.9 
PF00084.10000.fasta 89.5 90.0 76.3 81.3 
PF13365.10000.fasta 33.8 40.3 0.0 0.0 
PF13378.10000.fasta 72.8 74.8 19.3 21.8 
PF07654.10000.fasta 86.9 88.2 72.6 74.1 
PF00079.10000.fasta 91.2 91.2 79.4 82.7 
PF02836.10000.fasta 92.3 93.7 75.5 87.6 
PF07679.10000.fasta 85.8 86.3 51.0 63.5 
PF00313.10000.fasta 82.0 84.0 55.4 55.7 
PF01381.10000.fasta 68.6 69.4 18.3 21.0 
PF00970.10000.fasta 67.6 67.8 16.1 18.8 
PF04082.10000.fasta 24.7 38.9 0.0 0.0 
PF14604.10000.fasta 76.9 79.7 25.4 29.8 
PF00018.10000.fasta 85.7 87.6 4.7 0.1 
PF03129.10000.fasta 96.8 97.3 59.2 64.9 
PF00037.10000.fasta 90.2 92.7 79.3 77.7 
PF07686.10000.fasta 89.4 90.6 38.3 43.3 
PF00224.10000.fasta 91.9 92.2 67.1 71.9 
