PF00450.10000.fasta 82.1 84.1 49.9 61.7 
PF13393.10000.fasta 43.7 45.1 11.6 18.0 
PF00476.10000.fasta 93.8 95.5 78.2 81.9 
PF00625.10000.fasta 43.3 41.8 0.0 0.0 
PF00078.10000.fasta 91.7 94.1 80.0 80.8 
PF01814.10000.fasta 84.4 85.3 66.4 74.7 
PF13522.10000.fasta 67.5 71.5 24.0 30.8 
PF02878.10000.fasta 83.2 84.6 67.4 71.1 
PF00505.10000.fasta 97.2 97.3 81.4 84.3 
PF02777.10000.fasta 91.6 96.4 68.3 70.5 
PF00009.10000.fasta 71.7 78.1 27.6 35.6 
PF05746.10000.fasta 85.0 85.9 67.2 76.3 
PF00687.10000.fasta 73.6 74.9 49.7 48.9 
PF00084.10000.fasta 89.5 90.0 76.3 81.3 
PF13365.10000.fasta 29.8 34.2 0.0 0.0 
PF13378.10000.fasta 75.4 77.1 23.1 26.8 
PF07654.10000.fasta 87.6 87.7 72.6 74.7 
PF00079.10000.fasta 93.7 93.9 84.6 87.3 
PF02836.10000.fasta 90.2 92.3 70.6 82.3 
PF07679.10000.fasta 83.0 84.8 47.0 58.6 
PF00313.10000.fasta 82.7 84.1 55.4 55.7 
PF01381.10000.fasta 67.3 67.9 18.3 21.0 
PF00970.10000.fasta 67.3 67.8 15.5 18.1 
PF04082.10000.fasta 55.3 55.9 22.6 25.6 
PF14604.10000.fasta 87.1 87.6 44.4 50.0 
PF00018.10000.fasta 86.6 87.8 0.0 0.0 
PF03129.10000.fasta 96.4 97.0 55.1 60.4 
PF00037.10000.fasta 88.0 89.9 69.0 72.6 
PF07686.10000.fasta 89.1 90.2 36.4 41.1 
PF00224.10000.fasta 92.5 92.4 71.8 76.4 
