PF00450.10000.fasta 83.0 85.1 48.9 62.4 
PF13393.10000.fasta 40.4 41.6 10.1 15.7 
PF00476.10000.fasta 94.7 95.4 81.6 85.4 
PF00625.10000.fasta 40.2 40.7 0.0 0.0 
PF00078.10000.fasta 85.7 89.0 71.8 72.5 
PF01814.10000.fasta 79.4 81.2 52.6 58.4 
PF13522.10000.fasta 64.1 67.5 24.8 31.8 
PF02878.10000.fasta 74.3 77.0 53.3 56.4 
PF00505.10000.fasta 97.2 97.3 81.4 84.3 
PF02777.10000.fasta 91.5 96.8 68.3 70.5 
PF00009.10000.fasta 79.3 83.7 30.8 41.8 
PF05746.10000.fasta 85.4 86.0 67.2 76.3 
PF00687.10000.fasta 75.1 75.8 55.1 54.7 
PF00084.10000.fasta 87.7 89.3 76.3 81.3 
PF13365.10000.fasta 30.9 37.0 0.0 0.0 
PF13378.10000.fasta 69.4 71.5 19.8 22.7 
PF07654.10000.fasta 85.5 86.2 69.0 70.4 
PF00079.10000.fasta 93.9 94.2 84.9 87.1 
PF02836.10000.fasta 89.5 91.2 70.6 82.3 
PF07679.10000.fasta 85.2 86.5 50.0 62.3 
PF00313.10000.fasta 82.0 84.0 55.4 55.7 
PF01381.10000.fasta 68.1 68.6 18.3 21.0 
PF00970.10000.fasta 67.0 68.8 12.6 14.8 
PF04082.10000.fasta 21.6 43.5 0.0 0.0 
PF14604.10000.fasta 74.4 82.3 25.4 29.8 
PF00018.10000.fasta 86.0 88.2 4.7 0.1 
PF03129.10000.fasta 96.6 97.1 55.1 60.4 
PF00037.10000.fasta 90.2 92.7 79.3 77.7 
PF07686.10000.fasta 88.9 90.1 21.5 24.3 
PF00224.10000.fasta 92.8 92.8 71.8 76.9 
