PF00450.10000.fasta 80.3 82.4 46.9 59.9 
PF13393.10000.fasta 35.9 36.8 5.2 8.2 
PF00476.10000.fasta 94.1 95.7 79.5 83.5 
PF00625.10000.fasta 43.5 41.9 0.0 0.0 
PF00078.10000.fasta 86.0 89.7 75.3 76.0 
PF01814.10000.fasta 78.0 79.4 51.7 58.1 
PF13522.10000.fasta 69.9 72.5 24.0 30.8 
PF02878.10000.fasta 79.3 81.1 60.7 64.8 
PF00505.10000.fasta 97.0 97.3 80.0 82.8 
PF02777.10000.fasta 91.0 96.8 68.3 70.5 
PF00009.10000.fasta 77.0 82.2 28.7 41.3 
PF05746.10000.fasta 85.4 85.9 67.2 76.3 
PF00687.10000.fasta 77.5 78.7 59.9 59.8 
PF00084.10000.fasta 88.0 89.6 74.6 79.5 
PF13365.10000.fasta 32.8 38.2 0.0 0.0 
PF13378.10000.fasta 63.7 66.8 17.9 20.4 
PF07654.10000.fasta 83.9 84.6 66.7 68.6 
PF00079.10000.fasta 92.5 93.0 81.8 85.3 
PF02836.10000.fasta 91.4 93.3 74.2 86.5 
PF07679.10000.fasta 85.4 86.4 52.0 64.8 
PF00313.10000.fasta 82.0 84.0 55.4 55.7 
PF01381.10000.fasta 67.8 68.5 18.3 21.0 
PF00970.10000.fasta 67.0 68.9 12.6 14.8 
PF04082.10000.fasta 64.1 65.0 41.4 46.6 
PF14604.10000.fasta 78.2 80.4 36.5 47.3 
PF00018.10000.fasta 85.9 87.9 4.7 0.1 
PF03129.10000.fasta 96.3 96.8 55.1 60.4 
PF00037.10000.fasta 89.9 92.3 79.3 77.7 
PF07686.10000.fasta 87.1 88.9 15.0 16.9 
PF00224.10000.fasta 92.7 93.0 68.5 73.3 
