PF00450.10000.fasta 82.5 84.8 48.3 61.1 
PF13393.10000.fasta 35.6 39.2 0.0 0.0 
PF00476.10000.fasta 94.6 95.8 80.6 84.3 
PF00625.10000.fasta 35.8 37.2 0.0 0.0 
PF00078.10000.fasta 87.4 89.6 73.5 74.3 
PF01814.10000.fasta 81.3 82.8 56.0 63.7 
PF13522.10000.fasta 65.4 68.2 21.7 27.8 
PF02878.10000.fasta 71.9 75.0 50.4 53.2 
PF00505.10000.fasta 96.6 97.1 80.0 82.8 
PF02777.10000.fasta 90.8 95.8 68.3 70.5 
PF00009.10000.fasta 75.4 81.6 25.4 34.9 
PF05746.10000.fasta 84.9 85.3 67.2 76.3 
PF00687.10000.fasta 73.9 75.0 51.5 50.8 
PF00084.10000.fasta 90.1 90.1 79.7 81.9 
PF13365.10000.fasta 25.7 29.9 0.0 0.0 
PF13378.10000.fasta 62.8 65.9 19.3 22.2 
PF07654.10000.fasta 81.6 83.7 63.1 64.3 
PF00079.10000.fasta 93.4 93.7 84.3 87.0 
PF02836.10000.fasta 92.6 93.6 75.8 88.3 
PF07679.10000.fasta 80.7 82.0 41.0 51.1 
PF00313.10000.fasta 81.4 82.8 52.3 52.6 
PF01381.10000.fasta 67.2 67.7 18.3 21.0 
PF00970.10000.fasta 67.5 68.0 16.7 19.5 
PF04082.10000.fasta 52.2 53.5 19.5 23.5 
PF14604.10000.fasta 79.1 80.8 31.7 32.1 
PF00018.10000.fasta 86.1 93.6 7.0 7.7 
PF03129.10000.fasta 96.5 97.0 55.1 60.4 
PF00037.10000.fasta 89.6 91.0 69.0 72.6 
PF07686.10000.fasta 88.1 90.2 17.8 20.1 
PF00224.10000.fasta 92.9 93.3 68.1 73.1 
