PF00450.10000.fasta 78.2 81.4 46.1 58.9 
PF13393.10000.fasta 40.7 42.0 2.6 4.1 
PF00476.10000.fasta 94.3 95.3 79.3 83.2 
PF00625.10000.fasta 37.7 38.1 0.0 0.0 
PF00078.10000.fasta 86.4 89.8 74.7 75.4 
PF01814.10000.fasta 85.4 87.1 62.9 69.4 
PF13522.10000.fasta 71.9 73.8 25.6 32.8 
PF02878.10000.fasta 81.9 82.7 64.4 67.5 
PF00505.10000.fasta 97.6 97.7 84.3 87.3 
PF02777.10000.fasta 91.1 96.8 67.3 69.4 
PF00009.10000.fasta 73.2 82.2 4.3 2.6 
PF05746.10000.fasta 84.8 85.0 67.2 76.3 
PF00687.10000.fasta 78.0 79.4 59.9 59.8 
PF00084.10000.fasta 91.0 91.0 81.4 83.7 
PF13365.10000.fasta 32.3 38.2 0.0 0.0 
PF13378.10000.fasta 71.5 73.3 19.3 22.2 
PF07654.10000.fasta 83.5 85.2 66.7 68.0 
PF00079.10000.fasta 91.0 91.3 79.7 83.3 
PF02836.10000.fasta 88.7 91.3 68.2 79.5 
PF07679.10000.fasta 84.9 85.5 49.0 61.0 
PF00313.10000.fasta 82.0 84.0 55.4 55.7 
PF01381.10000.fasta 66.9 67.4 18.3 21.0 
PF00970.10000.fasta 67.7 67.9 16.1 18.8 
PF04082.10000.fasta 50.8 55.7 24.5 26.3 
PF14604.10000.fasta 79.1 80.8 31.7 32.1 
PF00018.10000.fasta 85.6 87.8 4.7 0.1 
PF03129.10000.fasta 96.6 97.1 55.1 60.4 
PF00037.10000.fasta 87.7 90.1 69.0 72.6 
PF07686.10000.fasta 88.6 89.9 0.0 0.0 
PF00224.10000.fasta 92.4 92.5 72.2 77.3 
