PF00450.10000.fasta 79.4 82.1 46.5 59.3 
PF13393.10000.fasta 42.0 43.4 10.1 15.7 
PF00476.10000.fasta 94.1 94.5 79.5 83.5 
PF00625.10000.fasta 35.3 37.1 0.0 0.0 
PF00078.10000.fasta 88.7 91.4 77.6 78.4 
PF01814.10000.fasta 77.1 79.4 50.0 54.8 
PF13522.10000.fasta 68.7 72.1 24.0 30.8 
PF02878.10000.fasta 74.0 76.4 53.3 56.8 
PF00505.10000.fasta 97.6 97.7 84.3 87.3 
PF02777.10000.fasta 91.7 96.8 68.3 70.5 
PF00009.10000.fasta 75.8 81.7 27.2 41.8 
PF05746.10000.fasta 84.6 84.8 67.2 76.3 
PF00687.10000.fasta 78.6 80.0 51.5 52.5 
PF00084.10000.fasta 88.0 89.3 74.6 79.5 
PF13365.10000.fasta 25.1 30.2 0.0 0.0 
PF13378.10000.fasta 70.1 72.7 18.9 21.6 
PF07654.10000.fasta 85.5 86.2 69.0 70.4 
PF00079.10000.fasta 93.1 93.5 82.8 85.7 
PF02836.10000.fasta 87.2 89.2 65.5 76.3 
PF07679.10000.fasta 81.2 82.3 44.0 54.8 
PF00313.10000.fasta 82.0 84.0 55.4 55.7 
PF01381.10000.fasta 69.1 70.0 18.3 21.0 
PF00970.10000.fasta 66.5 68.6 11.5 13.4 
PF04082.10000.fasta 28.4 43.8 0.0 0.0 
PF14604.10000.fasta 76.3 77.4 25.4 25.9 
PF00018.10000.fasta 85.9 87.4 0.0 0.0 
PF03129.10000.fasta 96.7 97.2 57.1 62.7 
PF00037.10000.fasta 89.9 92.3 79.3 77.7 
PF07686.10000.fasta 88.3 89.5 15.0 16.9 
PF00224.10000.fasta 91.9 92.3 67.1 71.9 
