PF00450.10000.fasta 79.1 81.7 46.7 59.7 
PF13393.10000.fasta 41.6 45.7 0.0 0.0 
PF00476.10000.fasta 94.1 95.5 78.8 82.5 
PF00625.10000.fasta 31.3 38.7 0.0 0.0 
PF00078.10000.fasta 89.3 92.0 77.1 77.8 
PF01814.10000.fasta 76.5 79.3 53.4 60.0 
PF13522.10000.fasta 66.2 70.5 21.7 27.8 
PF02878.10000.fasta 81.7 83.8 65.2 68.7 
PF00505.10000.fasta 97.2 97.3 81.4 84.3 
PF02777.10000.fasta 91.3 96.9 68.3 70.5 
PF00009.10000.fasta 75.9 81.7 26.2 36.1 
PF05746.10000.fasta 85.1 86.2 67.2 76.3 
PF00687.10000.fasta 72.0 73.5 52.1 51.5 
PF00084.10000.fasta 90.1 90.6 79.7 81.9 
PF13365.10000.fasta 27.2 33.4 0.0 0.0 
PF13378.10000.fasta 63.9 67.2 24.1 27.8 
PF07654.10000.fasta 86.5 87.2 71.4 73.5 
PF00079.10000.fasta 91.6 92.5 80.0 83.8 
PF02836.10000.fasta 87.8 90.2 68.5 79.8 
PF07679.10000.fasta 82.5 83.7 43.0 52.4 
PF00313.10000.fasta 82.0 84.0 55.4 55.7 
PF01381.10000.fasta 68.4 69.4 18.3 21.0 
PF00970.10000.fasta 67.4 68.0 16.7 19.5 
PF04082.10000.fasta 66.7 68.3 48.7 53.4 
PF14604.10000.fasta 84.1 85.7 38.1 47.8 
PF00018.10000.fasta 86.0 87.8 0.0 0.0 
PF03129.10000.fasta 96.6 97.1 55.1 60.4 
PF00037.10000.fasta 90.2 92.7 79.3 77.7 
PF07686.10000.fasta 89.0 90.7 16.8 19.1 
PF00224.10000.fasta 92.0 92.6 67.6 72.4 
