PF00450.10000.fasta 79.3 81.3 45.9 58.2 
PF13393.10000.fasta 40.7 42.2 4.9 7.6 
PF00476.10000.fasta 94.0 95.8 79.5 83.4 
PF00625.10000.fasta 39.8 38.7 0.0 0.0 
PF00078.10000.fasta 83.6 88.9 70.0 71.1 
PF01814.10000.fasta 77.1 78.1 47.4 53.9 
PF13522.10000.fasta 74.2 76.3 25.6 32.8 
PF02878.10000.fasta 75.2 77.2 55.6 59.2 
PF00505.10000.fasta 97.1 97.5 82.9 85.8 
PF02777.10000.fasta 90.8 96.6 68.3 70.5 
PF00009.10000.fasta 77.6 83.6 28.0 40.5 
PF05746.10000.fasta 84.4 85.0 66.4 75.4 
PF00687.10000.fasta 77.0 78.3 56.3 55.9 
PF00084.10000.fasta 88.6 89.1 74.6 79.5 
PF13365.10000.fasta 33.9 39.8 0.0 0.0 
PF13378.10000.fasta 73.3 74.8 18.4 21.0 
PF07654.10000.fasta 87.3 88.2 73.8 75.3 
PF00079.10000.fasta 90.8 91.0 78.8 82.5 
PF02836.10000.fasta 89.4 90.8 67.6 78.7 
PF07679.10000.fasta 85.0 86.0 51.0 63.5 
PF00313.10000.fasta 81.4 82.8 52.3 52.6 
PF01381.10000.fasta 68.2 68.7 18.3 21.0 
PF00970.10000.fasta 67.2 69.0 12.1 14.1 
PF04082.10000.fasta 61.1 61.7 33.0 36.4 
PF14604.10000.fasta 76.3 78.8 31.7 32.1 
PF00018.10000.fasta 86.2 88.0 4.7 0.1 
PF03129.10000.fasta 96.6 97.1 55.1 60.4 
PF00037.10000.fasta 87.7 90.8 69.0 72.6 
PF07686.10000.fasta 88.1 90.5 37.4 42.2 
PF00224.10000.fasta 92.4 92.4 71.8 76.4 
