PF00450.10000.fasta 80.3 82.9 47.1 59.9 
PF13393.10000.fasta 42.4 43.6 4.6 7.1 
PF00476.10000.fasta 94.4 95.9 80.3 84.1 
PF00625.10000.fasta 44.2 45.6 0.0 0.0 
PF00078.10000.fasta 87.0 91.0 72.9 73.7 
PF01814.10000.fasta 78.1 81.0 50.9 56.4 
PF13522.10000.fasta 73.0 75.0 24.0 30.8 
PF02878.10000.fasta 80.9 82.1 63.0 66.4 
PF00505.10000.fasta 97.6 97.7 84.3 87.3 
PF02777.10000.fasta 90.7 96.1 68.3 70.5 
PF00009.10000.fasta 41.4 85.4 0.0 0.0 
PF05746.10000.fasta 85.0 85.9 67.2 76.3 
PF00687.10000.fasta 78.2 80.1 59.9 59.8 
PF00084.10000.fasta 88.6 89.1 74.6 79.5 
PF13365.10000.fasta 33.5 39.9 0.0 0.0 
PF13378.10000.fasta 72.1 73.5 17.9 21.6 
PF07654.10000.fasta 86.1 86.8 70.2 71.6 
PF00079.10000.fasta 94.9 95.1 86.2 88.8 
PF02836.10000.fasta 88.1 89.5 69.1 80.2 
PF07679.10000.fasta 83.1 83.8 49.0 61.0 
PF00313.10000.fasta 82.7 84.1 55.4 55.7 
PF01381.10000.fasta 68.4 69.1 18.3 21.0 
PF00970.10000.fasta 66.6 68.5 10.9 12.8 
PF04082.10000.fasta 22.8 45.4 0.0 0.0 
PF14604.10000.fasta 77.2 78.8 17.5 22.1 
PF00018.10000.fasta 85.8 87.8 4.7 0.1 
PF03129.10000.fasta 96.6 97.1 55.1 60.4 
PF00037.10000.fasta 87.7 90.1 69.0 72.6 
PF07686.10000.fasta 87.5 88.9 0.0 0.0 
PF00224.10000.fasta 92.4 92.4 71.3 76.0 
