PF00450.10000.fasta 80.3 82.8 47.5 60.5 
PF13393.10000.fasta 39.3 43.3 0.0 0.0 
PF00476.10000.fasta 94.1 95.5 77.5 81.4 
PF00625.10000.fasta 41.7 39.9 0.0 0.0 
PF00078.10000.fasta 89.9 92.6 81.2 81.8 
PF01814.10000.fasta 86.5 88.4 71.6 80.6 
PF13522.10000.fasta 73.5 75.0 23.3 29.8 
PF02878.10000.fasta 75.1 77.7 54.8 58.4 
PF00505.10000.fasta 97.1 97.3 82.9 85.8 
PF02777.10000.fasta 91.3 96.8 68.3 70.5 
PF00009.10000.fasta 77.4 83.5 28.0 39.0 
PF05746.10000.fasta 85.0 85.4 67.2 76.3 
PF00687.10000.fasta 78.4 79.4 55.1 56.4 
PF00084.10000.fasta 88.0 89.6 74.6 79.5 
PF13365.10000.fasta 29.5 34.9 0.0 0.0 
PF13378.10000.fasta 73.9 74.9 18.4 21.1 
PF07654.10000.fasta 84.5 85.2 66.7 68.6 
PF00079.10000.fasta 93.7 94.5 83.7 87.0 
PF02836.10000.fasta 92.8 94.1 75.2 87.6 
PF07679.10000.fasta 81.5 83.8 45.0 56.1 
PF00313.10000.fasta 82.0 84.0 55.4 55.7 
PF01381.10000.fasta 66.3 66.8 18.3 21.0 
PF00970.10000.fasta 67.2 67.7 16.7 19.5 
PF04082.10000.fasta 56.3 56.9 25.3 26.9 
PF14604.10000.fasta 80.6 81.6 39.7 49.8 
PF00018.10000.fasta 86.2 87.7 0.0 0.0 
PF03129.10000.fasta 97.0 97.5 55.1 60.4 
PF00037.10000.fasta 88.0 91.0 75.9 73.3 
PF07686.10000.fasta 86.3 87.9 12.1 13.8 
PF00224.10000.fasta 93.2 93.0 72.2 76.9 
