PF00450.10000.fasta 80.9 83.0 49.1 62.2 
PF13393.10000.fasta 43.8 45.4 10.1 15.7 
PF00476.10000.fasta 94.3 95.5 80.1 84.1 
PF00625.10000.fasta 39.6 38.6 0.0 0.0 
PF00078.10000.fasta 93.0 94.5 83.5 84.4 
PF01814.10000.fasta 85.3 86.7 70.7 78.6 
PF13522.10000.fasta 68.5 71.0 25.6 32.8 
PF02878.10000.fasta 80.7 82.2 63.0 67.2 
PF00505.10000.fasta 97.0 97.3 80.0 82.8 
PF02777.10000.fasta 91.4 96.9 68.3 70.5 
PF00009.10000.fasta 77.4 83.3 29.7 42.0 
PF05746.10000.fasta 84.4 84.7 67.2 76.3 
PF00687.10000.fasta 76.9 78.3 52.1 53.2 
PF00084.10000.fasta 89.5 90.0 76.3 81.3 
PF13365.10000.fasta 31.2 36.3 0.0 0.0 
PF13378.10000.fasta 70.1 72.7 19.3 22.2 
PF07654.10000.fasta 84.5 86.8 67.9 69.2 
PF00079.10000.fasta 91.1 91.3 80.3 83.4 
PF02836.10000.fasta 87.5 90.5 67.0 77.4 
PF07679.10000.fasta 84.5 85.0 49.0 61.0 
PF00313.10000.fasta 82.2 84.0 55.4 55.7 
PF01381.10000.fasta 68.1 68.6 18.3 21.0 
PF00970.10000.fasta 66.3 68.5 10.3 12.1 
PF04082.10000.fasta 52.0 53.8 19.5 23.5 
PF14604.10000.fasta 74.9 78.3 27.0 31.9 
PF00018.10000.fasta 85.7 87.6 4.7 0.1 
PF03129.10000.fasta 96.6 97.1 55.1 60.4 
PF00037.10000.fasta 90.2 92.7 79.3 77.7 
PF07686.10000.fasta 87.5 88.8 15.0 16.9 
PF00224.10000.fasta 92.6 92.4 71.8 76.4 
