PF00450.10000.fasta 80.0 81.7 46.3 59.1 
PF13393.10000.fasta 40.9 42.3 2.6 4.1 
PF00476.10000.fasta 94.4 95.4 80.3 84.3 
PF00625.10000.fasta 43.0 42.3 0.0 0.0 
PF00078.10000.fasta 90.5 94.0 74.1 74.9 
PF01814.10000.fasta 77.7 78.8 50.9 57.8 
PF13522.10000.fasta 71.1 73.2 24.0 30.8 
PF02878.10000.fasta 76.7 78.3 57.8 61.6 
PF00505.10000.fasta 97.6 97.7 84.3 87.3 
PF02777.10000.fasta 91.0 96.0 68.3 70.5 
PF00009.10000.fasta 75.1 81.4 26.5 39.6 
PF05746.10000.fasta 85.1 85.5 67.2 76.3 
PF00687.10000.fasta 76.9 78.6 56.9 56.6 
PF00084.10000.fasta 89.5 90.0 76.3 81.3 
PF13365.10000.fasta 31.6 37.6 0.0 0.0 
PF13378.10000.fasta 71.7 73.4 19.3 22.2 
PF07654.10000.fasta 87.3 88.1 72.6 74.1 
PF00079.10000.fasta 93.0 93.2 83.1 86.0 
PF02836.10000.fasta 88.1 89.8 67.0 78.0 
PF07679.10000.fasta 86.0 86.5 52.0 64.8 
PF00313.10000.fasta 82.0 84.0 55.4 55.7 
PF01381.10000.fasta 69.3 70.1 18.3 21.0 
PF00970.10000.fasta 67.0 68.9 12.6 14.8 
PF04082.10000.fasta 57.5 62.6 40.2 45.2 
PF14604.10000.fasta 76.3 78.8 31.7 32.1 
PF00018.10000.fasta 86.0 88.2 4.7 0.1 
PF03129.10000.fasta 96.6 97.1 55.1 60.4 
PF00037.10000.fasta 87.7 90.1 69.0 72.6 
PF07686.10000.fasta 88.9 90.3 37.4 42.2 
PF00224.10000.fasta 92.8 92.8 72.7 77.4 
