PF00450.10000.fasta 80.3 82.0 47.7 60.4 
PF13393.10000.fasta 39.0 39.8 5.2 8.2 
PF00476.10000.fasta 94.6 95.7 81.1 85.0 
PF00625.10000.fasta 39.9 39.3 0.0 0.0 
PF00078.10000.fasta 89.5 92.0 79.4 80.2 
PF01814.10000.fasta 82.3 83.2 58.6 65.9 
PF13522.10000.fasta 75.0 76.3 25.6 32.8 
PF02878.10000.fasta 80.3 81.3 61.5 65.2 
PF00505.10000.fasta 97.2 97.3 81.4 84.3 
PF02777.10000.fasta 91.4 96.4 68.3 70.5 
PF00009.10000.fasta 76.3 81.6 28.3 41.5 
PF05746.10000.fasta 84.4 84.6 66.4 75.4 
PF00687.10000.fasta 73.5 74.7 52.1 51.5 
PF00084.10000.fasta 89.5 90.0 76.3 81.3 
PF13365.10000.fasta 35.8 42.5 0.0 0.0 
PF13378.10000.fasta 69.0 71.8 18.4 21.0 
PF07654.10000.fasta 89.8 90.0 77.4 79.0 
PF00079.10000.fasta 91.3 91.9 79.4 83.3 
PF02836.10000.fasta 91.7 92.7 73.0 85.1 
PF07679.10000.fasta 84.4 85.4 47.0 58.6 
PF00313.10000.fasta 80.8 82.7 52.3 52.6 
PF01381.10000.fasta 67.1 67.7 18.3 21.0 
PF00970.10000.fasta 66.8 68.6 10.9 12.8 
PF04082.10000.fasta 22.1 45.2 0.0 0.0 
PF14604.10000.fasta 77.4 78.9 31.7 32.1 
PF00018.10000.fasta 85.9 87.6 0.0 0.0 
PF03129.10000.fasta 96.4 96.9 55.1 60.4 
PF00037.10000.fasta 87.7 90.1 69.0 72.6 
PF07686.10000.fasta 87.6 89.3 15.0 16.9 
PF00224.10000.fasta 93.4 93.1 74.1 78.9 
