PF00450.10000.fasta 80.1 82.7 47.5 60.7 
PF13393.10000.fasta 41.8 44.1 4.9 7.6 
PF00476.10000.fasta 94.3 95.6 80.3 84.3 
PF00625.10000.fasta 43.8 42.8 0.0 0.0 
PF00078.10000.fasta 89.9 92.0 76.5 77.2 
PF01814.10000.fasta 86.6 88.3 68.1 76.3 
PF13522.10000.fasta 68.4 70.8 24.0 30.8 
PF02878.10000.fasta 81.7 83.8 63.7 67.2 
PF00505.10000.fasta 97.2 97.3 81.4 84.3 
PF02777.10000.fasta 90.9 96.8 68.3 70.5 
PF00009.10000.fasta 75.9 81.9 30.1 41.6 
PF05746.10000.fasta 84.8 85.1 67.2 76.3 
PF00687.10000.fasta 75.0 77.2 56.3 55.9 
PF00084.10000.fasta 88.6 89.1 74.6 79.5 
PF13365.10000.fasta 29.5 34.2 0.0 0.0 
PF13378.10000.fasta 73.7 75.5 23.6 27.3 
PF07654.10000.fasta 87.6 87.7 72.6 74.7 
PF00079.10000.fasta 93.7 94.4 85.2 88.1 
PF02836.10000.fasta 88.1 89.7 68.2 79.5 
PF07679.10000.fasta 84.2 85.6 49.0 61.0 
PF00313.10000.fasta 82.0 84.0 55.4 55.7 
PF01381.10000.fasta 66.9 67.4 18.3 21.0 
PF00970.10000.fasta 67.9 68.2 16.1 18.8 
PF04082.10000.fasta 54.8 55.7 19.9 24.0 
PF14604.10000.fasta 80.1 81.0 38.1 47.8 
PF00018.10000.fasta 85.9 87.3 0.0 0.0 
PF03129.10000.fasta 96.4 97.1 55.1 60.4 
PF00037.10000.fasta 88.0 89.9 69.0 72.6 
PF07686.10000.fasta 90.0 91.4 29.9 33.8 
PF00224.10000.fasta 92.5 92.9 69.4 74.4 
