PF00450.10000.fasta 79.6 82.0 46.3 59.0 
PF13393.10000.fasta 36.7 40.7 0.0 0.0 
PF00476.10000.fasta 93.7 94.8 77.7 81.6 
PF00625.10000.fasta 32.1 37.2 0.0 0.0 
PF00078.10000.fasta 91.1 93.3 79.4 80.2 
PF01814.10000.fasta 75.7 79.0 44.0 50.0 
PF13522.10000.fasta 64.4 68.8 20.9 26.8 
PF02878.10000.fasta 72.5 74.9 50.4 53.2 
PF00505.10000.fasta 97.2 97.7 82.9 85.8 
PF02777.10000.fasta 90.6 96.7 66.3 68.4 
PF00009.10000.fasta 75.9 82.7 29.7 42.0 
PF05746.10000.fasta 84.9 86.2 67.2 76.3 
PF00687.10000.fasta 81.2 82.4 59.9 59.8 
PF00084.10000.fasta 90.1 90.1 79.7 81.9 
PF13365.10000.fasta 22.0 25.8 0.0 0.0 
PF13378.10000.fasta 65.1 68.2 24.1 27.8 
PF07654.10000.fasta 86.5 87.2 71.4 73.5 
PF00079.10000.fasta 90.2 91.0 77.8 81.7 
PF02836.10000.fasta 88.4 90.0 71.2 82.6 
PF07679.10000.fasta 82.3 83.2 40.0 49.8 
PF00313.10000.fasta 82.0 84.0 55.4 55.7 
PF01381.10000.fasta 67.9 68.7 18.3 21.0 
PF00970.10000.fasta 67.4 67.9 15.5 18.1 
PF04082.10000.fasta 51.7 53.0 18.0 21.7 
PF14604.10000.fasta 74.0 90.6 27.0 25.9 
PF00018.10000.fasta 85.9 87.5 0.0 0.0 
PF03129.10000.fasta 96.2 96.8 55.1 60.4 
PF00037.10000.fasta 89.9 92.3 79.3 77.7 
PF07686.10000.fasta 87.8 90.2 23.4 26.3 
PF00224.10000.fasta 91.7 92.5 67.1 72.1 
