PF00450.10000.fasta 80.6 82.8 48.7 62.1 
PF13393.10000.fasta 43.9 45.1 2.9 4.5 
PF00476.10000.fasta 94.1 95.9 79.5 83.2 
PF00625.10000.fasta 41.5 43.2 4.5 7.2 
PF00078.10000.fasta 87.1 91.1 78.2 79.0 
PF01814.10000.fasta 75.7 78.2 48.3 54.8 
PF13522.10000.fasta 71.7 73.6 25.6 32.8 
PF02878.10000.fasta 79.2 80.6 60.7 64.8 
PF00505.10000.fasta 97.6 97.7 84.3 87.3 
PF02777.10000.fasta 91.0 96.1 68.3 70.5 
PF00009.10000.fasta 74.9 80.6 27.2 37.0 
PF05746.10000.fasta 84.5 84.9 67.2 76.3 
PF00687.10000.fasta 79.6 81.6 55.1 54.7 
PF00084.10000.fasta 88.6 89.1 74.6 79.5 
PF13365.10000.fasta 32.2 37.8 0.0 0.0 
PF13378.10000.fasta 71.0 72.5 19.3 22.2 
PF07654.10000.fasta 88.6 88.8 75.0 76.5 
PF00079.10000.fasta 94.3 94.9 84.3 88.1 
PF02836.10000.fasta 85.6 89.3 66.1 77.0 
PF07679.10000.fasta 83.1 83.7 49.0 61.0 
PF00313.10000.fasta 82.0 84.0 55.4 55.7 
PF01381.10000.fasta 68.4 69.1 18.3 21.0 
PF00970.10000.fasta 66.6 68.6 10.9 12.8 
PF04082.10000.fasta 56.5 57.5 26.8 26.6 
PF14604.10000.fasta 77.7 80.0 27.0 31.9 
PF00018.10000.fasta 86.0 88.0 0.0 0.0 
PF03129.10000.fasta 96.4 96.9 55.1 60.4 
PF00037.10000.fasta 90.0 93.1 79.3 77.7 
PF07686.10000.fasta 89.5 90.5 37.4 42.2 
PF00224.10000.fasta 92.6 92.7 71.3 76.0 
