PF00450.10000.fasta 81.6 84.0 46.9 59.6 
PF13393.10000.fasta 44.3 45.4 4.9 7.6 
PF00476.10000.fasta 94.5 94.8 79.3 83.2 
PF00625.10000.fasta 34.3 34.5 0.0 0.0 
PF00078.10000.fasta 92.5 94.2 78.8 79.6 
PF01814.10000.fasta 87.1 89.2 67.2 76.0 
PF13522.10000.fasta 67.3 70.4 20.2 25.8 
PF02878.10000.fasta 80.4 81.5 61.5 65.2 
PF00505.10000.fasta 97.2 97.7 82.9 85.8 
PF02777.10000.fasta 90.8 96.1 67.3 69.4 
PF00009.10000.fasta 75.6 81.2 21.9 33.7 
PF05746.10000.fasta 85.1 85.9 67.2 76.3 
PF00687.10000.fasta 79.8 81.1 55.1 56.4 
PF00084.10000.fasta 89.5 90.0 76.3 81.3 
PF13365.10000.fasta 28.6 33.0 0.0 0.0 
PF13378.10000.fasta 65.8 69.0 19.8 22.4 
PF07654.10000.fasta 86.5 87.2 71.4 73.5 
PF00079.10000.fasta 92.3 93.0 80.9 85.0 
PF02836.10000.fasta 82.7 85.5 63.6 73.8 
PF07679.10000.fasta 82.8 83.5 41.0 51.1 
PF00313.10000.fasta 81.4 82.8 52.3 52.6 
PF01381.10000.fasta 68.6 69.5 18.3 21.0 
PF00970.10000.fasta 67.2 67.8 16.1 18.8 
PF04082.10000.fasta 36.0 52.6 0.0 0.0 
PF14604.10000.fasta 74.1 91.1 22.2 25.7 
PF00018.10000.fasta 85.6 87.5 4.7 0.1 
PF03129.10000.fasta 96.6 97.1 55.1 60.4 
PF00037.10000.fasta 87.4 89.7 69.0 72.6 
PF07686.10000.fasta 88.5 90.3 15.9 17.9 
PF00224.10000.fasta 92.2 92.8 67.1 72.1 
