PF00450.10000.fasta 81.0 83.0 47.9 61.4 
PF13393.10000.fasta 43.2 45.2 7.5 11.7 
PF00476.10000.fasta 93.8 95.1 76.2 80.0 
PF00625.10000.fasta 39.1 37.4 0.4 0.6 
PF00078.10000.fasta 89.0 92.5 80.0 80.8 
PF01814.10000.fasta 81.1 82.1 56.9 64.3 
PF13522.10000.fasta 65.8 68.3 24.0 30.8 
PF02878.10000.fasta 70.1 73.4 45.9 48.9 
PF00505.10000.fasta 97.2 97.3 81.4 84.3 
PF02777.10000.fasta 91.1 96.6 67.3 69.4 
PF00009.10000.fasta 74.9 81.3 25.4 35.4 
PF05746.10000.fasta 84.7 85.0 67.2 76.3 
PF00687.10000.fasta 75.7 77.5 50.3 51.3 
PF00084.10000.fasta 89.2 89.4 79.7 81.9 
PF13365.10000.fasta 31.3 35.9 0.0 0.0 
PF13378.10000.fasta 73.4 74.6 19.3 22.2 
PF07654.10000.fasta 88.8 89.0 75.0 77.1 
PF00079.10000.fasta 92.6 93.3 80.6 84.6 
PF02836.10000.fasta 88.3 91.6 70.6 82.3 
PF07679.10000.fasta 81.9 84.5 43.0 53.6 
PF00313.10000.fasta 82.0 84.0 55.4 55.7 
PF01381.10000.fasta 65.9 66.5 18.3 21.0 
PF00970.10000.fasta 67.7 68.0 16.7 19.4 
PF04082.10000.fasta 62.6 63.7 37.2 44.7 
PF14604.10000.fasta 77.7 78.9 22.2 22.9 
PF00018.10000.fasta 84.6 86.7 0.0 0.0 
PF03129.10000.fasta 96.4 96.9 55.1 60.4 
PF00037.10000.fasta 89.6 91.0 69.0 72.6 
PF07686.10000.fasta 89.2 90.3 36.4 41.1 
PF00224.10000.fasta 92.7 92.6 71.3 76.0 
