PF00450.10000.fasta 79.6 82.2 46.5 59.2 
PF13393.10000.fasta 37.1 38.6 0.0 0.0 
PF00476.10000.fasta 93.8 94.6 78.5 82.4 
PF00625.10000.fasta 35.2 36.1 0.0 0.0 
PF00078.10000.fasta 86.6 90.3 72.9 73.7 
PF01814.10000.fasta 72.0 74.1 40.5 46.0 
PF13522.10000.fasta 68.3 70.9 24.8 31.8 
PF02878.10000.fasta 74.3 77.0 52.6 56.0 
PF00505.10000.fasta 97.3 97.5 84.3 87.3 
PF02777.10000.fasta 91.0 96.1 68.3 70.5 
PF00009.10000.fasta 75.6 81.2 25.8 36.5 
PF05746.10000.fasta 84.6 85.1 67.2 76.3 
PF00687.10000.fasta 77.3 78.9 59.3 59.3 
PF00084.10000.fasta 89.5 90.0 76.3 81.3 
PF13365.10000.fasta 29.3 34.5 0.0 0.0 
PF13378.10000.fasta 72.8 74.9 22.6 26.1 
PF07654.10000.fasta 80.2 81.2 58.3 60.0 
PF00079.10000.fasta 93.8 94.4 84.3 87.9 
PF02836.10000.fasta 87.1 89.0 67.0 78.0 
PF07679.10000.fasta 85.4 86.0 50.0 62.3 
PF00313.10000.fasta 80.8 82.7 52.3 52.6 
PF01381.10000.fasta 70.3 71.1 18.3 21.0 
PF00970.10000.fasta 66.9 69.0 10.3 12.1 
PF04082.10000.fasta 37.2 60.7 1.5 1.1 
PF14604.10000.fasta 79.0 81.3 31.7 32.1 
PF00018.10000.fasta 86.3 88.0 4.7 0.1 
PF03129.10000.fasta 96.4 96.9 55.1 60.4 
PF00037.10000.fasta 89.9 92.3 79.3 77.7 
PF07686.10000.fasta 88.7 89.9 39.3 44.3 
PF00224.10000.fasta 92.7 93.1 68.5 73.5 
