PF00450.10000.fasta 79.6 82.3 44.8 57.0 
PF13393.10000.fasta 37.9 41.5 0.0 0.0 
PF00476.10000.fasta 93.7 95.4 78.5 82.3 
PF00625.10000.fasta 30.6 34.0 0.0 0.0 
PF00078.10000.fasta 83.8 88.3 69.4 70.1 
PF01814.10000.fasta 85.2 87.0 69.8 77.8 
PF13522.10000.fasta 66.5 70.7 21.7 27.8 
PF02878.10000.fasta 72.3 75.0 49.6 52.8 
PF00505.10000.fasta 96.8 97.3 80.0 82.8 
PF02777.10000.fasta 90.7 96.0 67.3 69.4 
PF00009.10000.fasta 77.5 84.0 24.4 36.0 
PF05746.10000.fasta 85.4 86.1 67.2 76.3 
PF00687.10000.fasta 74.6 76.4 52.1 51.5 
PF00084.10000.fasta 89.5 90.5 79.7 81.9 
PF13365.10000.fasta 24.6 27.8 0.0 0.0 
PF13378.10000.fasta 67.5 70.6 24.5 28.4 
PF07654.10000.fasta 82.2 84.5 65.5 66.7 
PF00079.10000.fasta 91.1 91.2 80.0 83.2 
PF02836.10000.fasta 91.0 91.9 73.6 85.8 
PF07679.10000.fasta 82.3 83.4 41.0 51.1 
PF00313.10000.fasta 82.0 84.0 55.4 55.7 
PF01381.10000.fasta 67.7 68.4 18.3 21.0 
PF00970.10000.fasta 67.2 67.8 15.5 18.1 
PF04082.10000.fasta 52.3 53.6 20.3 23.6 
PF14604.10000.fasta 81.3 83.6 34.9 45.3 
PF00018.10000.fasta 86.1 87.9 4.7 0.1 
PF03129.10000.fasta 97.1 97.5 57.1 62.7 
PF00037.10000.fasta 87.2 90.7 55.2 70.6 
PF07686.10000.fasta 88.2 90.1 18.7 21.0 
PF00224.10000.fasta 92.0 92.8 66.7 71.6 
