PF00450.10000.fasta 79.6 82.6 46.7 59.5 
PF13393.10000.fasta 42.2 44.0 2.6 4.1 
PF00476.10000.fasta 93.9 95.5 76.4 80.4 
PF00625.10000.fasta 41.0 40.6 0.0 0.0 
PF00078.10000.fasta 89.9 92.8 78.8 80.1 
PF01814.10000.fasta 74.5 76.3 42.2 47.3 
PF13522.10000.fasta 69.3 71.3 24.0 30.8 
PF02878.10000.fasta 80.3 81.8 63.0 67.2 
PF00505.10000.fasta 97.6 97.7 84.3 87.3 
PF02777.10000.fasta 91.4 96.4 68.3 70.5 
PF00009.10000.fasta 40.1 84.5 0.0 0.0 
PF05746.10000.fasta 85.4 86.1 67.2 76.3 
PF00687.10000.fasta 75.5 76.8 55.1 54.7 
PF00084.10000.fasta 87.3 87.9 74.6 79.5 
PF13365.10000.fasta 30.1 35.4 0.0 0.0 
PF13378.10000.fasta 70.0 72.9 19.8 22.4 
PF07654.10000.fasta 85.1 86.7 69.0 70.4 
PF00079.10000.fasta 92.9 93.3 83.1 86.3 
PF02836.10000.fasta 89.5 91.1 67.9 79.1 
PF07679.10000.fasta 85.8 86.3 51.0 63.5 
PF00313.10000.fasta 82.0 84.0 55.4 55.7 
PF01381.10000.fasta 69.6 70.4 18.3 21.0 
PF00970.10000.fasta 67.0 68.9 12.1 14.1 
PF04082.10000.fasta 21.4 41.8 0.0 0.0 
PF14604.10000.fasta 73.5 77.3 25.4 29.8 
PF00018.10000.fasta 85.9 87.8 4.7 0.1 
PF03129.10000.fasta 96.8 97.2 57.1 62.7 
PF00037.10000.fasta 87.7 90.1 69.0 72.6 
PF07686.10000.fasta 88.0 89.8 21.5 24.3 
PF00224.10000.fasta 92.0 92.4 69.0 73.8 
