PF00450.10000.fasta 80.0 82.1 47.5 60.9 
PF13393.10000.fasta 43.4 45.0 11.9 18.5 
PF00476.10000.fasta 94.4 96.2 80.6 84.4 
PF00625.10000.fasta 40.4 40.3 0.0 0.0 
PF00078.10000.fasta 86.8 89.7 76.5 77.2 
PF01814.10000.fasta 76.2 79.4 44.8 50.9 
PF13522.10000.fasta 67.7 71.0 25.6 32.8 
PF02878.10000.fasta 79.2 80.6 60.7 64.8 
PF00505.10000.fasta 97.6 97.7 84.3 87.3 
PF02777.10000.fasta 90.7 96.5 68.3 70.5 
PF00009.10000.fasta 76.5 83.6 27.6 36.9 
PF05746.10000.fasta 84.6 84.6 67.2 76.3 
PF00687.10000.fasta 75.3 77.3 55.1 54.9 
PF00084.10000.fasta 90.4 91.5 81.4 83.7 
PF13365.10000.fasta 28.6 32.9 0.0 0.0 
PF13378.10000.fasta 72.7 74.3 19.3 22.2 
PF07654.10000.fasta 89.8 90.0 77.4 79.0 
PF00079.10000.fasta 92.9 93.7 81.8 85.4 
PF02836.10000.fasta 90.1 91.9 70.6 81.9 
PF07679.10000.fasta 85.1 85.9 50.0 62.3 
PF00313.10000.fasta 82.7 84.1 55.4 55.7 
PF01381.10000.fasta 68.0 68.8 18.3 21.0 
PF00970.10000.fasta 66.6 68.6 10.9 12.8 
PF04082.10000.fasta 51.3 53.5 18.8 22.6 
PF14604.10000.fasta 79.9 86.8 33.3 32.5 
PF00018.10000.fasta 85.3 87.1 0.0 0.0 
PF03129.10000.fasta 96.8 97.3 55.1 60.4 
PF00037.10000.fasta 92.1 93.6 79.3 77.7 
PF07686.10000.fasta 89.6 91.1 21.5 24.3 
PF00224.10000.fasta 93.3 93.1 72.2 76.9 
