PF00450.10000.fasta 78.2 80.3 47.3 60.3 
PF13393.10000.fasta 36.1 42.0 0.0 0.0 
PF00476.10000.fasta 94.4 95.0 80.6 84.5 
PF00625.10000.fasta 30.5 35.5 0.0 0.0 
PF00078.10000.fasta 85.8 89.1 74.7 75.4 
PF01814.10000.fasta 76.4 78.5 51.7 58.1 
PF13522.10000.fasta 63.9 69.3 21.7 27.8 
PF02878.10000.fasta 74.4 76.6 54.1 57.2 
PF00505.10000.fasta 97.2 97.7 82.9 85.8 
PF02777.10000.fasta 90.9 95.8 68.3 70.5 
PF00009.10000.fasta 75.6 81.5 26.9 37.3 
PF05746.10000.fasta 84.9 85.2 67.2 76.3 
PF00687.10000.fasta 77.2 78.5 56.3 55.9 
PF00084.10000.fasta 91.0 91.0 81.4 83.7 
PF13365.10000.fasta 23.6 28.0 0.0 0.0 
PF13378.10000.fasta 59.7 62.9 18.9 21.6 
PF07654.10000.fasta 84.3 85.5 66.7 68.0 
PF00079.10000.fasta 93.6 94.3 82.5 86.1 
PF02836.10000.fasta 89.6 91.2 69.7 81.2 
PF07679.10000.fasta 82.6 83.5 40.0 49.8 
PF00313.10000.fasta 82.0 84.0 55.4 55.7 
PF01381.10000.fasta 69.0 69.7 18.3 21.0 
PF00970.10000.fasta 67.3 68.0 16.7 19.5 
PF04082.10000.fasta 52.7 54.3 19.5 21.9 
PF14604.10000.fasta 84.6 86.0 39.7 49.8 
PF00018.10000.fasta 86.0 87.8 4.7 0.1 
PF03129.10000.fasta 96.6 97.2 55.1 60.4 
PF00037.10000.fasta 87.7 90.1 69.0 72.6 
PF07686.10000.fasta 88.9 90.5 16.8 18.9 
PF00224.10000.fasta 92.3 92.8 68.1 73.0 
