PF00450.10000.fasta 80.4 82.6 46.7 59.2 
PF13393.10000.fasta 38.3 41.5 0.0 0.0 
PF00476.10000.fasta 94.3 95.6 79.8 83.7 
PF00625.10000.fasta 36.2 39.0 0.0 0.0 
PF00078.10000.fasta 88.7 91.3 74.7 75.4 
PF01814.10000.fasta 86.5 88.0 69.8 76.0 
PF13522.10000.fasta 66.7 69.6 21.7 27.8 
PF02878.10000.fasta 75.0 77.2 54.1 57.2 
PF00505.10000.fasta 96.8 97.3 80.0 82.8 
PF02777.10000.fasta 90.6 96.0 67.3 69.4 
PF00009.10000.fasta 75.0 80.5 21.9 33.8 
PF05746.10000.fasta 84.4 85.0 67.2 76.3 
PF00687.10000.fasta 78.9 80.1 59.9 59.8 
PF00084.10000.fasta 88.6 89.1 74.6 79.5 
PF13365.10000.fasta 26.0 30.7 0.0 0.0 
PF13378.10000.fasta 67.3 70.4 24.1 27.8 
PF07654.10000.fasta 85.7 87.5 70.2 71.6 
PF00079.10000.fasta 93.1 93.4 83.1 86.7 
PF02836.10000.fasta 89.1 91.8 69.7 81.2 
PF07679.10000.fasta 82.4 83.1 41.0 51.1 
PF00313.10000.fasta 82.7 84.1 55.4 55.7 
PF01381.10000.fasta 69.4 70.3 18.3 21.0 
PF00970.10000.fasta 67.1 67.7 16.1 18.8 
PF04082.10000.fasta 54.9 55.9 24.5 26.3 
PF14604.10000.fasta 75.3 77.2 19.0 24.2 
PF00018.10000.fasta 85.9 87.6 0.0 0.0 
PF03129.10000.fasta 96.6 97.1 55.1 60.4 
PF00037.10000.fasta 89.9 92.3 79.3 77.7 
PF07686.10000.fasta 87.9 90.0 22.4 25.2 
PF00224.10000.fasta 92.6 93.1 68.1 73.0 
