PF00450.10000.fasta 80.7 82.5 48.7 61.8 
PF13393.10000.fasta 40.2 42.1 4.6 7.1 
PF00476.10000.fasta 93.7 94.9 76.7 80.6 
PF00625.10000.fasta 37.5 37.7 0.0 0.0 
PF00078.10000.fasta 88.6 91.0 77.1 77.8 
PF01814.10000.fasta 77.7 78.8 44.8 50.9 
PF13522.10000.fasta 74.3 76.4 24.0 30.8 
PF02878.10000.fasta 79.7 80.6 60.0 63.6 
PF00505.10000.fasta 97.0 97.1 81.4 84.3 
PF02777.10000.fasta 91.4 96.4 68.3 70.5 
PF00009.10000.fasta 75.3 81.3 25.4 36.7 
PF05746.10000.fasta 85.2 85.3 67.2 76.3 
PF00687.10000.fasta 79.5 81.7 60.5 60.4 
PF00084.10000.fasta 90.1 90.1 79.7 81.9 
PF13365.10000.fasta 29.4 35.2 0.0 0.0 
PF13378.10000.fasta 72.2 73.8 18.4 20.8 
PF07654.10000.fasta 87.6 88.3 73.8 75.3 
PF00079.10000.fasta 91.5 91.4 80.0 83.4 
PF02836.10000.fasta 91.1 92.3 73.3 85.5 
PF07679.10000.fasta 84.2 84.7 49.0 61.0 
PF00313.10000.fasta 81.0 82.8 52.3 52.6 
PF01381.10000.fasta 68.4 69.1 18.3 21.0 
PF00970.10000.fasta 66.7 68.6 10.9 12.8 
PF04082.10000.fasta 45.8 50.1 19.2 23.1 
PF14604.10000.fasta 81.9 83.9 36.5 47.3 
PF00018.10000.fasta 85.8 87.8 4.7 0.1 
PF03129.10000.fasta 96.6 97.0 55.1 60.4 
PF00037.10000.fasta 87.7 90.1 69.0 72.6 
PF07686.10000.fasta 87.5 89.3 15.0 16.9 
PF00224.10000.fasta 92.6 92.5 70.8 75.5 
