PF00450.10000.fasta 80.0 82.9 46.1 58.9 
PF13393.10000.fasta 42.5 43.9 4.6 7.1 
PF00476.10000.fasta 94.1 95.6 79.3 83.1 
PF00625.10000.fasta 37.9 36.7 0.0 0.0 
PF00078.10000.fasta 87.1 90.3 76.5 77.2 
PF01814.10000.fasta 77.8 79.6 50.9 57.8 
PF13522.10000.fasta 67.6 70.3 24.8 31.8 
PF02878.10000.fasta 82.1 83.1 64.4 67.9 
PF00505.10000.fasta 97.6 97.7 84.3 87.3 
PF02777.10000.fasta 90.8 96.6 68.3 70.5 
PF00009.10000.fasta 77.6 83.0 31.2 42.1 
PF05746.10000.fasta 85.0 85.9 67.2 76.3 
PF00687.10000.fasta 75.6 76.8 56.9 56.6 
PF00084.10000.fasta 91.0 91.0 81.4 83.7 
PF13365.10000.fasta 30.1 35.3 0.0 0.0 
PF13378.10000.fasta 67.6 70.1 19.3 22.2 
PF07654.10000.fasta 88.2 88.3 73.8 75.9 
PF00079.10000.fasta 92.8 93.3 81.8 85.7 
PF02836.10000.fasta 91.8 92.8 74.2 86.5 
PF07679.10000.fasta 84.2 84.7 49.0 61.0 
PF00313.10000.fasta 82.0 84.0 55.4 55.7 
PF01381.10000.fasta 67.2 67.8 18.3 21.0 
PF00970.10000.fasta 66.9 68.8 12.6 14.8 
PF04082.10000.fasta 55.4 56.8 20.7 24.5 
PF14604.10000.fasta 75.9 93.0 27.0 25.9 
PF00018.10000.fasta 85.7 87.6 4.7 0.1 
PF03129.10000.fasta 96.6 97.1 55.1 60.4 
PF00037.10000.fasta 90.2 92.7 79.3 77.7 
PF07686.10000.fasta 88.8 90.4 21.5 24.3 
PF00224.10000.fasta 92.3 92.7 68.5 73.5 
