PF00450.10000.fasta 79.4 81.3 45.3 57.6 
PF13393.10000.fasta 37.1 40.5 0.0 0.0 
PF00476.10000.fasta 94.5 95.1 80.3 84.3 
PF00625.10000.fasta 33.1 33.0 0.0 0.0 
PF00078.10000.fasta 86.0 88.7 73.5 74.3 
PF01814.10000.fasta 80.8 82.3 62.1 70.5 
PF13522.10000.fasta 68.8 71.6 23.3 29.8 
PF02878.10000.fasta 81.1 82.1 63.7 67.5 
PF00505.10000.fasta 96.8 97.7 82.9 85.8 
PF02777.10000.fasta 91.5 96.5 67.3 69.4 
PF00009.10000.fasta 77.3 84.5 30.5 42.7 
PF05746.10000.fasta 85.5 85.5 67.2 76.3 
PF00687.10000.fasta 76.4 77.9 57.5 57.2 
PF00084.10000.fasta 88.6 89.1 74.6 79.5 
PF13365.10000.fasta 27.1 33.0 0.0 0.0 
PF13378.10000.fasta 66.4 69.5 23.6 27.3 
PF07654.10000.fasta 87.6 87.7 72.6 74.7 
PF00079.10000.fasta 92.3 93.1 80.3 84.0 
PF02836.10000.fasta 87.4 90.0 70.0 81.6 
PF07679.10000.fasta 81.9 82.7 40.0 49.8 
PF00313.10000.fasta 80.8 82.7 52.3 52.6 
PF01381.10000.fasta 69.4 70.3 18.3 21.0 
PF00970.10000.fasta 66.7 67.6 10.3 12.1 
PF04082.10000.fasta 55.3 56.3 22.2 26.6 
PF14604.10000.fasta 76.3 78.6 31.7 32.1 
PF00018.10000.fasta 86.4 88.2 4.7 0.1 
PF03129.10000.fasta 96.6 97.1 55.1 60.4 
PF00037.10000.fasta 90.2 92.7 79.3 77.7 
PF07686.10000.fasta 86.7 89.2 15.9 17.8 
PF00224.10000.fasta 92.3 92.6 68.1 73.0 
