PF00450.10000.fasta 79.0 80.8 47.9 61.1 
PF13393.10000.fasta 33.6 37.6 0.0 0.0 
PF00476.10000.fasta 94.5 95.5 80.3 84.1 
PF00625.10000.fasta 40.6 38.7 0.4 0.0 
PF00078.10000.fasta 90.4 93.0 78.8 79.6 
PF01814.10000.fasta 85.1 85.6 63.8 72.1 
PF13522.10000.fasta 69.7 71.7 25.6 32.8 
PF02878.10000.fasta 80.4 81.9 63.0 67.2 
PF00505.10000.fasta 96.6 97.3 80.0 82.8 
PF02777.10000.fasta 91.4 95.9 68.3 70.5 
PF00009.10000.fasta 75.1 80.9 26.9 36.8 
PF05746.10000.fasta 84.6 84.8 67.2 76.3 
PF00687.10000.fasta 80.2 81.4 56.3 55.9 
PF00084.10000.fasta 87.3 87.9 74.6 79.5 
PF13365.10000.fasta 30.6 37.0 0.0 0.0 
PF13378.10000.fasta 70.6 72.4 18.4 21.0 
PF07654.10000.fasta 87.6 87.7 72.6 74.7 
PF00079.10000.fasta 93.8 94.4 84.0 87.6 
PF02836.10000.fasta 91.4 92.5 73.9 85.8 
PF07679.10000.fasta 84.7 85.1 51.0 63.5 
PF00313.10000.fasta 82.0 84.0 55.4 55.7 
PF01381.10000.fasta 68.6 69.5 18.3 21.0 
PF00970.10000.fasta 66.9 68.7 12.6 14.8 
PF04082.10000.fasta 60.0 60.0 32.6 36.0 
PF14604.10000.fasta 79.4 80.8 31.7 32.1 
PF00018.10000.fasta 85.6 87.5 4.7 0.1 
PF03129.10000.fasta 96.4 96.9 55.1 60.4 
PF00037.10000.fasta 87.7 90.1 69.0 72.6 
PF07686.10000.fasta 88.8 90.1 21.5 24.3 
PF00224.10000.fasta 91.8 92.2 68.5 73.5 
