PF00450.10000.fasta 80.9 82.8 48.5 61.6 
PF13393.10000.fasta 35.8 38.8 0.0 0.0 
PF00476.10000.fasta 94.5 96.1 81.3 84.8 
PF00625.10000.fasta 38.9 38.4 2.3 3.6 
PF00078.10000.fasta 90.0 93.7 78.2 79.0 
PF01814.10000.fasta 80.8 82.7 55.2 62.7 
PF13522.10000.fasta 69.0 72.2 24.8 31.8 
PF02878.10000.fasta 81.2 82.3 63.0 66.8 
PF00505.10000.fasta 97.0 97.1 81.4 84.3 
PF02777.10000.fasta 91.8 96.1 68.3 70.5 
PF00009.10000.fasta 76.7 81.8 27.6 37.0 
PF05746.10000.fasta 84.6 84.8 67.2 76.3 
PF00687.10000.fasta 72.5 74.1 48.5 47.6 
PF00084.10000.fasta 89.5 90.0 76.3 81.3 
PF13365.10000.fasta 27.3 32.5 0.0 0.0 
PF13378.10000.fasta 69.1 71.4 19.8 22.4 
PF07654.10000.fasta 86.9 88.2 72.6 74.1 
PF00079.10000.fasta 92.0 92.8 80.6 84.5 
PF02836.10000.fasta 91.0 92.2 73.3 85.5 
PF07679.10000.fasta 82.2 82.8 41.0 51.1 
PF00313.10000.fasta 80.8 82.7 52.3 52.6 
PF01381.10000.fasta 67.4 68.0 18.3 21.0 
PF00970.10000.fasta 67.9 68.3 15.5 18.1 
PF04082.10000.fasta 27.3 42.6 0.0 0.0 
PF14604.10000.fasta 73.5 75.4 27.0 31.9 
PF00018.10000.fasta 86.3 87.7 0.0 0.0 
PF03129.10000.fasta 96.4 96.9 57.1 62.6 
PF00037.10000.fasta 87.7 90.8 69.0 72.6 
PF07686.10000.fasta 87.9 88.8 21.5 24.3 
PF00224.10000.fasta 93.5 93.2 71.3 76.0 
