PF00450.10000.fasta 80.6 82.5 45.5 58.3 
PF13393.10000.fasta 34.0 37.6 0.0 0.0 
PF00476.10000.fasta 94.5 96.0 80.3 84.3 
PF00625.10000.fasta 42.3 41.1 0.0 0.0 
PF00078.10000.fasta 87.2 90.2 75.9 76.6 
PF01814.10000.fasta 78.5 80.4 51.7 57.4 
PF13522.10000.fasta 69.3 71.8 25.6 32.8 
PF02878.10000.fasta 74.3 76.4 52.6 56.0 
PF00505.10000.fasta 97.2 97.3 81.4 84.3 
PF02777.10000.fasta 92.1 96.9 68.3 70.5 
PF00009.10000.fasta 75.5 80.7 21.9 32.3 
PF05746.10000.fasta 85.4 86.1 67.2 76.3 
PF00687.10000.fasta 77.3 79.2 55.7 55.3 
PF00084.10000.fasta 90.1 90.1 79.7 81.9 
PF13365.10000.fasta 30.9 36.5 0.0 0.0 
PF13378.10000.fasta 69.9 72.1 19.3 22.2 
PF07654.10000.fasta 88.6 88.8 75.0 76.5 
PF00079.10000.fasta 93.5 94.1 82.5 85.9 
PF02836.10000.fasta 91.2 93.2 75.2 87.2 
PF07679.10000.fasta 85.7 86.3 52.0 64.8 
PF00313.10000.fasta 80.8 82.7 52.3 52.6 
PF01381.10000.fasta 69.1 69.8 18.3 21.0 
PF00970.10000.fasta 66.6 68.7 11.5 13.4 
PF04082.10000.fasta 56.3 57.5 23.8 23.4 
PF14604.10000.fasta 73.0 90.9 22.2 25.7 
PF00018.10000.fasta 85.9 87.3 0.0 0.0 
PF03129.10000.fasta 96.4 96.9 55.1 60.4 
PF00037.10000.fasta 88.7 90.6 69.0 72.6 
PF07686.10000.fasta 88.2 89.9 21.5 24.3 
PF00224.10000.fasta 92.6 92.9 68.5 73.3 
