PF00450.10000.fasta 80.5 82.6 47.3 60.2 
PF13393.10000.fasta 37.5 41.3 0.3 0.0 
PF00476.10000.fasta 93.7 94.4 77.2 81.2 
PF00625.10000.fasta 38.1 40.8 0.0 0.0 
PF00078.10000.fasta 84.1 88.5 73.5 74.3 
PF01814.10000.fasta 76.9 78.7 55.2 60.6 
PF13522.10000.fasta 66.9 69.9 21.7 27.8 
PF02878.10000.fasta 81.7 82.5 63.7 67.2 
PF00505.10000.fasta 97.2 97.7 82.9 85.8 
PF02777.10000.fasta 91.5 96.7 67.3 69.4 
PF00009.10000.fasta 76.8 82.3 24.7 33.7 
PF05746.10000.fasta 85.0 86.2 67.2 76.3 
PF00687.10000.fasta 70.2 71.7 45.5 44.4 
PF00084.10000.fasta 90.1 90.1 79.7 81.9 
PF13365.10000.fasta 26.2 31.2 0.0 0.0 
PF13378.10000.fasta 65.9 68.9 24.1 27.8 
PF07654.10000.fasta 87.6 87.7 72.6 74.7 
PF00079.10000.fasta 90.2 91.6 78.2 81.9 
PF02836.10000.fasta 92.3 92.9 75.2 87.6 
PF07679.10000.fasta 83.2 83.8 44.0 54.8 
PF00313.10000.fasta 81.4 82.8 52.3 52.6 
PF01381.10000.fasta 70.1 70.8 18.3 21.0 
PF00970.10000.fasta 67.4 68.0 16.1 18.8 
PF04082.10000.fasta 53.1 54.6 21.5 23.8 
PF14604.10000.fasta 71.1 73.4 25.4 29.8 
PF00018.10000.fasta 86.3 88.0 0.0 0.0 
PF03129.10000.fasta 96.4 96.9 55.1 60.4 
PF00037.10000.fasta 90.2 92.7 79.3 77.7 
PF07686.10000.fasta 86.7 88.3 15.0 16.9 
PF00224.10000.fasta 93.1 93.6 69.4 74.6 
