PF00450.10000.fasta 79.6 81.6 47.1 59.4 
PF13393.10000.fasta 43.0 44.6 9.9 15.3 
PF00476.10000.fasta 94.2 94.9 80.1 83.7 
PF00625.10000.fasta 41.6 45.1 1.9 3.0 
PF00078.10000.fasta 87.2 90.1 71.8 72.3 
PF01814.10000.fasta 78.0 79.3 53.4 60.0 
PF13522.10000.fasta 70.5 72.9 25.6 32.8 
PF02878.10000.fasta 80.9 81.8 62.2 66.0 
PF00505.10000.fasta 97.1 97.5 82.9 85.8 
PF02777.10000.fasta 91.4 96.4 68.3 70.5 
PF00009.10000.fasta 77.2 82.8 30.5 41.7 
PF05746.10000.fasta 84.9 85.5 67.2 76.3 
PF00687.10000.fasta 80.3 81.1 59.9 59.8 
PF00084.10000.fasta 88.6 89.1 74.6 79.5 
PF13365.10000.fasta 30.9 36.4 0.0 0.0 
PF13378.10000.fasta 73.1 74.9 19.8 22.4 
PF07654.10000.fasta 80.8 83.0 60.7 61.8 
PF00079.10000.fasta 93.9 94.6 85.8 88.5 
PF02836.10000.fasta 91.3 93.6 74.8 86.9 
PF07679.10000.fasta 84.9 85.5 49.0 61.0 
PF00313.10000.fasta 81.0 82.8 52.3 52.6 
PF01381.10000.fasta 69.0 69.9 18.3 21.0 
PF00970.10000.fasta 66.1 68.1 10.9 12.8 
PF04082.10000.fasta 66.7 67.4 42.9 48.2 
PF14604.10000.fasta 72.7 74.8 27.0 31.9 
PF00018.10000.fasta 86.0 87.6 4.7 0.1 
PF03129.10000.fasta 96.9 97.4 55.1 60.4 
PF00037.10000.fasta 87.7 90.1 69.0 72.6 
PF07686.10000.fasta 87.7 89.9 17.8 20.1 
PF00224.10000.fasta 93.2 93.1 71.8 76.4 
