PF00450.10000.fasta 79.8 81.7 46.9 60.0 
PF13393.10000.fasta 41.3 42.6 4.9 7.6 
PF00476.10000.fasta 94.3 95.1 80.6 84.3 
PF00625.10000.fasta 35.1 40.7 0.0 0.0 
PF00078.10000.fasta 83.5 88.7 72.4 73.1 
PF01814.10000.fasta 76.9 80.4 51.7 58.8 
PF13522.10000.fasta 63.6 68.5 21.7 27.8 
PF02878.10000.fasta 80.9 83.5 63.7 67.2 
PF00505.10000.fasta 96.6 97.1 80.0 82.8 
PF02777.10000.fasta 90.5 95.9 67.3 69.4 
PF00009.10000.fasta 74.7 80.8 23.3 33.7 
PF05746.10000.fasta 84.9 85.9 67.2 76.3 
PF00687.10000.fasta 80.6 82.8 61.1 61.0 
PF00084.10000.fasta 88.0 89.6 74.6 79.5 
PF13365.10000.fasta 24.3 28.8 0.0 0.0 
PF13378.10000.fasta 65.4 68.4 24.1 27.8 
PF07654.10000.fasta 87.6 87.7 72.6 74.7 
PF00079.10000.fasta 92.5 93.7 81.8 85.1 
PF02836.10000.fasta 91.0 93.5 73.9 86.2 
PF07679.10000.fasta 82.5 83.6 43.0 53.6 
PF00313.10000.fasta 82.0 84.0 55.4 55.7 
PF01381.10000.fasta 68.4 69.4 18.3 21.0 
PF00970.10000.fasta 66.5 67.4 10.3 12.1 
PF04082.10000.fasta 62.7 64.7 37.2 43.5 
PF14604.10000.fasta 79.7 82.3 27.0 31.9 
PF00018.10000.fasta 85.8 87.6 4.7 0.1 
PF03129.10000.fasta 96.8 97.2 55.1 60.4 
PF00037.10000.fasta 87.7 90.1 69.0 72.6 
PF07686.10000.fasta 87.9 89.9 21.5 24.3 
PF00224.10000.fasta 91.9 92.5 66.7 71.6 
