PF00450.10000.fasta 82.5 84.9 48.3 61.3 
PF13393.10000.fasta 43.6 45.1 4.6 7.1 
PF00476.10000.fasta 94.8 96.0 81.1 84.8 
PF00625.10000.fasta 38.9 37.6 0.0 0.0 
PF00078.10000.fasta 86.4 89.4 73.5 74.3 
PF01814.10000.fasta 83.5 85.0 68.1 74.4 
PF13522.10000.fasta 67.5 69.7 23.3 29.8 
PF02878.10000.fasta 71.9 74.6 51.1 54.8 
PF00505.10000.fasta 97.2 97.3 81.4 84.3 
PF02777.10000.fasta 90.9 96.8 67.3 69.4 
PF00009.10000.fasta 78.0 84.9 25.1 34.2 
PF05746.10000.fasta 84.8 85.2 67.2 76.3 
PF00687.10000.fasta 78.0 79.4 59.9 59.8 
PF00084.10000.fasta 87.0 88.9 74.6 79.5 
PF13365.10000.fasta 33.5 38.4 0.0 0.0 
PF13378.10000.fasta 72.8 74.9 23.6 27.3 
PF07654.10000.fasta 87.6 87.7 72.6 74.7 
PF00079.10000.fasta 91.0 91.6 79.4 83.3 
PF02836.10000.fasta 88.2 90.6 69.1 80.5 
PF07679.10000.fasta 84.4 85.9 49.0 61.0 
PF00313.10000.fasta 80.8 82.7 52.3 52.6 
PF01381.10000.fasta 69.2 70.1 18.3 21.0 
PF00970.10000.fasta 67.9 68.2 17.2 20.1 
PF04082.10000.fasta 51.5 52.0 16.5 16.6 
PF14604.10000.fasta 85.2 86.2 41.3 47.5 
PF00018.10000.fasta 85.7 87.4 0.0 0.0 
PF03129.10000.fasta 96.4 96.9 55.1 60.4 
PF00037.10000.fasta 88.0 89.9 69.0 72.6 
PF07686.10000.fasta 86.1 88.5 16.8 19.0 
PF00224.10000.fasta 92.5 92.4 71.3 76.0 
