PF00450.10000.fasta 80.4 82.0 50.5 60.2 
PF13393.10000.fasta 39.6 41.5 4.9 7.6 
PF00476.10000.fasta 94.4 95.0 80.3 84.2 
PF00625.10000.fasta 36.6 36.2 0.0 0.0 
PF00078.10000.fasta 85.8 89.6 75.3 75.8 
PF01814.10000.fasta 77.7 79.5 50.0 56.1 
PF13522.10000.fasta 67.7 71.8 24.0 30.8 
PF02878.10000.fasta 80.8 82.9 63.0 66.0 
PF00505.10000.fasta 97.2 97.3 81.4 84.3 
PF02777.10000.fasta 91.8 97.0 68.3 70.5 
PF00009.10000.fasta 75.6 80.4 27.6 35.0 
PF05746.10000.fasta 85.2 86.1 67.2 76.3 
PF00687.10000.fasta 75.0 76.0 52.7 52.1 
PF00084.10000.fasta 89.5 90.0 76.3 81.3 
PF13365.10000.fasta 33.8 38.6 0.0 0.0 
PF13378.10000.fasta 70.8 72.7 19.8 22.7 
PF07654.10000.fasta 84.3 84.8 66.7 68.6 
PF00079.10000.fasta 93.4 93.7 83.1 86.0 
PF02836.10000.fasta 88.7 90.4 70.9 82.6 
PF07679.10000.fasta 83.1 84.5 47.0 58.6 
PF00313.10000.fasta 82.2 84.0 55.4 55.7 
PF01381.10000.fasta 67.3 67.8 18.3 21.0 
PF00970.10000.fasta 67.5 67.8 15.5 18.1 
PF04082.10000.fasta 56.0 56.8 21.8 22.7 
PF14604.10000.fasta 73.0 74.9 25.4 29.8 
PF00018.10000.fasta 86.3 87.8 4.7 0.1 
PF03129.10000.fasta 96.4 97.0 55.1 60.4 
PF00037.10000.fasta 88.0 89.9 69.0 72.6 
PF07686.10000.fasta 88.7 90.2 23.4 26.4 
PF00224.10000.fasta 93.3 93.2 71.3 76.0 
