PF00450.10000.fasta 81.2 83.3 50.1 63.3 
PF13393.10000.fasta 42.6 44.1 4.6 7.1 
PF00476.10000.fasta 94.1 95.1 79.3 83.1 
PF00625.10000.fasta 38.3 40.7 4.9 7.8 
PF00078.10000.fasta 89.4 93.3 77.1 77.8 
PF01814.10000.fasta 79.0 81.0 56.0 63.7 
PF13522.10000.fasta 70.0 73.7 24.8 31.8 
PF02878.10000.fasta 80.5 81.6 61.5 65.6 
PF00505.10000.fasta 97.3 97.5 84.3 87.3 
PF02777.10000.fasta 91.5 96.6 68.3 70.5 
PF00009.10000.fasta 75.5 80.8 29.0 41.8 
PF05746.10000.fasta 85.1 86.3 67.2 76.3 
PF00687.10000.fasta 76.8 77.7 48.5 47.6 
PF00084.10000.fasta 89.5 90.0 76.3 81.3 
PF13365.10000.fasta 34.5 40.7 0.0 0.0 
PF13378.10000.fasta 68.3 71.0 19.3 22.2 
PF07654.10000.fasta 83.9 84.6 66.7 68.6 
PF00079.10000.fasta 93.8 93.8 84.6 87.4 
PF02836.10000.fasta 91.1 92.9 73.3 85.5 
PF07679.10000.fasta 84.8 85.4 49.0 61.0 
PF00313.10000.fasta 80.8 82.7 52.3 52.6 
PF01381.10000.fasta 69.7 70.4 18.3 21.0 
PF00970.10000.fasta 67.8 68.0 17.8 20.8 
PF04082.10000.fasta 33.9 52.9 0.0 0.0 
PF14604.10000.fasta 74.4 82.3 25.4 29.8 
PF00018.10000.fasta 85.7 87.6 4.7 0.1 
PF03129.10000.fasta 96.5 97.0 55.1 60.4 
PF00037.10000.fasta 87.7 90.1 69.0 72.6 
PF07686.10000.fasta 87.9 90.0 37.4 42.2 
PF00224.10000.fasta 92.7 92.9 68.5 73.3 
