PF00450.10000.fasta 82.2 84.8 47.7 60.9 
PF13393.10000.fasta 36.6 38.8 0.0 0.0 
PF00476.10000.fasta 94.4 95.8 79.8 83.5 
PF00625.10000.fasta 40.4 38.8 0.0 0.0 
PF00078.10000.fasta 92.5 94.5 79.4 80.2 
PF01814.10000.fasta 87.0 88.2 69.0 77.7 
PF13522.10000.fasta 66.7 69.1 24.0 30.8 
PF02878.10000.fasta 77.7 80.3 57.0 60.4 
PF00505.10000.fasta 97.6 97.7 84.3 87.3 
PF02777.10000.fasta 91.2 96.0 68.3 70.5 
PF00009.10000.fasta 76.4 82.2 27.6 40.4 
PF05746.10000.fasta 85.0 85.4 67.2 76.3 
PF00687.10000.fasta 80.9 82.5 55.7 57.0 
PF00084.10000.fasta 89.5 90.0 76.3 81.3 
PF13365.10000.fasta 27.0 33.0 0.0 0.0 
PF13378.10000.fasta 70.5 73.0 19.3 22.2 
PF07654.10000.fasta 82.9 84.1 65.5 67.3 
PF00079.10000.fasta 91.6 92.4 79.4 83.3 
PF02836.10000.fasta 89.0 90.5 71.5 83.0 
PF07679.10000.fasta 84.6 85.2 49.0 61.0 
PF00313.10000.fasta 80.8 82.7 52.3 52.6 
PF01381.10000.fasta 68.1 68.6 18.3 21.0 
PF00970.10000.fasta 66.7 68.6 10.9 12.8 
PF04082.10000.fasta 50.1 54.4 23.8 25.4 
PF14604.10000.fasta 75.8 79.2 27.0 31.9 
PF00018.10000.fasta 86.0 87.8 4.7 0.1 
PF03129.10000.fasta 96.6 97.1 55.1 60.4 
PF00037.10000.fasta 90.2 92.7 79.3 77.7 
PF07686.10000.fasta 88.1 89.3 15.0 16.9 
PF00224.10000.fasta 92.9 93.0 71.3 76.0 
