PF00450.10000.fasta 79.6 82.4 45.7 57.9 
PF13393.10000.fasta 35.3 40.6 0.0 0.0 
PF00476.10000.fasta 94.5 96.0 80.1 83.9 
PF00625.10000.fasta 31.8 35.7 0.0 0.0 
PF00078.10000.fasta 84.4 88.7 75.3 76.0 
PF01814.10000.fasta 86.5 87.8 71.6 79.0 
PF13522.10000.fasta 63.6 68.7 20.2 25.8 
PF02878.10000.fasta 82.0 83.1 64.4 67.9 
PF00505.10000.fasta 97.0 97.1 81.4 84.3 
PF02777.10000.fasta 90.2 96.0 67.3 69.4 
PF00009.10000.fasta 73.1 78.1 24.7 35.2 
PF05746.10000.fasta 84.9 85.2 67.2 76.3 
PF00687.10000.fasta 77.2 78.9 60.5 60.4 
PF00084.10000.fasta 88.3 89.9 79.7 81.9 
PF13365.10000.fasta 27.3 32.6 0.0 0.0 
PF13378.10000.fasta 62.2 65.6 19.8 22.4 
PF07654.10000.fasta 84.9 85.6 69.0 70.4 
PF00079.10000.fasta 90.0 91.4 77.8 81.9 
PF02836.10000.fasta 91.0 92.5 72.7 84.8 
PF07679.10000.fasta 79.9 81.5 40.0 49.8 
PF00313.10000.fasta 81.4 82.8 52.3 52.6 
PF01381.10000.fasta 68.2 69.1 18.3 21.0 
PF00970.10000.fasta 66.6 67.8 9.8 11.4 
PF04082.10000.fasta 49.8 50.8 12.6 15.2 
PF14604.10000.fasta 72.7 74.8 27.0 31.9 
PF00018.10000.fasta 86.4 88.2 4.7 0.1 
PF03129.10000.fasta 96.6 97.1 55.1 60.4 
PF00037.10000.fasta 86.6 90.5 55.2 70.6 
PF07686.10000.fasta 87.0 89.5 19.6 22.1 
PF00224.10000.fasta 91.8 92.5 67.1 72.1 
