PF00450.10000.fasta 79.3 82.3 47.1 59.8 
PF13393.10000.fasta 44.4 46.2 4.6 7.1 
PF00476.10000.fasta 93.8 94.9 79.8 83.5 
PF00625.10000.fasta 44.9 43.6 6.1 9.6 
PF00078.10000.fasta 92.2 94.3 78.2 79.0 
PF01814.10000.fasta 84.9 86.4 70.7 78.1 
PF13522.10000.fasta 67.6 69.5 23.3 29.8 
PF02878.10000.fasta 79.1 80.9 60.7 64.8 
PF00505.10000.fasta 97.2 97.3 81.4 84.3 
PF02777.10000.fasta 91.4 96.6 68.3 70.5 
PF00009.10000.fasta 76.3 82.5 29.0 41.4 
PF05746.10000.fasta 84.5 85.2 67.2 76.3 
PF00687.10000.fasta 75.5 77.4 51.5 50.8 
PF00084.10000.fasta 88.6 88.8 76.3 81.3 
PF13365.10000.fasta 28.4 32.5 0.0 0.0 
PF13378.10000.fasta 72.5 74.0 18.9 21.3 
PF07654.10000.fasta 80.6 82.3 60.7 62.4 
PF00079.10000.fasta 94.8 95.2 85.8 89.2 
PF02836.10000.fasta 92.1 93.3 75.2 87.6 
PF07679.10000.fasta 81.9 84.4 43.0 53.6 
PF00313.10000.fasta 80.8 82.7 52.3 52.6 
PF01381.10000.fasta 67.3 67.8 18.3 21.0 
PF00970.10000.fasta 67.2 67.7 15.5 18.1 
PF04082.10000.fasta 55.3 55.6 28.7 34.6 
PF14604.10000.fasta 78.7 80.6 34.9 45.3 
PF00018.10000.fasta 86.3 87.9 0.0 0.0 
PF03129.10000.fasta 96.5 97.1 57.1 62.7 
PF00037.10000.fasta 89.6 91.0 69.0 72.6 
PF07686.10000.fasta 88.5 89.7 28.0 31.6 
PF00224.10000.fasta 92.5 92.6 72.2 76.9 
