PF00450.10000.fasta 80.3 82.3 47.5 60.5 
PF13393.10000.fasta 42.4 43.6 9.9 15.3 
PF00476.10000.fasta 94.5 95.9 80.6 84.4 
PF00625.10000.fasta 42.0 40.1 0.0 0.0 
PF00078.10000.fasta 90.1 93.5 81.8 82.6 
PF01814.10000.fasta 77.9 79.7 50.9 57.1 
PF13522.10000.fasta 74.4 76.1 25.6 32.8 
PF02878.10000.fasta 83.4 84.7 68.1 72.7 
PF00505.10000.fasta 97.6 97.7 84.3 87.3 
PF02777.10000.fasta 91.0 96.1 68.3 70.5 
PF00009.10000.fasta 74.1 79.5 25.1 35.4 
PF05746.10000.fasta 84.9 85.1 67.2 76.3 
PF00687.10000.fasta 78.5 79.8 60.5 60.4 
PF00084.10000.fasta 87.7 88.2 72.9 77.7 
PF13365.10000.fasta 28.6 33.8 0.0 0.0 
PF13378.10000.fasta 72.7 74.3 19.3 21.8 
PF07654.10000.fasta 88.2 89.4 75.0 76.5 
PF00079.10000.fasta 92.7 92.4 83.4 86.0 
PF02836.10000.fasta 90.7 92.4 73.6 85.8 
PF07679.10000.fasta 84.9 85.5 49.0 61.0 
PF00313.10000.fasta 82.0 84.0 55.4 55.7 
PF01381.10000.fasta 67.4 68.0 18.3 21.0 
PF00970.10000.fasta 66.3 68.3 10.3 12.1 
PF04082.10000.fasta 60.7 61.5 33.7 36.2 
PF14604.10000.fasta 75.8 79.2 27.0 31.9 
PF00018.10000.fasta 85.9 87.5 0.0 0.0 
PF03129.10000.fasta 96.6 97.1 55.1 60.4 
PF00037.10000.fasta 87.7 90.8 69.0 72.6 
PF07686.10000.fasta 90.3 91.4 37.4 42.2 
PF00224.10000.fasta 93.2 93.0 71.8 76.4 
