PF00450.10000.fasta 80.9 82.8 48.5 61.8 
PF13393.10000.fasta 41.5 42.6 4.9 7.6 
PF00476.10000.fasta 94.3 95.8 80.8 84.6 
PF00625.10000.fasta 37.6 38.8 0.0 0.0 
PF00078.10000.fasta 89.5 93.1 76.5 77.2 
PF01814.10000.fasta 91.0 91.5 76.7 86.8 
PF13522.10000.fasta 68.2 71.4 25.6 32.8 
PF02878.10000.fasta 74.4 77.0 53.3 56.4 
PF00505.10000.fasta 97.6 97.7 84.3 87.3 
PF02777.10000.fasta 91.7 96.7 68.3 70.5 
PF00009.10000.fasta 74.1 80.6 23.7 35.4 
PF05746.10000.fasta 84.9 85.2 67.2 76.3 
PF00687.10000.fasta 75.8 77.7 56.3 55.9 
PF00084.10000.fasta 89.2 88.9 79.7 81.9 
PF13365.10000.fasta 31.3 35.6 0.0 0.0 
PF13378.10000.fasta 68.5 70.9 19.3 22.2 
PF07654.10000.fasta 84.5 85.2 66.7 68.6 
PF00079.10000.fasta 91.0 91.8 79.4 83.3 
PF02836.10000.fasta 89.0 91.1 70.0 81.6 
PF07679.10000.fasta 84.3 85.2 50.0 62.3 
PF00313.10000.fasta 82.7 84.1 55.4 55.7 
PF01381.10000.fasta 69.4 70.3 18.3 21.0 
PF00970.10000.fasta 67.3 67.9 16.7 19.5 
PF04082.10000.fasta 70.0 71.4 50.2 56.5 
PF14604.10000.fasta 84.6 86.0 39.7 49.8 
PF00018.10000.fasta 86.0 87.6 4.7 0.1 
PF03129.10000.fasta 96.4 96.9 57.1 62.6 
PF00037.10000.fasta 90.2 92.7 79.3 77.7 
PF07686.10000.fasta 88.8 90.2 21.5 24.3 
PF00224.10000.fasta 93.4 93.3 71.8 76.4 
