PF00450.10000.fasta 79.6 82.3 45.5 57.8 
PF13393.10000.fasta 37.6 41.5 0.0 0.0 
PF00476.10000.fasta 93.7 94.8 77.5 81.3 
PF00625.10000.fasta 31.8 35.5 0.0 0.0 
PF00078.10000.fasta 81.7 86.8 75.3 76.0 
PF01814.10000.fasta 74.4 76.0 41.4 47.0 
PF13522.10000.fasta 64.4 69.3 20.2 25.8 
PF02878.10000.fasta 73.1 75.9 52.6 56.4 
PF00505.10000.fasta 96.8 97.3 80.0 82.8 
PF02777.10000.fasta 90.4 95.9 66.3 68.4 
PF00009.10000.fasta 74.9 80.9 28.3 40.9 
PF05746.10000.fasta 85.0 85.4 67.2 76.3 
PF00687.10000.fasta 76.1 78.1 54.5 54.0 
PF00084.10000.fasta 89.5 90.0 76.3 81.3 
PF13365.10000.fasta 26.0 29.2 0.0 0.0 
PF13378.10000.fasta 60.9 64.3 19.3 22.2 
PF07654.10000.fasta 86.5 87.2 71.4 73.5 
PF00079.10000.fasta 91.8 93.3 80.3 84.3 
PF02836.10000.fasta 92.4 93.1 74.8 87.2 
PF07679.10000.fasta 81.1 82.9 39.0 48.6 
PF00313.10000.fasta 81.0 82.8 52.3 52.6 
PF01381.10000.fasta 68.1 68.7 18.3 21.0 
PF00970.10000.fasta 67.2 67.8 16.1 18.8 
PF04082.10000.fasta 50.6 51.7 16.9 16.7 
PF14604.10000.fasta 75.8 77.6 20.6 25.7 
PF00018.10000.fasta 86.4 88.2 4.7 0.1 
PF03129.10000.fasta 97.1 97.5 55.1 60.4 
PF00037.10000.fasta 87.4 89.7 69.0 72.6 
PF07686.10000.fasta 86.8 89.0 15.9 17.8 
PF00224.10000.fasta 91.9 92.8 67.1 71.9 
