PF00450.10000.fasta 79.6 81.4 46.7 59.5 
PF13393.10000.fasta 45.5 48.6 10.7 16.6 
PF00476.10000.fasta 93.9 95.5 76.9 80.9 
PF00625.10000.fasta 34.9 37.8 0.0 0.0 
PF00078.10000.fasta 90.2 94.8 78.2 79.0 
PF01814.10000.fasta 85.9 88.0 69.0 78.4 
PF13522.10000.fasta 69.2 71.0 21.7 27.8 
PF02878.10000.fasta 74.6 77.7 52.6 56.0 
PF00505.10000.fasta 97.2 97.3 81.4 84.3 
PF02777.10000.fasta 91.6 96.7 68.3 70.5 
PF00009.10000.fasta 76.3 82.0 27.2 39.8 
PF05746.10000.fasta 85.6 85.9 67.2 76.3 
PF00687.10000.fasta 76.2 77.7 55.1 54.7 
PF00084.10000.fasta 88.6 89.1 74.6 79.5 
PF13365.10000.fasta 28.1 32.3 0.0 0.0 
PF13378.10000.fasta 68.1 71.1 24.1 27.8 
PF07654.10000.fasta 87.1 88.2 72.6 74.1 
PF00079.10000.fasta 92.2 92.9 81.5 84.9 
PF02836.10000.fasta 88.0 90.4 70.0 81.6 
PF07679.10000.fasta 82.1 83.5 40.0 49.8 
PF00313.10000.fasta 81.4 82.8 52.3 52.6 
PF01381.10000.fasta 66.9 67.4 18.3 21.0 
PF00970.10000.fasta 67.6 68.1 16.7 19.5 
PF04082.10000.fasta 61.9 62.9 34.9 42.0 
PF14604.10000.fasta 81.5 83.6 34.9 45.3 
PF00018.10000.fasta 86.0 87.6 0.0 0.0 
PF03129.10000.fasta 96.3 97.1 55.1 60.4 
PF00037.10000.fasta 87.1 90.2 55.2 70.6 
PF07686.10000.fasta 89.6 91.4 23.4 26.3 
PF00224.10000.fasta 92.5 92.9 67.6 72.4 
