PF00450.10000.fasta 80.0 81.8 47.7 61.2 
PF13393.10000.fasta 40.8 42.7 10.1 15.7 
PF00476.10000.fasta 94.4 96.2 80.3 83.7 
PF00625.10000.fasta 38.3 38.0 0.0 0.0 
PF00078.10000.fasta 89.6 92.3 76.5 77.2 
PF01814.10000.fasta 80.4 81.9 52.6 59.7 
PF13522.10000.fasta 67.0 71.1 25.6 32.8 
PF02878.10000.fasta 81.1 84.0 62.2 66.4 
PF00505.10000.fasta 97.2 97.3 81.4 84.3 
PF02777.10000.fasta 90.6 95.8 67.3 69.4 
PF00009.10000.fasta 77.8 82.5 27.2 41.2 
PF05746.10000.fasta 84.6 84.8 67.2 76.3 
PF00687.10000.fasta 75.2 77.2 55.7 55.3 
PF00084.10000.fasta 88.0 89.6 76.3 81.3 
PF13365.10000.fasta 34.0 39.1 0.0 0.0 
PF13378.10000.fasta 72.2 74.3 19.3 22.2 
PF07654.10000.fasta 83.7 85.2 66.7 68.0 
PF00079.10000.fasta 91.9 91.9 80.6 84.1 
PF02836.10000.fasta 89.7 91.6 72.7 84.8 
PF07679.10000.fasta 83.5 84.8 47.0 58.6 
PF00313.10000.fasta 82.0 84.0 55.4 55.7 
PF01381.10000.fasta 66.8 67.5 18.3 21.0 
PF00970.10000.fasta 67.8 68.1 16.1 18.8 
PF04082.10000.fasta 54.1 58.7 34.1 41.1 
PF14604.10000.fasta 84.7 85.9 41.3 47.5 
PF00018.10000.fasta 85.9 93.2 7.0 7.7 
PF03129.10000.fasta 96.6 97.3 55.1 60.4 
PF00037.10000.fasta 88.0 89.9 69.0 72.6 
PF07686.10000.fasta 89.2 90.1 36.4 41.1 
PF00224.10000.fasta 92.3 92.2 70.8 75.5 
