PF00450.10000.fasta 80.5 82.8 46.7 59.0 
PF13393.10000.fasta 45.8 47.6 7.5 11.7 
PF00476.10000.fasta 94.1 94.6 79.5 83.5 
PF00625.10000.fasta 43.7 42.5 2.7 4.2 
PF00078.10000.fasta 89.6 93.0 80.0 80.8 
PF01814.10000.fasta 84.1 86.1 60.3 67.9 
PF13522.10000.fasta 72.7 74.8 24.0 30.8 
PF02878.10000.fasta 79.7 80.6 60.0 63.6 
PF00505.10000.fasta 97.9 98.0 84.3 87.3 
PF02777.10000.fasta 90.9 96.8 66.3 68.4 
PF00009.10000.fasta 74.6 81.0 26.9 40.2 
PF05746.10000.fasta 84.8 85.1 67.2 76.3 
PF00687.10000.fasta 74.7 75.5 51.5 50.8 
PF00084.10000.fasta 88.6 89.1 74.6 79.5 
PF13365.10000.fasta 32.1 38.1 0.0 0.0 
PF13378.10000.fasta 72.6 74.2 18.4 21.0 
PF07654.10000.fasta 81.8 85.3 65.5 66.7 
PF00079.10000.fasta 91.3 91.2 80.3 83.6 
PF02836.10000.fasta 90.2 91.5 72.1 84.0 
PF07679.10000.fasta 85.8 86.3 51.0 63.5 
PF00313.10000.fasta 80.8 82.7 52.3 52.6 
PF01381.10000.fasta 68.1 68.7 18.3 21.0 
PF00970.10000.fasta 67.0 68.8 12.1 14.1 
PF04082.10000.fasta 55.2 56.7 25.7 26.0 
PF14604.10000.fasta 84.3 85.5 41.3 47.5 
PF00018.10000.fasta 85.9 87.5 0.0 0.0 
PF03129.10000.fasta 96.4 96.9 55.1 60.4 
PF00037.10000.fasta 89.9 92.3 79.3 77.7 
PF07686.10000.fasta 87.0 88.8 21.5 24.3 
PF00224.10000.fasta 93.0 92.9 72.2 77.0 
