PF00450.10000.fasta 79.9 81.7 47.3 60.2 
PF13393.10000.fasta 42.1 43.7 10.1 15.7 
PF00476.10000.fasta 94.7 95.8 80.6 84.3 
PF00625.10000.fasta 41.6 41.9 2.7 4.2 
PF00078.10000.fasta 89.5 92.1 80.0 80.8 
PF01814.10000.fasta 91.5 92.0 78.4 86.7 
PF13522.10000.fasta 66.1 69.0 25.6 32.8 
PF02878.10000.fasta 80.0 82.2 62.2 66.4 
PF00505.10000.fasta 97.0 97.1 81.4 84.3 
PF02777.10000.fasta 90.6 96.8 66.3 68.4 
PF00009.10000.fasta 74.1 80.4 26.2 39.8 
PF05746.10000.fasta 85.1 86.1 67.2 76.3 
PF00687.10000.fasta 74.1 76.0 55.1 54.7 
PF00084.10000.fasta 88.6 89.1 74.6 79.5 
PF13365.10000.fasta 29.8 35.0 0.0 0.0 
PF13378.10000.fasta 74.8 75.7 18.9 21.6 
PF07654.10000.fasta 86.7 87.4 71.4 72.9 
PF00079.10000.fasta 92.4 93.3 82.5 85.7 
PF02836.10000.fasta 92.0 94.4 73.6 85.8 
PF07679.10000.fasta 83.7 85.2 47.0 58.6 
PF00313.10000.fasta 82.7 84.1 55.4 55.7 
PF01381.10000.fasta 67.6 68.1 18.3 21.0 
PF00970.10000.fasta 66.5 68.3 11.5 13.4 
PF04082.10000.fasta 49.7 54.7 21.8 26.3 
PF14604.10000.fasta 75.8 79.2 27.0 31.9 
PF00018.10000.fasta 85.7 87.4 0.0 0.0 
PF03129.10000.fasta 96.7 97.2 55.1 60.4 
PF00037.10000.fasta 87.4 89.7 69.0 72.6 
PF07686.10000.fasta 87.6 89.0 12.1 13.8 
PF00224.10000.fasta 92.7 92.7 71.8 76.4 
