PF00450.10000.fasta 80.7 82.5 47.9 61.0 
PF13393.10000.fasta 35.4 40.8 0.0 0.0 
PF00476.10000.fasta 94.5 95.2 78.8 82.3 
PF00625.10000.fasta 32.3 36.0 0.0 0.0 
PF00078.10000.fasta 91.4 94.3 78.2 79.0 
PF01814.10000.fasta 77.1 79.9 55.2 60.6 
PF13522.10000.fasta 63.3 68.2 20.9 26.8 
PF02878.10000.fasta 74.0 76.6 52.6 56.0 
PF00505.10000.fasta 97.0 97.1 81.4 84.3 
PF02777.10000.fasta 91.0 96.9 67.3 69.4 
PF00009.10000.fasta 75.2 81.5 22.2 34.0 
PF05746.10000.fasta 85.1 85.8 67.2 76.3 
PF00687.10000.fasta 78.4 80.1 59.9 59.8 
PF00084.10000.fasta 90.1 90.1 79.7 81.9 
PF13365.10000.fasta 27.1 31.4 0.0 0.0 
PF13378.10000.fasta 61.8 65.2 19.3 22.2 
PF07654.10000.fasta 87.6 87.7 72.6 74.7 
PF00079.10000.fasta 92.5 93.6 83.7 85.9 
PF02836.10000.fasta 90.9 92.8 74.5 85.8 
PF07679.10000.fasta 81.1 82.7 41.0 51.1 
PF00313.10000.fasta 82.0 84.0 55.4 55.7 
PF01381.10000.fasta 67.9 68.5 18.3 21.0 
PF00970.10000.fasta 67.5 68.1 16.1 18.8 
PF04082.10000.fasta 49.7 50.6 12.6 15.2 
PF14604.10000.fasta 79.0 81.3 31.7 32.1 
PF00018.10000.fasta 85.9 93.4 7.0 7.7 
PF03129.10000.fasta 96.3 96.9 55.1 60.4 
PF00037.10000.fasta 88.2 91.7 58.6 70.9 
PF07686.10000.fasta 87.1 89.6 15.9 17.8 
PF00224.10000.fasta 92.8 93.3 67.6 72.4 
