PF00450.10000.fasta 79.4 81.7 44.2 56.0 
PF13393.10000.fasta 41.6 43.2 4.9 7.6 
PF00476.10000.fasta 94.9 95.9 80.8 84.5 
PF00625.10000.fasta 33.4 37.4 0.0 0.0 
PF00078.10000.fasta 86.2 90.0 74.7 75.4 
PF01814.10000.fasta 79.7 81.9 53.4 60.7 
PF13522.10000.fasta 66.0 68.8 20.9 26.8 
PF02878.10000.fasta 78.7 80.4 58.5 61.2 
PF00505.10000.fasta 96.8 97.3 80.0 82.8 
PF02777.10000.fasta 90.6 96.0 67.3 69.4 
PF00009.10000.fasta 77.5 83.0 28.3 40.9 
PF05746.10000.fasta 85.0 85.8 67.2 76.3 
PF00687.10000.fasta 77.3 78.7 51.5 52.5 
PF00084.10000.fasta 88.6 89.1 74.6 79.5 
PF13365.10000.fasta 28.7 34.6 0.0 0.0 
PF13378.10000.fasta 66.4 69.5 24.1 27.8 
PF07654.10000.fasta 87.6 87.7 72.6 74.7 
PF00079.10000.fasta 90.1 90.8 76.9 80.9 
PF02836.10000.fasta 92.0 92.5 73.6 85.8 
PF07679.10000.fasta 83.4 84.0 43.0 53.6 
PF00313.10000.fasta 80.8 82.7 52.3 52.6 
PF01381.10000.fasta 69.2 69.9 18.3 21.0 
PF00970.10000.fasta 67.4 67.9 16.1 18.8 
PF04082.10000.fasta 61.4 62.7 33.7 40.6 
PF14604.10000.fasta 71.1 73.4 25.4 29.8 
PF00018.10000.fasta 85.9 87.3 0.0 0.0 
PF03129.10000.fasta 96.4 97.0 57.1 62.7 
PF00037.10000.fasta 86.4 90.0 55.2 70.6 
PF07686.10000.fasta 87.3 89.3 15.9 17.8 
PF00224.10000.fasta 91.6 92.1 67.1 71.9 
