PF00450.10000.fasta 79.6 82.2 47.1 60.2 
PF13393.10000.fasta 41.0 42.7 4.6 7.1 
PF00476.10000.fasta 94.0 95.8 79.5 83.2 
PF00625.10000.fasta 41.7 40.4 0.4 0.0 
PF00078.10000.fasta 85.5 89.9 71.8 72.5 
PF01814.10000.fasta 82.8 84.7 59.5 66.9 
PF13522.10000.fasta 68.1 71.8 24.8 31.8 
PF02878.10000.fasta 74.2 76.4 53.3 56.8 
PF00505.10000.fasta 97.6 97.7 84.3 87.3 
PF02777.10000.fasta 91.9 96.4 67.3 69.4 
PF00009.10000.fasta 76.4 81.9 28.7 42.1 
PF05746.10000.fasta 85.1 85.2 67.2 76.3 
PF00687.10000.fasta 77.9 79.6 55.7 55.5 
PF00084.10000.fasta 88.6 89.1 74.6 79.5 
PF13365.10000.fasta 29.5 35.4 0.0 0.0 
PF13378.10000.fasta 72.5 74.1 18.4 21.6 
PF07654.10000.fasta 88.6 88.8 75.0 76.5 
PF00079.10000.fasta 93.6 93.8 83.4 86.7 
PF02836.10000.fasta 89.4 91.7 69.4 80.9 
PF07679.10000.fasta 84.2 84.7 49.0 61.0 
PF00313.10000.fasta 80.8 82.7 52.3 52.6 
PF01381.10000.fasta 67.2 68.2 18.3 21.0 
PF00970.10000.fasta 66.7 68.6 11.5 13.4 
PF04082.10000.fasta 18.8 35.7 0.0 0.0 
PF14604.10000.fasta 83.6 85.4 38.1 47.8 
PF00018.10000.fasta 85.9 87.8 4.7 0.1 
PF03129.10000.fasta 96.4 96.9 55.1 60.4 
PF00037.10000.fasta 87.7 90.1 69.0 72.6 
PF07686.10000.fasta 88.6 89.9 21.5 24.3 
PF00224.10000.fasta 93.7 93.6 72.2 76.9 
