PF00450.10000.fasta 80.2 82.7 45.7 58.4 
PF13393.10000.fasta 35.3 38.8 0.0 0.0 
PF00476.10000.fasta 93.7 95.4 79.3 83.2 
PF00625.10000.fasta 33.6 38.9 0.0 0.0 
PF00078.10000.fasta 87.7 90.1 73.5 74.3 
PF01814.10000.fasta 84.6 86.7 68.1 74.9 
PF13522.10000.fasta 66.5 69.7 21.7 27.8 
PF02878.10000.fasta 80.5 82.5 61.5 64.8 
PF00505.10000.fasta 97.0 97.1 81.4 84.3 
PF02777.10000.fasta 91.4 95.8 68.3 70.5 
PF00009.10000.fasta 73.8 81.2 26.2 38.0 
PF05746.10000.fasta 84.6 84.9 67.2 76.3 
PF00687.10000.fasta 77.5 79.7 57.5 58.1 
PF00084.10000.fasta 91.0 91.0 81.4 83.7 
PF13365.10000.fasta 19.6 22.8 0.0 0.0 
PF13378.10000.fasta 63.9 67.0 24.5 28.4 
PF07654.10000.fasta 89.8 90.0 77.4 79.0 
PF00079.10000.fasta 91.8 93.1 79.7 83.7 
PF02836.10000.fasta 91.5 92.8 74.5 86.9 
PF07679.10000.fasta 80.4 81.5 39.0 48.6 
PF00313.10000.fasta 80.8 82.7 52.3 52.6 
PF01381.10000.fasta 67.2 67.9 18.3 21.0 
PF00970.10000.fasta 67.5 68.1 16.7 19.5 
PF04082.10000.fasta 52.6 54.1 33.7 40.6 
PF14604.10000.fasta 82.5 83.6 41.3 47.5 
PF00018.10000.fasta 86.1 88.2 4.7 0.1 
PF03129.10000.fasta 97.6 97.8 55.1 60.4 
PF00037.10000.fasta 88.5 91.5 58.6 70.9 
PF07686.10000.fasta 88.7 90.7 19.6 22.1 
PF00224.10000.fasta 92.1 92.6 68.1 73.0 
