PF00450.10000.fasta 80.6 82.3 47.3 60.5 
PF13393.10000.fasta 42.2 43.4 4.6 7.1 
PF00476.10000.fasta 94.3 95.8 79.8 83.5 
PF00625.10000.fasta 37.4 36.5 0.0 0.0 
PF00078.10000.fasta 95.4 96.7 85.9 86.8 
PF01814.10000.fasta 78.4 79.8 51.7 58.1 
PF13522.10000.fasta 67.7 69.8 25.6 32.8 
PF02878.10000.fasta 73.2 75.3 51.9 54.8 
PF00505.10000.fasta 97.3 97.5 84.3 87.3 
PF02777.10000.fasta 91.5 96.0 68.3 70.5 
PF00009.10000.fasta 77.5 83.9 29.7 41.5 
PF05746.10000.fasta 84.4 84.5 67.2 76.3 
PF00687.10000.fasta 78.4 80.3 59.9 59.8 
PF00084.10000.fasta 90.1 90.1 79.7 81.9 
PF13365.10000.fasta 30.3 35.3 0.0 0.0 
PF13378.10000.fasta 69.0 71.0 17.9 20.4 
PF07654.10000.fasta 86.9 88.2 72.6 74.1 
PF00079.10000.fasta 92.3 93.5 80.3 84.0 
PF02836.10000.fasta 87.7 89.5 66.4 77.3 
PF07679.10000.fasta 84.2 84.7 49.0 61.0 
PF00313.10000.fasta 82.0 84.0 55.4 55.7 
PF01381.10000.fasta 67.2 67.9 18.3 21.0 
PF00970.10000.fasta 67.4 67.9 16.1 18.8 
PF04082.10000.fasta 51.9 53.3 16.9 16.7 
PF14604.10000.fasta 72.2 74.2 25.4 29.8 
PF00018.10000.fasta 86.1 88.0 4.7 0.1 
PF03129.10000.fasta 97.0 97.4 55.1 60.4 
PF00037.10000.fasta 87.7 90.8 69.0 72.6 
PF07686.10000.fasta 89.3 90.4 37.4 42.2 
PF00224.10000.fasta 91.8 92.4 68.1 73.4 
