PF00450.10000.fasta 80.5 83.1 46.1 59.0 
PF13393.10000.fasta 36.0 38.4 0.0 0.0 
PF00476.10000.fasta 94.1 94.6 78.8 82.7 
PF00625.10000.fasta 39.3 39.2 0.4 0.6 
PF00078.10000.fasta 84.9 89.3 73.5 74.3 
PF01814.10000.fasta 87.4 88.4 70.7 79.4 
PF13522.10000.fasta 67.9 70.9 24.8 31.8 
PF02878.10000.fasta 80.4 82.7 62.2 66.0 
PF00505.10000.fasta 97.2 97.3 81.4 84.3 
PF02777.10000.fasta 91.5 97.0 68.3 70.5 
PF00009.10000.fasta 76.7 82.6 29.7 42.0 
PF05746.10000.fasta 85.2 85.9 67.2 76.3 
PF00687.10000.fasta 75.0 76.1 49.7 48.7 
PF00084.10000.fasta 88.6 89.1 74.6 79.5 
PF13365.10000.fasta 29.0 33.1 0.0 0.0 
PF13378.10000.fasta 73.8 75.5 24.1 27.8 
PF07654.10000.fasta 80.0 81.2 59.5 60.6 
PF00079.10000.fasta 91.8 92.5 81.8 84.5 
PF02836.10000.fasta 87.1 90.3 66.7 77.7 
PF07679.10000.fasta 84.0 85.4 47.0 58.6 
PF00313.10000.fasta 82.0 84.0 55.4 55.7 
PF01381.10000.fasta 66.0 66.7 18.3 21.0 
PF00970.10000.fasta 67.5 67.8 16.1 18.8 
PF04082.10000.fasta 53.6 54.6 19.9 21.5 
PF14604.10000.fasta 81.3 83.6 34.9 45.3 
PF00018.10000.fasta 85.9 87.5 0.0 0.0 
PF03129.10000.fasta 96.6 97.2 55.1 60.4 
PF00037.10000.fasta 88.0 89.9 69.0 72.6 
PF07686.10000.fasta 88.9 90.0 23.4 26.3 
PF00224.10000.fasta 93.0 93.3 69.4 74.4 
