PF00450.10000.fasta 80.2 82.8 47.9 61.0 
PF13393.10000.fasta 44.1 45.3 10.1 15.7 
PF00476.10000.fasta 94.7 95.5 81.9 85.4 
PF00625.10000.fasta 44.2 42.7 0.0 0.0 
PF00078.10000.fasta 87.9 90.9 76.5 77.2 
PF01814.10000.fasta 73.1 74.2 41.4 47.0 
PF13522.10000.fasta 66.9 70.6 24.8 31.8 
PF02878.10000.fasta 80.7 81.5 61.5 65.2 
PF00505.10000.fasta 97.6 97.7 84.3 87.3 
PF02777.10000.fasta 91.2 96.8 68.3 70.5 
PF00009.10000.fasta 77.0 81.0 25.1 33.7 
PF05746.10000.fasta 83.9 84.9 64.1 72.8 
PF00687.10000.fasta 54.5 82.9 22.8 24.2 
PF00084.10000.fasta 88.6 89.1 74.6 79.5 
PF13365.10000.fasta 32.0 37.8 0.0 0.0 
PF13378.10000.fasta 69.5 71.9 18.9 21.6 
PF07654.10000.fasta 85.1 85.8 69.0 70.4 
PF00079.10000.fasta 93.5 94.2 85.2 87.6 
PF02836.10000.fasta 87.4 90.1 68.8 80.2 
PF07679.10000.fasta 85.9 86.5 52.0 64.8 
PF00313.10000.fasta 82.0 84.0 55.4 55.7 
PF01381.10000.fasta 69.3 70.1 18.3 21.0 
PF00970.10000.fasta 66.2 68.3 10.9 12.8 
PF04082.10000.fasta 22.7 43.9 0.0 0.0 
PF14604.10000.fasta 85.3 85.6 44.4 50.0 
PF00018.10000.fasta 85.8 88.5 4.7 0.1 
PF03129.10000.fasta 96.9 97.3 57.1 62.7 
PF00037.10000.fasta 89.9 92.3 79.3 77.7 
PF07686.10000.fasta 88.5 89.5 15.0 16.9 
PF00224.10000.fasta 93.0 92.9 71.8 76.4 
