PF00450.10000.fasta 79.5 81.6 47.5 60.6 
PF13393.10000.fasta 47.3 49.1 11.0 17.1 
PF00476.10000.fasta 94.0 96.1 80.1 83.7 
PF00625.10000.fasta 40.3 39.0 0.0 0.0 
PF00078.10000.fasta 91.5 94.8 77.1 77.8 
PF01814.10000.fasta 82.2 84.9 58.6 65.9 
PF13522.10000.fasta 66.2 69.5 24.0 30.8 
PF02878.10000.fasta 75.9 78.4 56.3 59.6 
PF00505.10000.fasta 97.0 97.1 81.4 84.3 
PF02777.10000.fasta 91.7 96.6 68.3 70.5 
PF00009.10000.fasta 76.0 84.7 28.0 42.0 
PF05746.10000.fasta 85.2 85.4 67.2 76.3 
PF00687.10000.fasta 78.5 79.5 53.3 54.1 
PF00084.10000.fasta 87.0 88.9 74.6 79.5 
PF13365.10000.fasta 31.1 37.0 0.0 0.0 
PF13378.10000.fasta 72.5 74.3 18.4 21.0 
PF07654.10000.fasta 88.8 89.0 75.0 77.1 
PF00079.10000.fasta 94.3 94.6 85.8 87.8 
PF02836.10000.fasta 91.6 92.7 74.5 86.9 
PF07679.10000.fasta 83.6 85.0 48.0 59.8 
PF00313.10000.fasta 80.8 82.7 52.3 52.6 
PF01381.10000.fasta 68.1 68.7 18.3 21.0 
PF00970.10000.fasta 68.0 68.2 16.1 18.8 
PF04082.10000.fasta 53.1 54.1 20.7 24.9 
PF14604.10000.fasta 76.6 77.6 23.8 24.4 
PF00018.10000.fasta 86.2 88.2 4.7 0.1 
PF03129.10000.fasta 96.5 97.1 57.1 62.7 
PF00037.10000.fasta 90.5 92.5 79.3 77.7 
PF07686.10000.fasta 88.7 90.6 34.6 39.0 
PF00224.10000.fasta 92.8 92.9 71.3 76.0 
