PF00450.10000.fasta 80.7 82.6 46.9 59.9 
PF13393.10000.fasta 42.0 43.8 7.5 11.7 
PF00476.10000.fasta 94.3 95.3 81.3 84.8 
PF00625.10000.fasta 43.5 42.2 0.0 0.0 
PF00078.10000.fasta 88.7 91.5 76.5 77.2 
PF01814.10000.fasta 79.5 82.4 53.4 60.0 
PF13522.10000.fasta 66.6 71.8 25.6 32.8 
PF02878.10000.fasta 80.5 83.3 63.0 66.8 
PF00505.10000.fasta 97.2 97.3 81.4 84.3 
PF02777.10000.fasta 90.8 95.8 68.3 70.5 
PF00009.10000.fasta 74.7 80.3 24.4 34.7 
PF05746.10000.fasta 85.0 85.4 67.2 76.3 
PF00687.10000.fasta 74.2 75.9 55.7 55.3 
PF00084.10000.fasta 88.9 88.9 79.7 81.9 
PF13365.10000.fasta 29.8 34.7 0.0 0.0 
PF13378.10000.fasta 73.8 75.2 19.3 22.2 
PF07654.10000.fasta 84.5 86.1 67.9 69.2 
PF00079.10000.fasta 91.8 93.1 80.0 83.8 
PF02836.10000.fasta 92.0 93.1 74.2 86.5 
PF07679.10000.fasta 83.5 85.1 47.0 58.6 
PF00313.10000.fasta 82.2 84.0 55.4 55.7 
PF01381.10000.fasta 67.3 68.0 18.3 21.0 
PF00970.10000.fasta 67.2 67.6 16.1 18.8 
PF04082.10000.fasta 52.6 56.4 26.8 29.1 
PF14604.10000.fasta 71.3 74.3 25.4 29.8 
PF00018.10000.fasta 85.8 93.4 7.0 7.7 
PF03129.10000.fasta 97.2 97.6 57.1 62.7 
PF00037.10000.fasta 88.0 89.9 69.0 72.6 
PF07686.10000.fasta 90.4 91.4 36.4 41.3 
PF00224.10000.fasta 92.6 92.6 71.8 76.5 
