PF00450.10000.fasta 79.5 81.3 47.5 60.7 
PF13393.10000.fasta 38.9 40.0 2.9 4.5 
PF00476.10000.fasta 94.0 94.6 78.2 82.2 
PF00625.10000.fasta 42.3 40.7 0.0 0.0 
PF00078.10000.fasta 84.6 88.8 74.1 74.9 
PF01814.10000.fasta 72.5 73.7 40.5 46.0 
PF13522.10000.fasta 73.9 75.5 25.6 32.8 
PF02878.10000.fasta 74.4 76.8 53.3 56.0 
PF00505.10000.fasta 97.6 97.7 84.3 87.3 
PF02777.10000.fasta 90.9 96.6 68.3 70.5 
PF00009.10000.fasta 76.2 81.6 27.2 38.8 
PF05746.10000.fasta 84.5 85.1 67.2 76.3 
PF00687.10000.fasta 79.2 81.7 56.9 58.3 
PF00084.10000.fasta 88.6 89.1 74.6 79.5 
PF13365.10000.fasta 35.1 40.7 0.0 0.0 
PF13378.10000.fasta 70.0 71.7 17.5 19.9 
PF07654.10000.fasta 88.2 89.4 75.0 76.5 
PF00079.10000.fasta 92.3 92.8 80.9 84.5 
PF02836.10000.fasta 87.9 89.2 68.2 79.5 
PF07679.10000.fasta 84.8 85.4 50.0 62.3 
PF00313.10000.fasta 80.8 82.7 52.3 52.6 
PF01381.10000.fasta 67.4 67.9 18.3 21.0 
PF00970.10000.fasta 66.6 68.5 11.5 13.4 
PF04082.10000.fasta 60.5 61.2 32.6 36.0 
PF14604.10000.fasta 77.6 79.4 34.9 45.3 
PF00018.10000.fasta 86.3 88.0 4.7 0.1 
PF03129.10000.fasta 96.5 97.0 57.1 62.7 
PF00037.10000.fasta 88.2 91.7 58.6 70.9 
PF07686.10000.fasta 87.7 89.4 15.0 16.9 
PF00224.10000.fasta 92.9 93.5 69.0 74.3 
