PF00450.10000.fasta 79.5 82.1 45.1 57.8 
PF13393.10000.fasta 43.0 44.2 10.1 15.7 
PF00476.10000.fasta 94.5 95.6 80.6 84.3 
PF00625.10000.fasta 40.9 39.9 0.0 0.0 
PF00078.10000.fasta 87.8 90.6 78.2 79.0 
PF01814.10000.fasta 78.2 79.5 54.3 60.3 
PF13522.10000.fasta 73.0 75.0 24.8 31.8 
PF02878.10000.fasta 80.1 81.0 60.7 64.4 
PF00505.10000.fasta 97.6 97.7 84.3 87.3 
PF02777.10000.fasta 91.0 96.1 68.3 70.5 
PF00009.10000.fasta 76.8 84.2 30.1 41.1 
PF05746.10000.fasta 84.9 85.6 67.2 76.3 
PF00687.10000.fasta 71.3 72.7 49.1 49.6 
PF00084.10000.fasta 90.1 90.1 79.7 81.9 
PF13365.10000.fasta 24.6 30.1 0.0 0.0 
PF13378.10000.fasta 70.0 73.1 22.6 26.1 
PF07654.10000.fasta 88.8 89.0 75.0 77.1 
PF00079.10000.fasta 93.2 93.5 81.8 85.6 
PF02836.10000.fasta 92.1 92.8 73.6 85.8 
PF07679.10000.fasta 83.2 84.0 50.0 62.3 
PF00313.10000.fasta 82.0 84.0 55.4 55.7 
PF01381.10000.fasta 69.7 70.5 18.3 21.0 
PF00970.10000.fasta 65.7 67.7 6.3 7.2 
PF04082.10000.fasta 56.0 56.8 24.5 26.3 
PF14604.10000.fasta 76.6 79.3 31.7 32.1 
PF00018.10000.fasta 85.9 87.5 0.0 0.0 
PF03129.10000.fasta 96.6 97.1 55.1 60.4 
PF00037.10000.fasta 90.2 92.7 79.3 77.7 
PF07686.10000.fasta 87.1 89.1 15.0 16.9 
PF00224.10000.fasta 93.3 93.3 74.1 78.9 
