PF00450.10000.fasta 80.9 83.4 47.5 60.6 
PF13393.10000.fasta 37.2 40.8 0.0 0.0 
PF00476.10000.fasta 94.2 95.2 79.8 83.8 
PF00625.10000.fasta 30.5 36.5 0.0 0.0 
PF00078.10000.fasta 88.7 91.0 77.6 78.4 
PF01814.10000.fasta 83.5 84.6 60.3 67.9 
PF13522.10000.fasta 62.1 67.0 20.9 25.8 
PF02878.10000.fasta 79.7 81.9 61.5 65.2 
PF00505.10000.fasta 97.0 97.3 80.0 82.8 
PF02777.10000.fasta 90.6 96.1 66.3 68.4 
PF00009.10000.fasta 76.4 82.1 28.0 40.9 
PF05746.10000.fasta 84.7 85.0 67.2 76.3 
PF00687.10000.fasta 76.0 77.8 56.9 56.6 
PF00084.10000.fasta 88.9 90.5 76.3 81.3 
PF13365.10000.fasta 27.5 31.6 0.0 0.0 
PF13378.10000.fasta 60.9 64.1 19.3 21.8 
PF07654.10000.fasta 88.6 88.8 75.0 76.5 
PF00079.10000.fasta 91.2 92.2 79.4 83.2 
PF02836.10000.fasta 92.2 93.2 75.2 87.6 
PF07679.10000.fasta 80.4 81.2 40.0 49.8 
PF00313.10000.fasta 82.0 84.0 55.4 55.7 
PF01381.10000.fasta 68.4 68.9 18.3 21.0 
PF00970.10000.fasta 66.7 67.9 10.3 12.1 
PF04082.10000.fasta 41.6 43.3 12.6 15.2 
PF14604.10000.fasta 79.5 80.9 31.7 32.1 
PF00018.10000.fasta 86.0 87.8 4.7 0.1 
PF03129.10000.fasta 96.1 96.6 53.1 58.1 
PF00037.10000.fasta 87.7 90.1 69.0 72.6 
PF07686.10000.fasta 89.0 91.2 15.0 16.9 
PF00224.10000.fasta 92.8 93.2 67.1 72.1 
