PF00450.10000.fasta 79.5 82.2 46.1 58.8 
PF13393.10000.fasta 37.8 41.4 0.0 0.0 
PF00476.10000.fasta 94.1 95.5 79.3 83.0 
PF00625.10000.fasta 36.9 39.9 0.0 0.0 
PF00078.10000.fasta 86.3 89.8 75.3 76.0 
PF01814.10000.fasta 83.8 86.3 60.3 67.9 
PF13522.10000.fasta 65.3 68.5 21.7 27.8 
PF02878.10000.fasta 81.6 82.7 63.7 67.5 
PF00505.10000.fasta 97.2 97.7 82.9 85.8 
PF02777.10000.fasta 91.1 96.8 66.3 68.4 
PF00009.10000.fasta 77.1 84.2 28.7 41.7 
PF05746.10000.fasta 85.2 86.1 67.2 76.3 
PF00687.10000.fasta 78.8 80.1 56.9 56.6 
PF00084.10000.fasta 88.6 89.1 74.6 79.5 
PF13365.10000.fasta 25.3 30.9 0.0 0.0 
PF13378.10000.fasta 61.9 65.5 19.8 22.7 
PF07654.10000.fasta 85.1 86.3 70.2 72.2 
PF00079.10000.fasta 93.8 94.1 84.9 86.9 
PF02836.10000.fasta 88.0 90.9 69.1 80.5 
PF07679.10000.fasta 81.8 82.4 43.0 53.6 
PF00313.10000.fasta 82.0 84.0 55.4 55.7 
PF01381.10000.fasta 69.0 70.0 18.3 21.0 
PF00970.10000.fasta 67.1 67.8 15.5 18.1 
PF04082.10000.fasta 61.5 62.7 36.4 43.8 
PF14604.10000.fasta 73.0 74.9 25.4 29.8 
PF00018.10000.fasta 85.7 87.6 4.7 0.1 
PF03129.10000.fasta 96.9 97.4 55.1 60.4 
PF00037.10000.fasta 87.7 90.1 69.0 72.6 
PF07686.10000.fasta 87.5 89.6 15.9 17.8 
PF00224.10000.fasta 92.3 92.8 68.5 73.4 
