PF00450.10000.fasta 80.0 82.3 46.9 59.6 
PF13393.10000.fasta 34.8 38.2 0.0 0.0 
PF00476.10000.fasta 94.2 95.7 78.8 82.6 
PF00625.10000.fasta 31.9 37.0 0.0 0.0 
PF00078.10000.fasta 87.9 90.6 75.9 76.6 
PF01814.10000.fasta 80.1 82.0 51.7 58.1 
PF13522.10000.fasta 63.6 68.3 21.7 27.8 
PF02878.10000.fasta 81.6 83.1 63.7 67.5 
PF00505.10000.fasta 97.2 97.3 81.4 84.3 
PF02777.10000.fasta 90.5 95.9 66.3 68.4 
PF00009.10000.fasta 76.2 83.0 27.2 40.7 
PF05746.10000.fasta 85.0 86.0 67.2 76.3 
PF00687.10000.fasta 79.6 80.4 56.3 55.9 
PF00084.10000.fasta 90.1 90.1 79.7 81.9 
PF13365.10000.fasta 31.0 35.6 0.0 0.0 
PF13378.10000.fasta 60.9 64.5 19.8 22.7 
PF07654.10000.fasta 85.9 87.7 71.4 72.9 
PF00079.10000.fasta 90.2 91.0 77.2 81.7 
PF02836.10000.fasta 89.6 91.7 70.6 82.3 
PF07679.10000.fasta 81.8 82.5 40.0 49.8 
PF00313.10000.fasta 82.0 84.0 55.4 55.7 
PF01381.10000.fasta 69.3 70.2 18.3 21.0 
PF00970.10000.fasta 67.1 67.8 16.7 19.5 
PF04082.10000.fasta 53.5 54.9 19.9 23.6 
PF14604.10000.fasta 76.6 79.0 27.0 31.9 
PF00018.10000.fasta 85.8 87.8 4.7 0.1 
PF03129.10000.fasta 96.4 96.9 55.1 60.4 
PF00037.10000.fasta 87.7 90.1 69.0 72.6 
PF07686.10000.fasta 85.8 88.7 21.5 24.2 
PF00224.10000.fasta 93.0 93.3 67.1 72.1 
