PF00450.10000.fasta 80.8 83.4 47.1 60.2 
PF13393.10000.fasta 39.6 43.3 0.0 0.0 
PF00476.10000.fasta 94.2 95.4 79.8 83.8 
PF00625.10000.fasta 30.7 32.3 0.0 0.0 
PF00078.10000.fasta 88.4 91.9 77.1 77.8 
PF01814.10000.fasta 75.8 79.2 52.6 59.1 
PF13522.10000.fasta 64.4 69.3 21.7 27.8 
PF02878.10000.fasta 81.1 83.3 63.7 67.5 
PF00505.10000.fasta 97.1 97.3 82.9 85.8 
PF02777.10000.fasta 90.6 95.7 66.3 68.4 
PF00009.10000.fasta 74.6 80.5 24.7 38.3 
PF05746.10000.fasta 85.0 86.1 67.2 76.3 
PF00687.10000.fasta 80.2 81.0 56.9 56.6 
PF00084.10000.fasta 88.6 89.1 74.6 79.5 
PF13365.10000.fasta 28.6 33.4 0.0 0.0 
PF13378.10000.fasta 62.1 65.9 19.3 22.2 
PF07654.10000.fasta 86.9 88.2 72.6 74.1 
PF00079.10000.fasta 91.8 93.0 80.3 84.2 
PF02836.10000.fasta 86.3 89.3 65.8 76.6 
PF07679.10000.fasta 81.9 83.1 40.0 49.8 
PF00313.10000.fasta 81.0 82.8 52.3 52.6 
PF01381.10000.fasta 68.6 69.5 18.3 21.0 
PF00970.10000.fasta 67.2 67.9 16.7 19.5 
PF04082.10000.fasta 61.7 63.1 37.5 43.1 
PF14604.10000.fasta 72.7 74.5 27.0 31.9 
PF00018.10000.fasta 86.2 88.2 4.7 0.1 
PF03129.10000.fasta 96.4 96.8 55.1 60.4 
PF00037.10000.fasta 87.7 90.1 69.0 72.6 
PF07686.10000.fasta 86.5 89.2 21.5 24.2 
PF00224.10000.fasta 93.3 93.7 68.5 73.6 
