PF00450.10000.fasta 79.3 81.1 47.9 60.6 
PF13393.10000.fasta 42.6 44.5 10.1 15.7 
PF00476.10000.fasta 94.0 95.4 78.8 82.6 
PF00625.10000.fasta 40.2 40.2 5.3 8.4 
PF00078.10000.fasta 89.1 92.2 77.1 77.8 
PF01814.10000.fasta 89.3 90.2 71.6 80.5 
PF13522.10000.fasta 66.7 69.2 24.0 30.8 
PF02878.10000.fasta 77.1 80.7 59.3 62.8 
PF00505.10000.fasta 97.5 97.6 81.4 84.3 
PF02777.10000.fasta 91.2 96.6 67.3 69.4 
PF00009.10000.fasta 74.0 80.1 23.7 32.5 
PF05746.10000.fasta 84.4 85.0 66.4 75.4 
PF00687.10000.fasta 73.4 75.5 49.7 48.9 
PF00084.10000.fasta 88.6 89.1 74.6 79.5 
PF13365.10000.fasta 32.5 37.4 0.0 0.0 
PF13378.10000.fasta 74.3 76.1 24.1 27.8 
PF07654.10000.fasta 84.3 84.8 66.7 68.6 
PF00079.10000.fasta 92.8 93.3 81.8 85.4 
PF02836.10000.fasta 86.7 88.8 67.9 79.1 
PF07679.10000.fasta 84.7 85.6 49.0 61.0 
PF00313.10000.fasta 82.0 84.0 55.4 55.7 
PF01381.10000.fasta 66.3 66.8 18.3 21.0 
PF00970.10000.fasta 67.5 67.8 17.2 20.1 
PF04082.10000.fasta 50.5 51.7 13.0 15.7 
PF14604.10000.fasta 73.5 74.5 19.0 23.1 
PF00018.10000.fasta 86.2 87.7 0.0 0.0 
PF03129.10000.fasta 96.5 97.1 55.1 60.4 
PF00037.10000.fasta 88.0 89.9 69.0 72.6 
PF07686.10000.fasta 87.7 88.7 12.1 13.8 
PF00224.10000.fasta 92.5 92.4 71.8 76.4 
