PF00450.10000.fasta 80.1 82.9 46.3 59.0 
PF13393.10000.fasta 34.6 38.0 0.0 0.0 
PF00476.10000.fasta 93.8 94.8 78.0 81.8 
PF00625.10000.fasta 32.6 34.1 0.0 0.0 
PF00078.10000.fasta 90.2 92.2 75.9 76.6 
PF01814.10000.fasta 78.3 81.1 48.3 54.8 
PF13522.10000.fasta 68.2 70.9 20.2 25.8 
PF02878.10000.fasta 78.1 80.5 57.8 60.8 
PF00505.10000.fasta 97.4 97.7 82.9 85.8 
PF02777.10000.fasta 90.8 96.8 67.3 69.4 
PF00009.10000.fasta 74.3 80.6 28.0 39.1 
PF05746.10000.fasta 85.4 86.1 67.2 76.3 
PF00687.10000.fasta 73.4 75.1 52.1 51.5 
PF00084.10000.fasta 88.6 89.1 74.6 79.5 
PF13365.10000.fasta 28.9 33.5 0.0 0.0 
PF13378.10000.fasta 67.1 70.1 24.1 27.8 
PF07654.10000.fasta 89.8 90.0 77.4 79.0 
PF00079.10000.fasta 92.3 93.0 83.1 85.5 
PF02836.10000.fasta 87.9 89.8 68.8 80.2 
PF07679.10000.fasta 83.7 84.3 43.0 53.6 
PF00313.10000.fasta 82.0 84.0 55.4 55.7 
PF01381.10000.fasta 69.6 70.4 18.3 21.0 
PF00970.10000.fasta 67.3 67.8 15.5 18.1 
PF04082.10000.fasta 52.8 53.8 21.8 22.7 
PF14604.10000.fasta 79.1 80.8 31.7 32.1 
PF00018.10000.fasta 85.7 87.6 4.7 0.1 
PF03129.10000.fasta 96.6 97.1 55.1 60.4 
PF00037.10000.fasta 88.7 90.6 69.0 72.6 
PF07686.10000.fasta 87.7 89.9 15.9 17.8 
PF00224.10000.fasta 91.8 92.4 67.1 72.1 
