PF00450.10000.fasta 79.8 81.9 47.7 60.5 
PF13393.10000.fasta 36.1 39.8 0.0 0.0 
PF00476.10000.fasta 93.9 95.5 78.2 82.2 
PF00625.10000.fasta 36.7 35.3 0.0 0.0 
PF00078.10000.fasta 92.0 93.7 79.4 80.2 
PF01814.10000.fasta 79.6 82.0 52.6 58.4 
PF13522.10000.fasta 67.8 70.7 20.9 26.8 
PF02878.10000.fasta 82.1 83.3 64.4 68.3 
PF00505.10000.fasta 97.0 97.1 81.4 84.3 
PF02777.10000.fasta 92.0 96.5 68.3 70.5 
PF00009.10000.fasta 77.1 82.7 26.5 39.3 
PF05746.10000.fasta 85.0 86.0 67.2 76.3 
PF00687.10000.fasta 77.2 79.0 55.7 55.3 
PF00084.10000.fasta 88.6 89.1 74.6 79.5 
PF13365.10000.fasta 27.8 32.0 0.0 0.0 
PF13378.10000.fasta 63.3 66.8 19.3 22.2 
PF07654.10000.fasta 84.7 86.6 70.2 72.2 
PF00079.10000.fasta 93.5 93.7 84.0 86.7 
PF02836.10000.fasta 91.4 92.5 73.9 85.8 
PF07679.10000.fasta 82.2 83.3 39.0 48.6 
PF00313.10000.fasta 80.8 82.7 52.3 52.6 
PF01381.10000.fasta 69.1 69.7 18.3 21.0 
PF00970.10000.fasta 67.4 68.0 16.1 18.8 
PF04082.10000.fasta 47.5 48.8 21.1 22.1 
PF14604.10000.fasta 77.7 79.8 34.9 45.3 
PF00018.10000.fasta 85.9 87.8 4.7 0.1 
PF03129.10000.fasta 96.6 97.1 55.1 60.4 
PF00037.10000.fasta 87.6 90.3 69.0 72.6 
PF07686.10000.fasta 85.6 87.9 19.6 22.1 
PF00224.10000.fasta 91.7 92.3 66.7 71.6 
