PF00450.10000.fasta 79.1 81.4 47.7 60.9 
PF13393.10000.fasta 45.3 46.6 11.6 18.0 
PF00476.10000.fasta 93.9 95.4 78.5 82.4 
PF00625.10000.fasta 40.6 38.8 0.0 0.0 
PF00078.10000.fasta 90.9 92.8 78.2 78.8 
PF01814.10000.fasta 84.3 85.8 64.7 73.1 
PF13522.10000.fasta 66.7 69.9 25.6 32.8 
PF02878.10000.fasta 80.3 81.8 61.5 65.2 
PF00505.10000.fasta 97.2 97.3 81.4 84.3 
PF02777.10000.fasta 90.3 95.7 64.4 66.4 
PF00009.10000.fasta 77.6 83.4 26.9 41.2 
PF05746.10000.fasta 84.6 84.9 67.2 76.3 
PF00687.10000.fasta 79.4 80.4 56.3 55.9 
PF00084.10000.fasta 90.1 90.1 79.7 81.9 
PF13365.10000.fasta 32.9 37.2 0.0 0.0 
PF13378.10000.fasta 69.8 72.4 18.4 21.1 
PF07654.10000.fasta 83.9 84.6 65.5 67.3 
PF00079.10000.fasta 91.2 91.9 79.7 83.1 
PF02836.10000.fasta 92.3 93.2 75.2 87.6 
PF07679.10000.fasta 84.2 85.5 49.0 61.0 
PF00313.10000.fasta 82.0 84.0 55.4 55.7 
PF01381.10000.fasta 67.1 67.7 18.3 21.0 
PF00970.10000.fasta 67.7 68.0 16.1 18.8 
PF04082.10000.fasta 55.9 57.0 21.1 25.4 
PF14604.10000.fasta 73.5 74.3 19.0 23.1 
PF00018.10000.fasta 84.6 87.5 0.0 0.0 
PF03129.10000.fasta 96.4 97.0 55.1 60.4 
PF00037.10000.fasta 88.0 89.9 69.0 72.6 
PF07686.10000.fasta 88.5 89.6 12.1 13.8 
PF00224.10000.fasta 92.9 92.9 72.7 77.4 
