PF00450.10000.fasta 78.6 81.5 43.0 54.9 
PF13393.10000.fasta 42.6 44.2 0.0 0.0 
PF00476.10000.fasta 94.3 95.2 80.8 84.5 
PF00625.10000.fasta 36.6 36.8 0.0 0.0 
PF00078.10000.fasta 88.6 91.4 70.0 70.7 
PF01814.10000.fasta 74.1 75.0 41.4 47.0 
PF13522.10000.fasta 69.0 71.4 25.6 32.8 
PF02878.10000.fasta 79.6 80.7 60.7 64.0 
PF00505.10000.fasta 97.3 97.5 84.3 87.3 
PF02777.10000.fasta 91.0 96.1 68.3 70.5 
PF00009.10000.fasta 78.3 83.4 30.8 41.8 
PF05746.10000.fasta 84.7 84.9 67.2 76.3 
PF00687.10000.fasta 78.7 80.3 59.9 59.8 
PF00084.10000.fasta 87.3 87.9 74.6 79.5 
PF13365.10000.fasta 32.9 38.6 0.0 0.0 
PF13378.10000.fasta 71.9 73.8 24.1 27.8 
PF07654.10000.fasta 89.8 90.0 77.4 79.0 
PF00079.10000.fasta 90.5 91.6 77.8 82.0 
PF02836.10000.fasta 88.0 90.9 70.0 81.6 
PF07679.10000.fasta 84.8 85.2 51.0 63.5 
PF00313.10000.fasta 79.6 81.5 49.2 49.5 
PF01381.10000.fasta 67.9 68.4 18.3 21.0 
PF00970.10000.fasta 66.7 68.5 10.9 12.7 
PF04082.10000.fasta 27.4 43.2 0.0 0.0 
PF14604.10000.fasta 78.2 78.5 27.0 26.4 
PF00018.10000.fasta 85.7 87.6 4.7 0.1 
PF03129.10000.fasta 96.6 97.1 55.1 60.4 
PF00037.10000.fasta 87.6 90.3 69.0 72.6 
PF07686.10000.fasta 88.4 90.1 15.0 16.9 
PF00224.10000.fasta 92.6 92.9 68.5 73.3 
