PF00450.10000.fasta 80.8 82.9 48.5 61.7 
PF13393.10000.fasta 43.9 45.7 10.1 15.7 
PF00476.10000.fasta 94.4 95.5 80.1 83.9 
PF00625.10000.fasta 42.8 42.2 5.3 8.4 
PF00078.10000.fasta 87.8 91.1 77.1 77.8 
PF01814.10000.fasta 80.5 83.2 57.8 64.3 
PF13522.10000.fasta 66.6 68.9 24.0 30.8 
PF02878.10000.fasta 74.4 77.3 53.3 56.8 
PF00505.10000.fasta 97.6 97.7 84.3 87.3 
PF02777.10000.fasta 91.3 96.2 68.3 70.5 
PF00009.10000.fasta 76.6 82.0 28.7 42.1 
PF05746.10000.fasta 85.0 85.4 67.2 76.3 
PF00687.10000.fasta 73.4 75.1 51.5 51.0 
PF00084.10000.fasta 87.3 87.9 74.6 79.5 
PF13365.10000.fasta 31.8 38.3 0.0 0.0 
PF13378.10000.fasta 72.8 74.5 19.3 22.2 
PF07654.10000.fasta 84.9 85.6 69.0 70.4 
PF00079.10000.fasta 92.6 92.9 83.4 86.3 
PF02836.10000.fasta 88.3 90.6 68.8 80.2 
PF07679.10000.fasta 84.2 84.7 49.0 61.0 
PF00313.10000.fasta 80.8 82.7 52.3 52.6 
PF01381.10000.fasta 69.3 70.1 18.3 21.0 
PF00970.10000.fasta 66.6 68.5 10.9 12.8 
PF04082.10000.fasta 57.3 62.3 38.7 43.0 
PF14604.10000.fasta 78.7 80.6 34.9 45.3 
PF00018.10000.fasta 86.1 88.2 4.7 0.1 
PF03129.10000.fasta 96.9 97.4 55.1 60.4 
PF00037.10000.fasta 87.7 90.1 69.0 72.6 
PF07686.10000.fasta 87.8 89.7 15.0 16.9 
PF00224.10000.fasta 93.5 93.4 71.3 76.0 
