PF00450.10000.fasta 80.7 83.1 47.9 61.2 
PF13393.10000.fasta 36.2 40.1 0.0 0.0 
PF00476.10000.fasta 93.8 95.3 77.7 81.6 
PF00625.10000.fasta 31.5 38.0 0.0 0.0 
PF00078.10000.fasta 89.9 92.5 75.9 76.6 
PF01814.10000.fasta 82.8 84.5 67.2 76.0 
PF13522.10000.fasta 68.5 70.6 21.7 27.8 
PF02878.10000.fasta 81.7 83.2 63.7 67.2 
PF00505.10000.fasta 96.8 97.3 80.0 82.8 
PF02777.10000.fasta 91.3 96.7 67.3 69.4 
PF00009.10000.fasta 76.3 82.4 21.1 33.7 
PF05746.10000.fasta 84.5 85.1 67.2 76.3 
PF00687.10000.fasta 79.0 80.9 58.1 58.7 
PF00084.10000.fasta 88.6 89.1 74.6 79.5 
PF13365.10000.fasta 26.2 30.1 0.0 0.0 
PF13378.10000.fasta 64.8 67.9 24.5 28.4 
PF07654.10000.fasta 88.2 89.4 75.0 76.5 
PF00079.10000.fasta 91.6 92.3 79.1 82.8 
PF02836.10000.fasta 87.3 89.0 69.4 80.5 
PF07679.10000.fasta 82.3 83.4 39.0 48.6 
PF00313.10000.fasta 82.7 84.1 55.4 55.7 
PF01381.10000.fasta 68.0 68.5 18.3 21.0 
PF00970.10000.fasta 66.7 67.9 9.8 11.4 
PF04082.10000.fasta 53.6 55.3 19.5 23.5 
PF14604.10000.fasta 79.1 80.3 22.2 22.9 
PF00018.10000.fasta 85.7 87.6 0.0 0.0 
PF03129.10000.fasta 97.1 97.5 57.1 62.7 
PF00037.10000.fasta 88.0 89.9 69.0 72.6 
PF07686.10000.fasta 87.1 89.8 15.9 17.8 
PF00224.10000.fasta 92.7 93.4 68.1 73.0 
