PF00450.10000.fasta 80.4 82.1 47.3 60.7 
PF13393.10000.fasta 39.2 39.7 7.2 11.3 
PF00476.10000.fasta 94.4 95.7 81.1 84.9 
PF00625.10000.fasta 40.8 41.3 0.0 0.0 
PF00078.10000.fasta 86.8 90.9 74.1 74.9 
PF01814.10000.fasta 88.6 89.8 71.6 80.6 
PF13522.10000.fasta 73.8 76.2 24.8 31.8 
PF02878.10000.fasta 72.3 74.6 50.4 54.0 
PF00505.10000.fasta 97.2 97.3 81.4 84.3 
PF02777.10000.fasta 91.1 96.4 67.3 69.4 
PF00009.10000.fasta 76.4 82.7 28.3 40.6 
PF05746.10000.fasta 85.2 85.8 67.2 76.3 
PF00687.10000.fasta 76.5 78.2 56.9 56.6 
PF00084.10000.fasta 88.6 89.1 74.6 79.5 
PF13365.10000.fasta 28.1 33.7 0.0 0.0 
PF13378.10000.fasta 73.2 74.8 19.3 22.2 
PF07654.10000.fasta 89.8 90.0 77.4 79.0 
PF00079.10000.fasta 92.6 93.0 84.3 87.0 
PF02836.10000.fasta 89.7 91.2 70.6 81.9 
PF07679.10000.fasta 84.1 85.7 47.0 58.6 
PF00313.10000.fasta 82.7 84.1 55.4 55.7 
PF01381.10000.fasta 68.1 68.7 18.3 21.0 
PF00970.10000.fasta 67.7 67.9 16.1 18.8 
PF04082.10000.fasta 48.3 52.0 19.5 23.5 
PF14604.10000.fasta 73.5 75.4 27.0 31.9 
PF00018.10000.fasta 86.1 88.2 4.7 0.1 
PF03129.10000.fasta 96.5 97.1 57.1 62.7 
PF00037.10000.fasta 90.5 92.5 79.3 77.7 
PF07686.10000.fasta 87.4 88.8 12.1 13.8 
PF00224.10000.fasta 93.3 93.2 71.3 76.0 
