PF00450.10000.fasta 80.3 82.9 46.3 59.4 
PF13393.10000.fasta 42.0 43.7 9.9 15.3 
PF00476.10000.fasta 94.5 95.7 81.1 84.7 
PF00625.10000.fasta 37.1 36.3 0.0 0.0 
PF00078.10000.fasta 91.6 93.6 82.4 83.2 
PF01814.10000.fasta 79.5 82.8 53.4 58.7 
PF13522.10000.fasta 75.6 78.4 24.0 30.8 
PF02878.10000.fasta 80.9 82.1 63.0 66.4 
PF00505.10000.fasta 97.6 97.7 84.3 87.3 
PF02777.10000.fasta 90.2 95.9 68.3 70.5 
PF00009.10000.fasta 75.6 81.7 29.7 41.5 
PF05746.10000.fasta 85.1 85.5 67.2 76.3 
PF00687.10000.fasta 77.8 79.2 59.9 59.8 
PF00084.10000.fasta 89.5 90.0 76.3 81.3 
PF13365.10000.fasta 32.9 39.2 0.0 0.0 
PF13378.10000.fasta 70.0 71.7 20.3 23.3 
PF07654.10000.fasta 89.8 90.0 77.4 79.0 
PF00079.10000.fasta 90.5 90.9 77.8 82.1 
PF02836.10000.fasta 89.6 91.5 70.6 82.3 
PF07679.10000.fasta 84.9 85.5 49.0 61.0 
PF00313.10000.fasta 82.0 84.0 55.4 55.7 
PF01381.10000.fasta 68.3 68.9 18.3 21.0 
PF00970.10000.fasta 66.8 68.7 10.9 12.8 
PF04082.10000.fasta 21.3 42.7 0.0 0.0 
PF14604.10000.fasta 77.7 79.8 34.9 45.3 
PF00018.10000.fasta 85.9 87.8 4.7 0.1 
PF03129.10000.fasta 96.4 96.9 55.1 60.4 
PF00037.10000.fasta 87.6 90.3 69.0 72.6 
PF07686.10000.fasta 87.8 89.5 15.0 16.9 
PF00224.10000.fasta 92.5 92.4 71.3 76.0 
