PF00450.10000.fasta 80.8 82.7 47.7 60.9 
PF13393.10000.fasta 42.1 43.9 4.9 7.6 
PF00476.10000.fasta 94.1 95.7 80.1 83.7 
PF00625.10000.fasta 38.8 39.1 1.5 2.4 
PF00078.10000.fasta 85.5 90.1 75.3 76.0 
PF01814.10000.fasta 84.1 86.0 69.0 75.2 
PF13522.10000.fasta 69.1 71.3 25.6 32.8 
PF02878.10000.fasta 81.7 83.2 63.7 67.2 
PF00505.10000.fasta 97.2 97.3 81.4 84.3 
PF02777.10000.fasta 91.4 96.0 68.3 70.5 
PF00009.10000.fasta 73.5 81.6 23.7 35.4 
PF05746.10000.fasta 85.1 85.8 67.2 76.3 
PF00687.10000.fasta 81.2 82.4 59.9 59.8 
PF00084.10000.fasta 91.0 91.0 81.4 83.7 
PF13365.10000.fasta 31.1 35.0 0.0 0.0 
PF13378.10000.fasta 70.3 72.3 20.3 23.0 
PF07654.10000.fasta 89.8 90.0 77.4 79.0 
PF00079.10000.fasta 91.3 91.4 80.3 83.4 
PF02836.10000.fasta 90.1 91.6 70.0 81.2 
PF07679.10000.fasta 83.0 84.4 47.0 58.6 
PF00313.10000.fasta 80.8 82.7 52.3 52.6 
PF01381.10000.fasta 67.0 67.6 18.3 21.0 
PF00970.10000.fasta 67.6 68.0 16.1 18.8 
PF04082.10000.fasta 56.5 57.5 25.7 26.0 
PF14604.10000.fasta 80.6 81.6 39.7 49.8 
PF00018.10000.fasta 86.1 88.0 4.7 0.1 
PF03129.10000.fasta 97.0 97.5 55.1 60.4 
PF00037.10000.fasta 90.5 92.5 79.3 77.7 
PF07686.10000.fasta 86.8 88.9 12.1 13.8 
PF00224.10000.fasta 92.4 92.3 71.3 76.0 
