PF00450.10000.fasta 80.6 82.8 46.9 59.5 
PF13393.10000.fasta 35.8 39.1 0.0 0.0 
PF00476.10000.fasta 93.8 94.7 78.8 82.6 
PF00625.10000.fasta 34.3 38.1 0.0 0.0 
PF00078.10000.fasta 87.4 91.0 72.9 73.7 
PF01814.10000.fasta 78.7 80.4 55.2 60.6 
PF13522.10000.fasta 64.7 69.4 20.9 26.8 
PF02878.10000.fasta 74.4 77.0 54.1 57.2 
PF00505.10000.fasta 96.8 97.3 80.0 82.8 
PF02777.10000.fasta 90.8 96.9 66.3 68.4 
PF00009.10000.fasta 75.4 80.9 26.5 36.2 
PF05746.10000.fasta 84.8 84.9 67.2 76.3 
PF00687.10000.fasta 79.6 80.5 56.9 56.6 
PF00084.10000.fasta 90.1 90.1 79.7 81.9 
PF13365.10000.fasta 22.6 26.8 0.0 0.0 
PF13378.10000.fasta 61.1 64.0 19.3 22.2 
PF07654.10000.fasta 89.8 90.0 77.4 79.0 
PF00079.10000.fasta 91.1 91.9 79.7 83.1 
PF02836.10000.fasta 87.6 89.6 67.3 78.4 
PF07679.10000.fasta 82.5 83.3 40.0 49.8 
PF00313.10000.fasta 82.0 84.0 55.4 55.7 
PF01381.10000.fasta 69.6 70.4 18.3 21.0 
PF00970.10000.fasta 67.4 68.0 15.5 18.1 
PF04082.10000.fasta 69.0 70.9 50.6 57.7 
PF14604.10000.fasta 71.3 74.3 25.4 29.8 
PF00018.10000.fasta 86.0 87.8 4.7 0.1 
PF03129.10000.fasta 96.1 96.7 53.1 58.1 
PF00037.10000.fasta 87.7 90.1 69.0 72.6 
PF07686.10000.fasta 88.2 90.3 24.3 27.3 
PF00224.10000.fasta 92.3 92.8 69.4 74.4 
