PF00450.10000.fasta 80.9 83.0 49.1 62.5 
PF13393.10000.fasta 46.7 47.7 9.9 15.3 
PF00476.10000.fasta 95.2 95.1 81.3 85.4 
PF00625.10000.fasta 44.1 42.8 0.0 0.0 
PF00078.10000.fasta 87.1 91.1 76.5 77.2 
PF01814.10000.fasta 75.9 77.7 50.9 57.8 
PF13522.10000.fasta 70.5 72.7 24.0 30.8 
PF02878.10000.fasta 82.1 83.1 64.4 67.9 
PF00505.10000.fasta 97.0 97.1 81.4 84.3 
PF02777.10000.fasta 91.1 96.3 68.3 70.5 
PF00009.10000.fasta 76.1 79.9 29.0 36.2 
PF05746.10000.fasta 84.6 84.8 67.2 76.3 
PF00687.10000.fasta 77.0 78.7 59.9 59.8 
PF00084.10000.fasta 91.0 91.0 81.4 83.7 
PF13365.10000.fasta 29.1 34.7 0.0 0.0 
PF13378.10000.fasta 72.7 74.3 18.9 21.6 
PF07654.10000.fasta 88.6 88.8 75.0 76.5 
PF00079.10000.fasta 92.9 93.3 82.8 86.7 
PF02836.10000.fasta 91.7 92.3 74.5 86.9 
PF07679.10000.fasta 85.1 85.7 49.0 61.0 
PF00313.10000.fasta 82.0 84.0 55.4 55.7 
PF01381.10000.fasta 68.5 69.3 18.3 21.0 
PF00970.10000.fasta 66.9 68.8 12.1 14.1 
PF04082.10000.fasta 50.7 51.9 16.9 16.7 
PF14604.10000.fasta 79.1 80.8 31.7 32.1 
PF00018.10000.fasta 85.9 88.1 0.0 0.0 
PF03129.10000.fasta 96.6 97.1 55.1 60.4 
PF00037.10000.fasta 87.7 90.1 69.0 72.6 
PF07686.10000.fasta 88.6 89.8 23.4 26.4 
PF00224.10000.fasta 92.8 92.8 71.8 76.9 
