PF00450.10000.fasta 80.6 82.8 46.9 59.8 
PF13393.10000.fasta 36.7 39.0 0.0 0.0 
PF00476.10000.fasta 93.8 95.4 78.8 82.7 
PF00625.10000.fasta 41.0 40.4 0.0 0.0 
PF00078.10000.fasta 88.4 91.4 78.8 79.6 
PF01814.10000.fasta 78.1 80.9 51.7 58.8 
PF13522.10000.fasta 69.1 71.1 24.8 31.8 
PF02878.10000.fasta 83.2 84.4 66.7 70.7 
PF00505.10000.fasta 97.6 97.7 84.3 87.3 
PF02777.10000.fasta 90.4 95.9 66.3 68.4 
PF00009.10000.fasta 76.8 82.9 28.3 40.0 
PF05746.10000.fasta 84.5 84.8 67.2 76.3 
PF00687.10000.fasta 80.3 81.5 56.9 56.6 
PF00084.10000.fasta 87.7 88.2 72.9 77.7 
PF13365.10000.fasta 31.2 36.1 0.0 0.0 
PF13378.10000.fasta 72.4 74.2 19.3 22.2 
PF07654.10000.fasta 83.9 84.6 66.7 68.6 
PF00079.10000.fasta 92.5 92.9 80.9 84.7 
PF02836.10000.fasta 90.7 91.4 72.4 84.4 
PF07679.10000.fasta 84.8 85.4 49.0 61.0 
PF00313.10000.fasta 81.4 82.8 52.3 52.6 
PF01381.10000.fasta 68.9 69.8 18.3 21.0 
PF00970.10000.fasta 66.6 68.6 12.1 14.1 
PF04082.10000.fasta 22.5 45.7 0.0 0.0 
PF14604.10000.fasta 73.5 75.4 27.0 31.9 
PF00018.10000.fasta 86.3 87.9 0.0 0.0 
PF03129.10000.fasta 96.7 97.2 57.1 62.7 
PF00037.10000.fasta 87.4 89.7 69.0 72.6 
PF07686.10000.fasta 88.7 90.5 39.3 44.3 
PF00224.10000.fasta 93.2 93.1 71.8 76.4 
