PF00450.10000.fasta 79.3 81.5 46.1 59.0 
PF13393.10000.fasta 43.1 45.0 4.9 7.6 
PF00476.10000.fasta 94.1 95.8 79.8 83.5 
PF00625.10000.fasta 35.1 36.8 0.0 0.0 
PF00078.10000.fasta 91.7 94.0 79.4 80.2 
PF01814.10000.fasta 85.5 87.0 69.0 77.3 
PF13522.10000.fasta 69.2 71.2 20.2 25.8 
PF02878.10000.fasta 70.5 72.8 45.9 49.3 
PF00505.10000.fasta 97.2 97.3 81.4 84.3 
PF02777.10000.fasta 92.7 96.5 69.3 71.5 
PF00009.10000.fasta 75.0 80.8 25.8 36.0 
PF05746.10000.fasta 84.7 84.9 67.2 76.3 
PF00687.10000.fasta 73.8 76.1 48.5 48.5 
PF00084.10000.fasta 88.6 89.1 74.6 79.5 
PF13365.10000.fasta 29.7 33.9 0.0 0.0 
PF13378.10000.fasta 69.4 72.2 24.1 27.8 
PF07654.10000.fasta 83.5 85.2 66.7 68.0 
PF00079.10000.fasta 90.9 91.4 78.8 82.8 
PF02836.10000.fasta 92.3 93.8 75.2 87.6 
PF07679.10000.fasta 80.5 81.9 41.0 51.1 
PF00313.10000.fasta 80.8 82.7 52.3 52.6 
PF01381.10000.fasta 67.1 67.6 18.3 21.0 
PF00970.10000.fasta 67.2 67.8 16.1 18.8 
PF04082.10000.fasta 54.8 55.8 21.1 25.4 
PF14604.10000.fasta 85.0 86.2 39.7 49.8 
PF00018.10000.fasta 86.3 87.7 0.0 0.0 
PF03129.10000.fasta 96.8 97.3 55.1 60.4 
PF00037.10000.fasta 88.0 89.9 69.0 72.6 
PF07686.10000.fasta 89.1 90.4 30.8 34.8 
PF00224.10000.fasta 93.0 93.4 67.6 72.6 
