PF00450.10000.fasta 80.9 83.5 46.5 59.0 
PF13393.10000.fasta 42.0 43.4 4.6 7.1 
PF00476.10000.fasta 94.1 95.2 79.8 83.6 
PF00625.10000.fasta 42.9 41.6 0.0 0.0 
PF00078.10000.fasta 85.9 89.1 70.0 70.7 
PF01814.10000.fasta 81.9 84.5 56.0 63.7 
PF13522.10000.fasta 74.5 76.6 25.6 32.8 
PF02878.10000.fasta 80.1 81.1 60.7 64.0 
PF00505.10000.fasta 97.3 97.5 84.3 87.3 
PF02777.10000.fasta 91.9 97.0 68.3 70.5 
PF00009.10000.fasta 73.7 78.6 23.7 32.5 
PF05746.10000.fasta 85.3 85.5 67.2 76.3 
PF00687.10000.fasta 80.6 81.5 59.3 59.3 
PF00084.10000.fasta 88.9 88.9 79.7 81.9 
PF13365.10000.fasta 30.9 36.7 0.0 0.0 
PF13378.10000.fasta 70.5 73.4 18.9 21.6 
PF07654.10000.fasta 86.9 88.2 72.6 74.1 
PF00079.10000.fasta 93.5 94.1 83.4 87.0 
PF02836.10000.fasta 87.0 89.1 65.5 76.3 
PF07679.10000.fasta 84.9 85.6 49.0 61.0 
PF00313.10000.fasta 80.8 82.7 52.3 52.6 
PF01381.10000.fasta 68.4 69.2 18.3 21.0 
PF00970.10000.fasta 66.6 68.5 10.9 12.8 
PF04082.10000.fasta 53.1 54.4 20.7 24.1 
PF14604.10000.fasta 77.4 80.1 27.0 31.9 
PF00018.10000.fasta 85.7 87.5 0.0 0.0 
PF03129.10000.fasta 96.4 97.0 55.1 60.4 
PF00037.10000.fasta 87.7 90.1 69.0 72.6 
PF07686.10000.fasta 88.9 90.6 21.5 24.3 
PF00224.10000.fasta 92.6 92.6 71.3 76.0 
