PF00450.10000.fasta 80.4 81.8 47.5 60.4 
PF13393.10000.fasta 44.2 45.9 4.6 7.1 
PF00476.10000.fasta 94.4 95.1 80.1 83.8 
PF00625.10000.fasta 40.7 39.5 0.0 0.0 
PF00078.10000.fasta 85.7 89.8 76.5 77.2 
PF01814.10000.fasta 86.0 87.9 69.8 78.9 
PF13522.10000.fasta 70.0 72.6 25.6 32.8 
PF02878.10000.fasta 81.7 82.8 63.7 67.2 
PF00505.10000.fasta 97.2 97.3 81.4 84.3 
PF02777.10000.fasta 91.2 96.8 68.3 70.5 
PF00009.10000.fasta 75.6 80.7 25.1 34.6 
PF05746.10000.fasta 84.6 84.8 67.2 76.3 
PF00687.10000.fasta 81.5 83.4 60.5 60.4 
PF00084.10000.fasta 87.3 87.9 74.6 79.5 
PF13365.10000.fasta 30.1 35.4 0.0 0.0 
PF13378.10000.fasta 68.2 70.5 19.3 22.2 
PF07654.10000.fasta 88.6 88.8 75.0 76.5 
PF00079.10000.fasta 91.9 92.3 81.5 85.5 
PF02836.10000.fasta 91.4 92.4 74.5 86.9 
PF07679.10000.fasta 84.4 85.3 47.0 58.6 
PF00313.10000.fasta 82.0 84.0 55.4 55.7 
PF01381.10000.fasta 69.4 70.2 18.3 21.0 
PF00970.10000.fasta 66.5 68.6 11.5 13.4 
PF04082.10000.fasta 50.2 51.3 17.6 17.7 
PF14604.10000.fasta 77.5 94.0 28.6 26.4 
PF00018.10000.fasta 85.9 87.6 4.7 0.1 
PF03129.10000.fasta 96.4 96.9 55.1 60.4 
PF00037.10000.fasta 87.7 90.1 69.0 72.6 
PF07686.10000.fasta 89.6 90.6 39.3 44.3 
PF00224.10000.fasta 93.2 93.3 72.2 77.4 
