PF00450.10000.fasta 78.3 80.7 45.0 57.1 
PF13393.10000.fasta 43.6 45.2 10.1 15.3 
PF00476.10000.fasta 94.3 95.1 80.1 83.7 
PF00625.10000.fasta 41.1 39.4 0.0 0.0 
PF00078.10000.fasta 86.4 89.2 77.1 77.8 
PF01814.10000.fasta 77.0 79.1 51.7 57.4 
PF13522.10000.fasta 68.1 71.5 24.0 30.8 
PF02878.10000.fasta 80.4 81.5 61.5 65.2 
PF00505.10000.fasta 97.2 97.3 81.4 84.3 
PF02777.10000.fasta 91.9 96.4 67.3 69.4 
PF00009.10000.fasta 77.1 83.2 30.1 42.6 
PF05746.10000.fasta 85.0 85.9 67.2 76.3 
PF00687.10000.fasta 78.4 79.4 52.7 52.1 
PF00084.10000.fasta 89.5 90.5 76.3 81.3 
PF13365.10000.fasta 29.8 34.5 0.0 0.0 
PF13378.10000.fasta 74.3 76.3 23.6 27.3 
PF07654.10000.fasta 88.8 89.0 75.0 77.1 
PF00079.10000.fasta 91.7 92.0 80.6 84.1 
PF02836.10000.fasta 90.2 92.6 73.6 85.1 
PF07679.10000.fasta 83.0 83.7 49.0 61.0 
PF00313.10000.fasta 82.0 84.0 55.4 55.7 
PF01381.10000.fasta 68.5 69.3 18.3 21.0 
PF00970.10000.fasta 67.8 68.0 16.1 18.8 
PF04082.10000.fasta 53.7 54.8 20.7 24.9 
PF14604.10000.fasta 82.2 84.3 33.3 43.2 
PF00018.10000.fasta 86.1 88.0 4.7 0.1 
PF03129.10000.fasta 96.6 97.1 55.1 60.4 
PF00037.10000.fasta 89.2 91.1 69.0 72.6 
PF07686.10000.fasta 87.2 89.1 15.0 16.9 
PF00224.10000.fasta 92.4 92.7 68.5 73.3 
