PF00450.10000.fasta 80.7 82.4 48.1 61.6 
PF13393.10000.fasta 45.7 48.5 4.6 7.1 
PF00476.10000.fasta 94.1 94.9 79.8 83.5 
PF00625.10000.fasta 39.0 37.9 0.0 0.0 
PF00078.10000.fasta 86.6 90.4 77.6 78.4 
PF01814.10000.fasta 84.9 86.2 62.9 70.7 
PF13522.10000.fasta 68.2 70.9 24.8 31.8 
PF02878.10000.fasta 72.5 75.9 51.1 54.8 
PF00505.10000.fasta 97.0 97.1 81.4 84.3 
PF02777.10000.fasta 91.4 96.6 68.3 70.5 
PF00009.10000.fasta 73.4 79.4 25.1 36.8 
PF05746.10000.fasta 85.6 85.8 67.2 76.3 
PF00687.10000.fasta 74.6 76.6 55.1 54.7 
PF00084.10000.fasta 88.6 89.1 74.6 79.5 
PF13365.10000.fasta 30.0 34.4 0.0 0.0 
PF13378.10000.fasta 68.7 71.0 19.8 22.4 
PF07654.10000.fasta 89.8 90.0 77.4 79.0 
PF00079.10000.fasta 94.9 94.9 87.1 89.3 
PF02836.10000.fasta 91.4 92.3 73.9 86.2 
PF07679.10000.fasta 83.7 85.3 47.0 58.6 
PF00313.10000.fasta 80.8 82.7 52.3 52.6 
PF01381.10000.fasta 66.8 67.4 18.3 21.0 
PF00970.10000.fasta 67.4 67.9 16.1 18.8 
PF04082.10000.fasta 62.2 63.9 37.9 43.6 
PF14604.10000.fasta 84.3 85.5 41.3 47.5 
PF00018.10000.fasta 86.6 88.8 0.0 0.0 
PF03129.10000.fasta 96.7 97.3 55.1 60.4 
PF00037.10000.fasta 89.6 91.0 69.0 72.6 
PF07686.10000.fasta 88.6 89.9 15.9 17.9 
PF00224.10000.fasta 93.0 93.3 68.5 73.4 
