PF00450.10000.fasta 81.2 83.0 48.7 61.8 
PF13393.10000.fasta 41.8 42.8 0.0 0.0 
PF00476.10000.fasta 94.9 95.8 80.6 84.3 
PF00625.10000.fasta 40.4 39.7 0.0 0.0 
PF00078.10000.fasta 90.2 92.7 79.4 80.2 
PF01814.10000.fasta 89.1 91.3 74.1 83.5 
PF13522.10000.fasta 73.7 76.6 24.0 30.8 
PF02878.10000.fasta 75.4 78.5 54.1 57.6 
PF00505.10000.fasta 97.2 97.3 81.4 84.3 
PF02777.10000.fasta 90.9 96.5 67.3 69.4 
PF00009.10000.fasta 70.9 79.6 1.4 1.3 
PF05746.10000.fasta 84.9 86.1 67.2 76.3 
PF00687.10000.fasta 75.2 76.8 47.3 48.1 
PF00084.10000.fasta 90.1 90.1 79.7 81.9 
PF13365.10000.fasta 29.4 33.8 0.0 0.0 
PF13378.10000.fasta 69.5 71.5 18.4 21.0 
PF07654.10000.fasta 88.6 88.8 75.0 76.5 
PF00079.10000.fasta 92.7 93.1 82.8 85.2 
PF02836.10000.fasta 91.8 93.2 74.2 86.5 
PF07679.10000.fasta 83.8 85.3 47.0 58.6 
PF00313.10000.fasta 80.8 82.7 52.3 52.6 
PF01381.10000.fasta 66.5 67.2 18.3 21.0 
PF00970.10000.fasta 65.5 67.7 11.5 13.4 
PF04082.10000.fasta 51.6 56.2 26.4 26.5 
PF14604.10000.fasta 83.5 84.6 41.3 47.5 
PF00018.10000.fasta 85.7 87.7 0.0 0.0 
PF03129.10000.fasta 96.4 97.0 55.1 60.4 
PF00037.10000.fasta 90.5 92.5 79.3 77.7 
PF07686.10000.fasta 89.6 90.7 33.6 38.1 
PF00224.10000.fasta 93.0 92.9 70.4 75.0 
