PF00450.10000.fasta 79.9 82.1 47.1 60.2 
PF13393.10000.fasta 42.1 43.6 4.9 7.6 
PF00476.10000.fasta 93.8 95.2 78.2 82.2 
PF00625.10000.fasta 33.4 33.7 0.0 0.0 
PF00078.10000.fasta 89.3 92.4 77.1 77.8 
PF01814.10000.fasta 84.7 85.8 69.0 76.6 
PF13522.10000.fasta 66.2 68.8 24.8 31.8 
PF02878.10000.fasta 81.3 83.1 63.7 67.2 
PF00505.10000.fasta 97.0 97.3 80.0 82.8 
PF02777.10000.fasta 91.4 96.9 68.3 70.5 
PF00009.10000.fasta 76.2 81.0 28.7 40.2 
PF05746.10000.fasta 85.1 86.0 67.2 76.3 
PF00687.10000.fasta 81.3 83.2 56.3 57.6 
PF00084.10000.fasta 90.1 90.1 79.7 81.9 
PF13365.10000.fasta 28.5 32.1 0.0 0.0 
PF13378.10000.fasta 60.9 64.3 19.8 22.7 
PF07654.10000.fasta 87.6 87.7 72.6 74.7 
PF00079.10000.fasta 93.2 93.5 83.4 86.1 
PF02836.10000.fasta 86.7 89.3 69.1 80.5 
PF07679.10000.fasta 82.0 83.7 41.0 51.1 
PF00313.10000.fasta 82.0 84.0 55.4 55.7 
PF01381.10000.fasta 67.5 68.1 18.3 21.0 
PF00970.10000.fasta 67.2 67.8 15.5 18.1 
PF04082.10000.fasta 55.2 56.1 19.5 23.5 
PF14604.10000.fasta 79.1 79.5 25.4 24.8 
PF00018.10000.fasta 86.1 88.2 4.7 0.1 
PF03129.10000.fasta 96.7 97.2 55.1 60.4 
PF00037.10000.fasta 88.0 89.9 69.0 72.6 
PF07686.10000.fasta 87.7 89.9 15.9 17.8 
PF00224.10000.fasta 91.8 92.2 67.6 72.4 
