PF00450.10000.fasta 81.2 83.2 47.9 61.2 
PF13393.10000.fasta 44.0 46.3 7.2 11.2 
PF00476.10000.fasta 94.0 95.1 78.8 82.7 
PF00625.10000.fasta 42.0 40.2 1.5 2.4 
PF00078.10000.fasta 85.6 89.2 71.2 71.9 
PF01814.10000.fasta 90.9 91.2 78.4 87.8 
PF13522.10000.fasta 70.3 72.5 24.0 30.8 
PF02878.10000.fasta 83.2 84.5 67.4 71.5 
PF00505.10000.fasta 97.0 97.1 81.4 84.3 
PF02777.10000.fasta 90.9 96.0 68.3 70.5 
PF00009.10000.fasta 75.7 81.4 25.8 40.4 
PF05746.10000.fasta 84.7 84.9 67.2 76.3 
PF00687.10000.fasta 74.8 76.8 55.1 54.7 
PF00084.10000.fasta 88.6 89.1 74.6 79.5 
PF13365.10000.fasta 29.8 34.5 0.0 0.0 
PF13378.10000.fasta 73.9 75.1 18.9 21.3 
PF07654.10000.fasta 77.6 78.5 54.8 56.3 
PF00079.10000.fasta 91.6 91.7 81.2 84.3 
PF02836.10000.fasta 89.1 92.3 70.6 82.3 
PF07679.10000.fasta 83.6 85.2 47.0 58.6 
PF00313.10000.fasta 82.7 84.1 55.4 55.7 
PF01381.10000.fasta 66.2 66.8 18.3 21.0 
PF00970.10000.fasta 67.4 67.8 15.5 18.1 
PF04082.10000.fasta 53.2 54.1 18.0 21.7 
PF14604.10000.fasta 77.1 78.2 19.0 24.2 
PF00018.10000.fasta 82.6 85.3 0.0 0.0 
PF03129.10000.fasta 96.4 97.0 55.1 60.4 
PF00037.10000.fasta 87.1 90.2 55.2 70.6 
PF07686.10000.fasta 89.4 90.4 24.3 27.4 
PF00224.10000.fasta 92.5 92.8 67.1 71.9 
