PF00450.10000.fasta 79.6 81.0 48.1 61.3 
PF13393.10000.fasta 37.4 39.1 0.0 0.0 
PF00476.10000.fasta 94.0 94.4 78.8 82.5 
PF00625.10000.fasta 38.3 36.5 0.0 0.0 
PF00078.10000.fasta 84.2 89.6 72.9 73.7 
PF01814.10000.fasta 88.3 89.9 71.6 81.3 
PF13522.10000.fasta 69.6 71.7 25.6 32.8 
PF02878.10000.fasta 82.8 84.6 65.9 70.3 
PF00505.10000.fasta 97.2 97.3 81.4 84.3 
PF02777.10000.fasta 91.0 96.4 67.3 69.4 
PF00009.10000.fasta 74.8 79.0 24.7 35.2 
PF05746.10000.fasta 84.8 85.6 67.2 76.3 
PF00687.10000.fasta 76.3 78.2 52.7 52.1 
PF00084.10000.fasta 90.1 90.1 79.7 81.9 
PF13365.10000.fasta 29.6 34.2 0.0 0.0 
PF13378.10000.fasta 74.7 76.6 24.5 28.1 
PF07654.10000.fasta 88.8 89.0 75.0 77.1 
PF00079.10000.fasta 92.0 91.9 81.8 84.5 
PF02836.10000.fasta 89.6 92.1 72.1 84.0 
PF07679.10000.fasta 82.4 85.0 43.0 53.6 
PF00313.10000.fasta 80.8 82.7 52.3 52.6 
PF01381.10000.fasta 67.2 67.7 18.3 21.0 
PF00970.10000.fasta 67.2 67.8 15.5 18.1 
PF04082.10000.fasta 56.2 56.8 21.5 24.2 
PF14604.10000.fasta 83.5 84.6 41.3 47.5 
PF00018.10000.fasta 86.3 87.4 0.0 0.0 
PF03129.10000.fasta 96.2 96.8 53.1 58.1 
PF00037.10000.fasta 90.5 92.5 79.3 77.7 
PF07686.10000.fasta 88.5 89.6 19.6 22.0 
PF00224.10000.fasta 92.4 92.8 68.1 73.0 
