PF00450.10000.fasta 82.1 84.1 47.1 59.7 
PF13393.10000.fasta 35.9 36.9 7.0 10.9 
PF00476.10000.fasta 94.5 96.1 81.1 84.8 
PF00625.10000.fasta 41.3 41.5 0.0 0.0 
PF00078.10000.fasta 91.6 95.3 80.6 81.4 
PF01814.10000.fasta 85.9 88.1 69.8 78.6 
PF13522.10000.fasta 66.1 69.1 24.0 30.8 
PF02878.10000.fasta 81.2 82.9 64.4 68.3 
PF00505.10000.fasta 97.0 97.1 81.4 84.3 
PF02777.10000.fasta 91.0 96.9 67.3 69.4 
PF00009.10000.fasta 75.7 81.6 26.5 35.5 
PF05746.10000.fasta 85.5 85.6 67.2 76.3 
PF00687.10000.fasta 72.8 74.5 45.5 44.4 
PF00084.10000.fasta 90.1 90.1 79.7 81.9 
PF13365.10000.fasta 31.7 38.2 0.0 0.0 
PF13378.10000.fasta 69.0 71.5 19.3 22.2 
PF07654.10000.fasta 83.3 84.6 65.5 66.7 
PF00079.10000.fasta 93.0 93.3 82.8 85.7 
PF02836.10000.fasta 89.3 91.4 70.6 82.3 
PF07679.10000.fasta 83.5 84.6 47.0 58.6 
PF00313.10000.fasta 82.0 84.0 55.4 55.7 
PF01381.10000.fasta 66.5 67.1 18.3 21.0 
PF00970.10000.fasta 66.8 68.7 11.5 13.4 
PF04082.10000.fasta 49.4 54.7 21.8 24.2 
PF14604.10000.fasta 76.0 78.6 25.4 29.8 
PF00018.10000.fasta 86.1 88.2 4.7 0.1 
PF03129.10000.fasta 96.4 97.0 55.1 60.4 
PF00037.10000.fasta 88.0 89.9 69.0 72.6 
PF07686.10000.fasta 86.3 88.8 21.5 24.3 
PF00224.10000.fasta 92.9 93.0 71.8 76.4 
