PF00450.10000.fasta 81.0 82.9 46.7 59.8 
PF13393.10000.fasta 40.8 42.3 4.9 7.6 
PF00476.10000.fasta 94.6 96.4 80.6 84.5 
PF00625.10000.fasta 37.2 37.2 0.0 0.0 
PF00078.10000.fasta 88.9 90.8 74.7 75.4 
PF01814.10000.fasta 76.6 78.9 53.4 59.4 
PF13522.10000.fasta 64.8 66.9 24.8 31.8 
PF02878.10000.fasta 81.6 82.8 63.7 67.2 
PF00505.10000.fasta 97.2 97.3 81.4 84.3 
PF02777.10000.fasta 90.9 96.1 68.3 70.5 
PF00009.10000.fasta 77.2 83.6 28.7 39.3 
PF05746.10000.fasta 84.7 84.9 67.2 76.3 
PF00687.10000.fasta 79.2 80.8 56.9 56.6 
PF00084.10000.fasta 87.7 88.7 72.9 77.7 
PF13365.10000.fasta 28.5 33.0 0.0 0.0 
PF13378.10000.fasta 71.4 73.6 19.3 22.2 
PF07654.10000.fasta 83.9 84.9 66.7 68.6 
PF00079.10000.fasta 91.9 93.6 80.6 84.5 
PF02836.10000.fasta 87.3 89.5 68.8 80.2 
PF07679.10000.fasta 83.7 85.2 47.0 58.6 
PF00313.10000.fasta 82.0 84.0 55.4 55.7 
PF01381.10000.fasta 68.5 69.1 18.3 21.0 
PF00970.10000.fasta 66.9 67.3 16.7 19.5 
PF04082.10000.fasta 54.0 55.6 22.2 25.1 
PF14604.10000.fasta 76.0 78.6 25.4 29.8 
PF00018.10000.fasta 85.9 87.6 0.0 0.0 
PF03129.10000.fasta 97.0 97.4 55.1 60.4 
PF00037.10000.fasta 88.7 91.3 55.2 70.6 
PF07686.10000.fasta 90.7 91.9 36.4 41.1 
PF00224.10000.fasta 92.4 92.7 68.1 73.0 
