PF00450.10000.fasta 80.9 82.2 47.9 61.0 
PF13393.10000.fasta 44.2 45.7 0.0 0.0 
PF00476.10000.fasta 93.7 95.6 78.0 81.6 
PF00625.10000.fasta 36.6 36.4 0.0 0.0 
PF00078.10000.fasta 83.1 88.3 72.9 73.7 
PF01814.10000.fasta 77.7 79.2 50.9 57.8 
PF13522.10000.fasta 68.4 70.6 25.6 32.8 
PF02878.10000.fasta 83.4 84.7 67.4 70.7 
PF00505.10000.fasta 97.2 97.3 81.4 84.3 
PF02777.10000.fasta 91.2 95.7 68.3 70.5 
PF00009.10000.fasta 74.6 80.1 21.5 34.3 
PF05746.10000.fasta 85.2 86.0 67.2 76.3 
PF00687.10000.fasta 72.2 73.5 46.1 45.3 
PF00084.10000.fasta 88.6 89.1 74.6 79.5 
PF13365.10000.fasta 33.0 38.8 0.0 0.0 
PF13378.10000.fasta 71.7 73.5 19.8 22.7 
PF07654.10000.fasta 86.9 88.2 72.6 74.1 
PF00079.10000.fasta 90.6 92.3 79.1 82.7 
PF02836.10000.fasta 88.1 90.1 69.1 80.5 
PF07679.10000.fasta 84.7 85.4 49.0 61.0 
PF00313.10000.fasta 82.0 84.0 55.4 55.7 
PF01381.10000.fasta 69.2 70.1 18.3 21.0 
PF00970.10000.fasta 67.5 68.0 16.1 18.8 
PF04082.10000.fasta 56.3 62.3 39.8 42.3 
PF14604.10000.fasta 75.8 79.2 27.0 31.9 
PF00018.10000.fasta 85.7 87.6 0.0 0.0 
PF03129.10000.fasta 96.6 97.1 55.1 60.4 
PF00037.10000.fasta 89.9 92.3 79.3 77.7 
PF07686.10000.fasta 88.6 89.9 37.4 42.2 
PF00224.10000.fasta 92.6 92.6 70.8 75.5 
