PF00450.10000.fasta 80.6 82.8 47.3 60.4 
PF13393.10000.fasta 42.9 44.3 7.8 11.7 
PF00476.10000.fasta 94.5 95.3 80.1 83.8 
PF00625.10000.fasta 40.1 40.7 0.0 0.0 
PF00078.10000.fasta 86.8 90.9 75.3 76.0 
PF01814.10000.fasta 80.7 82.1 55.2 60.6 
PF13522.10000.fasta 69.8 72.0 24.8 31.8 
PF02878.10000.fasta 81.5 82.6 63.7 67.5 
PF00505.10000.fasta 97.3 97.5 84.3 87.3 
PF02777.10000.fasta 89.7 95.9 62.4 64.3 
PF00009.10000.fasta 73.9 81.8 22.2 33.9 
PF05746.10000.fasta 84.7 84.9 67.2 76.3 
PF00687.10000.fasta 78.1 79.5 54.5 54.0 
PF00084.10000.fasta 88.9 88.9 79.7 81.9 
PF13365.10000.fasta 29.0 34.2 0.0 0.0 
PF13378.10000.fasta 71.9 73.4 19.3 22.2 
PF07654.10000.fasta 87.6 87.7 72.6 74.7 
PF00079.10000.fasta 92.8 93.1 82.5 85.5 
PF02836.10000.fasta 91.5 93.3 73.9 86.2 
PF07679.10000.fasta 85.8 86.9 51.0 63.5 
PF00313.10000.fasta 82.0 84.0 55.4 55.7 
PF01381.10000.fasta 69.8 70.7 18.3 21.0 
PF00970.10000.fasta 67.5 67.9 16.1 18.8 
PF04082.10000.fasta 55.9 56.7 24.5 26.3 
PF14604.10000.fasta 79.1 80.8 31.7 32.1 
PF00018.10000.fasta 86.0 87.6 4.7 0.1 
PF03129.10000.fasta 96.4 96.9 55.1 60.4 
PF00037.10000.fasta 87.6 90.3 69.0 72.6 
PF07686.10000.fasta 88.9 90.0 39.3 44.3 
PF00224.10000.fasta 92.7 92.5 70.4 75.0 
