PF00450.10000.fasta 79.0 81.3 46.7 59.7 
PF13393.10000.fasta 41.0 43.1 7.8 11.7 
PF00476.10000.fasta 93.8 94.5 79.3 82.9 
PF00625.10000.fasta 44.7 42.7 0.0 0.0 
PF00078.10000.fasta 88.3 92.4 78.2 79.0 
PF01814.10000.fasta 90.0 90.7 76.7 85.4 
PF13522.10000.fasta 72.9 75.0 24.0 30.8 
PF02878.10000.fasta 73.6 76.7 51.9 55.6 
PF00505.10000.fasta 97.0 97.1 81.4 84.3 
PF02777.10000.fasta 91.3 96.6 68.3 70.5 
PF00009.10000.fasta 72.7 80.1 17.9 26.9 
PF05746.10000.fasta 84.9 85.6 67.2 76.3 
PF00687.10000.fasta 76.6 78.6 55.7 55.3 
PF00084.10000.fasta 89.5 90.0 76.3 81.3 
PF13365.10000.fasta 32.2 39.3 0.0 0.0 
PF13378.10000.fasta 72.9 74.6 19.3 22.2 
PF07654.10000.fasta 83.9 84.6 65.5 67.3 
PF00079.10000.fasta 90.5 90.6 78.2 82.4 
PF02836.10000.fasta 88.7 91.2 67.6 78.7 
PF07679.10000.fasta 84.2 85.6 47.0 58.6 
PF00313.10000.fasta 80.8 82.7 52.3 52.6 
PF01381.10000.fasta 66.0 66.6 18.3 21.0 
PF00970.10000.fasta 66.8 67.3 15.5 18.1 
PF04082.10000.fasta 54.5 55.7 23.0 25.6 
PF14604.10000.fasta 80.5 81.5 38.1 47.8 
PF00018.10000.fasta 85.6 87.4 0.0 0.0 
PF03129.10000.fasta 96.8 97.3 55.1 60.4 
PF00037.10000.fasta 85.5 88.4 65.5 68.1 
PF07686.10000.fasta 89.4 90.6 36.4 41.1 
PF00224.10000.fasta 92.6 92.4 71.8 76.5 
