PF00450.10000.fasta 81.5 83.7 46.5 59.4 
PF13393.10000.fasta 42.3 43.3 4.6 7.1 
PF00476.10000.fasta 93.7 95.6 76.2 80.0 
PF00625.10000.fasta 35.7 39.2 0.0 0.0 
PF00078.10000.fasta 85.5 90.1 74.1 74.9 
PF01814.10000.fasta 78.4 81.0 55.2 60.6 
PF13522.10000.fasta 66.6 68.1 25.6 32.8 
PF02878.10000.fasta 73.1 76.3 51.9 55.2 
PF00505.10000.fasta 96.8 97.3 80.0 82.8 
PF02777.10000.fasta 90.5 95.9 67.3 69.4 
PF00009.10000.fasta 77.1 83.4 30.8 42.2 
PF05746.10000.fasta 84.8 85.1 67.2 76.3 
PF00687.10000.fasta 78.1 79.0 50.9 51.5 
PF00084.10000.fasta 86.7 87.8 74.6 79.5 
PF13365.10000.fasta 26.9 30.9 0.0 0.0 
PF13378.10000.fasta 64.4 67.7 17.9 20.2 
PF07654.10000.fasta 85.9 87.7 71.4 72.9 
PF00079.10000.fasta 92.4 93.4 81.2 85.0 
PF02836.10000.fasta 90.6 91.5 68.8 80.2 
PF07679.10000.fasta 79.5 80.7 39.0 48.6 
PF00313.10000.fasta 82.7 84.1 55.4 55.7 
PF01381.10000.fasta 68.4 69.0 18.3 21.0 
PF00970.10000.fasta 67.3 68.0 16.1 18.8 
PF04082.10000.fasta 50.7 52.5 18.0 21.7 
PF14604.10000.fasta 74.4 76.5 17.5 22.1 
PF00018.10000.fasta 85.8 87.6 4.7 0.1 
PF03129.10000.fasta 97.7 97.9 55.1 60.4 
PF00037.10000.fasta 92.1 93.6 79.3 77.7 
PF07686.10000.fasta 87.5 89.5 19.6 22.0 
PF00224.10000.fasta 92.6 92.9 67.6 72.4 
