PF00450.10000.fasta 80.0 81.8 46.1 58.9 
PF13393.10000.fasta 36.6 38.5 0.0 0.0 
PF00476.10000.fasta 93.9 94.8 79.3 83.0 
PF00625.10000.fasta 40.0 39.4 0.0 0.0 
PF00078.10000.fasta 85.4 87.8 67.6 68.3 
PF01814.10000.fasta 87.7 88.7 71.6 79.9 
PF13522.10000.fasta 67.4 70.1 25.6 32.8 
PF02878.10000.fasta 74.2 76.0 53.3 56.8 
PF00505.10000.fasta 97.6 97.7 84.3 87.3 
PF02777.10000.fasta 90.9 96.9 66.3 68.4 
PF00009.10000.fasta 77.7 82.8 28.0 41.0 
PF05746.10000.fasta 84.7 85.4 67.2 76.3 
PF00687.10000.fasta 74.8 76.2 52.7 52.1 
PF00084.10000.fasta 90.1 90.1 79.7 81.9 
PF13365.10000.fasta 28.6 34.1 0.0 0.0 
PF13378.10000.fasta 72.9 74.5 19.8 22.7 
PF07654.10000.fasta 89.8 90.0 77.4 79.0 
PF00079.10000.fasta 90.5 91.4 78.5 82.5 
PF02836.10000.fasta 88.8 91.3 68.5 79.8 
PF07679.10000.fasta 84.7 85.4 50.0 62.3 
PF00313.10000.fasta 79.6 81.5 49.2 49.5 
PF01381.10000.fasta 66.4 67.2 18.3 21.0 
PF00970.10000.fasta 66.6 68.6 10.9 12.8 
PF04082.10000.fasta 31.5 51.0 1.1 0.8 
PF14604.10000.fasta 77.5 80.3 27.0 31.9 
PF00018.10000.fasta 85.1 87.1 0.0 0.0 
PF03129.10000.fasta 96.3 96.9 55.1 60.4 
PF00037.10000.fasta 87.7 90.1 69.0 72.6 
PF07686.10000.fasta 88.4 89.6 23.4 26.4 
PF00224.10000.fasta 93.1 93.0 71.3 76.0 
