PF00450.10000.fasta 80.5 83.1 46.7 59.8 
PF13393.10000.fasta 43.7 45.8 4.9 7.6 
PF00476.10000.fasta 94.8 96.0 81.1 84.9 
PF00625.10000.fasta 38.9 39.4 0.0 0.0 
PF00078.10000.fasta 83.7 88.4 75.9 76.6 
PF01814.10000.fasta 84.2 84.9 69.0 78.4 
PF13522.10000.fasta 67.5 69.7 20.9 26.8 
PF02878.10000.fasta 80.3 81.8 61.5 65.2 
PF00505.10000.fasta 97.0 97.1 81.4 84.3 
PF02777.10000.fasta 92.1 96.7 69.3 71.5 
PF00009.10000.fasta 77.3 83.4 24.7 39.0 
PF05746.10000.fasta 84.9 85.2 67.2 76.3 
PF00687.10000.fasta 76.9 78.5 56.3 55.9 
PF00084.10000.fasta 89.5 90.0 76.3 81.3 
PF13365.10000.fasta 28.9 32.5 0.0 0.0 
PF13378.10000.fasta 67.0 70.0 23.6 27.3 
PF07654.10000.fasta 88.2 89.4 75.0 76.5 
PF00079.10000.fasta 91.9 92.6 80.9 84.7 
PF02836.10000.fasta 92.1 93.4 73.9 85.8 
PF07679.10000.fasta 81.7 83.2 39.0 48.6 
PF00313.10000.fasta 80.8 82.7 52.3 52.6 
PF01381.10000.fasta 67.2 67.7 18.3 21.0 
PF00970.10000.fasta 67.5 68.1 16.1 18.8 
PF04082.10000.fasta 65.7 66.2 42.9 48.1 
PF14604.10000.fasta 86.2 86.7 44.4 50.0 
PF00018.10000.fasta 85.6 87.2 0.0 0.0 
PF03129.10000.fasta 96.5 97.1 57.1 62.6 
PF00037.10000.fasta 88.0 89.9 69.0 72.6 
PF07686.10000.fasta 88.1 89.1 12.1 13.8 
PF00224.10000.fasta 92.3 92.8 67.6 72.6 
