PF00450.10000.fasta 80.8 84.1 46.9 59.9 
PF13393.10000.fasta 37.1 40.6 0.0 0.0 
PF00476.10000.fasta 94.3 95.4 79.5 83.5 
PF00625.10000.fasta 29.7 35.5 0.0 0.0 
PF00078.10000.fasta 81.3 87.4 71.8 72.5 
PF01814.10000.fasta 76.4 78.9 51.7 58.8 
PF13522.10000.fasta 64.0 68.5 21.7 27.8 
PF02878.10000.fasta 80.1 81.2 60.7 64.0 
PF00505.10000.fasta 96.6 97.1 80.0 82.8 
PF02777.10000.fasta 90.6 96.6 67.3 69.4 
PF00009.10000.fasta 75.1 81.0 22.9 34.7 
PF05746.10000.fasta 84.9 85.6 67.2 76.3 
PF00687.10000.fasta 79.9 81.2 56.3 55.9 
PF00084.10000.fasta 85.5 88.8 72.9 77.7 
PF13365.10000.fasta 23.4 27.0 0.0 0.0 
PF13378.10000.fasta 64.9 69.0 18.4 21.6 
PF07654.10000.fasta 89.8 90.0 77.4 79.0 
PF00079.10000.fasta 90.8 91.5 78.5 82.2 
PF02836.10000.fasta 87.6 90.3 69.7 81.2 
PF07679.10000.fasta 82.4 83.1 41.0 51.1 
PF00313.10000.fasta 82.0 84.0 55.4 55.7 
PF01381.10000.fasta 69.0 69.6 18.3 21.0 
PF00970.10000.fasta 67.6 68.1 16.1 18.8 
PF04082.10000.fasta 50.6 51.8 17.6 21.2 
PF14604.10000.fasta 73.0 74.9 25.4 29.8 
PF00018.10000.fasta 86.4 88.2 4.7 0.1 
PF03129.10000.fasta 96.5 96.9 55.1 60.4 
PF00037.10000.fasta 87.7 90.1 69.0 72.6 
PF07686.10000.fasta 85.5 88.3 17.8 20.0 
PF00224.10000.fasta 92.9 93.3 66.2 71.0 
