PF00450.10000.fasta 81.8 83.6 49.7 63.4 
PF13393.10000.fasta 43.5 44.4 5.2 7.6 
PF00476.10000.fasta 94.5 95.7 79.3 83.2 
PF00625.10000.fasta 42.4 40.5 0.0 0.0 
PF00078.10000.fasta 90.7 93.1 78.8 79.6 
PF01814.10000.fasta 83.4 85.2 69.8 77.1 
PF13522.10000.fasta 74.4 77.1 25.6 32.8 
PF02878.10000.fasta 73.5 76.7 52.6 55.6 
PF00505.10000.fasta 97.5 97.7 87.1 90.1 
PF02777.10000.fasta 90.8 96.0 68.3 70.5 
PF00009.10000.fasta 74.9 79.9 27.6 40.0 
PF05746.10000.fasta 84.9 85.3 67.2 76.3 
PF00687.10000.fasta 81.2 82.4 60.5 60.4 
PF00084.10000.fasta 88.0 89.6 74.6 79.5 
PF13365.10000.fasta 35.1 40.1 0.0 0.0 
PF13378.10000.fasta 68.8 70.7 18.9 21.6 
PF07654.10000.fasta 85.1 86.9 69.0 70.4 
PF00079.10000.fasta 92.9 93.1 83.4 86.5 
PF02836.10000.fasta 91.3 92.6 73.9 86.2 
PF07679.10000.fasta 83.7 85.2 47.0 58.6 
PF00313.10000.fasta 80.8 82.7 52.3 52.6 
PF01381.10000.fasta 67.3 67.8 18.3 21.0 
PF00970.10000.fasta 67.5 67.8 16.7 19.5 
PF04082.10000.fasta 55.1 55.8 21.8 22.6 
PF14604.10000.fasta 79.1 79.5 25.4 24.8 
PF00018.10000.fasta 85.7 87.8 4.7 0.1 
PF03129.10000.fasta 96.9 97.4 57.1 62.7 
PF00037.10000.fasta 90.5 92.5 79.3 77.7 
PF07686.10000.fasta 88.7 90.4 23.4 26.4 
PF00224.10000.fasta 93.0 92.9 72.2 77.0 
