PF00450.10000.fasta 83.6 86.5 49.5 62.9 
PF13393.10000.fasta 37.9 41.7 0.0 0.0 
PF00476.10000.fasta 94.1 94.9 78.2 82.3 
PF00625.10000.fasta 31.7 36.1 0.0 0.0 
PF00078.10000.fasta 85.8 88.5 75.3 76.0 
PF01814.10000.fasta 76.9 78.4 50.9 57.8 
PF13522.10000.fasta 63.3 70.4 20.9 26.8 
PF02878.10000.fasta 81.2 83.7 64.4 68.3 
PF00505.10000.fasta 96.8 97.3 80.0 82.8 
PF02777.10000.fasta 91.1 96.5 66.3 68.4 
PF00009.10000.fasta 73.8 80.1 23.7 33.8 
PF05746.10000.fasta 84.9 85.2 67.2 76.3 
PF00687.10000.fasta 76.4 78.7 56.3 55.9 
PF00084.10000.fasta 87.7 88.2 72.9 77.7 
PF13365.10000.fasta 27.7 31.9 0.0 0.0 
PF13378.10000.fasta 64.2 69.8 18.4 21.0 
PF07654.10000.fasta 88.8 89.0 75.0 77.1 
PF00079.10000.fasta 92.4 93.6 80.9 84.8 
PF02836.10000.fasta 90.5 92.2 72.4 84.4 
PF07679.10000.fasta 81.9 84.1 42.0 52.3 
PF00313.10000.fasta 82.2 84.0 55.4 55.7 
PF01381.10000.fasta 68.7 69.4 18.3 21.0 
PF00970.10000.fasta 66.8 68.0 9.8 11.4 
PF04082.10000.fasta 62.9 65.2 37.5 45.2 
PF14604.10000.fasta 71.3 74.3 25.4 29.8 
PF00018.10000.fasta 85.9 87.8 4.7 0.1 
PF03129.10000.fasta 96.4 96.9 55.1 60.4 
PF00037.10000.fasta 87.7 90.1 69.0 72.6 
PF07686.10000.fasta 88.6 90.4 19.6 22.1 
PF00224.10000.fasta 92.1 92.7 65.7 70.5 
