PF00450.10000.fasta 80.4 82.2 46.7 59.6 
PF13393.10000.fasta 40.9 42.4 10.1 15.7 
PF00476.10000.fasta 94.6 95.8 81.1 84.8 
PF00625.10000.fasta 39.3 38.8 0.0 0.0 
PF00078.10000.fasta 93.2 95.7 83.5 84.4 
PF01814.10000.fasta 82.8 84.4 56.0 63.7 
PF13522.10000.fasta 69.5 72.8 25.6 32.8 
PF02878.10000.fasta 80.8 81.9 61.5 65.2 
PF00505.10000.fasta 97.6 97.7 84.3 87.3 
PF02777.10000.fasta 91.4 96.8 68.3 70.5 
PF00009.10000.fasta 46.1 83.2 0.0 0.0 
PF05746.10000.fasta 85.0 85.4 67.2 76.3 
PF00687.10000.fasta 78.1 80.3 55.7 55.5 
PF00084.10000.fasta 88.6 89.1 74.6 79.5 
PF13365.10000.fasta 31.1 37.0 0.0 0.0 
PF13378.10000.fasta 72.2 74.3 19.3 22.2 
PF07654.10000.fasta 89.8 90.0 77.4 79.0 
PF00079.10000.fasta 91.9 92.3 82.2 85.0 
PF02836.10000.fasta 91.1 92.6 73.3 85.5 
PF07679.10000.fasta 84.8 85.4 49.0 61.0 
PF00313.10000.fasta 80.8 82.7 52.3 52.6 
PF01381.10000.fasta 69.6 70.5 18.3 21.0 
PF00970.10000.fasta 67.0 68.9 10.9 12.8 
PF04082.10000.fasta 20.6 41.7 0.0 0.0 
PF14604.10000.fasta 73.4 75.3 25.4 29.8 
PF00018.10000.fasta 85.9 87.5 0.0 0.0 
PF03129.10000.fasta 96.4 96.9 55.1 60.4 
PF00037.10000.fasta 87.6 90.3 69.0 72.6 
PF07686.10000.fasta 87.8 89.5 15.0 16.9 
PF00224.10000.fasta 93.1 93.0 72.2 77.0 
