PF00450.10000.fasta 79.9 81.6 48.5 61.8 
PF13393.10000.fasta 41.8 43.0 0.0 0.0 
PF00476.10000.fasta 94.4 95.9 80.3 84.1 
PF00625.10000.fasta 44.2 43.8 1.5 2.4 
PF00078.10000.fasta 88.5 91.1 78.2 79.0 
PF01814.10000.fasta 73.3 75.2 40.5 46.0 
PF13522.10000.fasta 71.6 73.7 25.6 32.8 
PF02878.10000.fasta 79.6 81.3 61.5 65.6 
PF00505.10000.fasta 97.6 97.7 84.3 87.3 
PF02777.10000.fasta 90.4 95.8 66.3 68.4 
PF00009.10000.fasta 76.3 81.7 26.2 36.1 
PF05746.10000.fasta 84.9 85.2 67.2 76.3 
PF00687.10000.fasta 79.8 81.1 55.1 56.4 
PF00084.10000.fasta 88.6 89.1 74.6 79.5 
PF13365.10000.fasta 32.2 39.5 0.0 0.0 
PF13378.10000.fasta 67.0 69.5 18.4 21.1 
PF07654.10000.fasta 86.1 86.8 70.2 71.6 
PF00079.10000.fasta 91.6 91.6 81.5 84.5 
PF02836.10000.fasta 91.1 92.7 73.6 85.8 
PF07679.10000.fasta 84.2 84.7 49.0 61.0 
PF00313.10000.fasta 82.0 84.0 55.4 55.7 
PF01381.10000.fasta 67.9 68.4 18.3 21.0 
PF00970.10000.fasta 66.8 68.7 10.9 12.8 
PF04082.10000.fasta 57.8 58.9 29.1 35.1 
PF14604.10000.fasta 75.8 79.2 27.0 31.9 
PF00018.10000.fasta 85.9 87.5 0.0 0.0 
PF03129.10000.fasta 96.7 97.2 57.1 62.7 
PF00037.10000.fasta 90.2 92.7 79.3 77.7 
PF07686.10000.fasta 88.8 90.2 23.4 26.4 
PF00224.10000.fasta 93.4 93.2 72.7 77.5 
