PF00450.10000.fasta 81.1 83.2 46.3 58.7 
PF13393.10000.fasta 44.7 46.3 4.9 7.6 
PF00476.10000.fasta 93.4 95.6 77.5 81.3 
PF00625.10000.fasta 40.7 39.0 0.0 0.0 
PF00078.10000.fasta 88.0 91.7 75.3 76.0 
PF01814.10000.fasta 83.2 85.7 60.3 67.9 
PF13522.10000.fasta 70.4 73.0 25.6 32.8 
PF02878.10000.fasta 80.7 82.3 62.2 66.0 
PF00505.10000.fasta 97.0 97.1 81.4 84.3 
PF02777.10000.fasta 91.9 96.9 68.3 70.5 
PF00009.10000.fasta 76.5 81.5 28.7 41.2 
PF05746.10000.fasta 85.4 85.6 67.2 76.3 
PF00687.10000.fasta 78.5 79.7 55.7 55.3 
PF00084.10000.fasta 87.7 89.8 76.3 81.3 
PF13365.10000.fasta 32.2 37.5 0.0 0.0 
PF13378.10000.fasta 72.7 74.6 19.3 22.2 
PF07654.10000.fasta 82.4 84.0 64.3 65.5 
PF00079.10000.fasta 92.1 92.5 81.5 85.5 
PF02836.10000.fasta 91.9 93.9 74.5 86.9 
PF07679.10000.fasta 84.5 86.3 50.0 62.3 
PF00313.10000.fasta 80.8 82.7 52.3 52.6 
PF01381.10000.fasta 67.9 68.6 18.3 21.0 
PF00970.10000.fasta 67.5 67.9 17.8 20.8 
PF04082.10000.fasta 66.7 67.5 42.5 45.9 
PF14604.10000.fasta 80.1 81.0 38.1 47.8 
PF00018.10000.fasta 85.7 87.4 0.0 0.0 
PF03129.10000.fasta 96.7 97.3 55.1 60.4 
PF00037.10000.fasta 88.0 89.9 69.0 72.6 
PF07686.10000.fasta 88.4 89.9 15.9 18.0 
PF00224.10000.fasta 92.4 92.3 71.8 76.4 
