PF00450.10000.fasta 80.4 82.5 46.3 59.3 
PF13393.10000.fasta 38.7 42.1 0.0 0.0 
PF00476.10000.fasta 93.7 94.7 79.0 82.9 
PF00625.10000.fasta 30.8 34.7 0.0 0.0 
PF00078.10000.fasta 92.8 95.1 80.0 80.8 
PF01814.10000.fasta 82.2 83.6 66.4 73.0 
PF13522.10000.fasta 66.7 70.9 20.2 25.8 
PF02878.10000.fasta 80.8 81.8 62.2 66.0 
PF00505.10000.fasta 96.8 97.3 80.0 82.8 
PF02777.10000.fasta 90.6 95.9 66.3 68.4 
PF00009.10000.fasta 71.7 78.1 24.0 33.2 
PF05746.10000.fasta 84.7 85.3 67.2 76.3 
PF00687.10000.fasta 74.2 76.0 55.1 54.9 
PF00084.10000.fasta 89.5 90.5 79.7 81.9 
PF13365.10000.fasta 27.0 31.0 0.0 0.0 
PF13378.10000.fasta 61.5 64.7 18.4 21.1 
PF07654.10000.fasta 80.8 81.8 59.5 61.2 
PF00079.10000.fasta 90.8 91.2 78.2 82.2 
PF02836.10000.fasta 88.4 90.5 69.1 80.5 
PF07679.10000.fasta 81.6 82.6 39.0 48.6 
PF00313.10000.fasta 82.0 84.0 55.4 55.7 
PF01381.10000.fasta 67.8 68.4 18.3 21.0 
PF00970.10000.fasta 67.3 67.9 16.1 18.8 
PF04082.10000.fasta 52.4 53.4 18.4 22.1 
PF14604.10000.fasta 77.7 79.8 34.9 45.3 
PF00018.10000.fasta 85.9 87.8 4.7 0.1 
PF03129.10000.fasta 97.4 97.7 55.1 60.4 
PF00037.10000.fasta 88.0 89.9 69.0 72.6 
PF07686.10000.fasta 86.2 89.1 15.9 17.8 
PF00224.10000.fasta 92.3 92.9 68.1 72.9 
