PF00450.10000.fasta 80.0 82.0 48.3 61.1 
PF13393.10000.fasta 44.3 46.1 9.9 15.3 
PF00476.10000.fasta 94.7 95.4 80.6 84.3 
PF00625.10000.fasta 39.4 37.7 0.0 0.0 
PF00078.10000.fasta 92.9 94.5 82.4 83.2 
PF01814.10000.fasta 87.7 89.1 71.6 80.6 
PF13522.10000.fasta 66.3 69.9 23.3 29.8 
PF02878.10000.fasta 81.9 83.6 64.4 68.3 
PF00505.10000.fasta 97.2 97.3 81.4 84.3 
PF02777.10000.fasta 90.7 96.1 67.3 69.4 
PF00009.10000.fasta 76.4 81.8 28.0 38.1 
PF05746.10000.fasta 84.7 84.9 67.2 76.3 
PF00687.10000.fasta 72.4 73.7 55.1 54.7 
PF00084.10000.fasta 89.5 90.0 76.3 81.3 
PF13365.10000.fasta 30.2 35.7 0.0 0.0 
PF13378.10000.fasta 72.9 74.3 19.3 22.2 
PF07654.10000.fasta 81.8 84.1 63.1 64.3 
PF00079.10000.fasta 92.7 93.4 82.8 86.9 
PF02836.10000.fasta 91.4 93.2 74.2 86.5 
PF07679.10000.fasta 83.6 84.9 47.0 58.6 
PF00313.10000.fasta 80.8 82.7 52.3 52.6 
PF01381.10000.fasta 68.1 68.6 18.3 21.0 
PF00970.10000.fasta 67.7 68.1 16.1 18.8 
PF04082.10000.fasta 54.7 55.7 22.2 23.2 
PF14604.10000.fasta 77.4 80.1 27.0 31.9 
PF00018.10000.fasta 85.6 93.3 7.0 7.7 
PF03129.10000.fasta 97.2 97.6 57.1 62.7 
PF00037.10000.fasta 89.6 91.0 69.0 72.6 
PF07686.10000.fasta 89.6 91.0 23.4 26.4 
PF00224.10000.fasta 92.4 92.4 70.8 75.5 
