PF00450.10000.fasta 80.3 83.0 48.1 61.0 
PF13393.10000.fasta 45.3 46.8 7.8 11.7 
PF00476.10000.fasta 95.0 95.3 80.1 84.0 
PF00625.10000.fasta 40.8 40.2 0.0 0.0 
PF00078.10000.fasta 91.0 93.5 78.8 79.6 
PF01814.10000.fasta 78.3 79.8 53.4 59.4 
PF13522.10000.fasta 74.8 76.8 25.6 32.8 
PF02878.10000.fasta 74.4 76.8 54.1 57.2 
PF00505.10000.fasta 97.6 97.7 84.3 87.3 
PF02777.10000.fasta 90.6 96.1 66.3 68.4 
PF00009.10000.fasta 62.1 80.1 0.0 0.0 
PF05746.10000.fasta 85.4 85.4 67.2 76.3 
PF00687.10000.fasta 78.4 79.9 59.9 59.8 
PF00084.10000.fasta 89.5 90.0 76.3 81.3 
PF13365.10000.fasta 27.2 32.5 0.0 0.0 
PF13378.10000.fasta 72.5 73.8 19.3 22.2 
PF07654.10000.fasta 86.7 87.4 71.4 72.9 
PF00079.10000.fasta 93.8 94.4 84.3 87.9 
PF02836.10000.fasta 86.0 89.1 65.5 76.3 
PF07679.10000.fasta 84.2 84.8 49.0 61.0 
PF00313.10000.fasta 80.8 82.7 52.3 52.6 
PF01381.10000.fasta 68.0 68.6 18.3 21.0 
PF00970.10000.fasta 66.7 68.6 10.9 12.8 
PF04082.10000.fasta 56.0 61.7 39.8 44.4 
PF14604.10000.fasta 73.5 75.4 27.0 31.9 
PF00018.10000.fasta 86.3 87.9 0.0 0.0 
PF03129.10000.fasta 96.7 97.3 57.1 62.7 
PF00037.10000.fasta 90.2 92.7 79.3 77.7 
PF07686.10000.fasta 89.0 90.4 21.5 24.3 
PF00224.10000.fasta 92.6 92.7 71.8 76.4 
