PF00450.10000.fasta 80.0 82.3 47.9 60.9 
PF13393.10000.fasta 37.4 39.4 0.0 0.0 
PF00476.10000.fasta 94.0 95.5 78.0 81.7 
PF00625.10000.fasta 39.6 38.2 0.0 0.0 
PF00078.10000.fasta 84.5 88.5 76.5 77.2 
PF01814.10000.fasta 81.0 81.8 55.2 62.0 
PF13522.10000.fasta 69.6 71.7 25.6 32.8 
PF02878.10000.fasta 80.3 82.4 63.7 67.2 
PF00505.10000.fasta 97.2 97.3 81.4 84.3 
PF02777.10000.fasta 91.4 96.7 68.3 70.5 
PF00009.10000.fasta 78.3 83.3 28.0 40.5 
PF05746.10000.fasta 85.0 85.4 67.2 76.3 
PF00687.10000.fasta 79.8 80.6 55.7 55.3 
PF00084.10000.fasta 88.6 89.1 74.6 79.5 
PF13365.10000.fasta 29.9 37.0 0.0 0.0 
PF13378.10000.fasta 72.8 74.3 19.3 22.2 
PF07654.10000.fasta 84.1 84.6 66.7 68.0 
PF00079.10000.fasta 93.0 93.6 83.1 86.5 
PF02836.10000.fasta 88.6 91.0 68.8 80.2 
PF07679.10000.fasta 84.2 85.2 49.0 61.0 
PF00313.10000.fasta 82.0 84.0 55.4 55.7 
PF01381.10000.fasta 68.4 68.9 18.3 21.0 
PF00970.10000.fasta 66.3 68.3 10.3 12.1 
PF04082.10000.fasta 59.8 61.1 33.3 36.2 
PF14604.10000.fasta 83.5 84.6 41.3 47.5 
PF00018.10000.fasta 86.3 87.7 0.0 0.0 
PF03129.10000.fasta 95.9 96.6 55.1 60.3 
PF00037.10000.fasta 87.7 90.1 69.0 72.6 
PF07686.10000.fasta 88.8 90.2 38.3 43.4 
PF00224.10000.fasta 92.6 92.6 71.8 76.4 
