PF00450.10000.fasta 82.9 84.9 48.9 62.5 
PF13393.10000.fasta 33.5 38.7 0.0 0.0 
PF00476.10000.fasta 93.7 94.4 77.7 81.6 
PF00625.10000.fasta 32.4 36.8 0.0 0.0 
PF00078.10000.fasta 88.2 90.6 75.3 76.0 
PF01814.10000.fasta 89.3 90.7 72.4 81.9 
PF13522.10000.fasta 68.9 70.6 20.2 25.8 
PF02878.10000.fasta 73.2 77.5 52.6 56.0 
PF00505.10000.fasta 97.0 97.3 80.0 82.8 
PF02777.10000.fasta 91.6 96.7 69.3 71.5 
PF00009.10000.fasta 78.7 83.3 29.7 42.8 
PF05746.10000.fasta 84.7 85.0 67.2 76.3 
PF00687.10000.fasta 83.5 86.2 60.5 62.1 
PF00084.10000.fasta 91.0 91.0 81.4 83.7 
PF13365.10000.fasta 24.9 28.4 0.0 0.0 
PF13378.10000.fasta 63.2 66.6 18.9 21.8 
PF07654.10000.fasta 87.6 87.7 72.6 74.7 
PF00079.10000.fasta 92.9 93.7 82.5 85.7 
PF02836.10000.fasta 87.8 89.7 67.6 78.7 
PF07679.10000.fasta 83.2 84.3 41.0 51.1 
PF00313.10000.fasta 80.8 82.7 52.3 52.6 
PF01381.10000.fasta 67.2 67.8 18.3 21.0 
PF00970.10000.fasta 67.5 68.0 16.1 18.8 
PF04082.10000.fasta 53.5 55.1 19.5 23.5 
PF14604.10000.fasta 73.8 91.0 22.2 25.7 
PF00018.10000.fasta 85.6 87.2 0.0 0.0 
PF03129.10000.fasta 96.4 97.2 53.1 58.1 
PF00037.10000.fasta 89.6 91.0 69.0 72.6 
PF07686.10000.fasta 89.5 90.4 33.6 38.0 
PF00224.10000.fasta 92.7 93.1 67.6 72.4 
