PF00450.10000.fasta 82.7 84.7 50.1 61.7 
PF13393.10000.fasta 42.3 43.9 9.9 15.3 
PF00476.10000.fasta 94.1 95.5 81.1 84.8 
PF00625.10000.fasta 40.0 39.4 0.0 0.0 
PF00078.10000.fasta 89.6 91.2 78.2 79.0 
PF01814.10000.fasta 80.4 82.8 55.2 60.6 
PF13522.10000.fasta 69.8 72.6 25.6 32.8 
PF02878.10000.fasta 82.9 84.3 66.7 69.9 
PF00505.10000.fasta 97.2 97.3 81.4 84.3 
PF02777.10000.fasta 90.9 95.9 66.3 68.4 
PF00009.10000.fasta 77.7 84.1 26.5 39.6 
PF05746.10000.fasta 84.5 85.3 67.2 76.3 
PF00687.10000.fasta 78.4 80.3 60.5 60.4 
PF00084.10000.fasta 87.0 88.9 74.6 79.5 
PF13365.10000.fasta 27.4 33.0 0.0 0.0 
PF13378.10000.fasta 73.2 74.9 19.8 22.7 
PF07654.10000.fasta 89.8 90.0 77.4 79.0 
PF00079.10000.fasta 92.3 93.0 80.6 84.6 
PF02836.10000.fasta 86.8 89.8 69.1 80.5 
PF07679.10000.fasta 84.7 85.1 51.0 63.5 
PF00313.10000.fasta 80.8 82.7 52.3 52.6 
PF01381.10000.fasta 68.8 69.7 18.3 21.0 
PF00970.10000.fasta 66.7 68.6 10.9 12.8 
PF04082.10000.fasta 19.4 39.2 0.0 0.0 
PF14604.10000.fasta 73.0 74.9 25.4 29.8 
PF00018.10000.fasta 85.0 86.8 4.7 0.1 
PF03129.10000.fasta 96.4 96.9 55.1 60.4 
PF00037.10000.fasta 90.2 92.7 79.3 77.7 
PF07686.10000.fasta 88.4 89.6 21.5 24.3 
PF00224.10000.fasta 91.9 92.5 68.1 73.0 
