PF00450.10000.fasta 80.6 83.0 47.5 60.6 
PF13393.10000.fasta 38.4 40.8 0.0 0.0 
PF00476.10000.fasta 94.6 95.8 80.8 84.6 
PF00625.10000.fasta 41.1 41.7 0.0 0.0 
PF00078.10000.fasta 84.2 87.6 76.5 77.2 
PF01814.10000.fasta 74.3 77.0 49.1 55.8 
PF13522.10000.fasta 73.8 75.7 24.0 30.8 
PF02878.10000.fasta 72.6 75.9 51.1 54.4 
PF00505.10000.fasta 97.6 97.7 84.3 87.3 
PF02777.10000.fasta 91.1 96.8 67.3 69.4 
PF00009.10000.fasta 77.9 82.4 27.6 40.8 
PF05746.10000.fasta 84.9 85.3 67.2 76.3 
PF00687.10000.fasta 68.2 70.1 43.1 43.6 
PF00084.10000.fasta 87.7 88.7 72.9 77.7 
PF13365.10000.fasta 28.5 34.2 0.0 0.0 
PF13378.10000.fasta 74.3 75.8 18.4 21.6 
PF07654.10000.fasta 88.8 89.5 76.2 77.8 
PF00079.10000.fasta 94.0 94.3 84.9 87.1 
PF02836.10000.fasta 92.6 93.6 75.2 87.6 
PF07679.10000.fasta 84.4 85.4 47.0 58.6 
PF00313.10000.fasta 82.2 84.0 55.4 55.7 
PF01381.10000.fasta 67.5 68.1 18.3 21.0 
PF00970.10000.fasta 66.5 68.6 11.5 13.4 
PF04082.10000.fasta 46.0 50.2 16.9 16.7 
PF14604.10000.fasta 79.9 81.7 31.7 32.1 
PF00018.10000.fasta 85.1 87.2 4.7 0.1 
PF03129.10000.fasta 96.6 97.1 55.1 60.4 
PF00037.10000.fasta 87.6 90.5 69.0 72.6 
PF07686.10000.fasta 88.5 90.0 15.0 16.9 
PF00224.10000.fasta 93.1 92.9 73.1 77.9 
