PF00450.10000.fasta 80.4 82.1 47.1 60.2 
PF13393.10000.fasta 42.7 44.1 4.6 7.1 
PF00476.10000.fasta 94.9 95.9 80.6 84.4 
PF00625.10000.fasta 46.9 45.6 0.0 0.0 
PF00078.10000.fasta 91.4 93.6 79.4 80.2 
PF01814.10000.fasta 83.3 84.6 59.5 67.6 
PF13522.10000.fasta 74.6 76.1 25.6 32.8 
PF02878.10000.fasta 82.6 83.3 65.2 69.5 
PF00505.10000.fasta 97.6 97.7 84.3 87.3 
PF02777.10000.fasta 91.5 96.7 67.3 69.4 
PF00009.10000.fasta 77.3 82.8 31.9 43.5 
PF05746.10000.fasta 85.0 86.3 67.2 76.3 
PF00687.10000.fasta 79.6 81.3 57.5 57.2 
PF00084.10000.fasta 87.7 88.7 72.9 77.7 
PF13365.10000.fasta 28.6 34.0 0.0 0.0 
PF13378.10000.fasta 69.0 71.3 19.3 22.2 
PF07654.10000.fasta 87.6 87.7 72.6 74.7 
PF00079.10000.fasta 91.7 92.3 80.0 84.2 
PF02836.10000.fasta 88.0 90.4 69.1 80.5 
PF07679.10000.fasta 84.9 85.4 51.0 63.5 
PF00313.10000.fasta 82.0 84.0 55.4 55.7 
PF01381.10000.fasta 67.1 67.7 18.3 21.0 
PF00970.10000.fasta 66.9 68.8 12.6 14.7 
PF04082.10000.fasta 28.8 42.3 0.0 0.0 
PF14604.10000.fasta 79.1 80.8 31.7 32.1 
PF00018.10000.fasta 86.3 88.0 0.0 0.0 
PF03129.10000.fasta 96.4 96.9 55.1 60.4 
PF00037.10000.fasta 90.0 92.9 79.3 77.7 
PF07686.10000.fasta 90.1 91.4 37.4 42.2 
PF00224.10000.fasta 93.1 93.1 71.8 76.5 
