PF00450.10000.fasta 83.0 85.0 49.5 62.9 
PF13393.10000.fasta 40.4 41.8 4.9 7.6 
PF00476.10000.fasta 94.6 95.8 81.3 85.1 
PF00625.10000.fasta 37.2 36.3 2.7 4.2 
PF00078.10000.fasta 87.8 89.9 75.3 76.0 
PF01814.10000.fasta 85.8 87.4 68.1 76.7 
PF13522.10000.fasta 69.7 72.8 25.6 32.8 
PF02878.10000.fasta 68.9 72.8 45.2 48.5 
PF00505.10000.fasta 97.2 97.3 81.4 84.3 
PF02777.10000.fasta 91.0 96.3 68.3 70.5 
PF00009.10000.fasta 75.8 81.1 25.8 33.8 
PF05746.10000.fasta 84.7 85.0 67.2 76.3 
PF00687.10000.fasta 77.5 79.0 52.7 52.1 
PF00084.10000.fasta 88.6 89.1 74.6 79.5 
PF13365.10000.fasta 27.7 31.3 0.0 0.0 
PF13378.10000.fasta 74.7 76.3 24.5 28.4 
PF07654.10000.fasta 83.9 84.6 66.7 68.6 
PF00079.10000.fasta 93.0 93.2 82.8 85.5 
PF02836.10000.fasta 92.7 93.4 75.8 87.9 
PF07679.10000.fasta 85.5 86.8 52.0 64.8 
PF00313.10000.fasta 80.8 82.7 52.3 52.6 
PF01381.10000.fasta 66.8 67.5 18.3 21.0 
PF00970.10000.fasta 67.5 68.0 16.7 19.5 
PF04082.10000.fasta 64.0 65.4 37.9 43.6 
PF14604.10000.fasta 73.0 73.8 19.0 22.6 
PF00018.10000.fasta 85.6 87.2 0.0 0.0 
PF03129.10000.fasta 97.6 97.8 55.1 60.4 
PF00037.10000.fasta 88.0 89.9 69.0 72.6 
PF07686.10000.fasta 89.0 89.9 30.8 34.8 
PF00224.10000.fasta 93.0 92.9 72.7 77.4 
