PF00450.10000.fasta 82.8 84.9 48.3 61.3 
PF13393.10000.fasta 46.4 47.3 10.1 15.7 
PF00476.10000.fasta 94.3 95.2 79.8 83.7 
PF00625.10000.fasta 42.5 40.7 0.0 0.0 
PF00078.10000.fasta 89.0 91.8 77.6 78.4 
PF01814.10000.fasta 81.2 83.2 53.4 60.7 
PF13522.10000.fasta 74.7 76.7 24.0 30.8 
PF02878.10000.fasta 81.1 82.1 63.0 66.8 
PF00505.10000.fasta 97.3 97.5 84.3 87.3 
PF02777.10000.fasta 92.1 96.6 68.3 70.5 
PF00009.10000.fasta 73.2 78.9 23.3 32.3 
PF05746.10000.fasta 85.0 85.3 67.2 76.3 
PF00687.10000.fasta 79.2 81.3 55.7 57.0 
PF00084.10000.fasta 90.1 90.1 79.7 81.9 
PF13365.10000.fasta 32.6 38.7 0.0 0.0 
PF13378.10000.fasta 69.1 71.7 18.4 21.0 
PF07654.10000.fasta 88.6 88.8 75.0 76.5 
PF00079.10000.fasta 91.3 92.3 80.0 83.7 
PF02836.10000.fasta 89.6 91.5 68.5 79.8 
PF07679.10000.fasta 85.3 86.2 52.0 64.8 
PF00313.10000.fasta 82.0 84.0 55.4 55.7 
PF01381.10000.fasta 69.8 70.7 18.3 21.0 
PF00970.10000.fasta 66.8 68.7 10.9 12.7 
PF04082.10000.fasta 55.3 56.1 21.8 26.3 
PF14604.10000.fasta 78.2 79.8 31.7 32.1 
PF00018.10000.fasta 86.4 88.2 4.7 0.1 
PF03129.10000.fasta 96.9 97.3 55.1 60.4 
PF00037.10000.fasta 90.2 92.7 79.3 77.7 
PF07686.10000.fasta 86.8 88.2 37.4 42.2 
PF00224.10000.fasta 93.2 93.0 71.8 76.4 
