PF00450.10000.fasta 80.6 83.0 47.7 60.3 
PF13393.10000.fasta 41.9 43.0 4.6 7.1 
PF00476.10000.fasta 94.4 96.1 79.3 83.0 
PF00625.10000.fasta 39.1 38.9 0.0 0.0 
PF00078.10000.fasta 82.8 88.5 71.2 71.9 
PF01814.10000.fasta 86.3 88.4 63.8 71.1 
PF13522.10000.fasta 69.3 71.9 25.6 32.8 
PF02878.10000.fasta 83.3 84.3 66.7 70.3 
PF00505.10000.fasta 97.6 97.7 84.3 87.3 
PF02777.10000.fasta 91.4 96.8 67.3 69.4 
PF00009.10000.fasta 75.1 80.4 23.3 34.8 
PF05746.10000.fasta 85.0 86.0 67.2 76.3 
PF00687.10000.fasta 75.1 77.1 52.1 53.2 
PF00084.10000.fasta 90.1 90.1 79.7 81.9 
PF13365.10000.fasta 33.7 39.2 0.0 0.0 
PF13378.10000.fasta 69.2 72.3 18.4 21.0 
PF07654.10000.fasta 87.6 87.7 72.6 74.7 
PF00079.10000.fasta 91.3 92.0 80.3 83.6 
PF02836.10000.fasta 87.6 92.7 68.8 80.2 
PF07679.10000.fasta 85.7 86.4 51.0 63.5 
PF00313.10000.fasta 80.8 82.7 52.3 52.6 
PF01381.10000.fasta 69.4 70.3 18.3 21.0 
PF00970.10000.fasta 66.8 68.6 10.9 12.8 
PF04082.10000.fasta 50.1 54.2 25.3 27.2 
PF14604.10000.fasta 79.9 81.7 31.7 32.1 
PF00018.10000.fasta 85.9 88.5 4.7 0.1 
PF03129.10000.fasta 96.6 97.1 55.1 60.4 
PF00037.10000.fasta 87.7 90.1 69.0 72.6 
PF07686.10000.fasta 88.4 89.8 23.4 26.4 
PF00224.10000.fasta 93.0 92.8 71.3 76.0 
