PF00450.10000.fasta 80.1 83.0 46.9 59.4 
PF13393.10000.fasta 34.2 39.4 0.0 0.0 
PF00476.10000.fasta 94.4 96.0 80.3 84.2 
PF00625.10000.fasta 32.1 33.4 0.0 0.0 
PF00078.10000.fasta 81.9 88.0 72.4 73.1 
PF01814.10000.fasta 80.9 82.9 55.2 62.0 
PF13522.10000.fasta 67.6 70.3 21.7 27.8 
PF02878.10000.fasta 74.3 76.8 53.3 56.8 
PF00505.10000.fasta 97.0 97.5 82.9 85.8 
PF02777.10000.fasta 91.3 96.9 68.3 70.5 
PF00009.10000.fasta 72.8 79.5 24.4 35.5 
PF05746.10000.fasta 85.3 86.0 67.2 76.3 
PF00687.10000.fasta 76.2 77.5 56.9 56.6 
PF00084.10000.fasta 88.0 89.6 74.6 79.5 
PF13365.10000.fasta 26.3 29.9 0.0 0.0 
PF13378.10000.fasta 66.0 69.1 23.6 27.3 
PF07654.10000.fasta 79.6 80.9 58.3 60.0 
PF00079.10000.fasta 91.2 92.1 81.2 83.7 
PF02836.10000.fasta 90.2 91.6 72.7 84.8 
PF07679.10000.fasta 82.8 83.5 41.0 51.1 
PF00313.10000.fasta 82.0 84.0 55.4 55.7 
PF01381.10000.fasta 69.0 69.8 18.3 21.0 
PF00970.10000.fasta 67.6 68.2 15.5 18.1 
PF04082.10000.fasta 55.7 56.2 24.5 26.3 
PF14604.10000.fasta 74.3 91.8 22.2 25.7 
PF00018.10000.fasta 85.9 93.2 7.0 7.7 
PF03129.10000.fasta 96.6 97.1 55.1 60.4 
PF00037.10000.fasta 87.9 91.3 58.6 70.9 
PF07686.10000.fasta 88.3 89.2 15.0 16.9 
PF00224.10000.fasta 91.8 92.4 68.5 73.4 
