PF00450.10000.fasta 80.5 82.3 47.5 60.8 
PF13393.10000.fasta 38.6 43.2 0.0 0.0 
PF00476.10000.fasta 94.0 94.9 79.3 83.0 
PF00625.10000.fasta 35.7 39.7 0.0 0.0 
PF00078.10000.fasta 90.9 92.8 79.4 80.2 
PF01814.10000.fasta 84.0 86.7 68.1 76.7 
PF13522.10000.fasta 65.3 68.3 20.9 26.8 
PF02878.10000.fasta 79.9 82.4 61.5 65.2 
PF00505.10000.fasta 97.0 97.3 80.0 82.8 
PF02777.10000.fasta 91.1 96.7 67.3 69.4 
PF00009.10000.fasta 74.1 80.0 26.9 41.2 
PF05746.10000.fasta 85.1 86.2 67.2 76.3 
PF00687.10000.fasta 73.2 75.5 52.7 52.1 
PF00084.10000.fasta 90.1 90.1 79.7 81.9 
PF13365.10000.fasta 21.6 25.2 0.0 0.0 
PF13378.10000.fasta 65.0 68.4 19.3 22.2 
PF07654.10000.fasta 88.6 88.8 75.0 76.5 
PF00079.10000.fasta 92.6 93.1 81.5 85.3 
PF02836.10000.fasta 91.8 92.7 74.5 86.9 
PF07679.10000.fasta 82.3 83.7 42.0 52.3 
PF00313.10000.fasta 80.8 82.7 52.3 52.6 
PF01381.10000.fasta 66.8 67.4 18.3 21.0 
PF00970.10000.fasta 67.7 68.1 16.7 19.5 
PF04082.10000.fasta 52.1 53.2 17.6 21.2 
PF14604.10000.fasta 83.5 84.6 41.3 47.5 
PF00018.10000.fasta 86.2 87.7 0.0 0.0 
PF03129.10000.fasta 96.3 97.0 53.1 58.1 
PF00037.10000.fasta 88.0 89.9 69.0 72.6 
PF07686.10000.fasta 89.1 90.2 28.0 31.6 
PF00224.10000.fasta 91.9 92.3 67.6 72.4 
