PF00450.10000.fasta 81.2 83.2 48.1 61.4 
PF13393.10000.fasta 44.0 45.8 10.1 15.7 
PF00476.10000.fasta 94.4 95.9 80.1 83.8 
PF00625.10000.fasta 42.3 41.9 1.9 3.0 
PF00078.10000.fasta 85.7 90.1 74.1 74.9 
PF01814.10000.fasta 75.2 77.7 41.4 47.0 
PF13522.10000.fasta 75.4 77.1 25.6 32.8 
PF02878.10000.fasta 80.8 82.2 62.2 65.2 
PF00505.10000.fasta 97.6 97.7 84.3 87.3 
PF02777.10000.fasta 92.1 96.8 66.3 68.4 
PF00009.10000.fasta 63.4 78.7 0.0 0.0 
PF05746.10000.fasta 85.5 85.6 67.2 76.3 
PF00687.10000.fasta 79.6 80.8 56.3 56.1 
PF00084.10000.fasta 89.8 89.8 81.4 83.7 
PF13365.10000.fasta 33.4 40.4 0.0 0.0 
PF13378.10000.fasta 74.7 76.3 24.1 27.8 
PF07654.10000.fasta 80.4 82.6 60.7 61.8 
PF00079.10000.fasta 94.3 95.5 86.8 89.2 
PF02836.10000.fasta 91.4 93.1 75.5 87.9 
PF07679.10000.fasta 84.9 85.5 49.0 61.0 
PF00313.10000.fasta 82.0 84.0 55.4 55.7 
PF01381.10000.fasta 66.5 67.2 18.3 21.0 
PF00970.10000.fasta 66.5 68.5 10.9 12.8 
PF04082.10000.fasta 28.3 44.1 0.0 0.0 
PF14604.10000.fasta 76.4 79.6 27.0 31.9 
PF00018.10000.fasta 85.9 87.5 0.0 0.0 
PF03129.10000.fasta 96.4 96.9 55.1 60.4 
PF00037.10000.fasta 87.6 90.5 69.0 72.6 
PF07686.10000.fasta 88.0 89.8 17.8 20.1 
PF00224.10000.fasta 93.0 93.0 72.2 77.1 
