PF00450.10000.fasta 80.6 83.2 46.3 59.3 
PF13393.10000.fasta 43.8 45.3 4.6 7.1 
PF00476.10000.fasta 94.6 95.2 79.3 83.0 
PF00625.10000.fasta 40.4 38.6 0.0 0.0 
PF00078.10000.fasta 86.3 89.5 76.5 77.2 
PF01814.10000.fasta 78.9 81.1 55.2 60.6 
PF13522.10000.fasta 74.8 76.3 25.6 32.8 
PF02878.10000.fasta 82.0 83.4 64.4 67.5 
PF00505.10000.fasta 97.2 97.3 81.4 84.3 
PF02777.10000.fasta 91.0 96.6 67.3 69.4 
PF00009.10000.fasta 75.5 83.0 28.7 40.3 
PF05746.10000.fasta 84.9 85.2 67.2 76.3 
PF00687.10000.fasta 77.4 78.8 56.3 55.9 
PF00084.10000.fasta 88.6 89.1 74.6 79.5 
PF13365.10000.fasta 30.3 35.8 0.0 0.0 
PF13378.10000.fasta 73.0 74.9 19.3 22.2 
PF07654.10000.fasta 84.5 85.2 66.7 68.6 
PF00079.10000.fasta 92.2 92.5 82.2 85.9 
PF02836.10000.fasta 86.6 89.8 66.7 77.7 
PF07679.10000.fasta 84.8 85.4 51.0 63.5 
PF00313.10000.fasta 81.0 82.8 52.3 52.6 
PF01381.10000.fasta 67.8 68.6 18.3 21.0 
PF00970.10000.fasta 66.6 68.6 10.9 12.8 
PF04082.10000.fasta 63.8 65.4 40.6 45.7 
PF14604.10000.fasta 75.8 79.2 27.0 31.9 
PF00018.10000.fasta 86.4 88.2 4.7 0.1 
PF03129.10000.fasta 96.6 97.1 55.1 60.4 
PF00037.10000.fasta 87.7 90.1 69.0 72.6 
PF07686.10000.fasta 87.2 88.9 15.0 16.9 
PF00224.10000.fasta 93.1 93.0 71.8 76.5 
