PF00450.10000.fasta 80.2 82.5 47.3 60.2 
PF13393.10000.fasta 44.4 46.1 4.9 7.6 
PF00476.10000.fasta 94.1 96.2 80.3 83.7 
PF00625.10000.fasta 45.0 44.1 0.0 0.0 
PF00078.10000.fasta 90.4 93.6 77.6 78.4 
PF01814.10000.fasta 81.1 84.1 62.9 69.4 
PF13522.10000.fasta 74.4 76.7 25.6 32.8 
PF02878.10000.fasta 74.8 77.5 54.1 57.2 
PF00505.10000.fasta 97.0 97.1 81.4 84.3 
PF02777.10000.fasta 90.6 96.8 66.3 68.4 
PF00009.10000.fasta 74.8 80.9 25.4 37.9 
PF05746.10000.fasta 84.9 85.3 67.2 76.3 
PF00687.10000.fasta 79.8 80.6 56.9 56.6 
PF00084.10000.fasta 89.5 90.0 76.3 81.3 
PF13365.10000.fasta 32.6 38.3 0.0 0.0 
PF13378.10000.fasta 72.4 74.5 19.8 22.7 
PF07654.10000.fasta 83.9 85.6 66.7 68.0 
PF00079.10000.fasta 93.7 94.2 84.0 87.3 
PF02836.10000.fasta 91.2 92.3 73.3 85.5 
PF07679.10000.fasta 82.2 83.7 47.0 58.6 
PF00313.10000.fasta 82.0 84.0 55.4 55.7 
PF01381.10000.fasta 65.9 66.6 18.3 21.0 
PF00970.10000.fasta 66.2 68.2 10.3 12.1 
PF04082.10000.fasta 64.6 65.6 40.6 45.7 
PF14604.10000.fasta 77.4 79.0 20.6 24.6 
PF00018.10000.fasta 85.7 87.8 4.7 0.1 
PF03129.10000.fasta 97.1 97.5 55.1 60.4 
PF00037.10000.fasta 88.0 89.9 69.0 72.6 
PF07686.10000.fasta 87.1 89.9 28.0 31.6 
PF00224.10000.fasta 92.5 92.4 71.8 76.4 
