PF00450.10000.fasta 81.0 83.7 46.7 59.6 
PF13393.10000.fasta 43.8 45.0 4.9 7.6 
PF00476.10000.fasta 94.3 95.5 80.3 84.1 
PF00625.10000.fasta 40.1 40.2 0.0 0.0 
PF00078.10000.fasta 88.6 90.7 71.2 71.9 
PF01814.10000.fasta 79.1 80.7 53.4 60.0 
PF13522.10000.fasta 65.4 67.6 25.6 32.8 
PF02878.10000.fasta 79.1 80.3 60.7 64.0 
PF00505.10000.fasta 97.3 97.5 84.3 87.3 
PF02777.10000.fasta 91.6 96.4 68.3 70.5 
PF00009.10000.fasta 39.5 81.3 0.0 0.0 
PF05746.10000.fasta 84.6 84.7 67.2 76.3 
PF00687.10000.fasta 76.5 79.0 55.7 55.5 
PF00084.10000.fasta 88.6 89.1 74.6 79.5 
PF13365.10000.fasta 32.1 38.1 0.0 0.0 
PF13378.10000.fasta 75.0 76.8 22.2 25.6 
PF07654.10000.fasta 86.3 87.0 71.4 72.9 
PF00079.10000.fasta 94.0 94.2 85.2 87.5 
PF02836.10000.fasta 91.6 92.3 75.2 87.2 
PF07679.10000.fasta 85.2 86.0 52.0 64.8 
PF00313.10000.fasta 82.7 84.1 55.4 55.7 
PF01381.10000.fasta 68.0 68.6 18.3 21.0 
PF00970.10000.fasta 66.7 68.6 11.5 13.4 
PF04082.10000.fasta 27.5 42.9 0.0 0.0 
PF14604.10000.fasta 78.2 79.8 31.7 32.1 
PF00018.10000.fasta 85.9 87.8 4.7 0.1 
PF03129.10000.fasta 96.6 97.1 55.1 60.4 
PF00037.10000.fasta 85.5 88.4 65.5 68.1 
PF07686.10000.fasta 90.7 91.7 39.3 44.3 
PF00224.10000.fasta 92.6 92.9 69.4 74.4 
