PF00450.10000.fasta 81.2 83.0 47.7 60.7 
PF13393.10000.fasta 33.9 38.9 0.0 0.0 
PF00476.10000.fasta 94.5 95.9 80.3 84.2 
PF00625.10000.fasta 28.7 33.1 0.0 0.0 
PF00078.10000.fasta 85.5 89.6 74.1 74.7 
PF01814.10000.fasta 86.9 88.4 68.1 77.4 
PF13522.10000.fasta 68.6 70.7 20.2 25.8 
PF02878.10000.fasta 80.1 81.6 60.7 64.0 
PF00505.10000.fasta 97.2 97.3 81.4 84.3 
PF02777.10000.fasta 91.3 96.8 66.3 68.4 
PF00009.10000.fasta 76.6 83.2 24.4 36.0 
PF05746.10000.fasta 84.6 85.1 67.2 76.3 
PF00687.10000.fasta 80.0 81.4 56.9 56.6 
PF00084.10000.fasta 89.5 90.5 79.7 81.9 
PF13365.10000.fasta 31.1 37.0 0.0 0.0 
PF13378.10000.fasta 61.2 64.5 18.9 21.6 
PF07654.10000.fasta 85.9 87.7 71.4 72.9 
PF00079.10000.fasta 91.7 93.1 80.6 84.2 
PF02836.10000.fasta 91.7 93.4 74.5 86.5 
PF07679.10000.fasta 82.3 83.4 39.0 48.6 
PF00313.10000.fasta 80.8 82.7 52.3 52.6 
PF01381.10000.fasta 67.1 67.8 18.3 21.0 
PF00970.10000.fasta 67.0 68.2 9.8 11.4 
PF04082.10000.fasta 64.8 65.7 42.5 45.9 
PF14604.10000.fasta 76.6 77.7 22.2 26.2 
PF00018.10000.fasta 85.7 87.3 0.0 0.0 
PF03129.10000.fasta 97.4 97.8 55.1 60.4 
PF00037.10000.fasta 88.0 89.9 69.0 72.6 
PF07686.10000.fasta 88.3 90.6 16.8 18.9 
PF00224.10000.fasta 92.0 92.5 67.1 72.1 
