PF00450.10000.fasta 80.1 82.0 47.7 60.9 
PF13393.10000.fasta 39.7 41.3 2.9 4.5 
PF00476.10000.fasta 93.8 94.9 78.8 82.5 
PF00625.10000.fasta 42.0 40.8 1.5 2.4 
PF00078.10000.fasta 82.5 89.6 71.8 72.5 
PF01814.10000.fasta 86.5 87.4 70.7 79.2 
PF13522.10000.fasta 67.2 70.1 25.6 32.8 
PF02878.10000.fasta 71.9 74.7 48.1 51.7 
PF00505.10000.fasta 97.2 97.3 81.4 84.3 
PF02777.10000.fasta 90.8 96.4 66.3 68.4 
PF00009.10000.fasta 74.2 80.1 28.7 40.2 
PF05746.10000.fasta 84.7 84.7 67.2 76.3 
PF00687.10000.fasta 75.4 76.8 53.9 53.4 
PF00084.10000.fasta 89.5 90.0 76.3 81.3 
PF13365.10000.fasta 34.9 40.1 0.0 0.0 
PF13378.10000.fasta 72.6 74.4 19.3 22.2 
PF07654.10000.fasta 88.2 89.4 75.0 76.5 
PF00079.10000.fasta 92.4 92.5 81.8 84.5 
PF02836.10000.fasta 92.1 93.8 74.5 86.9 
PF07679.10000.fasta 83.6 85.0 48.0 59.8 
PF00313.10000.fasta 82.0 84.0 55.4 55.7 
PF01381.10000.fasta 66.0 66.6 18.3 21.0 
PF00970.10000.fasta 67.4 67.7 16.7 19.5 
PF04082.10000.fasta 64.5 65.3 38.3 44.5 
PF14604.10000.fasta 80.6 81.6 39.7 49.8 
PF00018.10000.fasta 86.2 87.7 0.0 0.0 
PF03129.10000.fasta 96.7 97.2 55.1 60.4 
PF00037.10000.fasta 87.1 90.2 55.2 70.6 
PF07686.10000.fasta 88.9 90.1 34.6 39.0 
PF00224.10000.fasta 93.1 93.3 69.9 74.8 
