PF00450.10000.fasta 80.0 81.4 47.9 60.8 
PF13393.10000.fasta 38.0 42.7 0.0 0.0 
PF00476.10000.fasta 93.9 94.7 77.7 81.6 
PF00625.10000.fasta 34.3 37.9 0.0 0.0 
PF00078.10000.fasta 91.6 94.7 81.8 82.6 
PF01814.10000.fasta 86.2 87.9 70.7 76.8 
PF13522.10000.fasta 69.2 71.3 20.9 26.8 
PF02878.10000.fasta 73.0 76.3 50.4 54.0 
PF00505.10000.fasta 96.8 97.1 80.0 82.8 
PF02777.10000.fasta 91.0 96.3 68.3 70.5 
PF00009.10000.fasta 74.8 80.4 20.4 29.6 
PF05746.10000.fasta 85.0 86.2 67.2 76.3 
PF00687.10000.fasta 82.2 84.1 63.5 63.6 
PF00084.10000.fasta 88.6 89.1 74.6 79.5 
PF13365.10000.fasta 27.3 31.3 0.0 0.0 
PF13378.10000.fasta 67.7 70.6 24.1 27.8 
PF07654.10000.fasta 87.6 87.7 72.6 74.7 
PF00079.10000.fasta 91.6 92.2 80.0 84.3 
PF02836.10000.fasta 90.0 91.5 71.8 83.7 
PF07679.10000.fasta 81.8 83.5 40.0 49.8 
PF00313.10000.fasta 82.0 84.0 55.4 55.7 
PF01381.10000.fasta 66.7 67.4 18.3 21.0 
PF00970.10000.fasta 67.7 68.2 16.7 19.5 
PF04082.10000.fasta 52.7 53.8 18.8 22.6 
PF14604.10000.fasta 76.6 77.7 20.6 24.6 
PF00018.10000.fasta 86.2 87.7 0.0 0.0 
PF03129.10000.fasta 96.7 97.3 55.1 60.4 
PF00037.10000.fasta 88.0 89.9 69.0 72.6 
PF07686.10000.fasta 90.1 91.2 33.6 38.0 
PF00224.10000.fasta 92.0 92.5 67.6 72.4 
