PF00450.10000.fasta 80.5 82.2 49.1 62.4 
PF13393.10000.fasta 42.2 43.3 4.9 7.6 
PF00476.10000.fasta 93.9 95.1 80.1 83.7 
PF00625.10000.fasta 34.6 36.4 0.0 0.0 
PF00078.10000.fasta 94.4 95.7 82.9 83.8 
PF01814.10000.fasta 84.3 85.4 67.2 75.7 
PF13522.10000.fasta 67.3 70.3 20.2 25.8 
PF02878.10000.fasta 69.3 72.1 45.2 48.5 
PF00505.10000.fasta 97.2 97.3 81.4 84.3 
PF02777.10000.fasta 90.2 95.1 66.3 68.4 
PF00009.10000.fasta 74.8 80.8 22.6 36.0 
PF05746.10000.fasta 84.6 84.7 67.2 76.3 
PF00687.10000.fasta 78.5 80.1 60.5 60.4 
PF00084.10000.fasta 88.9 89.9 79.7 81.9 
PF13365.10000.fasta 28.9 33.5 0.0 0.0 
PF13378.10000.fasta 66.8 69.7 24.1 27.8 
PF07654.10000.fasta 88.8 89.0 75.0 77.1 
PF00079.10000.fasta 92.5 93.2 81.5 85.3 
PF02836.10000.fasta 88.1 90.2 71.2 82.6 
PF07679.10000.fasta 81.5 82.9 39.0 48.6 
PF00313.10000.fasta 81.4 82.8 52.3 52.6 
PF01381.10000.fasta 66.7 67.4 18.3 21.0 
PF00970.10000.fasta 67.4 67.9 16.7 19.5 
PF04082.10000.fasta 61.3 62.8 35.6 42.9 
PF14604.10000.fasta 74.9 76.9 19.0 24.2 
PF00018.10000.fasta 86.6 88.1 0.0 0.0 
PF03129.10000.fasta 96.2 97.0 55.1 60.4 
PF00037.10000.fasta 88.0 89.9 69.0 72.6 
PF07686.10000.fasta 88.3 89.6 21.5 24.2 
PF00224.10000.fasta 92.0 92.5 67.1 72.1 
