PF00450.10000.fasta 80.2 83.1 46.9 59.7 
PF13393.10000.fasta 37.4 40.9 0.0 0.0 
PF00476.10000.fasta 94.1 95.0 78.2 82.3 
PF00625.10000.fasta 32.3 39.7 0.0 0.0 
PF00078.10000.fasta 90.7 93.3 75.9 76.6 
PF01814.10000.fasta 84.6 86.1 68.1 76.3 
PF13522.10000.fasta 64.5 69.2 21.7 27.8 
PF02878.10000.fasta 80.9 81.9 62.2 65.6 
PF00505.10000.fasta 97.0 97.5 82.9 85.8 
PF02777.10000.fasta 90.4 95.7 67.3 69.4 
PF00009.10000.fasta 74.3 81.2 20.4 33.5 
PF05746.10000.fasta 85.0 85.4 67.2 76.3 
PF00687.10000.fasta 79.8 81.2 59.9 59.8 
PF00084.10000.fasta 88.6 89.1 74.6 79.5 
PF13365.10000.fasta 30.1 35.5 0.0 0.0 
PF13378.10000.fasta 62.8 66.0 19.8 22.7 
PF07654.10000.fasta 87.6 87.7 72.6 74.7 
PF00079.10000.fasta 91.6 92.5 79.7 83.8 
PF02836.10000.fasta 88.1 89.9 70.6 81.9 
PF07679.10000.fasta 80.2 81.3 41.0 51.1 
PF00313.10000.fasta 82.2 84.0 55.4 55.7 
PF01381.10000.fasta 68.6 69.5 18.3 21.0 
PF00970.10000.fasta 67.1 67.8 15.5 18.1 
PF04082.10000.fasta 54.1 55.3 21.1 23.7 
PF14604.10000.fasta 75.8 77.6 20.6 25.7 
PF00018.10000.fasta 85.8 87.8 4.7 0.1 
PF03129.10000.fasta 96.6 97.1 55.1 60.4 
PF00037.10000.fasta 90.2 92.7 79.3 77.7 
PF07686.10000.fasta 86.4 88.5 15.0 16.9 
PF00224.10000.fasta 91.9 92.4 67.1 72.1 
