PF00450.10000.fasta 79.1 80.6 46.5 59.2 
PF13393.10000.fasta 40.7 42.8 6.4 9.9 
PF00476.10000.fasta 94.0 95.4 78.5 82.4 
PF00625.10000.fasta 41.4 39.4 0.0 0.0 
PF00078.10000.fasta 93.6 95.6 81.8 82.6 
PF01814.10000.fasta 86.1 87.5 70.7 78.6 
PF13522.10000.fasta 68.3 70.9 25.6 32.8 
PF02878.10000.fasta 82.3 84.0 65.9 69.9 
PF00505.10000.fasta 97.2 97.3 81.4 84.3 
PF02777.10000.fasta 91.3 97.0 67.3 69.4 
PF00009.10000.fasta 74.5 80.4 25.4 39.8 
PF05746.10000.fasta 84.8 85.0 67.2 76.3 
PF00687.10000.fasta 76.6 78.1 53.3 52.7 
PF00084.10000.fasta 88.6 89.1 74.6 79.5 
PF13365.10000.fasta 28.1 32.7 0.0 0.0 
PF13378.10000.fasta 74.0 75.8 22.2 25.6 
PF07654.10000.fasta 83.7 84.4 65.5 66.7 
PF00079.10000.fasta 92.5 93.0 81.2 85.0 
PF02836.10000.fasta 91.0 92.3 73.0 84.8 
PF07679.10000.fasta 83.3 84.6 47.0 58.6 
PF00313.10000.fasta 82.0 84.0 55.4 55.7 
PF01381.10000.fasta 67.6 68.2 18.3 21.0 
PF00970.10000.fasta 67.0 67.5 15.5 18.1 
PF04082.10000.fasta 60.0 61.4 36.4 43.4 
PF14604.10000.fasta 84.3 85.5 41.3 47.5 
PF00018.10000.fasta 85.9 87.5 0.0 0.0 
PF03129.10000.fasta 96.4 97.0 55.1 60.4 
PF00037.10000.fasta 85.5 88.4 65.5 68.1 
PF07686.10000.fasta 90.8 92.1 37.4 42.2 
PF00224.10000.fasta 92.9 92.7 71.3 76.0 
