PF00450.10000.fasta 81.8 84.1 46.5 59.1 
PF13393.10000.fasta 35.8 39.3 0.0 0.0 
PF00476.10000.fasta 93.8 95.3 78.0 81.8 
PF00625.10000.fasta 37.2 40.1 0.0 0.0 
PF00078.10000.fasta 88.0 90.6 74.1 74.9 
PF01814.10000.fasta 80.3 81.8 54.3 61.0 
PF13522.10000.fasta 67.9 70.9 20.2 25.8 
PF02878.10000.fasta 76.4 78.8 56.3 59.6 
PF00505.10000.fasta 97.2 97.7 82.9 85.8 
PF02777.10000.fasta 91.0 95.9 68.3 70.5 
PF00009.10000.fasta 73.8 79.2 22.2 32.4 
PF05746.10000.fasta 84.5 84.5 67.2 76.3 
PF00687.10000.fasta 79.7 81.0 55.1 56.4 
PF00084.10000.fasta 88.6 89.6 74.6 79.5 
PF13365.10000.fasta 28.3 33.0 0.0 0.0 
PF13378.10000.fasta 65.2 68.6 23.1 26.7 
PF07654.10000.fasta 87.6 87.7 72.6 74.7 
PF00079.10000.fasta 91.8 92.5 81.2 84.3 
PF02836.10000.fasta 91.8 92.6 74.5 86.9 
PF07679.10000.fasta 82.7 83.4 41.0 51.1 
PF00313.10000.fasta 82.7 84.1 55.4 55.7 
PF01381.10000.fasta 68.6 69.3 18.3 21.0 
PF00970.10000.fasta 67.3 67.9 16.1 18.8 
PF04082.10000.fasta 54.9 56.1 24.5 26.3 
PF14604.10000.fasta 79.1 81.3 31.7 32.1 
PF00018.10000.fasta 86.0 87.6 4.7 0.1 
PF03129.10000.fasta 96.6 97.1 55.1 60.4 
PF00037.10000.fasta 88.2 91.7 58.6 70.9 
PF07686.10000.fasta 88.0 89.9 14.0 15.9 
PF00224.10000.fasta 91.5 92.0 66.7 71.6 
