PF00450.10000.fasta 80.5 82.6 46.5 59.4 
PF13393.10000.fasta 44.8 46.0 4.9 7.6 
PF00476.10000.fasta 94.0 95.9 78.8 82.6 
PF00625.10000.fasta 35.9 38.8 0.0 0.0 
PF00078.10000.fasta 87.7 91.3 75.9 76.6 
PF01814.10000.fasta 84.3 85.2 64.7 72.7 
PF13522.10000.fasta 73.1 75.4 24.0 30.8 
PF02878.10000.fasta 80.1 81.5 61.5 65.2 
PF00505.10000.fasta 97.3 97.5 84.3 87.3 
PF02777.10000.fasta 91.0 96.1 68.3 70.5 
PF00009.10000.fasta 77.6 82.8 30.5 42.2 
PF05746.10000.fasta 84.6 85.1 67.2 76.3 
PF00687.10000.fasta 76.0 77.3 52.7 52.1 
PF00084.10000.fasta 87.7 88.7 76.3 81.3 
PF13365.10000.fasta 30.5 35.7 0.0 0.0 
PF13378.10000.fasta 72.6 74.2 18.4 21.1 
PF07654.10000.fasta 86.9 87.7 71.4 73.5 
PF00079.10000.fasta 92.6 93.3 81.2 85.3 
PF02836.10000.fasta 91.3 92.9 72.7 84.8 
PF07679.10000.fasta 85.0 85.4 51.0 63.5 
PF00313.10000.fasta 80.8 82.7 52.3 52.6 
PF01381.10000.fasta 69.1 69.9 18.3 21.0 
PF00970.10000.fasta 67.8 68.3 16.1 18.8 
PF04082.10000.fasta 55.9 56.6 24.1 25.8 
PF14604.10000.fasta 79.9 81.7 31.7 32.1 
PF00018.10000.fasta 86.3 87.7 0.0 0.0 
PF03129.10000.fasta 96.7 97.2 57.1 62.6 
PF00037.10000.fasta 87.4 89.7 69.0 72.6 
PF07686.10000.fasta 90.8 91.6 40.2 45.4 
PF00224.10000.fasta 93.1 93.0 71.8 76.4 
