PF00450.10000.fasta 81.0 82.8 47.1 59.9 
PF13393.10000.fasta 36.5 40.1 0.0 0.0 
PF00476.10000.fasta 94.3 95.7 80.3 84.0 
PF00625.10000.fasta 31.9 41.8 0.0 0.0 
PF00078.10000.fasta 90.9 92.3 76.5 77.2 
PF01814.10000.fasta 78.6 81.1 55.2 60.6 
PF13522.10000.fasta 68.9 71.5 25.6 32.8 
PF02878.10000.fasta 82.1 84.1 65.2 68.7 
PF00505.10000.fasta 97.4 97.7 82.9 85.8 
PF02777.10000.fasta 91.5 96.7 68.3 70.5 
PF00009.10000.fasta 75.4 81.2 23.3 36.6 
PF05746.10000.fasta 85.0 85.4 67.2 76.3 
PF00687.10000.fasta 77.0 78.7 59.9 59.8 
PF00084.10000.fasta 86.7 88.3 74.6 79.5 
PF13365.10000.fasta 32.7 38.1 0.0 0.0 
PF13378.10000.fasta 66.0 69.0 19.3 22.2 
PF07654.10000.fasta 85.7 87.0 70.2 71.6 
PF00079.10000.fasta 90.8 91.5 79.4 83.2 
PF02836.10000.fasta 87.3 89.1 69.4 80.5 
PF07679.10000.fasta 82.3 83.4 39.0 48.6 
PF00313.10000.fasta 82.7 84.1 55.4 55.7 
PF01381.10000.fasta 68.0 68.5 18.3 21.0 
PF00970.10000.fasta 67.6 68.2 16.1 18.8 
PF04082.10000.fasta 57.7 58.3 27.2 26.6 
PF14604.10000.fasta 80.6 81.6 39.7 49.8 
PF00018.10000.fasta 85.8 87.6 4.7 0.1 
PF03129.10000.fasta 96.6 97.1 55.1 60.4 
PF00037.10000.fasta 87.6 90.3 69.0 72.6 
PF07686.10000.fasta 87.6 89.2 15.9 17.8 
PF00224.10000.fasta 92.3 92.7 68.1 73.0 
