PF00450.10000.fasta 80.8 82.8 47.7 60.5 
PF13393.10000.fasta 43.1 44.8 4.9 7.6 
PF00476.10000.fasta 94.1 94.9 79.0 82.9 
PF00625.10000.fasta 39.7 39.2 0.0 0.0 
PF00078.10000.fasta 92.6 94.1 80.6 81.4 
PF01814.10000.fasta 85.3 87.1 73.3 81.2 
PF13522.10000.fasta 67.2 70.6 24.0 30.8 
PF02878.10000.fasta 81.7 82.8 63.7 67.2 
PF00505.10000.fasta 97.6 97.7 84.3 87.3 
PF02777.10000.fasta 91.1 96.9 67.3 69.4 
PF00009.10000.fasta 78.2 82.9 31.5 41.5 
PF05746.10000.fasta 84.9 85.3 67.2 76.3 
PF00687.10000.fasta 73.6 75.1 52.1 51.5 
PF00084.10000.fasta 88.9 88.9 79.7 81.9 
PF13365.10000.fasta 28.7 34.2 0.0 0.0 
PF13378.10000.fasta 72.5 74.5 24.5 28.4 
PF07654.10000.fasta 86.9 88.0 72.6 74.7 
PF00079.10000.fasta 93.4 93.7 84.3 86.2 
PF02836.10000.fasta 89.0 90.9 71.2 83.0 
PF07679.10000.fasta 84.0 84.5 51.0 63.5 
PF00313.10000.fasta 82.0 84.0 55.4 55.7 
PF01381.10000.fasta 68.8 69.5 18.3 21.0 
PF00970.10000.fasta 66.8 69.0 10.3 12.1 
PF04082.10000.fasta 43.5 47.7 16.9 16.7 
PF14604.10000.fasta 79.5 80.9 31.7 32.1 
PF00018.10000.fasta 86.1 87.6 0.0 0.0 
PF03129.10000.fasta 96.6 97.1 55.1 60.4 
PF00037.10000.fasta 87.7 90.1 69.0 72.6 
PF07686.10000.fasta 87.7 89.3 15.0 16.9 
PF00224.10000.fasta 92.9 93.2 69.4 74.3 
