PF00450.10000.fasta 83.6 86.2 49.1 62.4 
PF13393.10000.fasta 35.4 36.7 0.0 0.0 
PF00476.10000.fasta 94.8 96.2 81.3 85.0 
PF00625.10000.fasta 41.2 40.8 0.0 0.0 
PF00078.10000.fasta 92.8 95.6 81.2 82.0 
PF01814.10000.fasta 82.8 85.2 58.6 64.5 
PF13522.10000.fasta 70.7 72.6 25.6 32.8 
PF02878.10000.fasta 81.5 82.6 63.7 67.5 
PF00505.10000.fasta 97.6 97.7 84.3 87.3 
PF02777.10000.fasta 91.0 96.0 68.3 70.5 
PF00009.10000.fasta 76.0 82.3 28.7 42.1 
PF05746.10000.fasta 84.3 84.6 67.2 76.3 
PF00687.10000.fasta 72.5 73.5 55.1 54.7 
PF00084.10000.fasta 88.0 89.6 74.6 79.5 
PF13365.10000.fasta 27.0 31.1 0.0 0.0 
PF13378.10000.fasta 72.3 74.0 19.3 22.2 
PF07654.10000.fasta 86.9 88.2 72.6 74.1 
PF00079.10000.fasta 93.0 93.0 82.8 85.7 
PF02836.10000.fasta 91.1 92.3 72.7 84.8 
PF07679.10000.fasta 84.9 85.5 49.0 61.0 
PF00313.10000.fasta 82.2 84.0 55.4 55.7 
PF01381.10000.fasta 69.7 70.5 18.3 21.0 
PF00970.10000.fasta 66.9 68.7 10.9 12.8 
PF04082.10000.fasta 22.0 44.3 0.0 0.0 
PF14604.10000.fasta 79.1 80.8 31.7 32.1 
PF00018.10000.fasta 85.9 87.5 0.0 0.0 
PF03129.10000.fasta 96.6 97.1 55.1 60.4 
PF00037.10000.fasta 90.2 92.7 79.3 77.7 
PF07686.10000.fasta 89.0 90.1 37.4 42.2 
PF00224.10000.fasta 92.0 92.5 67.1 71.9 
