PF00450.10000.fasta 82.9 85.5 48.7 62.1 
PF13393.10000.fasta 36.5 40.2 0.0 0.0 
PF00476.10000.fasta 94.3 95.4 80.6 84.3 
PF00625.10000.fasta 31.4 36.9 0.0 0.0 
PF00078.10000.fasta 90.7 93.1 77.1 77.8 
PF01814.10000.fasta 78.6 82.0 55.2 60.6 
PF13522.10000.fasta 62.5 66.3 21.7 27.8 
PF02878.10000.fasta 73.8 76.6 51.9 55.2 
PF00505.10000.fasta 97.6 97.7 84.3 87.3 
PF02777.10000.fasta 90.6 96.5 66.3 68.4 
PF00009.10000.fasta 74.7 81.2 25.4 35.5 
PF05746.10000.fasta 84.9 85.5 67.2 76.3 
PF00687.10000.fasta 81.7 83.6 61.1 61.0 
PF00084.10000.fasta 89.5 90.0 76.3 81.3 
PF13365.10000.fasta 25.0 29.3 0.0 0.0 
PF13378.10000.fasta 61.3 64.5 20.3 23.0 
PF07654.10000.fasta 84.5 85.2 66.7 68.6 
PF00079.10000.fasta 92.4 92.6 81.8 85.6 
PF02836.10000.fasta 86.2 88.9 67.6 78.4 
PF07679.10000.fasta 80.6 82.3 39.0 48.6 
PF00313.10000.fasta 81.0 82.8 52.3 52.6 
PF01381.10000.fasta 67.9 68.4 18.3 21.0 
PF00970.10000.fasta 66.4 67.6 9.8 11.4 
PF04082.10000.fasta 47.4 48.9 19.9 21.9 
PF14604.10000.fasta 77.4 80.0 31.7 32.1 
PF00018.10000.fasta 86.2 88.0 4.7 0.1 
PF03129.10000.fasta 96.4 96.9 57.1 62.6 
PF00037.10000.fasta 87.6 90.3 69.0 72.6 
PF07686.10000.fasta 88.4 90.0 20.6 23.1 
PF00224.10000.fasta 93.2 93.5 68.5 73.5 
