PF00450.10000.fasta 81.5 83.3 48.7 62.3 
PF13393.10000.fasta 36.4 41.5 0.0 0.0 
PF00476.10000.fasta 94.2 95.4 79.0 82.9 
PF00625.10000.fasta 39.0 37.2 0.0 0.0 
PF00078.10000.fasta 86.8 90.6 75.9 76.6 
PF01814.10000.fasta 89.7 90.6 76.7 84.0 
PF13522.10000.fasta 67.8 72.4 25.6 32.8 
PF02878.10000.fasta 72.5 76.6 49.6 53.2 
PF00505.10000.fasta 97.2 97.3 81.4 84.3 
PF02777.10000.fasta 91.9 96.4 68.3 70.5 
PF00009.10000.fasta 75.7 81.2 25.8 39.8 
PF05746.10000.fasta 85.1 85.5 67.2 76.3 
PF00687.10000.fasta 74.4 76.0 52.1 51.5 
PF00084.10000.fasta 88.6 91.0 81.4 83.7 
PF13365.10000.fasta 31.3 35.3 0.0 0.0 
PF13378.10000.fasta 72.4 74.3 19.3 22.2 
PF07654.10000.fasta 85.1 85.3 67.9 69.8 
PF00079.10000.fasta 92.2 92.1 81.2 84.8 
PF02836.10000.fasta 91.8 92.7 74.8 87.2 
PF07679.10000.fasta 83.7 85.1 47.0 58.6 
PF00313.10000.fasta 80.8 82.7 52.3 52.6 
PF01381.10000.fasta 66.8 67.4 18.3 21.0 
PF00970.10000.fasta 67.4 67.7 16.7 19.5 
PF04082.10000.fasta 49.3 50.5 13.0 15.7 
PF14604.10000.fasta 78.7 80.6 34.9 45.3 
PF00018.10000.fasta 85.6 88.2 0.0 0.0 
PF03129.10000.fasta 96.1 96.9 53.1 58.1 
PF00037.10000.fasta 88.0 89.9 69.0 72.6 
PF07686.10000.fasta 90.0 91.0 36.4 41.1 
PF00224.10000.fasta 93.4 93.1 73.1 77.9 
