PF00450.10000.fasta 80.2 82.3 47.1 59.8 
PF13393.10000.fasta 43.4 45.2 12.2 18.9 
PF00476.10000.fasta 94.2 95.4 80.1 83.7 
PF00625.10000.fasta 40.3 42.5 4.9 7.8 
PF00078.10000.fasta 86.7 90.3 74.7 75.4 
PF01814.10000.fasta 76.5 79.9 52.6 59.7 
PF13522.10000.fasta 68.2 70.9 25.6 32.8 
PF02878.10000.fasta 81.7 82.6 63.7 67.2 
PF00505.10000.fasta 97.6 97.7 84.3 87.3 
PF02777.10000.fasta 90.5 95.9 67.3 69.4 
PF00009.10000.fasta 77.2 83.2 29.0 40.7 
PF05746.10000.fasta 85.0 86.0 67.2 76.3 
PF00687.10000.fasta 77.0 78.9 56.3 55.9 
PF00084.10000.fasta 89.2 89.7 78.0 80.1 
PF13365.10000.fasta 32.2 37.9 0.0 0.0 
PF13378.10000.fasta 72.5 73.9 18.4 21.0 
PF07654.10000.fasta 87.6 87.7 72.6 74.7 
PF00079.10000.fasta 93.4 93.8 84.6 86.9 
PF02836.10000.fasta 87.7 91.4 70.0 81.6 
PF07679.10000.fasta 85.5 86.0 51.0 63.5 
PF00313.10000.fasta 82.0 84.0 55.4 55.7 
PF01381.10000.fasta 69.7 70.5 18.3 21.0 
PF00970.10000.fasta 67.1 69.0 12.6 14.8 
PF04082.10000.fasta 45.9 50.9 18.4 16.9 
PF14604.10000.fasta 73.5 75.4 27.0 31.9 
PF00018.10000.fasta 86.2 88.2 4.7 0.1 
PF03129.10000.fasta 96.1 96.6 55.1 60.4 
PF00037.10000.fasta 87.7 90.1 69.0 72.6 
PF07686.10000.fasta 89.8 90.8 38.3 43.4 
PF00224.10000.fasta 92.4 92.4 71.8 76.4 
