PF00450.10000.fasta 81.6 83.7 49.3 62.9 
PF13393.10000.fasta 39.7 41.0 4.6 7.1 
PF00476.10000.fasta 93.9 95.2 79.3 82.9 
PF00625.10000.fasta 42.7 40.9 0.0 0.0 
PF00078.10000.fasta 88.5 92.1 73.5 74.3 
PF01814.10000.fasta 79.8 82.6 52.6 57.7 
PF13522.10000.fasta 71.8 74.0 25.6 32.8 
PF02878.10000.fasta 83.3 84.2 66.7 70.7 
PF00505.10000.fasta 97.6 97.7 84.3 87.3 
PF02777.10000.fasta 91.2 95.6 68.3 70.5 
PF00009.10000.fasta 72.1 78.1 24.4 37.0 
PF05746.10000.fasta 84.6 85.0 67.2 76.3 
PF00687.10000.fasta 77.3 79.1 55.7 55.5 
PF00084.10000.fasta 88.0 89.6 74.6 79.5 
PF13365.10000.fasta 28.3 32.8 0.0 0.0 
PF13378.10000.fasta 72.3 74.0 19.3 22.2 
PF07654.10000.fasta 88.8 89.0 75.0 77.1 
PF00079.10000.fasta 93.7 93.7 84.9 87.3 
PF02836.10000.fasta 91.6 92.8 74.2 86.5 
PF07679.10000.fasta 84.2 84.7 49.0 61.0 
PF00313.10000.fasta 82.0 84.0 55.4 55.7 
PF01381.10000.fasta 68.0 68.6 18.3 21.0 
PF00970.10000.fasta 66.6 68.6 10.3 12.1 
PF04082.10000.fasta 60.2 62.2 35.6 42.9 
PF14604.10000.fasta 79.1 80.5 31.7 32.1 
PF00018.10000.fasta 85.7 87.6 4.7 0.1 
PF03129.10000.fasta 96.9 97.4 55.1 60.4 
PF00037.10000.fasta 87.7 90.1 69.0 72.6 
PF07686.10000.fasta 88.3 89.9 15.0 16.9 
PF00224.10000.fasta 93.4 93.3 72.2 76.9 
