PF00450.10000.fasta 78.2 80.6 44.8 57.2 
PF13393.10000.fasta 46.0 47.4 7.5 11.2 
PF00476.10000.fasta 94.6 94.9 80.1 83.7 
PF00625.10000.fasta 39.9 38.3 0.0 0.0 
PF00078.10000.fasta 85.9 90.0 76.5 77.2 
PF01814.10000.fasta 87.6 89.1 69.0 76.2 
PF13522.10000.fasta 66.5 69.2 25.6 32.8 
PF02878.10000.fasta 82.1 83.4 65.2 68.7 
PF00505.10000.fasta 97.6 97.7 84.3 87.3 
PF02777.10000.fasta 91.5 96.8 68.3 70.5 
PF00009.10000.fasta 78.2 83.7 32.3 42.9 
PF05746.10000.fasta 84.4 84.8 66.4 75.4 
PF00687.10000.fasta 80.1 81.0 56.3 55.9 
PF00084.10000.fasta 89.5 90.0 76.3 81.3 
PF13365.10000.fasta 28.5 33.8 0.0 0.0 
PF13378.10000.fasta 72.1 74.0 19.8 22.7 
PF07654.10000.fasta 84.9 85.6 69.0 70.4 
PF00079.10000.fasta 91.1 91.5 79.1 82.8 
PF02836.10000.fasta 89.9 91.1 70.3 81.6 
PF07679.10000.fasta 84.8 85.5 49.0 61.0 
PF00313.10000.fasta 82.0 84.0 55.4 55.7 
PF01381.10000.fasta 67.7 68.3 18.3 21.0 
PF00970.10000.fasta 66.7 68.8 11.5 13.4 
PF04082.10000.fasta 58.7 60.3 33.7 40.6 
PF14604.10000.fasta 81.3 83.6 34.9 45.3 
PF00018.10000.fasta 86.0 87.8 4.7 0.1 
PF03129.10000.fasta 96.6 97.1 55.1 60.4 
PF00037.10000.fasta 87.7 90.1 69.0 72.6 
PF07686.10000.fasta 87.4 88.9 15.0 16.9 
PF00224.10000.fasta 92.9 93.2 69.0 73.9 
