PF00450.10000.fasta 79.9 81.6 45.9 58.4 
PF13393.10000.fasta 42.3 43.2 4.9 7.6 
PF00476.10000.fasta 94.0 95.5 77.7 81.6 
PF00625.10000.fasta 40.9 40.1 0.0 0.0 
PF00078.10000.fasta 87.8 90.8 72.9 73.7 
PF01814.10000.fasta 81.3 82.5 56.0 63.0 
PF13522.10000.fasta 67.5 70.8 25.6 32.8 
PF02878.10000.fasta 84.6 86.9 69.6 74.3 
PF00505.10000.fasta 97.2 97.3 81.4 84.3 
PF02777.10000.fasta 91.5 96.7 67.3 69.4 
PF00009.10000.fasta 75.3 80.2 22.9 35.7 
PF05746.10000.fasta 85.6 85.8 67.2 76.3 
PF00687.10000.fasta 75.4 76.4 55.7 55.3 
PF00084.10000.fasta 88.6 89.1 74.6 79.5 
PF13365.10000.fasta 31.7 36.7 0.0 0.0 
PF13378.10000.fasta 73.3 75.2 23.1 27.3 
PF07654.10000.fasta 84.5 85.2 66.7 68.6 
PF00079.10000.fasta 90.9 91.4 79.1 83.0 
PF02836.10000.fasta 92.5 93.5 74.8 86.9 
PF07679.10000.fasta 84.4 85.9 49.0 61.0 
PF00313.10000.fasta 82.7 84.1 55.4 55.7 
PF01381.10000.fasta 67.5 68.2 18.3 21.0 
PF00970.10000.fasta 67.9 68.2 18.4 21.5 
PF04082.10000.fasta 25.3 38.9 0.0 0.0 
PF14604.10000.fasta 79.1 80.8 31.7 32.1 
PF00018.10000.fasta 86.3 88.0 4.7 0.1 
PF03129.10000.fasta 96.6 97.2 57.1 62.7 
PF00037.10000.fasta 90.5 92.5 79.3 77.7 
PF07686.10000.fasta 88.9 90.9 22.4 25.4 
PF00224.10000.fasta 92.2 92.6 67.1 71.8 
