PF00450.10000.fasta 79.6 81.9 45.0 57.0 
PF13393.10000.fasta 35.0 38.3 0.0 0.0 
PF00476.10000.fasta 94.3 95.4 80.6 84.4 
PF00625.10000.fasta 34.0 38.0 0.0 0.0 
PF00078.10000.fasta 83.2 88.9 71.2 71.9 
PF01814.10000.fasta 74.2 78.1 46.6 52.9 
PF13522.10000.fasta 64.7 69.7 21.7 27.8 
PF02878.10000.fasta 81.9 82.8 64.4 67.9 
PF00505.10000.fasta 96.8 97.3 80.0 82.8 
PF02777.10000.fasta 90.3 96.8 67.3 69.4 
PF00009.10000.fasta 75.2 81.1 25.1 35.7 
PF05746.10000.fasta 84.6 84.9 67.2 76.3 
PF00687.10000.fasta 81.1 82.6 58.7 58.1 
PF00084.10000.fasta 89.5 90.0 76.3 81.3 
PF13365.10000.fasta 25.0 30.0 0.0 0.0 
PF13378.10000.fasta 62.4 65.5 17.9 21.6 
PF07654.10000.fasta 89.8 90.0 77.4 79.0 
PF00079.10000.fasta 91.4 92.8 80.0 84.0 
PF02836.10000.fasta 90.7 92.5 72.4 84.1 
PF07679.10000.fasta 82.5 83.3 40.0 49.8 
PF00313.10000.fasta 82.0 84.0 55.4 55.7 
PF01381.10000.fasta 69.0 69.8 18.3 21.0 
PF00970.10000.fasta 67.5 68.2 15.5 18.1 
PF04082.10000.fasta 69.8 71.6 50.6 54.8 
PF14604.10000.fasta 77.6 94.9 27.0 25.9 
PF00018.10000.fasta 86.2 88.2 4.7 0.1 
PF03129.10000.fasta 96.6 97.1 55.1 60.4 
PF00037.10000.fasta 87.4 89.7 69.0 72.6 
PF07686.10000.fasta 85.5 88.5 21.5 24.2 
PF00224.10000.fasta 91.6 92.4 67.6 72.4 
