PF00450.10000.fasta 79.5 81.8 48.1 61.0 
PF13393.10000.fasta 39.2 40.0 5.2 8.2 
PF00476.10000.fasta 94.1 95.3 79.5 83.2 
PF00625.10000.fasta 39.0 37.5 0.0 0.0 
PF00078.10000.fasta 85.9 89.8 75.9 76.6 
PF01814.10000.fasta 77.9 79.3 51.7 58.1 
PF13522.10000.fasta 70.5 73.2 25.6 32.8 
PF02878.10000.fasta 72.2 74.5 50.4 53.6 
PF00505.10000.fasta 97.6 97.7 84.3 87.3 
PF02777.10000.fasta 91.5 96.4 68.3 70.5 
PF00009.10000.fasta 77.6 82.9 28.0 41.1 
PF05746.10000.fasta 85.6 85.8 67.2 76.3 
PF00687.10000.fasta 80.2 82.3 58.1 57.8 
PF00084.10000.fasta 88.6 89.1 74.6 79.5 
PF13365.10000.fasta 33.1 40.1 0.0 0.0 
PF13378.10000.fasta 72.8 74.5 19.3 22.2 
PF07654.10000.fasta 88.8 89.0 75.0 77.1 
PF00079.10000.fasta 92.3 92.6 81.5 85.0 
PF02836.10000.fasta 91.6 93.6 74.8 87.2 
PF07679.10000.fasta 83.0 83.6 51.0 63.5 
PF00313.10000.fasta 80.8 82.7 52.3 52.6 
PF01381.10000.fasta 69.1 69.9 18.3 21.0 
PF00970.10000.fasta 66.4 68.4 10.9 12.8 
PF04082.10000.fasta 53.6 54.5 23.8 25.0 
PF14604.10000.fasta 79.9 81.7 31.7 32.1 
PF00018.10000.fasta 86.0 87.8 4.7 0.1 
PF03129.10000.fasta 96.6 97.1 55.1 60.4 
PF00037.10000.fasta 87.7 90.1 69.0 72.6 
PF07686.10000.fasta 88.9 90.3 38.3 43.2 
PF00224.10000.fasta 93.1 93.4 69.4 74.5 
