PF00450.10000.fasta 82.1 85.1 46.3 59.0 
PF13393.10000.fasta 36.4 40.2 0.0 0.0 
PF00476.10000.fasta 94.8 95.7 81.3 85.2 
PF00625.10000.fasta 33.8 35.6 0.0 0.0 
PF00078.10000.fasta 90.7 93.5 75.3 76.0 
PF01814.10000.fasta 89.3 90.3 74.1 83.2 
PF13522.10000.fasta 69.8 71.5 25.6 32.8 
PF02878.10000.fasta 74.2 76.0 51.9 55.2 
PF00505.10000.fasta 97.0 97.3 80.0 82.8 
PF02777.10000.fasta 91.5 96.7 67.3 69.4 
PF00009.10000.fasta 76.8 82.9 27.6 37.2 
PF05746.10000.fasta 84.5 84.8 67.2 76.3 
PF00687.10000.fasta 80.1 81.5 56.9 56.6 
PF00084.10000.fasta 88.6 89.1 74.6 79.5 
PF13365.10000.fasta 28.1 32.4 0.0 0.0 
PF13378.10000.fasta 62.1 65.4 19.3 22.2 
PF07654.10000.fasta 88.6 88.8 75.0 76.5 
PF00079.10000.fasta 92.9 93.6 82.2 85.7 
PF02836.10000.fasta 92.2 93.0 75.5 87.9 
PF07679.10000.fasta 81.2 82.8 47.0 58.6 
PF00313.10000.fasta 81.4 82.8 52.3 52.6 
PF01381.10000.fasta 68.5 69.1 18.3 21.0 
PF00970.10000.fasta 67.1 67.8 16.1 18.8 
PF04082.10000.fasta 53.2 54.4 20.3 23.6 
PF14604.10000.fasta 80.6 81.6 39.7 49.8 
PF00018.10000.fasta 86.0 87.8 0.0 0.0 
PF03129.10000.fasta 96.7 97.3 55.1 60.4 
PF00037.10000.fasta 88.0 89.9 69.0 72.6 
PF07686.10000.fasta 88.2 90.5 19.6 22.1 
PF00224.10000.fasta 91.8 92.3 67.6 72.4 
