PF00450.10000.fasta 80.6 83.1 46.3 59.2 
PF13393.10000.fasta 44.5 46.6 4.9 7.6 
PF00476.10000.fasta 94.2 95.5 81.6 85.3 
PF00625.10000.fasta 30.8 35.0 1.5 2.4 
PF00078.10000.fasta 85.4 90.0 74.1 74.9 
PF01814.10000.fasta 86.8 89.2 68.1 77.4 
PF13522.10000.fasta 68.7 70.6 20.9 26.8 
PF02878.10000.fasta 74.6 78.7 53.3 56.4 
PF00505.10000.fasta 97.0 97.3 80.0 82.8 
PF02777.10000.fasta 91.2 96.8 68.3 70.5 
PF00009.10000.fasta 76.8 81.7 27.6 41.3 
PF05746.10000.fasta 84.7 84.9 67.2 76.3 
PF00687.10000.fasta 79.1 80.3 55.1 56.4 
PF00084.10000.fasta 88.6 89.1 74.6 79.5 
PF13365.10000.fasta 24.4 28.2 0.0 0.0 
PF13378.10000.fasta 59.1 62.4 18.9 21.6 
PF07654.10000.fasta 81.4 82.6 63.1 64.3 
PF00079.10000.fasta 92.6 93.1 81.8 85.2 
PF02836.10000.fasta 92.4 93.2 75.8 88.3 
PF07679.10000.fasta 82.7 83.4 41.0 51.1 
PF00313.10000.fasta 80.8 82.7 52.3 52.6 
PF01381.10000.fasta 66.9 67.4 18.3 21.0 
PF00970.10000.fasta 67.6 68.1 16.1 18.8 
PF04082.10000.fasta 54.8 55.5 20.3 24.4 
PF14604.10000.fasta 77.0 77.9 20.6 24.6 
PF00018.10000.fasta 85.6 87.4 0.0 0.0 
PF03129.10000.fasta 97.6 97.9 55.1 60.4 
PF00037.10000.fasta 90.5 92.5 79.3 77.7 
PF07686.10000.fasta 88.9 90.5 28.0 31.7 
PF00224.10000.fasta 91.9 92.4 67.1 72.1 
