PF00450.10000.fasta 78.9 80.5 47.1 60.2 
PF13393.10000.fasta 41.3 42.7 4.6 7.1 
PF00476.10000.fasta 94.5 95.2 80.8 84.8 
PF00625.10000.fasta 37.4 39.3 0.0 0.0 
PF00078.10000.fasta 84.7 88.1 74.1 74.9 
PF01814.10000.fasta 74.6 76.7 44.0 50.0 
PF13522.10000.fasta 69.7 71.9 24.0 30.8 
PF02878.10000.fasta 74.0 76.7 52.6 56.0 
PF00505.10000.fasta 97.6 97.7 84.3 87.3 
PF02777.10000.fasta 91.3 96.6 68.3 70.5 
PF00009.10000.fasta 76.5 83.7 26.5 39.6 
PF05746.10000.fasta 85.0 85.4 67.2 76.3 
PF00687.10000.fasta 72.1 73.5 49.7 48.9 
PF00084.10000.fasta 88.6 89.1 74.6 79.5 
PF13365.10000.fasta 35.2 39.9 0.0 0.0 
PF13378.10000.fasta 73.6 75.7 18.4 21.0 
PF07654.10000.fasta 79.0 80.1 57.1 58.8 
PF00079.10000.fasta 92.6 93.4 81.5 85.5 
PF02836.10000.fasta 90.4 92.1 70.3 81.6 
PF07679.10000.fasta 83.4 84.4 49.0 61.0 
PF00313.10000.fasta 82.0 84.0 55.4 55.7 
PF01381.10000.fasta 67.4 68.0 18.3 21.0 
PF00970.10000.fasta 66.8 68.8 10.9 12.8 
PF04082.10000.fasta 24.0 36.6 0.0 0.0 
PF14604.10000.fasta 83.5 84.6 41.3 47.5 
PF00018.10000.fasta 86.4 94.0 11.6 7.8 
PF03129.10000.fasta 96.4 96.9 55.1 60.4 
PF00037.10000.fasta 86.8 90.4 55.2 70.6 
PF07686.10000.fasta 89.3 90.5 21.5 24.3 
PF00224.10000.fasta 92.4 92.7 68.5 73.3 
