PF00450.10000.fasta 78.8 80.9 45.3 57.5 
PF13393.10000.fasta 36.9 41.0 0.0 0.0 
PF00476.10000.fasta 94.3 95.1 79.8 83.7 
PF00625.10000.fasta 36.5 37.6 0.0 0.0 
PF00078.10000.fasta 84.9 88.8 74.7 75.4 
PF01814.10000.fasta 86.5 87.1 67.2 75.6 
PF13522.10000.fasta 66.5 69.3 20.9 26.8 
PF02878.10000.fasta 82.4 83.8 65.2 68.3 
PF00505.10000.fasta 97.6 97.7 84.3 87.3 
PF02777.10000.fasta 90.7 95.9 66.3 68.4 
PF00009.10000.fasta 76.1 83.9 26.5 40.0 
PF05746.10000.fasta 85.3 85.6 67.2 76.3 
PF00687.10000.fasta 77.3 78.9 53.3 54.1 
PF00084.10000.fasta 87.3 87.9 74.6 79.5 
PF13365.10000.fasta 27.0 31.3 0.0 0.0 
PF13378.10000.fasta 62.0 65.4 19.3 22.2 
PF07654.10000.fasta 78.4 80.3 56.0 56.9 
PF00079.10000.fasta 95.0 95.1 87.7 89.7 
PF02836.10000.fasta 86.9 88.9 69.4 78.8 
PF07679.10000.fasta 81.6 82.6 39.0 48.6 
PF00313.10000.fasta 80.8 82.7 52.3 52.6 
PF01381.10000.fasta 68.0 68.6 18.3 21.0 
PF00970.10000.fasta 65.5 66.9 9.8 11.4 
PF04082.10000.fasta 62.0 63.1 37.2 41.5 
PF14604.10000.fasta 75.5 93.0 23.8 26.2 
PF00018.10000.fasta 85.9 87.5 0.0 0.0 
PF03129.10000.fasta 96.6 97.1 55.1 60.4 
PF00037.10000.fasta 87.6 90.3 69.0 72.6 
PF07686.10000.fasta 88.6 90.6 17.8 19.9 
PF00224.10000.fasta 91.8 92.4 67.1 72.1 
