PF00450.10000.fasta 80.3 83.2 46.7 59.7 
PF13393.10000.fasta 35.6 40.7 0.0 0.0 
PF00476.10000.fasta 93.9 94.9 78.5 82.3 
PF00625.10000.fasta 30.6 35.5 0.0 0.0 
PF00078.10000.fasta 87.8 90.9 75.9 76.6 
PF01814.10000.fasta 85.2 86.7 69.8 76.7 
PF13522.10000.fasta 63.2 68.2 21.7 27.8 
PF02878.10000.fasta 73.2 76.0 51.1 54.0 
PF00505.10000.fasta 97.2 97.7 82.9 85.8 
PF02777.10000.fasta 91.0 96.1 66.3 68.4 
PF00009.10000.fasta 77.2 83.0 25.4 40.1 
PF05746.10000.fasta 84.8 84.9 67.2 76.3 
PF00687.10000.fasta 78.9 80.2 59.9 59.8 
PF00084.10000.fasta 88.9 88.9 79.7 81.9 
PF13365.10000.fasta 28.8 33.7 0.0 0.0 
PF13378.10000.fasta 63.5 68.5 17.9 20.5 
PF07654.10000.fasta 82.2 84.5 65.5 66.7 
PF00079.10000.fasta 90.1 90.6 76.0 80.3 
PF02836.10000.fasta 87.3 89.2 67.3 78.4 
PF07679.10000.fasta 80.9 81.8 40.0 49.8 
PF00313.10000.fasta 82.0 84.0 55.4 55.7 
PF01381.10000.fasta 69.1 70.0 18.3 21.0 
PF00970.10000.fasta 66.7 67.9 9.8 11.4 
PF04082.10000.fasta 52.5 54.1 19.5 23.5 
PF14604.10000.fasta 80.2 81.3 39.7 49.8 
PF00018.10000.fasta 86.1 88.2 4.7 0.1 
PF03129.10000.fasta 96.6 97.1 55.1 60.4 
PF00037.10000.fasta 87.7 90.1 69.0 72.6 
PF07686.10000.fasta 87.6 89.7 21.5 24.2 
PF00224.10000.fasta 92.1 93.0 67.1 72.1 
