PF00450.10000.fasta 81.6 84.3 47.3 60.5 
PF13393.10000.fasta 43.0 44.0 4.6 7.1 
PF00476.10000.fasta 94.2 95.5 78.8 82.5 
PF00625.10000.fasta 35.1 34.8 0.0 0.0 
PF00078.10000.fasta 86.7 90.3 72.9 73.7 
PF01814.10000.fasta 81.2 82.6 55.2 62.0 
PF13522.10000.fasta 66.8 69.8 21.7 27.8 
PF02878.10000.fasta 80.8 81.9 62.2 66.0 
PF00505.10000.fasta 96.8 97.3 80.0 82.8 
PF02777.10000.fasta 91.1 96.0 67.3 69.4 
PF00009.10000.fasta 77.8 83.3 29.4 40.9 
PF05746.10000.fasta 84.9 86.2 67.2 76.3 
PF00687.10000.fasta 74.0 75.5 52.7 52.1 
PF00084.10000.fasta 90.1 90.1 79.7 81.9 
PF13365.10000.fasta 28.5 33.1 0.0 0.0 
PF13378.10000.fasta 68.3 71.3 19.8 22.7 
PF07654.10000.fasta 84.9 85.6 69.0 70.4 
PF00079.10000.fasta 91.6 93.3 80.0 83.8 
PF02836.10000.fasta 88.2 89.9 69.1 80.5 
PF07679.10000.fasta 82.6 83.6 42.0 52.3 
PF00313.10000.fasta 82.7 84.1 55.4 55.7 
PF01381.10000.fasta 68.6 69.5 18.3 21.0 
PF00970.10000.fasta 67.5 68.1 16.1 18.8 
PF04082.10000.fasta 27.4 42.8 0.0 0.0 
PF14604.10000.fasta 71.2 73.1 19.0 24.2 
PF00018.10000.fasta 85.9 87.6 0.0 0.0 
PF03129.10000.fasta 96.6 97.1 55.1 60.4 
PF00037.10000.fasta 89.9 92.3 79.3 77.7 
PF07686.10000.fasta 88.5 89.5 30.8 34.8 
PF00224.10000.fasta 91.9 92.4 67.6 72.5 
