PF00450.10000.fasta 82.7 84.3 49.3 62.7 
PF13393.10000.fasta 44.5 46.1 11.9 18.5 
PF00476.10000.fasta 94.9 95.3 81.3 85.4 
PF00625.10000.fasta 44.0 42.5 5.3 8.4 
PF00078.10000.fasta 85.9 89.6 75.9 76.6 
PF01814.10000.fasta 74.0 77.7 49.1 54.5 
PF13522.10000.fasta 74.7 77.4 24.0 30.8 
PF02878.10000.fasta 81.2 82.7 63.7 67.2 
PF00505.10000.fasta 97.4 97.7 82.9 85.8 
PF02777.10000.fasta 91.3 96.3 68.3 70.5 
PF00009.10000.fasta 76.1 82.0 24.7 37.0 
PF05746.10000.fasta 84.9 86.2 67.2 76.3 
PF00687.10000.fasta 79.8 81.0 56.9 56.6 
PF00084.10000.fasta 90.1 90.1 79.7 81.9 
PF13365.10000.fasta 32.7 38.9 0.0 0.0 
PF13378.10000.fasta 72.1 73.7 18.9 21.6 
PF07654.10000.fasta 78.4 80.5 56.0 56.9 
PF00079.10000.fasta 92.5 92.8 80.6 84.6 
PF02836.10000.fasta 92.0 92.5 75.8 88.3 
PF07679.10000.fasta 84.3 84.9 49.0 61.0 
PF00313.10000.fasta 82.0 84.0 55.4 55.7 
PF01381.10000.fasta 69.7 70.5 18.3 21.0 
PF00970.10000.fasta 66.4 68.5 10.9 12.8 
PF04082.10000.fasta 54.0 55.2 24.9 26.4 
PF14604.10000.fasta 76.8 77.9 23.8 24.4 
PF00018.10000.fasta 85.9 87.6 0.0 0.0 
PF03129.10000.fasta 96.2 96.7 52.0 58.1 
PF00037.10000.fasta 87.4 89.7 69.0 72.6 
PF07686.10000.fasta 89.2 90.4 37.4 42.2 
PF00224.10000.fasta 92.4 92.2 70.4 75.0 
