PF00450.10000.fasta 79.8 82.4 46.9 59.7 
PF13393.10000.fasta 37.2 41.0 0.0 0.0 
PF00476.10000.fasta 94.1 95.2 80.3 84.0 
PF00625.10000.fasta 33.2 42.7 0.0 0.0 
PF00078.10000.fasta 89.3 91.2 74.7 75.4 
PF01814.10000.fasta 76.4 79.8 51.7 57.4 
PF13522.10000.fasta 64.2 69.5 20.2 25.8 
PF02878.10000.fasta 81.7 82.9 63.7 67.2 
PF00505.10000.fasta 96.8 97.3 80.0 82.8 
PF02777.10000.fasta 90.4 96.8 67.3 69.4 
PF00009.10000.fasta 74.4 80.5 23.3 33.8 
PF05746.10000.fasta 85.0 85.4 67.2 76.3 
PF00687.10000.fasta 78.6 79.5 60.5 60.4 
PF00084.10000.fasta 90.1 90.1 79.7 81.9 
PF13365.10000.fasta 29.4 36.3 0.0 0.0 
PF13378.10000.fasta 63.9 66.9 19.3 22.2 
PF07654.10000.fasta 88.8 89.0 75.0 77.1 
PF00079.10000.fasta 92.8 93.4 83.4 85.5 
PF02836.10000.fasta 88.1 90.0 69.7 81.2 
PF07679.10000.fasta 82.7 83.6 43.0 53.6 
PF00313.10000.fasta 82.7 84.1 55.4 55.7 
PF01381.10000.fasta 68.8 69.5 18.3 21.0 
PF00970.10000.fasta 67.2 67.8 16.1 18.8 
PF04082.10000.fasta 56.7 57.7 26.1 26.5 
PF14604.10000.fasta 76.9 79.7 25.4 29.8 
PF00018.10000.fasta 86.3 87.9 0.0 0.0 
PF03129.10000.fasta 96.4 96.8 55.1 60.4 
PF00037.10000.fasta 88.2 91.7 58.6 70.9 
PF07686.10000.fasta 88.0 90.2 22.4 25.2 
PF00224.10000.fasta 93.0 93.5 68.5 73.6 
