PF00450.10000.fasta 81.1 83.4 48.3 61.2 
PF13393.10000.fasta 45.3 46.7 4.9 7.6 
PF00476.10000.fasta 94.6 95.6 80.8 84.7 
PF00625.10000.fasta 37.4 37.2 0.0 0.0 
PF00078.10000.fasta 85.0 89.2 71.8 72.5 
PF01814.10000.fasta 81.8 83.1 57.8 63.6 
PF13522.10000.fasta 69.2 73.5 24.0 30.8 
PF02878.10000.fasta 80.9 81.9 62.2 65.6 
PF00505.10000.fasta 97.6 97.7 84.3 87.3 
PF02777.10000.fasta 91.7 96.8 68.3 70.5 
PF00009.10000.fasta 74.9 80.8 23.7 34.9 
PF05746.10000.fasta 85.4 85.7 67.2 76.3 
PF00687.10000.fasta 80.3 81.9 59.9 59.8 
PF00084.10000.fasta 88.6 89.1 74.6 79.5 
PF13365.10000.fasta 27.8 33.6 0.0 0.0 
PF13378.10000.fasta 72.1 74.5 23.1 26.7 
PF07654.10000.fasta 83.9 84.6 66.7 68.6 
PF00079.10000.fasta 94.0 95.0 85.5 87.3 
PF02836.10000.fasta 88.2 91.8 67.3 78.1 
PF07679.10000.fasta 84.2 84.8 50.0 61.1 
PF00313.10000.fasta 80.8 82.7 52.3 52.6 
PF01381.10000.fasta 68.1 68.8 18.3 21.0 
PF00970.10000.fasta 67.6 68.1 15.5 18.1 
PF04082.10000.fasta 55.8 56.9 22.2 22.8 
PF14604.10000.fasta 75.8 79.2 27.0 31.9 
PF00018.10000.fasta 85.9 87.3 0.0 0.0 
PF03129.10000.fasta 96.4 96.9 55.1 60.4 
PF00037.10000.fasta 88.0 90.4 69.0 72.6 
PF07686.10000.fasta 88.9 90.3 32.7 36.9 
PF00224.10000.fasta 92.3 92.7 68.1 72.8 
