PF00450.10000.fasta 80.3 82.6 46.5 58.8 
PF13393.10000.fasta 36.2 39.6 0.0 0.0 
PF00476.10000.fasta 94.1 95.2 78.5 82.4 
PF00625.10000.fasta 35.1 35.6 0.0 0.0 
PF00078.10000.fasta 86.4 90.9 77.1 77.8 
PF01814.10000.fasta 81.5 83.4 56.0 63.0 
PF13522.10000.fasta 66.7 69.6 19.4 24.8 
PF02878.10000.fasta 81.7 82.8 63.7 67.2 
PF00505.10000.fasta 96.8 97.3 80.0 82.8 
PF02777.10000.fasta 91.5 96.7 67.3 69.4 
PF00009.10000.fasta 73.9 79.9 24.0 34.6 
PF05746.10000.fasta 84.9 85.3 67.2 76.3 
PF00687.10000.fasta 75.8 77.4 51.5 50.8 
PF00084.10000.fasta 88.6 89.1 74.6 79.5 
PF13365.10000.fasta 23.1 26.2 0.0 0.0 
PF13378.10000.fasta 66.1 68.9 18.9 21.6 
PF07654.10000.fasta 88.6 88.8 75.0 76.5 
PF00079.10000.fasta 90.3 91.2 78.2 82.0 
PF02836.10000.fasta 87.9 90.3 70.0 81.6 
PF07679.10000.fasta 80.8 81.7 39.0 48.6 
PF00313.10000.fasta 80.8 82.7 52.3 52.6 
PF01381.10000.fasta 69.3 70.1 18.3 21.0 
PF00970.10000.fasta 68.0 68.5 16.1 18.8 
PF04082.10000.fasta 56.1 57.0 24.5 26.3 
PF14604.10000.fasta 79.1 80.8 31.7 32.1 
PF00018.10000.fasta 86.1 88.0 4.7 0.1 
PF03129.10000.fasta 96.4 96.9 55.1 60.4 
PF00037.10000.fasta 89.2 91.1 69.0 72.6 
PF07686.10000.fasta 86.1 88.4 22.4 25.2 
PF00224.10000.fasta 92.0 92.9 67.6 73.0 
