PF00450.10000.fasta 79.3 81.2 45.7 58.4 
PF13393.10000.fasta 33.8 34.7 5.2 8.2 
PF00476.10000.fasta 93.5 94.7 74.6 78.3 
PF00625.10000.fasta 43.0 41.7 5.3 8.4 
PF00078.10000.fasta 88.5 91.8 76.5 77.2 
PF01814.10000.fasta 83.3 84.7 61.2 68.2 
PF13522.10000.fasta 69.4 72.0 25.6 32.8 
PF02878.10000.fasta 80.3 81.8 62.2 66.4 
PF00505.10000.fasta 97.4 97.7 82.9 85.8 
PF02777.10000.fasta 91.7 96.8 68.3 70.5 
PF00009.10000.fasta 78.0 83.6 30.5 42.2 
PF05746.10000.fasta 84.5 84.7 67.2 76.3 
PF00687.10000.fasta 80.5 81.9 56.9 56.6 
PF00084.10000.fasta 86.7 88.9 74.6 79.5 
PF13365.10000.fasta 29.5 35.2 0.0 0.0 
PF13378.10000.fasta 65.9 69.0 19.3 22.2 
PF07654.10000.fasta 88.2 89.4 75.0 76.5 
PF00079.10000.fasta 91.8 92.8 80.3 84.0 
PF02836.10000.fasta 88.0 89.7 70.9 82.6 
PF07679.10000.fasta 84.8 85.3 51.0 63.5 
PF00313.10000.fasta 82.0 84.0 55.4 55.7 
PF01381.10000.fasta 68.7 69.5 18.3 21.0 
PF00970.10000.fasta 67.3 67.9 15.5 18.1 
PF04082.10000.fasta 64.5 65.8 41.0 46.1 
PF14604.10000.fasta 75.3 78.8 25.4 29.8 
PF00018.10000.fasta 85.9 87.6 4.7 0.1 
PF03129.10000.fasta 96.1 96.6 55.1 60.4 
PF00037.10000.fasta 90.2 92.7 79.3 77.7 
PF07686.10000.fasta 88.0 89.5 15.0 16.9 
PF00224.10000.fasta 92.7 92.6 71.8 76.4 
