PF00450.10000.fasta 81.4 83.5 48.1 61.7 
PF13393.10000.fasta 36.1 38.5 0.0 0.0 
PF00476.10000.fasta 94.1 95.8 80.1 83.8 
PF00625.10000.fasta 43.5 41.6 0.0 0.0 
PF00078.10000.fasta 89.5 91.9 72.4 73.1 
PF01814.10000.fasta 82.9 84.3 67.2 75.6 
PF13522.10000.fasta 72.8 74.4 25.6 32.8 
PF02878.10000.fasta 75.9 78.5 56.3 60.4 
PF00505.10000.fasta 97.2 97.3 81.4 84.3 
PF02777.10000.fasta 91.7 96.7 68.3 70.5 
PF00009.10000.fasta 74.3 80.5 27.2 40.8 
PF05746.10000.fasta 84.7 84.9 67.2 76.3 
PF00687.10000.fasta 78.7 80.0 60.5 60.4 
PF00084.10000.fasta 88.6 89.1 74.6 79.5 
PF13365.10000.fasta 35.1 40.0 0.0 0.0 
PF13378.10000.fasta 71.6 73.9 18.4 21.0 
PF07654.10000.fasta 80.4 81.9 59.5 60.6 
PF00079.10000.fasta 94.2 94.7 85.8 88.0 
PF02836.10000.fasta 92.8 93.6 74.8 87.2 
PF07679.10000.fasta 82.3 85.0 43.0 53.6 
PF00313.10000.fasta 80.8 82.7 52.3 52.6 
PF01381.10000.fasta 67.2 67.7 18.3 21.0 
PF00970.10000.fasta 67.0 67.5 14.4 16.8 
PF04082.10000.fasta 52.4 53.7 19.9 24.0 
PF14604.10000.fasta 83.5 84.6 41.3 47.5 
PF00018.10000.fasta 86.0 87.8 0.0 0.0 
PF03129.10000.fasta 96.9 97.5 55.1 60.4 
PF00037.10000.fasta 89.6 91.0 69.0 72.6 
PF07686.10000.fasta 89.1 90.1 30.8 34.8 
PF00224.10000.fasta 93.4 93.3 72.2 76.9 
