PF00450.10000.fasta 79.8 81.7 47.1 59.5 
PF13393.10000.fasta 41.7 43.2 9.9 15.3 
PF00476.10000.fasta 93.9 95.3 77.2 81.1 
PF00625.10000.fasta 42.2 42.5 0.0 0.0 
PF00078.10000.fasta 85.1 89.4 74.7 75.4 
PF01814.10000.fasta 80.5 82.0 53.4 60.7 
PF13522.10000.fasta 72.8 75.7 24.8 31.8 
PF02878.10000.fasta 79.6 81.3 61.5 65.6 
PF00505.10000.fasta 97.6 97.7 84.3 87.3 
PF02777.10000.fasta 91.4 96.8 68.3 70.5 
PF00009.10000.fasta 74.0 82.0 25.1 33.4 
PF05746.10000.fasta 84.2 84.4 64.1 72.8 
PF00687.10000.fasta 75.1 76.8 51.5 52.5 
PF00084.10000.fasta 91.0 91.0 81.4 83.7 
PF13365.10000.fasta 32.5 37.7 0.0 0.0 
PF13378.10000.fasta 73.1 75.0 19.3 22.2 
PF07654.10000.fasta 86.5 87.2 71.4 73.5 
PF00079.10000.fasta 92.5 93.1 81.5 85.3 
PF02836.10000.fasta 88.1 89.8 67.9 79.1 
PF07679.10000.fasta 83.1 83.7 49.0 61.0 
PF00313.10000.fasta 80.8 82.7 52.3 52.6 
PF01381.10000.fasta 67.5 68.1 18.3 21.0 
PF00970.10000.fasta 66.3 68.3 10.3 12.1 
PF04082.10000.fasta 16.7 31.4 0.0 0.0 
PF14604.10000.fasta 80.6 81.6 39.7 49.8 
PF00018.10000.fasta 85.9 87.8 4.7 0.1 
PF03129.10000.fasta 96.8 97.3 55.1 60.4 
PF00037.10000.fasta 86.8 90.4 55.2 70.6 
PF07686.10000.fasta 89.2 90.9 21.5 24.3 
PF00224.10000.fasta 93.4 93.1 72.2 76.9 
