PF00450.10000.fasta 81.4 83.4 46.7 59.7 
PF13393.10000.fasta 34.7 38.2 0.0 0.0 
PF00476.10000.fasta 94.2 95.4 78.8 82.5 
PF00625.10000.fasta 36.2 35.5 0.0 0.0 
PF00078.10000.fasta 86.5 90.2 78.8 79.6 
PF01814.10000.fasta 76.8 80.1 59.5 65.8 
PF13522.10000.fasta 68.1 71.0 21.7 27.8 
PF02878.10000.fasta 80.8 81.9 62.2 66.0 
PF00505.10000.fasta 97.2 97.7 82.9 85.8 
PF02777.10000.fasta 91.1 96.9 67.3 69.4 
PF00009.10000.fasta 75.9 81.5 26.5 35.6 
PF05746.10000.fasta 84.6 84.9 67.2 76.3 
PF00687.10000.fasta 75.7 77.2 56.9 56.6 
PF00084.10000.fasta 86.7 87.8 74.6 79.5 
PF13365.10000.fasta 29.4 33.9 0.0 0.0 
PF13378.10000.fasta 64.3 67.4 23.1 26.7 
PF07654.10000.fasta 87.6 87.7 72.6 74.7 
PF00079.10000.fasta 92.4 92.3 82.5 85.7 
PF02836.10000.fasta 90.4 92.2 72.1 84.0 
PF07679.10000.fasta 82.1 83.2 40.0 49.8 
PF00313.10000.fasta 82.7 84.1 55.4 55.7 
PF01381.10000.fasta 68.2 68.7 18.3 21.0 
PF00970.10000.fasta 67.5 68.0 15.5 18.1 
PF04082.10000.fasta 28.1 41.4 0.0 0.0 
PF14604.10000.fasta 78.2 80.4 36.5 47.3 
PF00018.10000.fasta 85.8 87.6 4.7 0.1 
PF03129.10000.fasta 96.2 96.8 53.1 58.1 
PF00037.10000.fasta 87.7 90.1 69.0 72.6 
PF07686.10000.fasta 88.0 89.4 15.9 17.8 
PF00224.10000.fasta 93.3 93.7 68.5 73.6 
