PF00450.10000.fasta 82.7 85.0 48.5 61.8 
PF13393.10000.fasta 41.6 42.7 4.6 7.1 
PF00476.10000.fasta 94.6 96.3 81.1 84.8 
PF00625.10000.fasta 42.6 43.1 0.0 0.0 
PF00078.10000.fasta 86.9 91.0 72.9 73.7 
PF01814.10000.fasta 78.8 80.5 52.6 59.7 
PF13522.10000.fasta 70.5 72.4 25.6 32.8 
PF02878.10000.fasta 74.4 76.8 54.1 57.2 
PF00505.10000.fasta 97.3 97.5 84.3 87.3 
PF02777.10000.fasta 90.9 96.3 67.3 69.4 
PF00009.10000.fasta 78.6 83.3 28.0 40.8 
PF05746.10000.fasta 85.3 85.7 67.2 76.3 
PF00687.10000.fasta 77.2 79.2 55.7 55.3 
PF00084.10000.fasta 88.6 89.1 74.6 79.5 
PF13365.10000.fasta 32.5 37.8 0.0 0.0 
PF13378.10000.fasta 72.1 73.6 18.4 21.0 
PF07654.10000.fasta 79.2 82.2 61.9 63.1 
PF00079.10000.fasta 91.0 91.5 80.6 83.4 
PF02836.10000.fasta 86.0 89.3 66.7 77.7 
PF07679.10000.fasta 84.7 85.1 51.0 63.5 
PF00313.10000.fasta 80.8 82.7 52.3 52.6 
PF01381.10000.fasta 67.6 68.3 18.3 21.0 
PF00970.10000.fasta 67.1 67.5 15.5 18.1 
PF04082.10000.fasta 29.2 48.8 0.0 0.0 
PF14604.10000.fasta 79.1 80.8 31.7 32.1 
PF00018.10000.fasta 85.7 93.3 7.0 7.7 
PF03129.10000.fasta 96.5 97.0 57.1 62.7 
PF00037.10000.fasta 87.7 90.1 69.0 72.6 
PF07686.10000.fasta 86.6 88.7 15.0 16.9 
PF00224.10000.fasta 93.5 93.3 71.8 76.5 
