PF00450.10000.fasta 80.2 82.1 47.3 60.1 
PF13393.10000.fasta 30.5 35.6 0.0 0.0 
PF00476.10000.fasta 94.3 95.8 79.8 83.5 
PF00625.10000.fasta 33.8 39.9 0.0 0.0 
PF00078.10000.fasta 87.0 90.1 76.5 77.2 
PF01814.10000.fasta 82.1 83.4 58.6 64.5 
PF13522.10000.fasta 63.8 68.4 21.7 27.8 
PF02878.10000.fasta 79.1 81.6 61.5 65.2 
PF00505.10000.fasta 97.2 97.3 81.4 84.3 
PF02777.10000.fasta 90.8 96.1 66.3 68.4 
PF00009.10000.fasta 76.0 82.2 28.3 40.6 
PF05746.10000.fasta 84.5 84.9 67.2 76.3 
PF00687.10000.fasta 79.9 81.2 56.3 55.9 
PF00084.10000.fasta 87.3 88.4 74.6 79.5 
PF13365.10000.fasta 29.9 34.9 0.0 0.0 
PF13378.10000.fasta 67.1 70.4 24.1 27.8 
PF07654.10000.fasta 87.8 88.5 73.8 75.9 
PF00079.10000.fasta 92.2 93.0 80.9 84.5 
PF02836.10000.fasta 89.2 91.2 71.5 82.7 
PF07679.10000.fasta 81.6 83.3 41.0 51.1 
PF00313.10000.fasta 82.7 84.1 55.4 55.7 
PF01381.10000.fasta 68.1 68.6 18.3 21.0 
PF00970.10000.fasta 67.1 67.9 16.7 19.5 
PF04082.10000.fasta 46.2 46.8 12.6 15.2 
PF14604.10000.fasta 76.7 93.6 27.0 25.9 
PF00018.10000.fasta 86.3 87.9 0.0 0.0 
PF03129.10000.fasta 96.5 97.0 55.1 60.4 
PF00037.10000.fasta 88.0 92.0 58.6 70.9 
PF07686.10000.fasta 86.8 89.0 19.6 22.1 
PF00224.10000.fasta 91.7 92.6 67.6 72.6 
