PF00450.10000.fasta 80.6 82.5 47.3 60.8 
PF13393.10000.fasta 42.8 44.4 5.2 8.2 
PF00476.10000.fasta 94.0 95.1 79.0 82.9 
PF00625.10000.fasta 37.6 37.8 0.0 0.0 
PF00078.10000.fasta 86.6 91.3 75.9 76.6 
PF01814.10000.fasta 84.0 86.5 59.5 66.2 
PF13522.10000.fasta 73.1 74.9 24.8 31.8 
PF02878.10000.fasta 73.9 75.8 52.6 56.0 
PF00505.10000.fasta 97.2 97.3 81.4 84.3 
PF02777.10000.fasta 91.1 96.3 68.3 70.5 
PF00009.10000.fasta 77.2 82.2 29.4 41.0 
PF05746.10000.fasta 84.9 85.6 67.2 76.3 
PF00687.10000.fasta 76.7 77.8 55.1 54.7 
PF00084.10000.fasta 88.0 89.6 74.6 79.5 
PF13365.10000.fasta 31.7 37.7 0.0 0.0 
PF13378.10000.fasta 74.7 75.9 19.3 22.2 
PF07654.10000.fasta 86.3 87.6 70.2 72.2 
PF00079.10000.fasta 93.0 93.3 82.8 86.9 
PF02836.10000.fasta 88.0 89.1 68.5 79.5 
PF07679.10000.fasta 84.6 85.2 49.0 61.0 
PF00313.10000.fasta 82.0 84.0 55.4 55.7 
PF01381.10000.fasta 70.0 70.7 18.3 21.0 
PF00970.10000.fasta 66.6 68.5 10.3 12.1 
PF04082.10000.fasta 20.9 41.9 0.0 0.0 
PF14604.10000.fasta 73.4 75.3 25.4 29.8 
PF00018.10000.fasta 85.9 93.2 7.0 7.7 
PF03129.10000.fasta 96.6 97.1 55.1 60.4 
PF00037.10000.fasta 87.7 90.1 69.0 72.6 
PF07686.10000.fasta 88.6 89.9 21.5 24.3 
PF00224.10000.fasta 92.9 93.0 71.8 77.1 
