PF00450.10000.fasta 80.2 82.3 46.7 59.7 
PF13393.10000.fasta 37.7 41.5 0.0 0.0 
PF00476.10000.fasta 93.5 94.5 78.0 81.7 
PF00625.10000.fasta 31.6 35.4 0.0 0.0 
PF00078.10000.fasta 90.4 92.3 76.5 77.2 
PF01814.10000.fasta 84.2 86.7 66.4 75.0 
PF13522.10000.fasta 64.7 69.1 20.2 25.8 
PF02878.10000.fasta 75.9 77.6 56.3 60.0 
PF00505.10000.fasta 97.0 97.5 81.4 84.3 
PF02777.10000.fasta 90.0 96.1 67.3 69.4 
PF00009.10000.fasta 75.1 79.7 24.4 35.1 
PF05746.10000.fasta 84.9 86.1 67.2 76.3 
PF00687.10000.fasta 79.7 81.5 56.9 56.6 
PF00084.10000.fasta 88.6 89.1 74.6 79.5 
PF13365.10000.fasta 24.6 29.5 0.0 0.0 
PF13378.10000.fasta 64.5 67.7 25.0 28.7 
PF07654.10000.fasta 87.6 87.7 72.6 74.7 
PF00079.10000.fasta 92.5 93.4 82.5 85.4 
PF02836.10000.fasta 87.8 89.9 67.0 78.0 
PF07679.10000.fasta 82.1 83.3 40.0 49.8 
PF00313.10000.fasta 81.0 82.8 52.3 52.6 
PF01381.10000.fasta 69.7 70.4 18.3 21.0 
PF00970.10000.fasta 67.6 68.2 16.1 18.8 
PF04082.10000.fasta 47.4 48.7 13.4 15.3 
PF14604.10000.fasta 84.3 85.5 41.3 47.5 
PF00018.10000.fasta 86.3 87.7 0.0 0.0 
PF03129.10000.fasta 96.6 97.1 55.1 60.4 
PF00037.10000.fasta 85.2 87.6 62.1 67.7 
PF07686.10000.fasta 87.5 90.2 16.8 18.9 
PF00224.10000.fasta 92.3 92.8 67.1 72.1 
