PF00450.10000.fasta 81.2 83.4 47.5 60.3 
PF13393.10000.fasta 33.2 38.7 0.0 0.0 
PF00476.10000.fasta 94.1 95.5 80.1 84.0 
PF00625.10000.fasta 32.3 38.6 0.0 0.0 
PF00078.10000.fasta 84.9 89.3 75.9 76.6 
PF01814.10000.fasta 79.2 81.3 56.0 63.7 
PF13522.10000.fasta 64.7 69.2 20.2 25.8 
PF02878.10000.fasta 81.1 83.4 63.7 67.5 
PF00505.10000.fasta 97.6 97.7 84.3 87.3 
PF02777.10000.fasta 90.8 96.9 67.3 69.4 
PF00009.10000.fasta 75.5 81.2 24.7 36.6 
PF05746.10000.fasta 84.9 85.3 67.2 76.3 
PF00687.10000.fasta 71.4 73.9 52.1 51.5 
PF00084.10000.fasta 89.5 90.0 76.3 81.3 
PF13365.10000.fasta 29.2 33.9 0.0 0.0 
PF13378.10000.fasta 60.7 64.0 18.9 21.6 
PF07654.10000.fasta 83.9 84.6 66.7 68.6 
PF00079.10000.fasta 91.1 91.7 80.9 83.7 
PF02836.10000.fasta 91.0 92.2 73.6 85.8 
PF07679.10000.fasta 80.5 81.5 40.0 49.8 
PF00313.10000.fasta 81.4 82.8 52.3 52.6 
PF01381.10000.fasta 69.2 70.0 18.3 21.0 
PF00970.10000.fasta 67.1 67.8 16.1 18.8 
PF04082.10000.fasta 43.1 43.8 12.6 15.2 
PF14604.10000.fasta 78.1 80.3 34.9 45.3 
PF00018.10000.fasta 85.9 87.5 0.0 0.0 
PF03129.10000.fasta 96.6 97.1 55.1 60.4 
PF00037.10000.fasta 90.2 92.7 79.3 77.7 
PF07686.10000.fasta 87.2 90.2 20.6 23.1 
PF00224.10000.fasta 92.0 92.4 66.7 71.6 
