PF00450.10000.fasta 80.7 83.5 47.1 60.3 
PF13393.10000.fasta 45.0 46.2 11.6 18.0 
PF00476.10000.fasta 93.9 95.0 78.8 82.4 
PF00625.10000.fasta 43.1 42.2 4.5 7.2 
PF00078.10000.fasta 88.7 91.2 76.5 77.2 
PF01814.10000.fasta 80.9 83.6 53.4 60.0 
PF13522.10000.fasta 73.6 75.8 24.8 31.8 
PF02878.10000.fasta 78.3 80.1 57.8 60.8 
PF00505.10000.fasta 97.6 97.7 84.3 87.3 
PF02777.10000.fasta 91.5 96.0 68.3 70.5 
PF00009.10000.fasta 74.9 81.9 21.5 30.9 
PF05746.10000.fasta 84.8 85.1 67.2 76.3 
PF00687.10000.fasta 80.9 82.5 59.9 59.8 
PF00084.10000.fasta 88.6 88.8 76.3 81.3 
PF13365.10000.fasta 27.3 32.7 0.0 0.0 
PF13378.10000.fasta 75.9 77.4 23.1 26.7 
PF07654.10000.fasta 79.4 80.9 60.7 62.4 
PF00079.10000.fasta 92.6 92.8 82.2 85.2 
PF02836.10000.fasta 88.9 91.0 70.3 81.9 
PF07679.10000.fasta 83.3 83.8 49.0 61.0 
PF00313.10000.fasta 82.0 84.0 55.4 55.7 
PF01381.10000.fasta 68.2 68.7 18.3 21.0 
PF00970.10000.fasta 66.3 68.4 10.9 12.8 
PF04082.10000.fasta 20.6 41.7 0.0 0.0 
PF14604.10000.fasta 79.1 80.8 31.7 32.1 
PF00018.10000.fasta 85.9 87.6 4.7 0.1 
PF03129.10000.fasta 96.6 97.2 55.1 60.4 
PF00037.10000.fasta 87.4 89.7 69.0 72.6 
PF07686.10000.fasta 89.1 90.3 15.0 16.9 
PF00224.10000.fasta 92.4 92.6 71.8 77.0 
