PF00450.10000.fasta 82.9 85.4 48.9 62.4 
PF13393.10000.fasta 41.5 44.4 0.0 0.0 
PF00476.10000.fasta 94.5 95.3 80.3 84.3 
PF00625.10000.fasta 42.0 40.7 6.1 9.6 
PF00078.10000.fasta 89.9 91.7 78.2 79.0 
PF01814.10000.fasta 85.5 86.3 70.7 78.6 
PF13522.10000.fasta 66.7 71.5 25.6 32.8 
PF02878.10000.fasta 79.6 81.5 60.7 64.8 
PF00505.10000.fasta 97.2 97.3 81.4 84.3 
PF02777.10000.fasta 89.6 95.7 63.4 65.4 
PF00009.10000.fasta 74.7 81.1 26.5 37.7 
PF05746.10000.fasta 85.0 86.0 67.2 76.3 
PF00687.10000.fasta 73.8 74.9 51.5 50.8 
PF00084.10000.fasta 88.6 89.1 74.6 79.5 
PF13365.10000.fasta 31.6 37.0 0.0 0.0 
PF13378.10000.fasta 70.5 72.5 19.3 22.2 
PF07654.10000.fasta 81.8 83.4 65.5 66.7 
PF00079.10000.fasta 93.8 94.4 84.3 87.9 
PF02836.10000.fasta 91.8 92.7 73.9 86.2 
PF07679.10000.fasta 84.1 85.7 47.0 58.6 
PF00313.10000.fasta 82.0 84.0 55.4 55.7 
PF01381.10000.fasta 68.1 68.7 18.3 21.0 
PF00970.10000.fasta 67.0 68.9 11.5 13.4 
PF04082.10000.fasta 57.2 57.9 24.9 25.6 
PF14604.10000.fasta 76.6 79.0 27.0 31.9 
PF00018.10000.fasta 85.7 93.4 7.0 7.7 
PF03129.10000.fasta 96.7 97.1 57.1 62.7 
PF00037.10000.fasta 88.0 89.9 69.0 72.6 
PF07686.10000.fasta 87.4 89.6 21.5 24.3 
PF00224.10000.fasta 92.9 92.9 71.8 76.4 
