PF00450.10000.fasta 80.1 82.1 48.7 62.0 
PF13393.10000.fasta 42.1 43.2 2.6 4.1 
PF00476.10000.fasta 94.2 95.9 79.8 83.6 
PF00625.10000.fasta 42.8 42.5 6.1 9.6 
PF00078.10000.fasta 85.9 89.7 71.8 72.5 
PF01814.10000.fasta 78.2 81.3 52.6 59.7 
PF13522.10000.fasta 73.1 75.0 25.6 32.8 
PF02878.10000.fasta 83.8 85.0 68.1 72.3 
PF00505.10000.fasta 97.3 97.5 84.3 87.3 
PF02777.10000.fasta 91.1 96.8 67.3 69.4 
PF00009.10000.fasta 74.6 80.2 22.6 33.6 
PF05746.10000.fasta 84.9 85.2 67.2 76.3 
PF00687.10000.fasta 75.8 77.6 56.3 55.9 
PF00084.10000.fasta 86.7 88.9 74.6 79.5 
PF13365.10000.fasta 30.8 36.7 0.0 0.0 
PF13378.10000.fasta 69.7 71.8 19.3 22.2 
PF07654.10000.fasta 89.8 90.0 77.4 79.0 
PF00079.10000.fasta 93.8 93.9 84.3 86.7 
PF02836.10000.fasta 91.7 92.4 75.2 87.6 
PF07679.10000.fasta 84.9 85.5 49.0 61.0 
PF00313.10000.fasta 80.8 82.7 52.3 52.6 
PF01381.10000.fasta 68.0 68.5 18.3 21.0 
PF00970.10000.fasta 66.5 68.4 10.9 12.8 
PF04082.10000.fasta 27.4 42.8 0.0 0.0 
PF14604.10000.fasta 76.3 77.6 19.0 24.2 
PF00018.10000.fasta 85.8 87.6 4.7 0.1 
PF03129.10000.fasta 95.7 96.5 53.1 58.1 
PF00037.10000.fasta 87.6 90.3 69.0 72.6 
PF07686.10000.fasta 88.2 89.5 21.5 24.3 
PF00224.10000.fasta 93.0 92.9 72.2 77.1 
