PF00450.10000.fasta 80.2 83.2 47.3 59.9 
PF13393.10000.fasta 34.6 39.8 0.0 0.0 
PF00476.10000.fasta 94.3 95.2 80.3 84.0 
PF00625.10000.fasta 34.0 43.0 0.0 0.0 
PF00078.10000.fasta 83.6 87.3 72.4 73.1 
PF01814.10000.fasta 77.1 80.1 51.7 57.4 
PF13522.10000.fasta 63.8 67.9 20.2 25.8 
PF02878.10000.fasta 72.8 74.9 51.1 54.0 
PF00505.10000.fasta 96.6 97.1 80.0 82.8 
PF02777.10000.fasta 90.0 96.1 66.3 68.4 
PF00009.10000.fasta 76.0 82.1 28.0 41.3 
PF05746.10000.fasta 85.5 85.5 67.2 76.3 
PF00687.10000.fasta 75.3 76.6 52.1 51.5 
PF00084.10000.fasta 88.6 89.1 74.6 79.5 
PF13365.10000.fasta 25.4 29.9 0.0 0.0 
PF13378.10000.fasta 60.9 64.4 18.9 21.6 
PF07654.10000.fasta 89.8 90.0 77.4 79.0 
PF00079.10000.fasta 91.0 91.8 79.1 83.1 
PF02836.10000.fasta 88.4 89.8 69.4 80.5 
PF07679.10000.fasta 82.5 83.3 40.0 49.8 
PF00313.10000.fasta 81.4 82.8 52.3 52.6 
PF01381.10000.fasta 69.3 70.1 18.3 21.0 
PF00970.10000.fasta 66.4 67.6 10.3 12.1 
PF04082.10000.fasta 50.0 50.4 14.2 15.4 
PF14604.10000.fasta 82.5 83.6 41.3 47.5 
PF00018.10000.fasta 85.2 87.2 4.7 0.1 
PF03129.10000.fasta 96.4 96.9 55.1 60.4 
PF00037.10000.fasta 87.7 90.1 69.0 72.6 
PF07686.10000.fasta 88.1 90.6 22.4 25.3 
PF00224.10000.fasta 91.5 92.1 66.2 71.0 
