PF00450.10000.fasta 82.8 84.5 47.9 61.5 
PF13393.10000.fasta 40.6 43.9 0.0 0.0 
PF00476.10000.fasta 94.0 95.2 78.5 82.2 
PF00625.10000.fasta 40.0 39.0 0.0 0.0 
PF00078.10000.fasta 90.7 94.6 79.4 80.2 
PF01814.10000.fasta 83.3 85.6 61.2 67.5 
PF13522.10000.fasta 74.3 76.3 25.6 32.8 
PF02878.10000.fasta 78.3 79.5 58.5 62.0 
PF00505.10000.fasta 97.6 97.7 84.3 87.3 
PF02777.10000.fasta 90.6 96.0 66.3 68.4 
PF00009.10000.fasta 73.5 78.1 24.7 37.7 
PF05746.10000.fasta 84.7 85.0 67.2 76.3 
PF00687.10000.fasta 75.5 76.8 55.7 55.3 
PF00084.10000.fasta 88.6 89.6 74.6 79.5 
PF13365.10000.fasta 27.2 32.3 0.0 0.0 
PF13378.10000.fasta 74.7 76.1 24.5 28.4 
PF07654.10000.fasta 88.8 90.1 76.2 77.8 
PF00079.10000.fasta 92.0 93.0 80.3 84.2 
PF02836.10000.fasta 89.1 91.3 68.5 79.8 
PF07679.10000.fasta 85.0 85.4 51.0 63.5 
PF00313.10000.fasta 81.4 82.8 52.3 52.6 
PF01381.10000.fasta 68.9 69.7 18.3 21.0 
PF00970.10000.fasta 66.6 68.6 10.9 12.8 
PF04082.10000.fasta 58.3 63.8 40.6 45.7 
PF14604.10000.fasta 76.3 77.6 23.8 24.4 
PF00018.10000.fasta 84.9 86.8 4.7 0.1 
PF03129.10000.fasta 96.6 97.1 55.1 60.4 
PF00037.10000.fasta 87.7 90.1 69.0 72.6 
PF07686.10000.fasta 88.9 90.2 34.6 39.0 
PF00224.10000.fasta 92.7 92.7 71.3 76.0 
