PF00450.10000.fasta 82.3 84.2 45.5 58.2 
PF13393.10000.fasta 38.4 39.5 2.6 4.1 
PF00476.10000.fasta 94.5 95.5 80.3 84.3 
PF00625.10000.fasta 37.2 48.2 5.3 8.4 
PF00078.10000.fasta 89.8 93.1 80.6 81.4 
PF01814.10000.fasta 79.1 82.2 52.6 59.7 
PF13522.10000.fasta 67.8 70.7 25.6 32.8 
PF02878.10000.fasta 74.7 77.4 53.3 56.8 
PF00505.10000.fasta 97.6 97.7 84.3 87.3 
PF02777.10000.fasta 91.0 96.6 68.3 70.5 
PF00009.10000.fasta 75.6 82.3 29.0 41.3 
PF05746.10000.fasta 84.8 85.2 67.2 76.3 
PF00687.10000.fasta 81.0 82.3 56.9 57.9 
PF00084.10000.fasta 90.1 90.1 79.7 81.9 
PF13365.10000.fasta 27.3 32.7 0.0 0.0 
PF13378.10000.fasta 66.8 69.4 19.3 22.2 
PF07654.10000.fasta 86.3 87.0 71.4 72.9 
PF00079.10000.fasta 92.2 92.6 80.3 84.5 
PF02836.10000.fasta 83.3 87.8 63.3 73.8 
PF07679.10000.fasta 85.5 86.0 51.0 63.5 
PF00313.10000.fasta 82.7 84.1 55.4 55.7 
PF01381.10000.fasta 68.6 69.4 18.3 21.0 
PF00970.10000.fasta 67.6 68.1 16.7 19.5 
PF04082.10000.fasta 21.1 42.2 0.0 0.0 
PF14604.10000.fasta 71.3 74.3 25.4 29.8 
PF00018.10000.fasta 85.7 87.6 0.0 0.0 
PF03129.10000.fasta 96.6 97.1 55.1 60.4 
PF00037.10000.fasta 90.2 92.7 79.3 77.7 
PF07686.10000.fasta 87.8 89.3 12.1 13.8 
PF00224.10000.fasta 92.5 92.3 70.4 75.0 
