PF00450.10000.fasta 78.4 80.8 47.1 60.4 
PF13393.10000.fasta 43.8 44.9 4.6 7.1 
PF00476.10000.fasta 94.0 95.2 80.1 83.7 
PF00625.10000.fasta 40.0 38.9 0.0 0.0 
PF00078.10000.fasta 87.0 90.2 76.5 77.2 
PF01814.10000.fasta 81.6 83.1 56.9 62.6 
PF13522.10000.fasta 73.7 75.7 24.0 30.8 
PF02878.10000.fasta 79.9 80.9 60.7 64.4 
PF00505.10000.fasta 97.6 97.7 84.3 87.3 
PF02777.10000.fasta 90.8 95.8 68.3 70.5 
PF00009.10000.fasta 76.7 81.4 22.9 33.2 
PF05746.10000.fasta 84.7 84.9 67.2 76.3 
PF00687.10000.fasta 78.3 80.2 60.5 60.4 
PF00084.10000.fasta 88.6 89.1 74.6 79.5 
PF13365.10000.fasta 32.4 37.3 0.0 0.0 
PF13378.10000.fasta 73.8 75.1 18.9 21.6 
PF07654.10000.fasta 88.8 89.0 75.0 77.1 
PF00079.10000.fasta 93.2 93.4 82.5 86.3 
PF02836.10000.fasta 88.1 89.7 68.5 79.8 
PF07679.10000.fasta 84.9 85.5 49.0 61.0 
PF00313.10000.fasta 82.0 84.0 55.4 55.7 
PF01381.10000.fasta 69.3 70.2 18.3 21.0 
PF00970.10000.fasta 66.9 68.8 12.1 14.1 
PF04082.10000.fasta 48.2 52.9 23.8 25.0 
PF14604.10000.fasta 73.5 75.4 27.0 31.9 
PF00018.10000.fasta 86.0 87.8 0.0 0.0 
PF03129.10000.fasta 96.6 97.1 55.1 60.4 
PF00037.10000.fasta 85.2 87.6 62.1 67.7 
PF07686.10000.fasta 88.6 90.1 21.5 24.3 
PF00224.10000.fasta 92.1 92.5 69.0 73.9 
