PF00450.10000.fasta 80.9 82.7 48.3 61.7 
PF13393.10000.fasta 44.1 46.3 12.2 18.9 
PF00476.10000.fasta 94.5 95.7 80.3 84.3 
PF00625.10000.fasta 41.4 40.1 5.7 9.0 
PF00078.10000.fasta 84.6 91.4 69.4 70.1 
PF01814.10000.fasta 87.4 88.5 69.8 78.3 
PF13522.10000.fasta 65.4 68.1 25.6 32.8 
PF02878.10000.fasta 80.0 82.0 63.0 66.8 
PF00505.10000.fasta 97.0 97.1 81.4 84.3 
PF02777.10000.fasta 91.4 96.3 68.3 70.5 
PF00009.10000.fasta 75.3 83.5 24.7 38.1 
PF05746.10000.fasta 84.8 85.2 67.2 76.3 
PF00687.10000.fasta 77.2 78.7 55.1 54.7 
PF00084.10000.fasta 89.5 90.0 76.3 81.3 
PF13365.10000.fasta 30.7 36.4 0.0 0.0 
PF13378.10000.fasta 70.9 72.9 19.3 22.2 
PF07654.10000.fasta 88.8 89.0 75.0 77.1 
PF00079.10000.fasta 91.3 91.7 79.4 83.3 
PF02836.10000.fasta 88.5 90.1 70.0 81.6 
PF07679.10000.fasta 82.8 85.1 44.0 54.8 
PF00313.10000.fasta 82.0 84.0 55.4 55.7 
PF01381.10000.fasta 66.4 66.9 18.3 21.0 
PF00970.10000.fasta 67.8 68.0 15.5 18.1 
PF04082.10000.fasta 52.1 52.9 18.8 22.6 
PF14604.10000.fasta 82.4 84.5 34.9 45.3 
PF00018.10000.fasta 86.3 87.9 0.0 0.0 
PF03129.10000.fasta 96.4 97.0 55.1 60.4 
PF00037.10000.fasta 88.0 89.9 69.0 72.6 
PF07686.10000.fasta 89.2 90.1 35.5 40.1 
PF00224.10000.fasta 92.5 92.4 71.8 76.4 
