PF00450.10000.fasta 80.0 82.9 47.5 58.3 
PF13393.10000.fasta 34.5 37.8 0.0 0.0 
PF00476.10000.fasta 94.2 95.6 78.5 82.3 
PF00625.10000.fasta 37.7 37.8 6.1 9.6 
PF00078.10000.fasta 85.2 90.9 76.5 77.2 
PF01814.10000.fasta 84.3 85.8 67.2 76.0 
PF13522.10000.fasta 67.6 70.4 21.7 27.8 
PF02878.10000.fasta 76.7 78.5 57.0 60.8 
PF00505.10000.fasta 97.1 97.7 82.9 85.8 
PF02777.10000.fasta 90.9 95.8 68.3 70.5 
PF00009.10000.fasta 74.2 79.9 25.8 36.1 
PF05746.10000.fasta 84.8 85.0 67.2 76.3 
PF00687.10000.fasta 81.7 83.2 63.5 63.6 
PF00084.10000.fasta 88.6 89.1 74.6 79.5 
PF13365.10000.fasta 26.5 30.7 0.0 0.0 
PF13378.10000.fasta 64.2 67.5 19.3 22.2 
PF07654.10000.fasta 88.6 88.8 75.0 76.5 
PF00079.10000.fasta 91.4 91.3 80.6 83.9 
PF02836.10000.fasta 90.3 91.5 73.9 86.2 
PF07679.10000.fasta 80.5 81.8 42.0 52.3 
PF00313.10000.fasta 82.7 84.1 55.4 55.7 
PF01381.10000.fasta 69.3 70.1 18.3 21.0 
PF00970.10000.fasta 67.3 67.9 15.5 18.1 
PF04082.10000.fasta 51.5 52.8 18.8 17.0 
PF14604.10000.fasta 78.7 80.6 34.9 45.3 
PF00018.10000.fasta 86.3 88.0 4.7 0.1 
PF03129.10000.fasta 96.4 96.9 55.1 60.4 
PF00037.10000.fasta 87.7 90.1 69.0 72.6 
PF07686.10000.fasta 86.0 87.9 15.0 16.9 
PF00224.10000.fasta 91.8 92.3 66.2 71.0 
