PF00450.10000.fasta 80.7 82.7 47.5 60.5 
PF13393.10000.fasta 38.9 43.6 0.0 0.0 
PF00476.10000.fasta 93.9 94.7 78.5 82.5 
PF00625.10000.fasta 32.9 37.7 0.0 0.0 
PF00078.10000.fasta 91.4 93.9 76.5 77.2 
PF01814.10000.fasta 85.1 87.4 71.6 78.2 
PF13522.10000.fasta 68.0 69.6 20.9 26.8 
PF02878.10000.fasta 76.2 78.1 56.3 60.0 
PF00505.10000.fasta 97.0 97.3 80.0 82.8 
PF02777.10000.fasta 91.2 96.8 68.3 70.0 
PF00009.10000.fasta 75.5 81.7 24.7 39.0 
PF05746.10000.fasta 85.0 85.3 67.2 76.3 
PF00687.10000.fasta 79.4 80.5 55.7 55.3 
PF00084.10000.fasta 88.6 89.1 74.6 79.5 
PF13365.10000.fasta 24.7 28.0 0.0 0.0 
PF13378.10000.fasta 65.8 68.9 25.0 28.4 
PF07654.10000.fasta 88.8 89.5 76.2 77.8 
PF00079.10000.fasta 90.1 90.6 77.2 81.4 
PF02836.10000.fasta 90.8 92.5 72.7 84.8 
PF07679.10000.fasta 83.0 84.3 42.0 52.3 
PF00313.10000.fasta 80.8 82.7 52.3 52.6 
PF01381.10000.fasta 66.8 67.5 18.3 21.0 
PF00970.10000.fasta 67.8 68.3 16.1 18.8 
PF04082.10000.fasta 53.1 54.4 19.5 23.5 
PF14604.10000.fasta 70.8 72.7 17.5 22.1 
PF00018.10000.fasta 84.6 86.7 0.0 0.0 
PF03129.10000.fasta 96.9 97.4 55.1 60.4 
PF00037.10000.fasta 87.2 90.7 55.2 70.6 
PF07686.10000.fasta 89.0 90.4 29.0 32.7 
PF00224.10000.fasta 92.2 92.7 67.6 72.4 
