PF00450.10000.fasta 79.4 82.0 46.9 60.0 
PF13393.10000.fasta 42.4 43.6 4.9 7.6 
PF00476.10000.fasta 93.9 94.7 77.2 80.9 
PF00625.10000.fasta 37.3 35.5 0.0 0.0 
PF00078.10000.fasta 83.9 91.2 74.7 75.4 
PF01814.10000.fasta 84.5 85.8 67.2 74.6 
PF13522.10000.fasta 69.0 71.9 24.0 30.8 
PF02878.10000.fasta 69.7 72.8 45.9 49.3 
PF00505.10000.fasta 97.2 97.3 81.4 84.3 
PF02777.10000.fasta 91.0 96.8 67.3 69.4 
PF00009.10000.fasta 77.1 83.5 28.3 39.0 
PF05746.10000.fasta 85.0 85.7 67.2 76.3 
PF00687.10000.fasta 72.4 75.0 47.9 47.0 
PF00084.10000.fasta 88.6 89.1 74.6 79.5 
PF13365.10000.fasta 33.5 38.7 0.0 0.0 
PF13378.10000.fasta 73.1 75.3 20.8 23.6 
PF07654.10000.fasta 88.8 89.0 75.0 77.1 
PF00079.10000.fasta 93.0 94.3 83.7 86.2 
PF02836.10000.fasta 92.5 93.4 75.5 87.9 
PF07679.10000.fasta 84.4 85.5 48.0 59.8 
PF00313.10000.fasta 82.0 84.0 55.4 55.7 
PF01381.10000.fasta 66.8 67.4 18.3 21.0 
PF00970.10000.fasta 67.7 68.1 16.7 19.5 
PF04082.10000.fasta 56.7 58.5 28.7 34.6 
PF14604.10000.fasta 74.1 92.1 22.2 25.7 
PF00018.10000.fasta 85.1 86.6 0.0 0.0 
PF03129.10000.fasta 96.6 97.2 55.1 60.4 
PF00037.10000.fasta 88.0 89.9 69.0 72.6 
PF07686.10000.fasta 86.8 88.8 12.1 13.8 
PF00224.10000.fasta 91.9 92.3 67.6 72.4 
