PF00450.10000.fasta 80.6 82.6 47.1 60.1 
PF13393.10000.fasta 43.4 45.0 7.5 11.7 
PF00476.10000.fasta 93.3 94.5 76.9 80.6 
PF00625.10000.fasta 40.0 42.8 1.5 2.4 
PF00078.10000.fasta 87.4 90.0 74.1 74.9 
PF01814.10000.fasta 79.4 82.1 52.6 58.4 
PF13522.10000.fasta 68.5 70.7 25.6 32.8 
PF02878.10000.fasta 72.7 75.0 50.4 54.0 
PF00505.10000.fasta 97.6 97.7 84.3 87.3 
PF02777.10000.fasta 91.1 97.1 66.3 68.4 
PF00009.10000.fasta 72.5 78.8 20.8 28.8 
PF05746.10000.fasta 84.6 84.8 67.2 76.3 
PF00687.10000.fasta 75.2 76.1 55.1 54.7 
PF00084.10000.fasta 88.6 89.1 74.6 79.5 
PF13365.10000.fasta 27.2 32.4 0.0 0.0 
PF13378.10000.fasta 74.2 76.0 18.4 21.0 
PF07654.10000.fasta 87.6 88.3 73.8 75.3 
PF00079.10000.fasta 92.5 93.0 80.6 84.5 
PF02836.10000.fasta 90.6 91.9 71.2 82.6 
PF07679.10000.fasta 84.9 85.6 49.0 61.0 
PF00313.10000.fasta 82.0 84.0 55.4 55.7 
PF01381.10000.fasta 68.4 69.0 18.3 21.0 
PF00970.10000.fasta 66.5 68.5 10.3 12.1 
PF04082.10000.fasta 59.1 65.3 42.1 45.8 
PF14604.10000.fasta 78.2 80.4 36.5 47.3 
PF00018.10000.fasta 86.1 88.0 4.7 0.1 
PF03129.10000.fasta 96.4 96.9 55.1 60.4 
PF00037.10000.fasta 90.2 92.7 79.3 77.7 
PF07686.10000.fasta 88.1 90.1 21.5 24.3 
PF00224.10000.fasta 92.6 92.5 70.4 75.5 
