PF00450.10000.fasta 80.8 83.4 48.3 61.5 
PF13393.10000.fasta 35.4 37.6 0.0 0.0 
PF00476.10000.fasta 94.5 95.7 80.1 83.7 
PF00625.10000.fasta 43.9 43.1 5.3 8.4 
PF00078.10000.fasta 89.7 92.5 75.3 76.0 
PF01814.10000.fasta 78.4 79.9 53.4 59.4 
PF13522.10000.fasta 66.7 69.0 25.6 32.8 
PF02878.10000.fasta 81.3 82.2 63.0 66.8 
PF00505.10000.fasta 97.6 97.7 84.3 87.3 
PF02777.10000.fasta 92.1 96.6 68.3 70.5 
PF00009.10000.fasta 79.6 84.5 33.3 43.3 
PF05746.10000.fasta 85.4 85.7 67.2 76.3 
PF00687.10000.fasta 77.3 79.3 55.1 56.4 
PF00084.10000.fasta 90.1 90.1 79.7 81.9 
PF13365.10000.fasta 30.2 35.0 0.0 0.0 
PF13378.10000.fasta 72.2 74.3 19.3 22.2 
PF07654.10000.fasta 86.9 88.2 72.6 74.1 
PF00079.10000.fasta 93.0 93.9 83.7 87.4 
PF02836.10000.fasta 87.5 89.3 70.3 81.9 
PF07679.10000.fasta 86.0 86.5 52.0 64.8 
PF00313.10000.fasta 82.0 84.0 55.4 55.7 
PF01381.10000.fasta 68.1 68.7 18.3 21.0 
PF00970.10000.fasta 66.6 68.5 10.3 12.1 
PF04082.10000.fasta 56.6 57.3 26.8 26.7 
PF14604.10000.fasta 73.5 75.5 27.0 31.9 
PF00018.10000.fasta 85.9 88.2 0.0 0.0 
PF03129.10000.fasta 96.7 97.2 57.1 62.7 
PF00037.10000.fasta 87.7 90.1 69.0 72.6 
PF07686.10000.fasta 88.9 90.7 37.4 42.2 
PF00224.10000.fasta 92.7 92.7 72.2 77.0 
