PF00450.10000.fasta 81.8 84.6 47.3 60.2 
PF13393.10000.fasta 35.6 39.7 0.0 0.0 
PF00476.10000.fasta 93.9 94.8 78.5 82.4 
PF00625.10000.fasta 31.7 36.3 0.0 0.0 
PF00078.10000.fasta 87.8 91.6 75.9 76.6 
PF01814.10000.fasta 78.5 80.7 52.6 59.7 
PF13522.10000.fasta 66.0 68.4 21.7 27.8 
PF02878.10000.fasta 72.2 74.7 49.6 52.8 
PF00505.10000.fasta 96.8 97.3 80.0 82.8 
PF02777.10000.fasta 91.8 96.4 67.3 69.4 
PF00009.10000.fasta 77.8 83.3 27.6 40.8 
PF05746.10000.fasta 84.8 85.1 67.2 76.3 
PF00687.10000.fasta 76.6 78.2 51.5 52.5 
PF00084.10000.fasta 88.9 90.2 81.4 82.8 
PF13365.10000.fasta 32.3 36.8 0.0 0.0 
PF13378.10000.fasta 64.9 68.6 24.1 27.8 
PF07654.10000.fasta 84.5 85.2 66.7 68.6 
PF00079.10000.fasta 91.8 92.2 80.0 84.2 
PF02836.10000.fasta 91.6 93.3 74.2 86.2 
PF07679.10000.fasta 82.2 83.3 39.0 48.6 
PF00313.10000.fasta 82.0 84.0 55.4 55.7 
PF01381.10000.fasta 67.3 67.9 18.3 21.0 
PF00970.10000.fasta 66.7 67.9 9.8 11.4 
PF04082.10000.fasta 52.5 53.6 18.8 17.0 
PF14604.10000.fasta 79.0 81.3 31.7 32.1 
PF00018.10000.fasta 86.2 87.5 0.0 0.0 
PF03129.10000.fasta 96.6 97.2 57.1 62.6 
PF00037.10000.fasta 87.1 90.2 55.2 70.6 
PF07686.10000.fasta 88.4 91.2 15.9 17.8 
PF00224.10000.fasta 91.9 92.5 67.1 72.1 
