PF00450.10000.fasta 79.7 82.2 47.1 60.2 
PF13393.10000.fasta 34.3 38.8 0.0 0.0 
PF00476.10000.fasta 94.3 95.3 80.1 84.1 
PF00625.10000.fasta 36.3 38.2 0.0 0.0 
PF00078.10000.fasta 89.3 93.1 76.5 77.7 
PF01814.10000.fasta 86.7 87.5 69.0 77.3 
PF13522.10000.fasta 67.8 70.6 21.7 27.8 
PF02878.10000.fasta 72.5 74.5 50.4 53.2 
PF00505.10000.fasta 96.6 97.1 80.0 82.8 
PF02777.10000.fasta 91.0 96.5 66.3 68.4 
PF00009.10000.fasta 76.7 82.3 24.4 34.2 
PF05746.10000.fasta 84.8 85.2 67.2 76.3 
PF00687.10000.fasta 74.2 76.4 51.5 52.5 
PF00084.10000.fasta 90.1 90.1 79.7 81.9 
PF13365.10000.fasta 26.0 29.6 0.0 0.0 
PF13378.10000.fasta 62.7 66.4 18.4 21.0 
PF07654.10000.fasta 87.3 88.1 72.6 74.1 
PF00079.10000.fasta 92.4 92.9 80.6 84.4 
PF02836.10000.fasta 91.2 92.5 73.9 86.2 
PF07679.10000.fasta 82.3 83.4 40.0 49.8 
PF00313.10000.fasta 82.0 84.0 55.4 55.7 
PF01381.10000.fasta 67.9 68.4 18.3 21.0 
PF00970.10000.fasta 66.9 67.7 16.1 18.8 
PF04082.10000.fasta 52.8 53.8 20.3 24.4 
PF14604.10000.fasta 77.2 79.3 31.7 32.1 
PF00018.10000.fasta 86.3 93.6 7.0 7.7 
PF03129.10000.fasta 96.4 96.9 55.1 60.4 
PF00037.10000.fasta 87.7 90.8 69.0 72.6 
PF07686.10000.fasta 88.5 90.0 21.5 24.2 
PF00224.10000.fasta 93.0 93.4 68.1 73.0 
