PF00450.10000.fasta 80.4 82.6 45.9 58.9 
PF13393.10000.fasta 38.1 40.0 0.0 0.0 
PF00476.10000.fasta 94.1 95.5 78.8 82.7 
PF00625.10000.fasta 36.1 36.7 0.0 0.0 
PF00078.10000.fasta 84.9 88.8 72.4 73.1 
PF01814.10000.fasta 83.6 85.6 68.1 75.2 
PF13522.10000.fasta 69.6 71.2 25.6 32.8 
PF02878.10000.fasta 72.8 76.8 52.6 56.0 
PF00505.10000.fasta 97.2 97.3 81.4 84.3 
PF02777.10000.fasta 91.0 96.5 68.3 70.5 
PF00009.10000.fasta 76.3 82.2 30.1 41.6 
PF05746.10000.fasta 84.8 85.0 67.2 76.3 
PF00687.10000.fasta 70.9 73.7 46.1 45.1 
PF00084.10000.fasta 89.5 90.0 76.3 81.3 
PF13365.10000.fasta 29.2 32.9 0.0 0.0 
PF13378.10000.fasta 67.6 70.5 24.1 27.8 
PF07654.10000.fasta 83.9 85.6 66.7 68.0 
PF00079.10000.fasta 93.3 93.4 84.0 86.4 
PF02836.10000.fasta 87.2 90.0 67.9 79.1 
PF07679.10000.fasta 83.7 85.2 47.0 58.6 
PF00313.10000.fasta 81.4 82.8 52.3 52.6 
PF01381.10000.fasta 66.8 67.4 18.3 21.0 
PF00970.10000.fasta 67.2 67.8 16.7 19.5 
PF04082.10000.fasta 61.3 62.5 34.1 41.1 
PF14604.10000.fasta 79.1 79.5 25.4 24.8 
PF00018.10000.fasta 86.2 87.7 0.0 0.0 
PF03129.10000.fasta 97.4 97.7 55.1 60.4 
PF00037.10000.fasta 88.0 89.9 69.0 72.6 
PF07686.10000.fasta 88.1 89.5 12.1 13.8 
PF00224.10000.fasta 93.1 93.5 69.0 74.0 
