PF00450.10000.fasta 80.6 82.4 45.3 57.9 
PF13393.10000.fasta 37.4 41.5 0.0 0.0 
PF00476.10000.fasta 94.5 95.4 81.1 84.8 
PF00625.10000.fasta 30.8 35.3 0.0 0.0 
PF00078.10000.fasta 87.9 90.6 75.3 76.0 
PF01814.10000.fasta 88.6 89.7 72.4 81.6 
PF13522.10000.fasta 68.9 71.0 21.7 27.8 
PF02878.10000.fasta 71.4 75.5 50.4 54.0 
PF00505.10000.fasta 97.0 97.3 80.0 82.8 
PF02777.10000.fasta 91.7 96.7 67.3 69.4 
PF00009.10000.fasta 76.4 83.0 24.7 39.1 
PF05746.10000.fasta 84.7 84.9 67.2 76.3 
PF00687.10000.fasta 78.9 80.1 53.9 53.4 
PF00084.10000.fasta 88.6 89.1 74.6 79.5 
PF13365.10000.fasta 24.3 27.5 0.0 0.0 
PF13378.10000.fasta 66.2 69.4 19.3 22.2 
PF07654.10000.fasta 88.2 89.4 75.0 76.5 
PF00079.10000.fasta 93.1 93.8 82.5 85.7 
PF02836.10000.fasta 90.6 91.8 73.0 84.8 
PF07679.10000.fasta 81.8 82.9 39.0 48.6 
PF00313.10000.fasta 82.0 84.0 55.4 55.7 
PF01381.10000.fasta 66.8 67.4 18.3 21.0 
PF00970.10000.fasta 66.9 68.1 9.8 11.4 
PF04082.10000.fasta 63.7 64.5 36.0 43.4 
PF14604.10000.fasta 76.9 78.4 19.0 22.6 
PF00018.10000.fasta 85.6 87.2 0.0 0.0 
PF03129.10000.fasta 96.1 96.8 53.1 58.1 
PF00037.10000.fasta 88.0 89.9 69.0 72.6 
PF07686.10000.fasta 88.5 90.0 15.0 16.9 
PF00224.10000.fasta 92.5 93.3 67.1 72.1 
