PF00450.10000.fasta 80.4 83.4 46.5 59.3 
PF13393.10000.fasta 39.1 40.5 0.0 0.0 
PF00476.10000.fasta 94.7 95.2 81.3 85.4 
PF00625.10000.fasta 37.3 38.9 0.0 0.0 
PF00078.10000.fasta 90.9 92.3 77.6 78.4 
PF01814.10000.fasta 77.4 80.0 51.7 58.8 
PF13522.10000.fasta 67.8 70.7 20.2 25.8 
PF02878.10000.fasta 82.6 83.4 65.2 68.3 
PF00505.10000.fasta 97.2 97.7 82.9 85.8 
PF02777.10000.fasta 91.1 96.0 67.3 69.4 
PF00009.10000.fasta 76.8 83.0 24.0 33.6 
PF05746.10000.fasta 85.5 86.1 67.2 76.3 
PF00687.10000.fasta 75.4 76.4 55.7 55.3 
PF00084.10000.fasta 88.6 89.1 74.6 79.5 
PF13365.10000.fasta 32.6 37.4 0.0 0.0 
PF13378.10000.fasta 66.1 69.2 23.6 27.3 
PF07654.10000.fasta 84.5 85.2 66.7 68.6 
PF00079.10000.fasta 92.3 93.1 81.5 85.1 
PF02836.10000.fasta 89.8 91.8 68.8 80.2 
PF07679.10000.fasta 80.3 81.0 41.0 51.1 
PF00313.10000.fasta 81.4 82.8 52.3 52.6 
PF01381.10000.fasta 68.2 69.2 18.3 21.0 
PF00970.10000.fasta 67.3 67.8 15.5 18.1 
PF04082.10000.fasta 60.0 61.1 35.6 42.9 
PF14604.10000.fasta 84.3 85.5 41.3 47.5 
PF00018.10000.fasta 86.0 87.8 4.7 0.1 
PF03129.10000.fasta 96.6 97.2 55.1 60.4 
PF00037.10000.fasta 87.7 90.1 69.0 72.6 
PF07686.10000.fasta 86.5 88.7 22.4 25.2 
PF00224.10000.fasta 91.9 92.5 67.1 71.9 
