PF00450.10000.fasta 83.5 85.2 46.3 58.3 
PF13393.10000.fasta 42.7 44.8 4.9 7.6 
PF00476.10000.fasta 94.0 95.5 79.3 83.2 
PF00625.10000.fasta 40.3 39.9 0.0 0.0 
PF00078.10000.fasta 90.8 93.9 82.9 83.8 
PF01814.10000.fasta 88.7 88.9 74.1 82.9 
PF13522.10000.fasta 65.3 69.9 24.0 30.8 
PF02878.10000.fasta 72.1 73.4 51.1 54.4 
PF00505.10000.fasta 97.2 97.3 81.4 84.3 
PF02777.10000.fasta 91.4 96.0 68.3 70.5 
PF00009.10000.fasta 75.7 81.2 26.2 35.1 
PF05746.10000.fasta 84.9 85.3 67.2 76.3 
PF00687.10000.fasta 75.7 76.9 55.7 55.3 
PF00084.10000.fasta 88.6 89.1 74.6 79.5 
PF13365.10000.fasta 27.4 33.3 0.0 0.0 
PF13378.10000.fasta 71.2 73.3 16.5 19.4 
PF07654.10000.fasta 87.3 89.0 73.8 75.3 
PF00079.10000.fasta 93.2 93.7 83.1 85.8 
PF02836.10000.fasta 92.1 92.7 75.2 87.2 
PF07679.10000.fasta 84.5 85.8 49.0 61.0 
PF00313.10000.fasta 81.0 82.8 52.3 52.6 
PF01381.10000.fasta 67.8 68.3 18.3 21.0 
PF00970.10000.fasta 66.6 68.8 10.3 12.1 
PF04082.10000.fasta 59.8 65.2 42.1 45.8 
PF14604.10000.fasta 82.0 83.8 36.5 47.3 
PF00018.10000.fasta 85.7 87.8 4.7 0.1 
PF03129.10000.fasta 96.4 97.0 55.1 60.4 
PF00037.10000.fasta 89.6 91.0 69.0 72.6 
PF07686.10000.fasta 88.5 89.9 18.7 21.0 
PF00224.10000.fasta 92.4 92.4 71.3 76.0 
