PF00450.10000.fasta 83.3 85.3 48.1 61.3 
PF13393.10000.fasta 45.3 47.7 9.9 15.3 
PF00476.10000.fasta 94.1 95.0 79.0 83.0 
PF00625.10000.fasta 39.6 38.4 1.5 2.4 
PF00078.10000.fasta 84.9 88.6 74.1 74.9 
PF01814.10000.fasta 84.9 86.3 69.0 77.6 
PF13522.10000.fasta 64.1 68.4 24.0 30.8 
PF02878.10000.fasta 70.6 73.4 46.7 49.7 
PF00505.10000.fasta 97.2 97.3 81.4 84.3 
PF02777.10000.fasta 91.2 96.6 67.3 69.4 
PF00009.10000.fasta 74.3 81.6 22.6 32.7 
PF05746.10000.fasta 84.6 85.5 67.2 76.3 
PF00687.10000.fasta 74.4 76.3 56.9 56.6 
PF00084.10000.fasta 89.5 90.0 76.3 81.3 
PF13365.10000.fasta 28.9 34.2 0.0 0.0 
PF13378.10000.fasta 71.4 73.5 19.3 22.2 
PF07654.10000.fasta 83.7 84.4 64.3 66.1 
PF00079.10000.fasta 90.4 90.8 78.8 82.4 
PF02836.10000.fasta 88.0 90.2 69.7 81.2 
PF07679.10000.fasta 83.0 85.8 46.0 57.3 
PF00313.10000.fasta 82.0 84.0 55.4 55.7 
PF01381.10000.fasta 65.9 66.5 18.3 21.0 
PF00970.10000.fasta 67.1 67.6 16.1 18.8 
PF04082.10000.fasta 60.9 62.2 34.1 41.1 
PF14604.10000.fasta 76.9 78.6 19.0 22.6 
PF00018.10000.fasta 86.3 87.9 0.0 0.0 
PF03129.10000.fasta 96.8 97.3 55.1 60.4 
PF00037.10000.fasta 85.5 88.4 65.5 68.1 
PF07686.10000.fasta 89.6 90.6 35.5 40.1 
PF00224.10000.fasta 93.0 92.9 72.2 77.0 
