PF00450.10000.fasta 80.8 82.6 48.3 61.7 
PF13393.10000.fasta 41.1 42.7 4.6 7.1 
PF00476.10000.fasta 93.5 95.1 75.4 79.2 
PF00625.10000.fasta 37.4 36.0 0.0 0.0 
PF00078.10000.fasta 84.2 90.3 71.8 72.7 
PF01814.10000.fasta 82.3 82.7 58.6 66.2 
PF13522.10000.fasta 69.8 73.0 24.0 30.8 
PF02878.10000.fasta 78.8 80.8 60.7 64.8 
PF00505.10000.fasta 97.2 97.3 81.4 84.3 
PF02777.10000.fasta 91.0 96.8 67.3 69.4 
PF00009.10000.fasta 73.4 79.1 23.3 31.9 
PF05746.10000.fasta 84.7 85.0 67.2 76.3 
PF00687.10000.fasta 81.9 83.8 61.7 61.7 
PF00084.10000.fasta 89.5 90.0 76.3 81.3 
PF13365.10000.fasta 29.7 34.7 0.0 0.0 
PF13378.10000.fasta 72.7 74.4 17.9 20.5 
PF07654.10000.fasta 84.9 85.6 67.9 69.2 
PF00079.10000.fasta 92.3 92.5 80.0 84.2 
PF02836.10000.fasta 92.3 93.2 75.2 87.6 
PF07679.10000.fasta 83.9 85.2 47.0 58.6 
PF00313.10000.fasta 82.0 84.0 55.4 55.7 
PF01381.10000.fasta 65.9 66.5 18.3 21.0 
PF00970.10000.fasta 67.7 68.1 16.1 18.8 
PF04082.10000.fasta 50.9 52.0 21.8 26.3 
PF14604.10000.fasta 80.6 81.6 39.7 49.8 
PF00018.10000.fasta 85.9 87.5 0.0 0.0 
PF03129.10000.fasta 96.9 97.3 55.1 60.4 
PF00037.10000.fasta 90.1 92.7 58.6 70.9 
PF07686.10000.fasta 89.3 90.3 36.4 41.1 
PF00224.10000.fasta 92.7 92.5 72.2 76.9 
