PF00450.10000.fasta 80.1 82.7 46.7 59.7 
PF13393.10000.fasta 39.0 42.9 0.0 0.0 
PF00476.10000.fasta 94.4 95.7 79.5 83.5 
PF00625.10000.fasta 37.3 37.2 0.0 0.0 
PF00078.10000.fasta 87.6 89.7 76.5 77.2 
PF01814.10000.fasta 81.1 82.2 56.9 63.3 
PF13522.10000.fasta 65.1 69.1 19.4 24.8 
PF02878.10000.fasta 82.4 83.3 65.2 67.9 
PF00505.10000.fasta 97.5 98.0 82.9 85.8 
PF02777.10000.fasta 90.5 96.3 67.3 69.4 
PF00009.10000.fasta 77.0 83.0 29.0 40.2 
PF05746.10000.fasta 85.1 85.9 67.2 76.3 
PF00687.10000.fasta 80.9 82.5 59.9 59.8 
PF00084.10000.fasta 88.6 89.1 74.6 79.5 
PF13365.10000.fasta 28.7 33.9 0.0 0.0 
PF13378.10000.fasta 62.3 65.5 19.3 22.2 
PF07654.10000.fasta 84.9 85.6 69.0 70.4 
PF00079.10000.fasta 91.3 92.0 80.6 83.6 
PF02836.10000.fasta 91.2 93.2 72.7 84.8 
PF07679.10000.fasta 83.2 84.1 41.0 51.1 
PF00313.10000.fasta 82.0 84.0 55.4 55.7 
PF01381.10000.fasta 68.8 69.6 18.3 21.0 
PF00970.10000.fasta 67.7 68.2 15.5 18.1 
PF04082.10000.fasta 48.6 50.3 12.6 15.2 
PF14604.10000.fasta 79.9 81.7 31.7 32.1 
PF00018.10000.fasta 86.3 87.9 0.0 0.0 
PF03129.10000.fasta 96.5 97.0 57.1 62.7 
PF00037.10000.fasta 86.9 90.9 55.2 70.6 
PF07686.10000.fasta 89.3 90.4 15.9 18.0 
PF00224.10000.fasta 91.9 92.4 68.5 73.4 
