PF00450.10000.fasta 82.2 84.3 48.1 61.5 
PF13393.10000.fasta 38.5 40.9 0.0 0.0 
PF00476.10000.fasta 94.9 95.3 81.3 85.1 
PF00625.10000.fasta 36.4 40.8 0.0 0.0 
PF00078.10000.fasta 86.5 89.3 72.4 73.1 
PF01814.10000.fasta 82.6 84.0 56.9 63.3 
PF13522.10000.fasta 66.8 69.0 25.6 32.8 
PF02878.10000.fasta 81.7 82.6 63.7 67.5 
PF00505.10000.fasta 97.3 97.5 84.3 87.3 
PF02777.10000.fasta 91.1 96.3 68.3 70.5 
PF00009.10000.fasta 43.1 81.2 0.0 0.0 
PF05746.10000.fasta 84.8 85.2 67.2 76.3 
PF00687.10000.fasta 75.2 76.1 55.1 54.7 
PF00084.10000.fasta 88.6 89.1 74.6 79.5 
PF13365.10000.fasta 36.4 41.5 0.0 0.0 
PF13378.10000.fasta 70.6 72.5 19.3 22.2 
PF07654.10000.fasta 89.8 90.0 77.4 79.0 
PF00079.10000.fasta 91.8 91.9 81.5 84.3 
PF02836.10000.fasta 92.2 92.4 74.8 86.9 
PF07679.10000.fasta 84.4 84.9 49.0 61.0 
PF00313.10000.fasta 82.0 84.0 55.4 55.7 
PF01381.10000.fasta 69.3 70.1 18.3 21.0 
PF00970.10000.fasta 66.4 68.4 10.3 12.1 
PF04082.10000.fasta 25.0 50.7 0.0 0.0 
PF14604.10000.fasta 80.6 81.6 39.7 49.8 
PF00018.10000.fasta 85.9 87.8 4.7 0.1 
PF03129.10000.fasta 96.6 97.1 55.1 60.4 
PF00037.10000.fasta 87.6 90.3 69.0 72.6 
PF07686.10000.fasta 87.8 89.4 37.4 42.2 
PF00224.10000.fasta 93.2 93.1 73.6 78.4 
