PF00450.10000.fasta 82.9 85.5 48.7 61.9 
PF13393.10000.fasta 37.9 39.8 0.0 0.0 
PF00476.10000.fasta 94.0 95.0 79.5 83.2 
PF00625.10000.fasta 38.9 37.3 0.0 0.0 
PF00078.10000.fasta 94.5 95.2 88.2 89.0 
PF01814.10000.fasta 80.7 83.4 56.9 64.3 
PF13522.10000.fasta 65.9 70.0 23.3 29.8 
PF02878.10000.fasta 75.1 77.5 53.3 56.8 
PF00505.10000.fasta 97.0 97.1 81.4 84.3 
PF02777.10000.fasta 91.6 96.4 67.3 69.4 
PF00009.10000.fasta 73.8 78.6 22.6 34.1 
PF05746.10000.fasta 84.5 84.9 67.2 76.3 
PF00687.10000.fasta 78.7 80.6 59.3 59.1 
PF00084.10000.fasta 88.3 89.3 76.3 81.3 
PF13365.10000.fasta 37.5 42.6 0.0 0.0 
PF13378.10000.fasta 74.6 76.1 24.1 27.8 
PF07654.10000.fasta 83.9 84.0 65.5 67.3 
PF00079.10000.fasta 91.5 91.9 79.7 84.0 
PF02836.10000.fasta 91.4 93.6 74.2 86.2 
PF07679.10000.fasta 83.7 85.2 49.0 61.0 
PF00313.10000.fasta 80.8 82.7 52.3 52.6 
PF01381.10000.fasta 66.9 67.5 18.3 21.0 
PF00970.10000.fasta 67.8 68.0 16.7 19.5 
PF04082.10000.fasta 55.8 57.2 21.5 25.8 
PF14604.10000.fasta 75.5 77.4 17.5 22.1 
PF00018.10000.fasta 86.8 87.5 0.0 0.0 
PF03129.10000.fasta 96.4 97.0 55.1 60.4 
PF00037.10000.fasta 89.6 91.0 69.0 72.6 
PF07686.10000.fasta 88.8 89.9 12.1 13.8 
PF00224.10000.fasta 92.7 92.6 71.8 76.4 
