PF00450.10000.fasta 78.7 80.9 46.7 59.7 
PF13393.10000.fasta 42.1 43.5 10.1 15.7 
PF00476.10000.fasta 94.3 95.8 79.8 83.7 
PF00625.10000.fasta 44.6 42.7 0.0 0.0 
PF00078.10000.fasta 82.7 87.8 71.8 72.5 
PF01814.10000.fasta 79.9 82.0 53.4 59.4 
PF13522.10000.fasta 75.5 77.6 24.0 30.8 
PF02878.10000.fasta 82.0 83.0 64.4 67.9 
PF00505.10000.fasta 97.3 97.5 84.3 87.3 
PF02777.10000.fasta 90.7 96.5 68.3 70.5 
PF00009.10000.fasta 74.9 80.9 29.4 41.9 
PF05746.10000.fasta 84.7 84.9 67.2 76.3 
PF00687.10000.fasta 74.1 75.1 49.1 48.3 
PF00084.10000.fasta 88.0 89.6 74.6 79.5 
PF13365.10000.fasta 32.0 36.5 0.0 0.0 
PF13378.10000.fasta 72.4 73.8 19.3 22.2 
PF07654.10000.fasta 89.8 90.0 77.4 79.0 
PF00079.10000.fasta 92.3 93.1 80.9 84.7 
PF02836.10000.fasta 90.0 91.7 72.4 82.7 
PF07679.10000.fasta 82.8 83.5 49.0 61.0 
PF00313.10000.fasta 81.4 82.8 52.3 52.6 
PF01381.10000.fasta 69.3 70.1 18.3 21.0 
PF00970.10000.fasta 66.6 68.5 11.5 13.4 
PF04082.10000.fasta 53.0 53.7 18.4 16.9 
PF14604.10000.fasta 72.2 74.2 25.4 29.8 
PF00018.10000.fasta 85.7 87.5 0.0 0.0 
PF03129.10000.fasta 96.6 97.1 55.1 60.4 
PF00037.10000.fasta 90.2 92.7 79.3 77.7 
PF07686.10000.fasta 86.9 89.0 15.0 16.9 
PF00224.10000.fasta 92.9 93.3 69.9 75.0 
