PF00450.10000.fasta 80.0 81.7 48.1 61.4 
PF13393.10000.fasta 42.3 44.0 9.9 15.3 
PF00476.10000.fasta 93.8 94.8 79.3 83.1 
PF00625.10000.fasta 39.8 39.2 0.0 0.0 
PF00078.10000.fasta 91.9 93.4 78.8 79.6 
PF01814.10000.fasta 74.0 77.1 41.4 47.0 
PF13522.10000.fasta 74.6 76.6 25.6 32.8 
PF02878.10000.fasta 74.8 76.7 53.3 56.8 
PF00505.10000.fasta 97.6 97.7 84.3 87.3 
PF02777.10000.fasta 90.8 95.9 68.3 70.5 
PF00009.10000.fasta 43.0 87.9 0.7 0.0 
PF05746.10000.fasta 85.5 85.7 67.2 76.3 
PF00687.10000.fasta 72.9 74.3 48.5 47.6 
PF00084.10000.fasta 87.7 88.7 72.9 77.7 
PF13365.10000.fasta 26.8 31.5 0.0 0.0 
PF13378.10000.fasta 73.3 74.9 18.9 21.6 
PF07654.10000.fasta 89.8 90.0 77.4 79.0 
PF00079.10000.fasta 91.5 91.5 80.3 83.2 
PF02836.10000.fasta 88.4 90.3 68.2 79.5 
PF07679.10000.fasta 84.9 85.6 49.0 61.0 
PF00313.10000.fasta 82.0 84.0 55.4 55.7 
PF01381.10000.fasta 68.9 69.8 18.3 21.0 
PF00970.10000.fasta 66.3 68.3 10.3 12.1 
PF04082.10000.fasta 18.8 35.6 0.0 0.0 
PF14604.10000.fasta 84.3 85.5 41.3 47.5 
PF00018.10000.fasta 86.3 87.9 0.0 0.0 
PF03129.10000.fasta 96.4 96.9 55.1 60.4 
PF00037.10000.fasta 87.7 90.1 69.0 72.6 
PF07686.10000.fasta 88.6 90.1 36.4 41.3 
PF00224.10000.fasta 92.5 92.4 70.8 75.5 
