PF00450.10000.fasta 79.9 81.9 46.9 59.7 
PF13393.10000.fasta 34.2 39.4 0.0 0.0 
PF00476.10000.fasta 94.1 94.7 77.5 81.4 
PF00625.10000.fasta 31.7 39.0 0.0 0.0 
PF00078.10000.fasta 90.7 93.6 82.4 83.2 
PF01814.10000.fasta 86.4 87.8 70.7 78.6 
PF13522.10000.fasta 69.0 70.4 21.7 27.8 
PF02878.10000.fasta 74.7 77.5 54.1 57.2 
PF00505.10000.fasta 96.8 97.3 80.0 82.8 
PF02777.10000.fasta 91.0 96.9 67.3 69.4 
PF00009.10000.fasta 72.4 78.7 21.9 32.4 
PF05746.10000.fasta 84.4 84.8 67.2 76.3 
PF00687.10000.fasta 77.0 78.9 56.3 55.9 
PF00084.10000.fasta 88.6 89.1 74.6 79.5 
PF13365.10000.fasta 28.5 32.7 0.0 0.0 
PF13378.10000.fasta 62.8 66.2 19.8 22.4 
PF07654.10000.fasta 85.1 86.3 70.2 72.2 
PF00079.10000.fasta 91.6 92.0 79.7 84.0 
PF02836.10000.fasta 91.5 93.2 74.5 86.5 
PF07679.10000.fasta 82.3 83.4 39.0 48.6 
PF00313.10000.fasta 80.8 82.7 52.3 52.6 
PF01381.10000.fasta 67.3 68.0 18.3 21.0 
PF00970.10000.fasta 67.6 68.3 16.1 18.8 
PF04082.10000.fasta 54.9 56.4 21.8 23.8 
PF14604.10000.fasta 84.3 85.3 41.3 47.5 
PF00018.10000.fasta 86.2 94.0 11.6 7.8 
PF03129.10000.fasta 97.8 98.1 57.1 62.7 
PF00037.10000.fasta 88.0 89.9 69.0 72.6 
PF07686.10000.fasta 88.7 90.4 15.9 17.8 
PF00224.10000.fasta 92.7 93.4 67.6 72.6 
