PF00450.10000.fasta 80.0 82.7 46.9 59.2 
PF13393.10000.fasta 44.7 46.1 7.2 11.2 
PF00476.10000.fasta 94.4 95.4 79.8 83.8 
PF00625.10000.fasta 41.5 40.5 0.0 0.0 
PF00078.10000.fasta 81.0 87.1 72.4 73.1 
PF01814.10000.fasta 76.7 78.7 53.4 59.4 
PF13522.10000.fasta 74.1 75.8 25.6 32.8 
PF02878.10000.fasta 76.7 79.3 57.0 60.8 
PF00505.10000.fasta 97.6 97.7 84.3 87.3 
PF02777.10000.fasta 91.2 96.8 68.3 70.5 
PF00009.10000.fasta 74.2 80.4 21.5 33.8 
PF05746.10000.fasta 85.0 85.3 67.2 76.3 
PF00687.10000.fasta 74.1 76.0 55.1 54.7 
PF00084.10000.fasta 89.2 90.8 81.4 83.7 
PF13365.10000.fasta 31.5 37.5 0.0 0.0 
PF13378.10000.fasta 71.2 73.7 18.4 21.0 
PF07654.10000.fasta 87.6 87.7 72.6 74.7 
PF00079.10000.fasta 91.2 91.8 80.3 83.6 
PF02836.10000.fasta 88.5 91.1 70.0 81.6 
PF07679.10000.fasta 84.8 85.4 49.0 61.0 
PF00313.10000.fasta 82.0 84.0 55.4 55.7 
PF01381.10000.fasta 68.0 68.6 18.3 21.0 
PF00970.10000.fasta 66.4 68.4 10.9 12.8 
PF04082.10000.fasta 47.8 53.0 19.5 23.5 
PF14604.10000.fasta 77.2 78.8 31.7 32.1 
PF00018.10000.fasta 85.8 87.6 4.7 0.1 
PF03129.10000.fasta 96.6 97.1 55.1 60.4 
PF00037.10000.fasta 90.2 92.7 79.3 77.7 
PF07686.10000.fasta 89.0 90.3 37.4 42.2 
PF00224.10000.fasta 92.7 93.2 68.5 73.9 
