PF00450.10000.fasta 80.3 82.4 46.5 59.4 
PF13393.10000.fasta 43.3 44.2 9.9 15.3 
PF00476.10000.fasta 93.8 94.9 78.2 82.2 
PF00625.10000.fasta 41.2 40.4 0.0 0.0 
PF00078.10000.fasta 87.3 91.2 75.3 76.0 
PF01814.10000.fasta 92.2 92.2 79.3 87.7 
PF13522.10000.fasta 67.0 70.1 24.0 30.8 
PF02878.10000.fasta 80.7 82.5 63.0 66.4 
PF00505.10000.fasta 97.0 97.1 81.4 84.3 
PF02777.10000.fasta 91.1 96.8 68.3 70.5 
PF00009.10000.fasta 76.7 83.2 29.0 41.7 
PF05746.10000.fasta 84.6 84.8 67.2 76.3 
PF00687.10000.fasta 74.1 75.4 50.9 50.4 
PF00084.10000.fasta 89.5 90.0 76.3 81.3 
PF13365.10000.fasta 31.8 37.4 0.0 0.0 
PF13378.10000.fasta 73.4 74.9 17.9 20.4 
PF07654.10000.fasta 78.4 79.5 56.0 57.6 
PF00079.10000.fasta 90.7 90.7 79.1 82.1 
PF02836.10000.fasta 89.4 92.1 69.4 80.9 
PF07679.10000.fasta 83.6 85.2 47.0 58.6 
PF00313.10000.fasta 81.4 82.8 52.3 52.6 
PF01381.10000.fasta 66.4 67.1 18.3 21.0 
PF00970.10000.fasta 66.5 68.5 10.9 12.8 
PF04082.10000.fasta 43.9 47.5 16.9 16.7 
PF14604.10000.fasta 74.4 82.3 25.4 29.8 
PF00018.10000.fasta 85.7 87.7 0.0 0.0 
PF03129.10000.fasta 96.9 97.5 55.1 60.4 
PF00037.10000.fasta 88.0 89.9 69.0 72.6 
PF07686.10000.fasta 88.0 89.9 22.4 25.2 
PF00224.10000.fasta 91.6 92.1 67.6 72.4 
