PF00450.10000.fasta 80.4 82.8 47.7 60.5 
PF13393.10000.fasta 39.8 41.1 5.2 8.2 
PF00476.10000.fasta 94.1 94.9 79.3 83.0 
PF00625.10000.fasta 41.1 39.3 0.0 0.0 
PF00078.10000.fasta 90.8 94.4 82.4 83.2 
PF01814.10000.fasta 76.7 79.4 51.7 58.8 
PF13522.10000.fasta 74.9 76.7 25.6 32.8 
PF02878.10000.fasta 83.7 84.7 68.1 71.9 
PF00505.10000.fasta 97.6 97.7 84.3 87.3 
PF02777.10000.fasta 91.0 96.1 68.3 70.5 
PF00009.10000.fasta 76.5 82.2 30.1 42.6 
PF05746.10000.fasta 84.9 85.4 67.2 76.3 
PF00687.10000.fasta 80.9 81.5 59.9 59.8 
PF00084.10000.fasta 88.6 89.1 74.6 79.5 
PF13365.10000.fasta 26.9 32.9 0.0 0.0 
PF13378.10000.fasta 74.2 75.3 19.8 22.4 
PF07654.10000.fasta 88.8 89.0 75.0 77.1 
PF00079.10000.fasta 92.9 93.5 81.8 85.7 
PF02836.10000.fasta 89.8 92.1 70.0 81.6 
PF07679.10000.fasta 84.2 85.3 52.0 64.8 
PF00313.10000.fasta 82.0 84.0 55.4 55.7 
PF01381.10000.fasta 67.7 68.2 18.3 21.0 
PF00970.10000.fasta 66.4 68.4 10.9 12.8 
PF04082.10000.fasta 51.3 52.7 18.4 16.8 
PF14604.10000.fasta 72.2 74.2 25.4 29.8 
PF00018.10000.fasta 86.1 93.6 7.0 7.7 
PF03129.10000.fasta 96.4 96.9 55.1 60.4 
PF00037.10000.fasta 87.6 90.5 69.0 72.6 
PF07686.10000.fasta 88.3 90.0 21.5 24.3 
PF00224.10000.fasta 93.2 93.0 71.3 76.0 
