PF00450.10000.fasta 80.1 82.6 48.3 61.6 
PF13393.10000.fasta 44.8 46.1 9.9 15.3 
PF00476.10000.fasta 93.9 95.1 77.5 81.3 
PF00625.10000.fasta 35.0 35.2 0.0 0.0 
PF00078.10000.fasta 88.8 91.5 72.9 73.7 
PF01814.10000.fasta 82.5 84.5 58.6 65.9 
PF13522.10000.fasta 69.6 72.0 25.6 32.8 
PF02878.10000.fasta 80.5 81.5 61.5 64.8 
PF00505.10000.fasta 97.2 97.3 81.4 84.3 
PF02777.10000.fasta 91.1 96.9 67.3 69.4 
PF00009.10000.fasta 74.7 79.9 24.7 35.2 
PF05746.10000.fasta 84.7 84.7 67.2 76.3 
PF00687.10000.fasta 74.4 76.0 55.1 54.7 
PF00084.10000.fasta 88.6 89.1 74.6 79.5 
PF13365.10000.fasta 30.7 35.7 0.0 0.0 
PF13378.10000.fasta 70.0 72.6 19.3 22.2 
PF07654.10000.fasta 87.6 87.7 72.6 74.7 
PF00079.10000.fasta 92.2 93.0 80.0 84.2 
PF02836.10000.fasta 89.6 90.7 66.7 77.3 
PF07679.10000.fasta 84.9 85.5 49.0 61.0 
PF00313.10000.fasta 80.8 82.7 52.3 52.6 
PF01381.10000.fasta 68.9 69.8 18.3 21.0 
PF00970.10000.fasta 67.5 67.9 15.5 18.1 
PF04082.10000.fasta 27.6 42.6 0.0 0.0 
PF14604.10000.fasta 71.3 74.4 25.4 29.8 
PF00018.10000.fasta 85.7 87.6 4.7 0.1 
PF03129.10000.fasta 96.4 96.9 55.1 60.4 
PF00037.10000.fasta 87.7 90.8 69.0 72.6 
PF07686.10000.fasta 89.1 90.3 21.5 24.3 
PF00224.10000.fasta 93.3 93.3 72.2 77.5 
