PF00450.10000.fasta 81.9 84.4 48.9 61.9 
PF13393.10000.fasta 47.1 48.5 4.9 7.6 
PF00476.10000.fasta 94.4 95.3 80.1 83.8 
PF00625.10000.fasta 40.6 39.6 0.0 0.0 
PF00078.10000.fasta 90.1 92.3 77.1 77.8 
PF01814.10000.fasta 79.8 81.5 55.2 62.0 
PF13522.10000.fasta 69.3 73.0 24.0 30.8 
PF02878.10000.fasta 85.4 86.8 70.4 74.3 
PF00505.10000.fasta 97.4 97.7 82.9 85.8 
PF02777.10000.fasta 91.1 96.9 67.3 69.4 
PF00009.10000.fasta 75.1 81.4 27.2 39.3 
PF05746.10000.fasta 85.5 85.6 67.2 76.3 
PF00687.10000.fasta 75.1 77.7 56.9 56.6 
PF00084.10000.fasta 89.5 90.0 76.3 81.3 
PF13365.10000.fasta 31.2 36.3 0.0 0.0 
PF13378.10000.fasta 72.4 74.2 18.9 21.6 
PF07654.10000.fasta 88.8 89.5 76.2 77.8 
PF00079.10000.fasta 92.0 92.9 80.6 84.5 
PF02836.10000.fasta 87.8 89.3 69.1 79.5 
PF07679.10000.fasta 85.5 86.0 51.0 63.5 
PF00313.10000.fasta 82.7 84.1 55.4 55.7 
PF01381.10000.fasta 69.2 70.0 18.3 21.0 
PF00970.10000.fasta 66.8 69.0 10.3 12.1 
PF04082.10000.fasta 63.5 64.8 40.6 45.7 
PF14604.10000.fasta 81.3 83.6 34.9 45.3 
PF00018.10000.fasta 86.2 88.0 4.7 0.1 
PF03129.10000.fasta 96.4 96.9 55.1 60.4 
PF00037.10000.fasta 90.2 92.7 79.3 77.7 
PF07686.10000.fasta 87.3 89.2 15.0 16.9 
PF00224.10000.fasta 92.6 92.5 71.3 76.5 
