PF00450.10000.fasta 80.9 82.6 47.9 61.0 
PF13393.10000.fasta 39.7 41.0 8.1 12.6 
PF00476.10000.fasta 94.1 95.2 79.0 82.9 
PF00625.10000.fasta 39.5 38.4 0.0 0.0 
PF00078.10000.fasta 88.0 90.6 75.3 76.0 
PF01814.10000.fasta 82.8 83.6 59.5 65.5 
PF13522.10000.fasta 69.0 71.8 24.0 30.8 
PF02878.10000.fasta 85.0 86.4 68.9 72.7 
PF00505.10000.fasta 97.2 97.3 81.4 84.3 
PF02777.10000.fasta 91.4 95.9 68.3 70.5 
PF00009.10000.fasta 76.7 81.8 25.1 40.6 
PF05746.10000.fasta 85.4 86.1 67.2 76.3 
PF00687.10000.fasta 81.4 82.6 60.5 60.4 
PF00084.10000.fasta 88.6 89.1 74.6 79.5 
PF13365.10000.fasta 27.9 33.2 0.0 0.0 
PF13378.10000.fasta 76.1 77.2 24.1 27.8 
PF07654.10000.fasta 83.9 84.6 66.7 68.6 
PF00079.10000.fasta 92.5 93.6 82.2 85.3 
PF02836.10000.fasta 92.2 93.5 76.1 88.3 
PF07679.10000.fasta 84.4 84.9 49.0 61.0 
PF00313.10000.fasta 82.0 84.0 55.4 55.7 
PF01381.10000.fasta 68.6 69.2 18.3 21.0 
PF00970.10000.fasta 67.8 68.1 17.8 20.8 
PF04082.10000.fasta 55.9 57.0 25.7 26.9 
PF14604.10000.fasta 82.7 84.7 34.9 45.3 
PF00018.10000.fasta 86.3 88.0 4.7 0.1 
PF03129.10000.fasta 96.6 97.1 55.1 60.4 
PF00037.10000.fasta 90.2 92.7 79.3 77.7 
PF07686.10000.fasta 88.6 89.6 36.4 41.3 
PF00224.10000.fasta 92.3 92.5 68.1 73.0 
