PF00450.10000.fasta 80.0 82.0 48.3 61.7 
PF13393.10000.fasta 46.3 47.7 4.6 7.1 
PF00476.10000.fasta 93.9 94.6 78.8 82.7 
PF00625.10000.fasta 39.0 38.0 0.0 0.0 
PF00078.10000.fasta 90.2 92.7 79.4 80.2 
PF01814.10000.fasta 81.7 84.7 55.2 62.0 
PF13522.10000.fasta 67.8 69.9 24.8 31.8 
PF02878.10000.fasta 82.0 83.2 64.4 67.9 
PF00505.10000.fasta 97.2 97.3 81.4 84.3 
PF02777.10000.fasta 91.3 96.3 68.3 70.5 
PF00009.10000.fasta 75.3 80.6 25.4 36.0 
PF05746.10000.fasta 85.0 85.7 67.2 76.3 
PF00687.10000.fasta 81.3 81.9 59.9 59.8 
PF00084.10000.fasta 88.6 89.1 74.6 79.5 
PF13365.10000.fasta 31.1 35.9 0.0 0.0 
PF13378.10000.fasta 68.1 70.5 19.3 22.2 
PF07654.10000.fasta 86.9 88.2 72.6 74.1 
PF00079.10000.fasta 93.6 94.4 83.4 87.1 
PF02836.10000.fasta 89.7 91.2 66.7 77.7 
PF07679.10000.fasta 84.1 85.7 47.0 58.6 
PF00313.10000.fasta 82.7 84.1 55.4 55.7 
PF01381.10000.fasta 67.0 67.5 18.3 21.0 
PF00970.10000.fasta 67.4 67.7 16.7 19.5 
PF04082.10000.fasta 47.1 47.9 12.6 15.2 
PF14604.10000.fasta 79.1 79.5 25.4 24.8 
PF00018.10000.fasta 86.1 88.0 4.7 0.1 
PF03129.10000.fasta 96.4 97.0 55.1 60.4 
PF00037.10000.fasta 88.0 89.9 69.0 72.6 
PF07686.10000.fasta 86.8 89.4 16.8 19.0 
PF00224.10000.fasta 92.1 92.4 69.0 73.8 
