PF00450.10000.fasta 82.8 84.8 48.3 61.6 
PF13393.10000.fasta 43.5 45.0 7.2 11.2 
PF00476.10000.fasta 94.3 95.1 79.5 83.4 
PF00625.10000.fasta 41.5 41.1 0.0 0.0 
PF00078.10000.fasta 85.3 90.0 72.4 73.1 
PF01814.10000.fasta 79.2 82.7 54.3 60.3 
PF13522.10000.fasta 65.5 68.0 24.0 30.8 
PF02878.10000.fasta 81.3 82.2 63.0 66.8 
PF00505.10000.fasta 97.6 97.7 84.3 87.3 
PF02777.10000.fasta 90.8 96.1 67.3 69.4 
PF00009.10000.fasta 41.4 85.8 0.0 0.0 
PF05746.10000.fasta 85.3 85.5 67.2 76.3 
PF00687.10000.fasta 53.8 80.1 26.3 28.1 
PF00084.10000.fasta 90.1 90.6 79.7 81.9 
PF13365.10000.fasta 26.3 31.2 0.0 0.0 
PF13378.10000.fasta 72.9 75.2 22.6 25.9 
PF07654.10000.fasta 88.2 89.4 75.0 76.5 
PF00079.10000.fasta 92.8 93.4 82.5 85.2 
PF02836.10000.fasta 92.1 92.5 73.0 85.1 
PF07679.10000.fasta 85.4 85.9 51.0 63.5 
PF00313.10000.fasta 82.0 84.0 55.4 55.7 
PF01381.10000.fasta 69.6 70.8 18.3 21.0 
PF00970.10000.fasta 66.6 68.5 10.3 12.1 
PF04082.10000.fasta 35.6 58.1 1.1 0.8 
PF14604.10000.fasta 72.7 74.8 27.0 31.9 
PF00018.10000.fasta 86.3 87.9 0.0 0.0 
PF03129.10000.fasta 96.6 97.1 55.1 60.4 
PF00037.10000.fasta 87.4 89.7 69.0 72.6 
PF07686.10000.fasta 86.6 89.3 15.0 16.9 
PF00224.10000.fasta 93.5 93.3 70.4 75.0 
