PF00450.10000.fasta 79.8 82.0 47.7 60.9 
PF13393.10000.fasta 40.1 41.6 4.6 7.1 
PF00476.10000.fasta 93.8 95.4 78.8 82.4 
PF00625.10000.fasta 35.9 37.2 0.0 0.0 
PF00078.10000.fasta 86.6 89.6 74.1 74.9 
PF01814.10000.fasta 78.6 82.3 53.4 59.4 
PF13522.10000.fasta 67.6 70.3 21.7 27.8 
PF02878.10000.fasta 73.0 76.3 51.1 54.4 
PF00505.10000.fasta 96.8 97.3 80.0 82.8 
PF02777.10000.fasta 90.7 96.4 68.3 70.5 
PF00009.10000.fasta 75.5 81.4 26.5 39.1 
PF05746.10000.fasta 85.7 85.9 67.2 76.3 
PF00687.10000.fasta 74.3 76.2 56.3 55.9 
PF00084.10000.fasta 86.7 88.3 74.6 79.5 
PF13365.10000.fasta 28.1 31.7 0.0 0.0 
PF13378.10000.fasta 63.3 66.5 19.3 22.2 
PF07654.10000.fasta 86.9 88.2 72.6 74.1 
PF00079.10000.fasta 91.7 92.4 80.0 84.2 
PF02836.10000.fasta 87.4 88.9 67.0 78.0 
PF07679.10000.fasta 80.5 81.8 39.0 48.6 
PF00313.10000.fasta 82.0 84.0 55.4 55.7 
PF01381.10000.fasta 68.2 68.7 18.3 21.0 
PF00970.10000.fasta 67.5 68.1 16.7 19.5 
PF04082.10000.fasta 56.0 57.5 24.5 26.3 
PF14604.10000.fasta 78.8 80.4 34.9 45.3 
PF00018.10000.fasta 86.1 87.9 0.0 0.0 
PF03129.10000.fasta 97.0 97.4 55.1 60.4 
PF00037.10000.fasta 88.5 91.5 58.6 70.9 
PF07686.10000.fasta 87.2 89.9 16.8 18.9 
PF00224.10000.fasta 92.0 92.4 67.6 72.6 
