PF00450.10000.fasta 80.1 81.9 47.5 60.5 
PF13393.10000.fasta 40.9 42.6 4.9 7.6 
PF00476.10000.fasta 94.6 95.8 81.3 85.2 
PF00625.10000.fasta 43.1 43.1 1.5 2.4 
PF00078.10000.fasta 91.4 94.4 80.0 80.8 
PF01814.10000.fasta 78.1 80.5 53.4 60.0 
PF13522.10000.fasta 68.8 71.9 25.6 32.8 
PF02878.10000.fasta 76.7 78.9 55.6 58.8 
PF00505.10000.fasta 97.6 97.7 84.3 87.3 
PF02777.10000.fasta 91.0 96.8 67.3 69.4 
PF00009.10000.fasta 77.0 82.3 26.9 40.6 
PF05746.10000.fasta 84.9 85.3 67.2 76.3 
PF00687.10000.fasta 78.3 79.8 56.3 55.9 
PF00084.10000.fasta 90.1 90.1 79.7 81.9 
PF13365.10000.fasta 29.5 34.7 0.0 0.0 
PF13378.10000.fasta 68.1 70.6 19.8 22.7 
PF07654.10000.fasta 88.6 88.8 75.0 76.5 
PF00079.10000.fasta 91.6 91.7 80.3 83.6 
PF02836.10000.fasta 91.4 92.8 74.5 86.5 
PF07679.10000.fasta 85.7 86.2 51.0 63.5 
PF00313.10000.fasta 81.4 82.8 52.3 52.6 
PF01381.10000.fasta 67.7 68.2 18.3 21.0 
PF00970.10000.fasta 67.4 67.9 14.9 17.5 
PF04082.10000.fasta 46.6 51.3 16.9 16.7 
PF14604.10000.fasta 71.6 73.9 27.0 31.9 
PF00018.10000.fasta 86.3 88.0 4.7 0.1 
PF03129.10000.fasta 95.8 96.6 53.1 58.1 
PF00037.10000.fasta 90.0 92.9 79.3 77.7 
PF07686.10000.fasta 88.8 90.6 23.4 26.4 
PF00224.10000.fasta 92.7 93.0 68.5 73.3 
