PF00450.10000.fasta 80.7 82.6 48.7 61.5 
PF13393.10000.fasta 42.4 43.6 4.9 7.6 
PF00476.10000.fasta 94.5 95.5 81.1 84.8 
PF00625.10000.fasta 40.4 38.6 0.0 0.0 
PF00078.10000.fasta 87.5 91.5 73.5 74.3 
PF01814.10000.fasta 77.0 79.8 50.9 57.1 
PF13522.10000.fasta 74.7 76.9 25.6 32.8 
PF02878.10000.fasta 84.4 85.7 68.1 72.3 
PF00505.10000.fasta 97.3 97.5 84.3 87.3 
PF02777.10000.fasta 90.8 96.1 68.3 70.5 
PF00009.10000.fasta 76.6 83.2 28.3 40.7 
PF05746.10000.fasta 85.0 85.3 67.2 76.3 
PF00687.10000.fasta 78.8 80.3 60.5 60.4 
PF00084.10000.fasta 87.3 87.9 74.6 79.5 
PF13365.10000.fasta 31.6 36.7 0.0 0.0 
PF13378.10000.fasta 72.3 74.2 24.1 27.8 
PF07654.10000.fasta 83.9 84.0 65.5 67.3 
PF00079.10000.fasta 94.0 94.3 85.5 87.5 
PF02836.10000.fasta 89.8 90.8 69.7 81.2 
PF07679.10000.fasta 85.4 85.9 51.0 63.5 
PF00313.10000.fasta 80.8 82.7 52.3 52.6 
PF01381.10000.fasta 69.2 70.0 18.3 21.0 
PF00970.10000.fasta 67.9 68.2 17.8 20.8 
PF04082.10000.fasta 54.7 55.8 23.4 24.9 
PF14604.10000.fasta 71.3 74.3 25.4 29.8 
PF00018.10000.fasta 85.9 87.5 0.0 0.0 
PF03129.10000.fasta 96.6 97.1 55.1 60.4 
PF00037.10000.fasta 88.4 92.0 55.2 70.6 
PF07686.10000.fasta 88.6 89.8 15.0 16.9 
PF00224.10000.fasta 93.6 93.5 71.8 76.4 
