PF00450.10000.fasta 80.5 82.5 47.3 60.2 
PF13393.10000.fasta 42.2 43.5 10.1 15.7 
PF00476.10000.fasta 95.1 95.7 80.6 84.3 
PF00625.10000.fasta 42.1 40.1 0.0 0.0 
PF00078.10000.fasta 84.7 89.7 71.8 72.5 
PF01814.10000.fasta 85.8 87.0 69.8 78.3 
PF13522.10000.fasta 66.7 70.6 25.6 32.8 
PF02878.10000.fasta 79.2 81.6 60.0 64.0 
PF00505.10000.fasta 97.2 97.3 81.4 84.3 
PF02777.10000.fasta 91.5 96.9 67.3 69.4 
PF00009.10000.fasta 75.6 81.0 24.4 34.7 
PF05746.10000.fasta 85.4 85.4 67.2 76.3 
PF00687.10000.fasta 78.1 79.4 56.3 55.9 
PF00084.10000.fasta 89.5 90.0 76.3 81.3 
PF13365.10000.fasta 29.6 34.8 0.0 0.0 
PF13378.10000.fasta 72.4 74.1 19.3 22.2 
PF07654.10000.fasta 88.6 88.8 75.0 76.5 
PF00079.10000.fasta 92.2 92.6 81.5 85.1 
PF02836.10000.fasta 87.6 89.8 69.4 80.9 
PF07679.10000.fasta 83.6 85.1 49.0 61.0 
PF00313.10000.fasta 82.2 84.0 55.4 55.7 
PF01381.10000.fasta 68.4 68.9 18.3 21.0 
PF00970.10000.fasta 67.6 67.8 16.7 19.4 
PF04082.10000.fasta 60.8 61.8 33.3 36.2 
PF14604.10000.fasta 75.0 77.1 17.5 22.1 
PF00018.10000.fasta 85.8 87.5 0.0 0.0 
PF03129.10000.fasta 97.0 97.6 57.1 62.7 
PF00037.10000.fasta 88.0 89.9 69.0 72.6 
PF07686.10000.fasta 87.3 89.1 12.1 13.8 
PF00224.10000.fasta 93.2 93.1 72.2 76.9 
