PF00450.10000.fasta 78.2 80.9 46.1 58.7 
PF13393.10000.fasta 38.2 41.8 0.0 0.0 
PF00476.10000.fasta 94.3 95.0 80.3 84.3 
PF00625.10000.fasta 33.2 35.7 0.0 0.0 
PF00078.10000.fasta 87.7 90.7 78.2 79.0 
PF01814.10000.fasta 86.0 88.6 67.2 76.4 
PF13522.10000.fasta 64.1 68.9 20.2 25.8 
PF02878.10000.fasta 80.4 81.5 61.5 65.2 
PF00505.10000.fasta 97.0 97.5 82.9 85.8 
PF02777.10000.fasta 91.1 96.7 67.3 69.4 
PF00009.10000.fasta 78.4 84.4 24.4 39.4 
PF05746.10000.fasta 84.7 84.9 67.2 76.3 
PF00687.10000.fasta 72.1 73.3 52.7 52.1 
PF00084.10000.fasta 88.9 89.7 79.7 81.9 
PF13365.10000.fasta 28.3 33.6 0.0 0.0 
PF13378.10000.fasta 65.2 68.4 24.1 27.8 
PF07654.10000.fasta 86.9 88.2 72.6 74.1 
PF00079.10000.fasta 90.8 91.6 78.8 82.5 
PF02836.10000.fasta 87.9 89.7 69.4 80.9 
PF07679.10000.fasta 81.8 82.8 40.0 49.8 
PF00313.10000.fasta 82.2 84.0 55.4 55.7 
PF01381.10000.fasta 69.2 70.0 18.3 21.0 
PF00970.10000.fasta 66.3 67.4 10.9 12.8 
PF04082.10000.fasta 61.0 62.1 33.7 40.6 
PF14604.10000.fasta 74.8 91.4 27.0 25.9 
PF00018.10000.fasta 85.9 87.6 0.0 0.0 
PF03129.10000.fasta 96.6 97.1 55.1 60.4 
PF00037.10000.fasta 87.7 90.1 69.0 72.6 
PF07686.10000.fasta 88.9 90.8 25.2 28.4 
PF00224.10000.fasta 93.0 93.4 67.6 72.6 
