PF00450.10000.fasta 82.5 85.0 47.3 59.9 
PF13393.10000.fasta 44.6 46.0 10.7 16.6 
PF00476.10000.fasta 94.2 95.3 80.1 84.0 
PF00625.10000.fasta 35.9 36.6 0.0 0.0 
PF00078.10000.fasta 82.4 87.0 71.2 71.9 
PF01814.10000.fasta 76.6 78.8 50.9 57.1 
PF13522.10000.fasta 74.2 76.4 25.6 32.8 
PF02878.10000.fasta 80.3 82.2 62.2 66.4 
PF00505.10000.fasta 97.6 97.7 84.3 87.3 
PF02777.10000.fasta 91.5 96.4 68.3 70.5 
PF00009.10000.fasta 76.4 81.4 26.9 35.3 
PF05746.10000.fasta 84.6 84.6 67.2 76.3 
PF00687.10000.fasta 76.4 78.8 56.9 56.8 
PF00084.10000.fasta 88.6 89.1 74.6 79.5 
PF13365.10000.fasta 30.5 35.3 0.0 0.0 
PF13378.10000.fasta 72.6 74.6 17.9 21.6 
PF07654.10000.fasta 84.9 85.6 69.0 70.4 
PF00079.10000.fasta 91.6 92.1 80.0 83.9 
PF02836.10000.fasta 89.8 91.8 73.3 82.7 
PF07679.10000.fasta 84.3 84.9 49.0 61.0 
PF00313.10000.fasta 82.0 84.0 55.4 55.7 
PF01381.10000.fasta 68.1 68.6 18.3 21.0 
PF00970.10000.fasta 67.0 67.4 16.7 19.5 
PF04082.10000.fasta 20.7 42.3 0.0 0.0 
PF14604.10000.fasta 76.6 79.5 31.7 32.1 
PF00018.10000.fasta 86.2 94.0 11.6 7.8 
PF03129.10000.fasta 96.0 96.9 53.1 58.1 
PF00037.10000.fasta 87.4 89.7 69.0 72.6 
PF07686.10000.fasta 90.7 91.8 38.3 43.3 
PF00224.10000.fasta 93.4 93.3 71.8 76.5 
