PF00450.10000.fasta 80.2 82.4 48.1 61.0 
PF13393.10000.fasta 38.2 41.6 0.0 0.0 
PF00476.10000.fasta 93.8 95.8 79.0 82.6 
PF00625.10000.fasta 31.9 37.8 0.0 0.0 
PF00078.10000.fasta 88.2 90.9 74.1 74.9 
PF01814.10000.fasta 82.2 85.5 64.7 71.4 
PF13522.10000.fasta 62.8 67.0 20.2 25.8 
PF02878.10000.fasta 73.0 75.4 51.1 54.4 
PF00505.10000.fasta 96.6 97.1 80.0 82.8 
PF02777.10000.fasta 90.6 96.6 67.3 69.4 
PF00009.10000.fasta 75.8 81.2 29.4 37.3 
PF05746.10000.fasta 84.8 85.3 67.2 76.3 
PF00687.10000.fasta 72.1 73.5 55.7 55.3 
PF00084.10000.fasta 88.6 89.1 74.6 79.5 
PF13365.10000.fasta 29.1 33.5 0.0 0.0 
PF13378.10000.fasta 63.6 66.6 24.1 27.5 
PF07654.10000.fasta 86.9 88.2 72.6 74.1 
PF00079.10000.fasta 90.3 90.9 78.2 82.0 
PF02836.10000.fasta 91.8 92.2 74.8 87.2 
PF07679.10000.fasta 80.5 81.5 40.0 49.8 
PF00313.10000.fasta 80.8 82.7 52.3 52.6 
PF01381.10000.fasta 69.0 69.8 18.3 21.0 
PF00970.10000.fasta 67.0 68.0 9.8 11.4 
PF04082.10000.fasta 52.8 54.4 19.2 23.1 
PF14604.10000.fasta 81.9 83.9 36.5 47.3 
PF00018.10000.fasta 86.0 87.8 4.7 0.1 
PF03129.10000.fasta 96.6 97.1 55.1 60.4 
PF00037.10000.fasta 87.7 90.1 69.0 72.6 
PF07686.10000.fasta 88.5 90.1 22.4 25.2 
PF00224.10000.fasta 92.3 92.9 67.6 72.6 
