PF00450.10000.fasta 80.0 82.5 46.9 59.7 
PF13393.10000.fasta 37.0 42.7 0.0 0.0 
PF00476.10000.fasta 94.6 95.8 81.3 84.9 
PF00625.10000.fasta 33.6 33.1 0.0 0.0 
PF00078.10000.fasta 90.1 92.6 78.8 79.6 
PF01814.10000.fasta 78.0 80.2 53.4 59.4 
PF13522.10000.fasta 67.9 70.8 21.7 27.8 
PF02878.10000.fasta 73.0 75.5 51.1 54.4 
PF00505.10000.fasta 97.0 97.5 82.9 85.8 
PF02777.10000.fasta 90.8 96.0 67.3 69.4 
PF00009.10000.fasta 79.4 84.1 33.0 42.7 
PF05746.10000.fasta 85.0 86.0 67.2 76.3 
PF00687.10000.fasta 80.1 81.3 56.3 55.9 
PF00084.10000.fasta 88.6 89.1 74.6 79.5 
PF13365.10000.fasta 30.0 35.1 0.0 0.0 
PF13378.10000.fasta 62.8 66.0 19.3 22.2 
PF07654.10000.fasta 87.6 87.7 72.6 74.7 
PF00079.10000.fasta 90.3 91.0 76.9 81.2 
PF02836.10000.fasta 88.8 91.3 69.1 80.2 
PF07679.10000.fasta 82.6 83.8 40.0 49.8 
PF00313.10000.fasta 80.8 82.7 52.3 52.6 
PF01381.10000.fasta 68.5 69.4 18.3 21.0 
PF00970.10000.fasta 66.8 67.8 9.8 11.4 
PF04082.10000.fasta 64.1 65.1 37.9 44.0 
PF14604.10000.fasta 79.9 81.7 31.7 32.1 
PF00018.10000.fasta 86.7 88.4 4.7 0.1 
PF03129.10000.fasta 96.2 96.8 57.1 62.6 
PF00037.10000.fasta 87.7 90.1 69.0 72.6 
PF07686.10000.fasta 87.0 89.2 15.9 17.8 
PF00224.10000.fasta 92.8 93.3 69.0 73.9 
