PF00450.10000.fasta 79.1 80.9 47.5 60.4 
PF13393.10000.fasta 37.9 41.8 0.0 0.0 
PF00476.10000.fasta 93.5 96.0 76.9 80.3 
PF00625.10000.fasta 32.8 39.3 0.0 0.0 
PF00078.10000.fasta 87.2 91.1 78.2 79.0 
PF01814.10000.fasta 78.8 80.4 52.6 58.4 
PF13522.10000.fasta 65.4 70.6 21.7 27.8 
PF02878.10000.fasta 84.5 86.2 69.6 73.5 
PF00505.10000.fasta 97.0 97.5 82.9 85.8 
PF02777.10000.fasta 90.8 96.9 66.3 68.4 
PF00009.10000.fasta 76.6 82.1 26.9 41.1 
PF05746.10000.fasta 84.6 85.0 67.2 76.3 
PF00687.10000.fasta 76.7 77.2 55.1 54.7 
PF00084.10000.fasta 91.0 91.0 81.4 83.7 
PF13365.10000.fasta 27.0 32.1 0.0 0.0 
PF13378.10000.fasta 63.8 68.0 18.9 21.6 
PF07654.10000.fasta 85.5 86.2 69.0 70.4 
PF00079.10000.fasta 91.8 92.8 80.0 83.7 
PF02836.10000.fasta 92.1 93.0 74.5 86.9 
PF07679.10000.fasta 82.9 83.9 43.0 52.9 
PF00313.10000.fasta 82.0 84.0 55.4 55.7 
PF01381.10000.fasta 68.1 69.1 18.3 21.0 
PF00970.10000.fasta 67.4 68.0 15.5 18.1 
PF04082.10000.fasta 48.1 49.7 21.5 25.8 
PF14604.10000.fasta 75.8 79.2 27.0 31.9 
PF00018.10000.fasta 85.9 87.5 0.0 0.0 
PF03129.10000.fasta 96.3 96.9 55.1 60.4 
PF00037.10000.fasta 88.2 91.7 58.6 70.9 
PF07686.10000.fasta 87.0 89.1 14.0 15.9 
PF00224.10000.fasta 91.9 92.5 67.6 72.6 
